17:32:18.598 [main                     ] DEBUG Logger               - Configured Logger
17:32:18.600 [main                     ] DEBUG GameApplication      - Logging settings
Title: BOMBERMAN
Version: 1.0
Width: 1488
Height: 720
Fullscreen: false
Intro: false
Profiling: false
Single step:false
App Mode: DEVELOPER
Menu Key: ESCAPE
Stage Style: DECORATED
Scene Factory: class com.almasb.fxgl.app.scene.SceneFactory

17:32:19.003 [JavaFX Application Thread] DEBUG FXGLApplication      - Initializing FXGL
17:32:19.005 [JavaFX Application Thread] INFO  Engine               - FXGL-11.12 (11.12.2020 08.51) on WINDOWS (J:18.0.2.1 FX:15)
17:32:19.005 [JavaFX Application Thread] DEBUG Engine               - JRE Vendor Name: Oracle Corporation
17:32:19.005 [JavaFX Application Thread] DEBUG Engine               - Running on OS: Windows 10 version 10.0
17:32:19.005 [JavaFX Application Thread] DEBUG Engine               - Architecture: amd64
17:32:19.005 [JavaFX Application Thread] INFO  Engine               - Source code and latest versions at: https://github.com/AlmasB/FXGL
17:32:19.006 [JavaFX Application Thread] INFO  Engine               -              Join the FXGL chat at: https://gitter.im/AlmasB/FXGL
17:32:19.130 [JavaFX Application Thread] DEBUG MainWindow           - Creating a JavaFX scene
17:32:19.188 [JavaFX Application Thread] DEBUG MainWindow           - Target settings size: 1488.0 x 720.0
17:32:19.188 [JavaFX Application Thread] DEBUG MainWindow           - Scaled scene size:    1488.0 x 720.0
17:32:19.188 [JavaFX Application Thread] DEBUG MainWindow           - Scaled ratio: (1.0, 1.0)
17:32:19.189 [JavaFX Application Thread] DEBUG MainWindow           - Set initial scene to StartupScene
17:32:19.196 [JavaFX Application Thread] DEBUG MainWindow           - Opening main window
17:32:19.302 [JavaFX Application Thread] DEBUG MainWindow           - Window border size: (14.4000244140625, 37.5999755859375)
17:32:19.303 [JavaFX Application Thread] DEBUG MainWindow           - Scaled size: 1488.0 x 720.0
17:32:19.303 [JavaFX Application Thread] DEBUG MainWindow           - Scaled ratio: (1.0, 1.0)
17:32:19.303 [JavaFX Application Thread] DEBUG MainWindow           - Scene size: 1488.0 x 720.0
17:32:19.303 [JavaFX Application Thread] DEBUG MainWindow           - Stage size: 1502.4000244140625 x 757.5999755859375
17:32:19.312 [FXGL Background Thread 1 ] DEBUG Engine               - Initializing environment variables
17:32:19.389 [FXGL Background Thread 1 ] DEBUG GameApplicationServi - Applying CSS: fxgl_dark.css
17:32:19.389 [FXGL Background Thread 1 ] DEBUG FXGLAssetLoaderServi - Loading from file system: /assets/ui/css/fxgl_dark.css
17:32:19.440 [FXGL Background Thread 1 ] DEBUG GameApplicationServi - Initializing application scenes
17:32:19.485 [FXGL Background Thread 1 ] DEBUG GameWorld            - Game world initialized
17:32:19.560 [FXGL Background Thread 1 ] DEBUG PhysicsWorld         - Physics world initialized: appHeight=720, physics.ppm=50.0
17:32:19.562 [FXGL Background Thread 1 ] DEBUG GameScene            - Game scene initialized: 1488x720
17:32:19.603 [FXGL Background Thread 1 ] DEBUG FXGLAssetLoaderServi - Loading from file system: /assets/textures/particles/trace_horizontal.png
17:32:19.657 [FXGL Background Thread 1 ] DEBUG FXGL.DefaultMenu     - createMenuBodyGameMenu()
17:32:19.675 [FXGL Background Thread 1 ] DEBUG FXGL.DefaultMenu     - createOptionsMenu()
17:32:19.680 [FXGL Background Thread 1 ] DEBUG FXGLAssetLoaderServi - Loading from file system: /assets/textures/particles/smoke.png
17:32:19.751 [FXGL Background Thread 1 ] DEBUG GameApplicationServi - Application scenes initialized
17:32:19.766 [FXGL Background Thread 1 ] DEBUG SystemBundleService  - Loading FXGL system data
17:32:19.773 [FXGL Background Thread 1 ] DEBUG FileSystemAccess     - Reading from: D:\OOP\game\system\fxgl.bundle
17:32:19.785 [FXGL Background Thread 1 ] DEBUG SystemBundleService  - Bundle FXGL: {}
17:32:19.785 [FXGL Background Thread 1 ] DEBUG UpdaterService       - Checking for updates
17:32:19.790 [FXGL Background Thread 4 ] DEBUG FXGLApplication      - Loading fonts
17:32:19.790 [FXGL Background Thread 4 ] DEBUG FXGLAssetLoaderServi - Loading from file system: /assets/ui/fonts/VarelaRound-Regular.ttf
17:32:19.791 [FXGL Background Thread 1 ] DEBUG FXGLApplication      - Loading default localization
17:32:19.791 [FXGL Background Thread 1 ] DEBUG FXGLAssetLoaderServi - Loading from file system: /assets/languages/english.lang
17:32:19.822 [FXGL Background Thread 1 ] INFO  FXGLApplication      - FXGL initialization took: 0.510 sec
17:32:19.840 [JavaFX Application Thread] DEBUG Input                - Registered new binding: Right - D
17:32:19.841 [JavaFX Application Thread] DEBUG Input                - Registered new binding: Left - A
17:32:19.841 [JavaFX Application Thread] DEBUG Input                - Registered new binding: Up - W
17:32:19.841 [JavaFX Application Thread] DEBUG Input                - Registered new binding: Down - S
17:32:19.842 [JavaFX Application Thread] DEBUG FXGLAssetLoaderServi - Loading from file system: /assets/textures/fxgl_icon.png
17:32:19.860 [FXGL Background Thread 4 ] DEBUG FXGLAssetLoaderServi - Loading from file system: /assets/ui/fonts/Abel-Regular.ttf
17:32:19.865 [FXGL Background Thread 4 ] DEBUG FXGLAssetLoaderServi - Loading from file system: /assets/ui/fonts/lucida_console.ttf
17:32:19.871 [JavaFX Application Thread] DEBUG FXGLAssetLoaderServi - Loading from file system: /assets/ui/cursors/fxgl_default.png
17:32:19.873 [FXGL Background Thread 4 ] DEBUG FXGLAssetLoaderServi - Loading from file system: /assets/ui/fonts/Courier-Prime.ttf
17:32:19.875 [JavaFX Application Thread] DEBUG Input                - Registered new binding: Screenshot - P
17:32:19.875 [JavaFX Application Thread] DEBUG Input                - Registered new binding: System info dump - CTRL+9
17:32:19.876 [JavaFX Application Thread] DEBUG Input                - Registered new binding: Restart - CTRL+R
17:32:19.877 [JavaFX Application Thread] DEBUG Input                - Registered new binding: Toggle Debug Camera - CTRL+C
17:32:19.880 [JavaFX Application Thread] DEBUG LoopRunner           - Starting loop
17:32:19.881 [JavaFX Application Thread] DEBUG GameApplicationServi - Starting new game
17:32:19.882 [JavaFX Application Thread] DEBUG Input                - Clearing active input actions
17:32:19.899 [JavaFX Application Thread] DEBUG GameApplicationServi - Removing overlay from StartupScene and adding to FXGLLoadingScene
17:32:19.900 [JavaFX Application Thread] DEBUG MainWindow           - StartupScene -> FXGLLoadingScene
17:32:19.900 [JavaFX Application Thread] DEBUG GameApplicationServi - Clearing previous game
17:32:19.900 [JavaFX Application Thread] DEBUG GameScene            - Clearing game scene
17:32:19.900 [JavaFX Application Thread] DEBUG GameWorld            - Clearing game world
17:32:19.900 [JavaFX Application Thread] DEBUG PhysicsWorld         - Clearing physics world
17:32:19.902 [JavaFX Application Thread] DEBUG FXGLApplication      - Registering font factories with UI factory
17:32:19.902 [FXGL Background Thread 4 ] DEBUG FXGLApplication      - Initializing game
17:32:19.913 [FXGL Background Thread 4 ] DEBUG FXGLAssetLoaderServi - Loading from file system: /assets/levels/bbm.tmx
17:32:19.954 [FXGL Background Thread 4 ] WARN  TMXLevelLoader       - TiledMap generated from 1.8.6. Supported version: 1.2.3. Some features may not be parsed fully.
17:32:20.013 [FXGL Background Thread 4 ] DEBUG TMXLevelLoader       - Parsed raw map: TiledMap(width=31, height=15, tilewidth=48, tileheight=48, orientation=orthogonal, layers=[Layer(width=31, height=15, name=Tile Layer 1, type=tilelayer, visible=false, x=0, y=0, data=[0, 0, 0, 0, 0, 0, 0, 0, 0, 0, 0, 0, 0, 0, 0, 0, 0, 0, 0, 0, 0, 0, 0, 0, 0, 0, 0, 0, 0, 0, 0, 0, 0, 0, 0, 0, 0, 0, 0, 0, 0, 0, 0, 0, 0, 0, 0, 0, 0, 0, 0, 0, 0, 0, 0, 0, 0, 0, 0, 0, 0, 0, 6, 6, 6, 6, 6, 6, 6, 6, 6, 6, 6, 6, 6, 6, 6, 6, 6, 6, 6, 6, 6, 6, 6, 6, 6, 6, 6, 6, 6, 6, 6, 6, 7, 7, 7, 7, 7, 7, 7, 7, 7, 6, 7, 7, 7, 7, 7, 7, 7, 7, 7, 6, 7, 7, 7, 7, 7, 7, 7, 7, 7, 6, 6, 7, 6, 7, 6, 7, 6, 7, 6, 7, 6, 7, 6, 7, 6, 7, 6, 7, 6, 7, 6, 7, 6, 7, 6, 7, 6, 7, 6, 7, 6, 6, 7, 7, 7, 7, 7, 7, 7, 7, 7, 7, 7, 7, 7, 7, 7, 7, 7, 7, 7, 7, 7, 7, 7, 7, 7, 7, 7, 7, 7, 6, 6, 7, 6, 7, 6, 7, 6, 7, 6, 7, 6, 7, 6, 7, 6, 7, 6, 7, 6, 7, 6, 7, 6, 7, 6, 7, 6, 7, 6, 7, 6, 6, 7, 7, 7, 7, 7, 7, 7, 7, 7, 7, 7, 7, 7, 7, 7, 7, 7, 7, 7, 7, 7, 7, 7, 7, 7, 7, 7, 7, 7, 6, 6, 6, 6, 7, 6, 7, 6, 7, 6, 7, 6, 6, 6, 7, 6, 7, 6, 7, 6, 6, 6, 7, 6, 7, 6, 7, 6, 7, 6, 6, 6, 6, 7, 7, 7, 7, 7, 7, 7, 7, 7, 7, 7, 7, 7, 7, 7, 7, 7, 7, 7, 7, 7, 7, 7, 7, 7, 7, 7, 7, 7, 6, 6, 7, 6, 7, 6, 7, 6, 7, 6, 7, 6, 7, 6, 7, 6, 7, 6, 7, 6, 7, 6, 7, 6, 7, 6, 7, 6, 7, 6, 7, 6, 6, 7, 7, 7, 7, 7, 7, 7, 7, 7, 7, 7, 7, 7, 7, 7, 7, 7, 7, 7, 7, 7, 7, 7, 7, 7, 7, 7, 7, 7, 6, 6, 7, 6, 7, 6, 7, 6, 7, 6, 7, 6, 7, 6, 7, 6, 7, 6, 7, 6, 7, 6, 7, 6, 7, 6, 7, 6, 7, 6, 7, 6, 6, 7, 7, 7, 7, 7, 7, 7, 7, 7, 6, 7, 7, 7, 7, 7, 7, 7, 7, 7, 6, 7, 7, 7, 7, 7, 7, 7, 7, 7, 6, 6, 6, 6, 6, 6, 6, 6, 6, 6, 6, 6, 6, 6, 6, 6, 6, 6, 6, 6, 6, 6, 6, 6, 6, 6, 6, 6, 6, 6, 6, 6], objects=[], opacity=0.0, draworder=), Layer(width=0, height=0, name=Walls, type=objectgroup, visible=false, x=0, y=0, data=[], objects=[com.almasb.fxgl.entity.level.tiled.TiledObject@be2d1a0, com.almasb.fxgl.entity.level.tiled.TiledObject@26bb5019, com.almasb.fxgl.entity.level.tiled.TiledObject@2c339fe4, com.almasb.fxgl.entity.level.tiled.TiledObject@7f70548b, com.almasb.fxgl.entity.level.tiled.TiledObject@6202f514, com.almasb.fxgl.entity.level.tiled.TiledObject@1ec54ad5, com.almasb.fxgl.entity.level.tiled.TiledObject@2eb93a56, com.almasb.fxgl.entity.level.tiled.TiledObject@5310f706, com.almasb.fxgl.entity.level.tiled.TiledObject@264f1225, com.almasb.fxgl.entity.level.tiled.TiledObject@12e867db, com.almasb.fxgl.entity.level.tiled.TiledObject@75e4845a, com.almasb.fxgl.entity.level.tiled.TiledObject@2118e527, com.almasb.fxgl.entity.level.tiled.TiledObject@7f98051b, com.almasb.fxgl.entity.level.tiled.TiledObject@2e1f638c, com.almasb.fxgl.entity.level.tiled.TiledObject@7f88f441, com.almasb.fxgl.entity.level.tiled.TiledObject@195f174a, com.almasb.fxgl.entity.level.tiled.TiledObject@265069a7, com.almasb.fxgl.entity.level.tiled.TiledObject@73866de2, com.almasb.fxgl.entity.level.tiled.TiledObject@4b94a52f, com.almasb.fxgl.entity.level.tiled.TiledObject@2a101e50, com.almasb.fxgl.entity.level.tiled.TiledObject@fa847e4, com.almasb.fxgl.entity.level.tiled.TiledObject@4f81d28e, com.almasb.fxgl.entity.level.tiled.TiledObject@2152ab8c, com.almasb.fxgl.entity.level.tiled.TiledObject@b9ac368, com.almasb.fxgl.entity.level.tiled.TiledObject@46402298, com.almasb.fxgl.entity.level.tiled.TiledObject@7948d7c, com.almasb.fxgl.entity.level.tiled.TiledObject@33ae48c9, com.almasb.fxgl.entity.level.tiled.TiledObject@6e724c57, com.almasb.fxgl.entity.level.tiled.TiledObject@29e1f7e3, com.almasb.fxgl.entity.level.tiled.TiledObject@abd70ce, com.almasb.fxgl.entity.level.tiled.TiledObject@4b149950, com.almasb.fxgl.entity.level.tiled.TiledObject@37f87491, com.almasb.fxgl.entity.level.tiled.TiledObject@1100d362, com.almasb.fxgl.entity.level.tiled.TiledObject@70daea8c, com.almasb.fxgl.entity.level.tiled.TiledObject@1feb33de, com.almasb.fxgl.entity.level.tiled.TiledObject@6bc3904e, com.almasb.fxgl.entity.level.tiled.TiledObject@7c4fc597, com.almasb.fxgl.entity.level.tiled.TiledObject@5be6ce18, com.almasb.fxgl.entity.level.tiled.TiledObject@1dd57379, com.almasb.fxgl.entity.level.tiled.TiledObject@6ae3d16d, com.almasb.fxgl.entity.level.tiled.TiledObject@6882c2db, com.almasb.fxgl.entity.level.tiled.TiledObject@57957dd, com.almasb.fxgl.entity.level.tiled.TiledObject@3381a2b0, com.almasb.fxgl.entity.level.tiled.TiledObject@479d6514, com.almasb.fxgl.entity.level.tiled.TiledObject@3977f326, com.almasb.fxgl.entity.level.tiled.TiledObject@767f9c6a, com.almasb.fxgl.entity.level.tiled.TiledObject@48552437, com.almasb.fxgl.entity.level.tiled.TiledObject@64cc4dec, com.almasb.fxgl.entity.level.tiled.TiledObject@62247c90, com.almasb.fxgl.entity.level.tiled.TiledObject@68323072, com.almasb.fxgl.entity.level.tiled.TiledObject@927d5df, com.almasb.fxgl.entity.level.tiled.TiledObject@f025a3a, com.almasb.fxgl.entity.level.tiled.TiledObject@4e0377b6, com.almasb.fxgl.entity.level.tiled.TiledObject@374b6fa4, com.almasb.fxgl.entity.level.tiled.TiledObject@f5ddbf, com.almasb.fxgl.entity.level.tiled.TiledObject@1dbb9411, com.almasb.fxgl.entity.level.tiled.TiledObject@4850eed7, com.almasb.fxgl.entity.level.tiled.TiledObject@248a9e36, com.almasb.fxgl.entity.level.tiled.TiledObject@abcb73d, com.almasb.fxgl.entity.level.tiled.TiledObject@4b66a167, com.almasb.fxgl.entity.level.tiled.TiledObject@48fd88a, com.almasb.fxgl.entity.level.tiled.TiledObject@74049d03, com.almasb.fxgl.entity.level.tiled.TiledObject@1b6ec9e1, com.almasb.fxgl.entity.level.tiled.TiledObject@657d3e72, com.almasb.fxgl.entity.level.tiled.TiledObject@1fccf1df, com.almasb.fxgl.entity.level.tiled.TiledObject@4f708ba0, com.almasb.fxgl.entity.level.tiled.TiledObject@223c726e, com.almasb.fxgl.entity.level.tiled.TiledObject@2e3e46f5, com.almasb.fxgl.entity.level.tiled.TiledObject@568408e4, com.almasb.fxgl.entity.level.tiled.TiledObject@1de2b41f, com.almasb.fxgl.entity.level.tiled.TiledObject@5c0c0acf, com.almasb.fxgl.entity.level.tiled.TiledObject@d9f655, com.almasb.fxgl.entity.level.tiled.TiledObject@76ec1d82, com.almasb.fxgl.entity.level.tiled.TiledObject@7e260d0c, com.almasb.fxgl.entity.level.tiled.TiledObject@42c02a75, com.almasb.fxgl.entity.level.tiled.TiledObject@d640726, com.almasb.fxgl.entity.level.tiled.TiledObject@1bf20b05, com.almasb.fxgl.entity.level.tiled.TiledObject@55f23b1a, com.almasb.fxgl.entity.level.tiled.TiledObject@16a23053], opacity=0.0, draworder=), Layer(width=0, height=0, name=Around Walls, type=objectgroup, visible=false, x=0, y=0, data=[], objects=[com.almasb.fxgl.entity.level.tiled.TiledObject@3bd25896, com.almasb.fxgl.entity.level.tiled.TiledObject@3073d6ca, com.almasb.fxgl.entity.level.tiled.TiledObject@741d1135, com.almasb.fxgl.entity.level.tiled.TiledObject@733a974d], opacity=0.0, draworder=)], tilesets=[Tileset(firstgid=1, image=../../../../../../../bomberman/chepvjp/BombermanOOP/src/main/resources/assets/levels/classic.png, name=classic, tilewidth=48, tileheight=48, imagewidth=768, imageheight=768, margin=0, spacing=0, columns=16, tilecount=256, transparentcolor=ff00ff, tiles=[])], backgroundcolor=, renderorder=right-down, nextobjectid=611, version=1, tiledversion=1.8.6, type=map, infinite=false, hexsidelength=0, staggeraxis=, staggerindex=, properties={}, propertytypes={})
17:32:20.015 [FXGL Background Thread 4 ] DEBUG TMXLevelLoader       - Creating tile layer entities
17:32:20.016 [FXGL Background Thread 4 ] DEBUG TilesetLoader        - Loading view for layer Tile Layer 1
17:32:20.019 [FXGL Background Thread 4 ] DEBUG TilesetLoader        - Created buffer with size 1488.0x720.0
17:32:20.222 [FXGL Background Thread 4 ] DEBUG TilesetLoader        - Writing to buffer: dst=0,96, w=48,h=48, src=240,0
17:32:20.223 [FXGL Background Thread 4 ] DEBUG TilesetLoader        - Writing to buffer: dst=48,96, w=48,h=48, src=240,0
17:32:20.223 [FXGL Background Thread 4 ] DEBUG TilesetLoader        - Writing to buffer: dst=96,96, w=48,h=48, src=240,0
17:32:20.223 [FXGL Background Thread 4 ] DEBUG TilesetLoader        - Writing to buffer: dst=144,96, w=48,h=48, src=240,0
17:32:20.223 [FXGL Background Thread 4 ] DEBUG TilesetLoader        - Writing to buffer: dst=192,96, w=48,h=48, src=240,0
17:32:20.223 [FXGL Background Thread 4 ] DEBUG TilesetLoader        - Writing to buffer: dst=240,96, w=48,h=48, src=240,0
17:32:20.224 [FXGL Background Thread 4 ] DEBUG TilesetLoader        - Writing to buffer: dst=288,96, w=48,h=48, src=240,0
17:32:20.224 [FXGL Background Thread 4 ] DEBUG TilesetLoader        - Writing to buffer: dst=336,96, w=48,h=48, src=240,0
17:32:20.224 [FXGL Background Thread 4 ] DEBUG TilesetLoader        - Writing to buffer: dst=384,96, w=48,h=48, src=240,0
17:32:20.224 [FXGL Background Thread 4 ] DEBUG TilesetLoader        - Writing to buffer: dst=432,96, w=48,h=48, src=240,0
17:32:20.224 [FXGL Background Thread 4 ] DEBUG TilesetLoader        - Writing to buffer: dst=480,96, w=48,h=48, src=240,0
17:32:20.224 [FXGL Background Thread 4 ] DEBUG TilesetLoader        - Writing to buffer: dst=528,96, w=48,h=48, src=240,0
17:32:20.224 [FXGL Background Thread 4 ] DEBUG TilesetLoader        - Writing to buffer: dst=576,96, w=48,h=48, src=240,0
17:32:20.225 [FXGL Background Thread 4 ] DEBUG TilesetLoader        - Writing to buffer: dst=624,96, w=48,h=48, src=240,0
17:32:20.225 [FXGL Background Thread 4 ] DEBUG TilesetLoader        - Writing to buffer: dst=672,96, w=48,h=48, src=240,0
17:32:20.225 [FXGL Background Thread 4 ] DEBUG TilesetLoader        - Writing to buffer: dst=720,96, w=48,h=48, src=240,0
17:32:20.225 [FXGL Background Thread 4 ] DEBUG TilesetLoader        - Writing to buffer: dst=768,96, w=48,h=48, src=240,0
17:32:20.225 [FXGL Background Thread 4 ] DEBUG TilesetLoader        - Writing to buffer: dst=816,96, w=48,h=48, src=240,0
17:32:20.225 [FXGL Background Thread 4 ] DEBUG TilesetLoader        - Writing to buffer: dst=864,96, w=48,h=48, src=240,0
17:32:20.225 [FXGL Background Thread 4 ] DEBUG TilesetLoader        - Writing to buffer: dst=912,96, w=48,h=48, src=240,0
17:32:20.226 [FXGL Background Thread 4 ] DEBUG TilesetLoader        - Writing to buffer: dst=960,96, w=48,h=48, src=240,0
17:32:20.226 [FXGL Background Thread 4 ] DEBUG TilesetLoader        - Writing to buffer: dst=1008,96, w=48,h=48, src=240,0
17:32:20.226 [FXGL Background Thread 4 ] DEBUG TilesetLoader        - Writing to buffer: dst=1056,96, w=48,h=48, src=240,0
17:32:20.226 [FXGL Background Thread 4 ] DEBUG TilesetLoader        - Writing to buffer: dst=1104,96, w=48,h=48, src=240,0
17:32:20.226 [FXGL Background Thread 4 ] DEBUG TilesetLoader        - Writing to buffer: dst=1152,96, w=48,h=48, src=240,0
17:32:20.226 [FXGL Background Thread 4 ] DEBUG TilesetLoader        - Writing to buffer: dst=1200,96, w=48,h=48, src=240,0
17:32:20.226 [FXGL Background Thread 4 ] DEBUG TilesetLoader        - Writing to buffer: dst=1248,96, w=48,h=48, src=240,0
17:32:20.227 [FXGL Background Thread 4 ] DEBUG TilesetLoader        - Writing to buffer: dst=1296,96, w=48,h=48, src=240,0
17:32:20.227 [FXGL Background Thread 4 ] DEBUG TilesetLoader        - Writing to buffer: dst=1344,96, w=48,h=48, src=240,0
17:32:20.227 [FXGL Background Thread 4 ] DEBUG TilesetLoader        - Writing to buffer: dst=1392,96, w=48,h=48, src=240,0
17:32:20.227 [FXGL Background Thread 4 ] DEBUG TilesetLoader        - Writing to buffer: dst=1440,96, w=48,h=48, src=240,0
17:32:20.227 [FXGL Background Thread 4 ] DEBUG TilesetLoader        - Writing to buffer: dst=0,144, w=48,h=48, src=240,0
17:32:20.227 [FXGL Background Thread 4 ] DEBUG TilesetLoader        - Writing to buffer: dst=48,144, w=48,h=48, src=288,0
17:32:20.227 [FXGL Background Thread 4 ] DEBUG TilesetLoader        - Writing to buffer: dst=96,144, w=48,h=48, src=288,0
17:32:20.227 [FXGL Background Thread 4 ] DEBUG TilesetLoader        - Writing to buffer: dst=144,144, w=48,h=48, src=288,0
17:32:20.228 [FXGL Background Thread 4 ] DEBUG TilesetLoader        - Writing to buffer: dst=192,144, w=48,h=48, src=288,0
17:32:20.228 [FXGL Background Thread 4 ] DEBUG TilesetLoader        - Writing to buffer: dst=240,144, w=48,h=48, src=288,0
17:32:20.228 [FXGL Background Thread 4 ] DEBUG TilesetLoader        - Writing to buffer: dst=288,144, w=48,h=48, src=288,0
17:32:20.228 [FXGL Background Thread 4 ] DEBUG TilesetLoader        - Writing to buffer: dst=336,144, w=48,h=48, src=288,0
17:32:20.228 [FXGL Background Thread 4 ] DEBUG TilesetLoader        - Writing to buffer: dst=384,144, w=48,h=48, src=288,0
17:32:20.228 [FXGL Background Thread 4 ] DEBUG TilesetLoader        - Writing to buffer: dst=432,144, w=48,h=48, src=288,0
17:32:20.228 [FXGL Background Thread 4 ] DEBUG TilesetLoader        - Writing to buffer: dst=480,144, w=48,h=48, src=240,0
17:32:20.229 [FXGL Background Thread 4 ] DEBUG TilesetLoader        - Writing to buffer: dst=528,144, w=48,h=48, src=288,0
17:32:20.229 [FXGL Background Thread 4 ] DEBUG TilesetLoader        - Writing to buffer: dst=576,144, w=48,h=48, src=288,0
17:32:20.229 [FXGL Background Thread 4 ] DEBUG TilesetLoader        - Writing to buffer: dst=624,144, w=48,h=48, src=288,0
17:32:20.229 [FXGL Background Thread 4 ] DEBUG TilesetLoader        - Writing to buffer: dst=672,144, w=48,h=48, src=288,0
17:32:20.229 [FXGL Background Thread 4 ] DEBUG TilesetLoader        - Writing to buffer: dst=720,144, w=48,h=48, src=288,0
17:32:20.229 [FXGL Background Thread 4 ] DEBUG TilesetLoader        - Writing to buffer: dst=768,144, w=48,h=48, src=288,0
17:32:20.230 [FXGL Background Thread 4 ] DEBUG TilesetLoader        - Writing to buffer: dst=816,144, w=48,h=48, src=288,0
17:32:20.230 [FXGL Background Thread 4 ] DEBUG TilesetLoader        - Writing to buffer: dst=864,144, w=48,h=48, src=288,0
17:32:20.230 [FXGL Background Thread 4 ] DEBUG TilesetLoader        - Writing to buffer: dst=912,144, w=48,h=48, src=288,0
17:32:20.230 [FXGL Background Thread 4 ] DEBUG TilesetLoader        - Writing to buffer: dst=960,144, w=48,h=48, src=240,0
17:32:20.230 [FXGL Background Thread 4 ] DEBUG TilesetLoader        - Writing to buffer: dst=1008,144, w=48,h=48, src=288,0
17:32:20.230 [FXGL Background Thread 4 ] DEBUG TilesetLoader        - Writing to buffer: dst=1056,144, w=48,h=48, src=288,0
17:32:20.231 [FXGL Background Thread 4 ] DEBUG TilesetLoader        - Writing to buffer: dst=1104,144, w=48,h=48, src=288,0
17:32:20.231 [FXGL Background Thread 4 ] DEBUG TilesetLoader        - Writing to buffer: dst=1152,144, w=48,h=48, src=288,0
17:32:20.231 [FXGL Background Thread 4 ] DEBUG TilesetLoader        - Writing to buffer: dst=1200,144, w=48,h=48, src=288,0
17:32:20.231 [FXGL Background Thread 4 ] DEBUG TilesetLoader        - Writing to buffer: dst=1248,144, w=48,h=48, src=288,0
17:32:20.231 [FXGL Background Thread 4 ] DEBUG TilesetLoader        - Writing to buffer: dst=1296,144, w=48,h=48, src=288,0
17:32:20.232 [FXGL Background Thread 4 ] DEBUG TilesetLoader        - Writing to buffer: dst=1344,144, w=48,h=48, src=288,0
17:32:20.232 [FXGL Background Thread 4 ] DEBUG TilesetLoader        - Writing to buffer: dst=1392,144, w=48,h=48, src=288,0
17:32:20.232 [FXGL Background Thread 4 ] DEBUG TilesetLoader        - Writing to buffer: dst=1440,144, w=48,h=48, src=240,0
17:32:20.232 [FXGL Background Thread 4 ] DEBUG TilesetLoader        - Writing to buffer: dst=0,192, w=48,h=48, src=240,0
17:32:20.232 [FXGL Background Thread 4 ] DEBUG TilesetLoader        - Writing to buffer: dst=48,192, w=48,h=48, src=288,0
17:32:20.232 [FXGL Background Thread 4 ] DEBUG TilesetLoader        - Writing to buffer: dst=96,192, w=48,h=48, src=240,0
17:32:20.232 [FXGL Background Thread 4 ] DEBUG TilesetLoader        - Writing to buffer: dst=144,192, w=48,h=48, src=288,0
17:32:20.232 [FXGL Background Thread 4 ] DEBUG TilesetLoader        - Writing to buffer: dst=192,192, w=48,h=48, src=240,0
17:32:20.233 [FXGL Background Thread 4 ] DEBUG TilesetLoader        - Writing to buffer: dst=240,192, w=48,h=48, src=288,0
17:32:20.233 [FXGL Background Thread 4 ] DEBUG TilesetLoader        - Writing to buffer: dst=288,192, w=48,h=48, src=240,0
17:32:20.233 [FXGL Background Thread 4 ] DEBUG TilesetLoader        - Writing to buffer: dst=336,192, w=48,h=48, src=288,0
17:32:20.233 [FXGL Background Thread 4 ] DEBUG TilesetLoader        - Writing to buffer: dst=384,192, w=48,h=48, src=240,0
17:32:20.233 [FXGL Background Thread 4 ] DEBUG TilesetLoader        - Writing to buffer: dst=432,192, w=48,h=48, src=288,0
17:32:20.233 [FXGL Background Thread 4 ] DEBUG TilesetLoader        - Writing to buffer: dst=480,192, w=48,h=48, src=240,0
17:32:20.233 [FXGL Background Thread 4 ] DEBUG TilesetLoader        - Writing to buffer: dst=528,192, w=48,h=48, src=288,0
17:32:20.233 [FXGL Background Thread 4 ] DEBUG TilesetLoader        - Writing to buffer: dst=576,192, w=48,h=48, src=240,0
17:32:20.234 [FXGL Background Thread 4 ] DEBUG TilesetLoader        - Writing to buffer: dst=624,192, w=48,h=48, src=288,0
17:32:20.234 [FXGL Background Thread 4 ] DEBUG TilesetLoader        - Writing to buffer: dst=672,192, w=48,h=48, src=240,0
17:32:20.234 [FXGL Background Thread 4 ] DEBUG TilesetLoader        - Writing to buffer: dst=720,192, w=48,h=48, src=288,0
17:32:20.234 [FXGL Background Thread 4 ] DEBUG TilesetLoader        - Writing to buffer: dst=768,192, w=48,h=48, src=240,0
17:32:20.234 [FXGL Background Thread 4 ] DEBUG TilesetLoader        - Writing to buffer: dst=816,192, w=48,h=48, src=288,0
17:32:20.234 [FXGL Background Thread 4 ] DEBUG TilesetLoader        - Writing to buffer: dst=864,192, w=48,h=48, src=240,0
17:32:20.234 [FXGL Background Thread 4 ] DEBUG TilesetLoader        - Writing to buffer: dst=912,192, w=48,h=48, src=288,0
17:32:20.235 [FXGL Background Thread 4 ] DEBUG TilesetLoader        - Writing to buffer: dst=960,192, w=48,h=48, src=240,0
17:32:20.235 [FXGL Background Thread 4 ] DEBUG TilesetLoader        - Writing to buffer: dst=1008,192, w=48,h=48, src=288,0
17:32:20.235 [FXGL Background Thread 4 ] DEBUG TilesetLoader        - Writing to buffer: dst=1056,192, w=48,h=48, src=240,0
17:32:20.235 [FXGL Background Thread 4 ] DEBUG TilesetLoader        - Writing to buffer: dst=1104,192, w=48,h=48, src=288,0
17:32:20.235 [FXGL Background Thread 4 ] DEBUG TilesetLoader        - Writing to buffer: dst=1152,192, w=48,h=48, src=240,0
17:32:20.235 [FXGL Background Thread 4 ] DEBUG TilesetLoader        - Writing to buffer: dst=1200,192, w=48,h=48, src=288,0
17:32:20.235 [FXGL Background Thread 4 ] DEBUG TilesetLoader        - Writing to buffer: dst=1248,192, w=48,h=48, src=240,0
17:32:20.235 [FXGL Background Thread 4 ] DEBUG TilesetLoader        - Writing to buffer: dst=1296,192, w=48,h=48, src=288,0
17:32:20.236 [FXGL Background Thread 4 ] DEBUG TilesetLoader        - Writing to buffer: dst=1344,192, w=48,h=48, src=240,0
17:32:20.236 [FXGL Background Thread 4 ] DEBUG TilesetLoader        - Writing to buffer: dst=1392,192, w=48,h=48, src=288,0
17:32:20.236 [FXGL Background Thread 4 ] DEBUG TilesetLoader        - Writing to buffer: dst=1440,192, w=48,h=48, src=240,0
17:32:20.236 [FXGL Background Thread 4 ] DEBUG TilesetLoader        - Writing to buffer: dst=0,240, w=48,h=48, src=240,0
17:32:20.236 [FXGL Background Thread 4 ] DEBUG TilesetLoader        - Writing to buffer: dst=48,240, w=48,h=48, src=288,0
17:32:20.236 [FXGL Background Thread 4 ] DEBUG TilesetLoader        - Writing to buffer: dst=96,240, w=48,h=48, src=288,0
17:32:20.236 [FXGL Background Thread 4 ] DEBUG TilesetLoader        - Writing to buffer: dst=144,240, w=48,h=48, src=288,0
17:32:20.236 [FXGL Background Thread 4 ] DEBUG TilesetLoader        - Writing to buffer: dst=192,240, w=48,h=48, src=288,0
17:32:20.237 [FXGL Background Thread 4 ] DEBUG TilesetLoader        - Writing to buffer: dst=240,240, w=48,h=48, src=288,0
17:32:20.237 [FXGL Background Thread 4 ] DEBUG TilesetLoader        - Writing to buffer: dst=288,240, w=48,h=48, src=288,0
17:32:20.237 [FXGL Background Thread 4 ] DEBUG TilesetLoader        - Writing to buffer: dst=336,240, w=48,h=48, src=288,0
17:32:20.237 [FXGL Background Thread 4 ] DEBUG TilesetLoader        - Writing to buffer: dst=384,240, w=48,h=48, src=288,0
17:32:20.237 [FXGL Background Thread 4 ] DEBUG TilesetLoader        - Writing to buffer: dst=432,240, w=48,h=48, src=288,0
17:32:20.237 [FXGL Background Thread 4 ] DEBUG TilesetLoader        - Writing to buffer: dst=480,240, w=48,h=48, src=288,0
17:32:20.237 [FXGL Background Thread 4 ] DEBUG TilesetLoader        - Writing to buffer: dst=528,240, w=48,h=48, src=288,0
17:32:20.237 [FXGL Background Thread 4 ] DEBUG TilesetLoader        - Writing to buffer: dst=576,240, w=48,h=48, src=288,0
17:32:20.238 [FXGL Background Thread 4 ] DEBUG TilesetLoader        - Writing to buffer: dst=624,240, w=48,h=48, src=288,0
17:32:20.238 [FXGL Background Thread 4 ] DEBUG TilesetLoader        - Writing to buffer: dst=672,240, w=48,h=48, src=288,0
17:32:20.238 [FXGL Background Thread 4 ] DEBUG TilesetLoader        - Writing to buffer: dst=720,240, w=48,h=48, src=288,0
17:32:20.238 [FXGL Background Thread 4 ] DEBUG TilesetLoader        - Writing to buffer: dst=768,240, w=48,h=48, src=288,0
17:32:20.238 [FXGL Background Thread 4 ] DEBUG TilesetLoader        - Writing to buffer: dst=816,240, w=48,h=48, src=288,0
17:32:20.238 [FXGL Background Thread 4 ] DEBUG TilesetLoader        - Writing to buffer: dst=864,240, w=48,h=48, src=288,0
17:32:20.238 [FXGL Background Thread 4 ] DEBUG TilesetLoader        - Writing to buffer: dst=912,240, w=48,h=48, src=288,0
17:32:20.238 [FXGL Background Thread 4 ] DEBUG TilesetLoader        - Writing to buffer: dst=960,240, w=48,h=48, src=288,0
17:32:20.239 [FXGL Background Thread 4 ] DEBUG TilesetLoader        - Writing to buffer: dst=1008,240, w=48,h=48, src=288,0
17:32:20.239 [FXGL Background Thread 4 ] DEBUG TilesetLoader        - Writing to buffer: dst=1056,240, w=48,h=48, src=288,0
17:32:20.239 [FXGL Background Thread 4 ] DEBUG TilesetLoader        - Writing to buffer: dst=1104,240, w=48,h=48, src=288,0
17:32:20.239 [FXGL Background Thread 4 ] DEBUG TilesetLoader        - Writing to buffer: dst=1152,240, w=48,h=48, src=288,0
17:32:20.239 [FXGL Background Thread 4 ] DEBUG TilesetLoader        - Writing to buffer: dst=1200,240, w=48,h=48, src=288,0
17:32:20.239 [FXGL Background Thread 4 ] DEBUG TilesetLoader        - Writing to buffer: dst=1248,240, w=48,h=48, src=288,0
17:32:20.239 [FXGL Background Thread 4 ] DEBUG TilesetLoader        - Writing to buffer: dst=1296,240, w=48,h=48, src=288,0
17:32:20.239 [FXGL Background Thread 4 ] DEBUG TilesetLoader        - Writing to buffer: dst=1344,240, w=48,h=48, src=288,0
17:32:20.240 [FXGL Background Thread 4 ] DEBUG TilesetLoader        - Writing to buffer: dst=1392,240, w=48,h=48, src=288,0
17:32:20.240 [FXGL Background Thread 4 ] DEBUG TilesetLoader        - Writing to buffer: dst=1440,240, w=48,h=48, src=240,0
17:32:20.240 [FXGL Background Thread 4 ] DEBUG TilesetLoader        - Writing to buffer: dst=0,288, w=48,h=48, src=240,0
17:32:20.240 [FXGL Background Thread 4 ] DEBUG TilesetLoader        - Writing to buffer: dst=48,288, w=48,h=48, src=288,0
17:32:20.240 [FXGL Background Thread 4 ] DEBUG TilesetLoader        - Writing to buffer: dst=96,288, w=48,h=48, src=240,0
17:32:20.240 [FXGL Background Thread 4 ] DEBUG TilesetLoader        - Writing to buffer: dst=144,288, w=48,h=48, src=288,0
17:32:20.240 [FXGL Background Thread 4 ] DEBUG TilesetLoader        - Writing to buffer: dst=192,288, w=48,h=48, src=240,0
17:32:20.241 [FXGL Background Thread 4 ] DEBUG TilesetLoader        - Writing to buffer: dst=240,288, w=48,h=48, src=288,0
17:32:20.241 [FXGL Background Thread 4 ] DEBUG TilesetLoader        - Writing to buffer: dst=288,288, w=48,h=48, src=240,0
17:32:20.241 [FXGL Background Thread 4 ] DEBUG TilesetLoader        - Writing to buffer: dst=336,288, w=48,h=48, src=288,0
17:32:20.241 [FXGL Background Thread 4 ] DEBUG TilesetLoader        - Writing to buffer: dst=384,288, w=48,h=48, src=240,0
17:32:20.241 [FXGL Background Thread 4 ] DEBUG TilesetLoader        - Writing to buffer: dst=432,288, w=48,h=48, src=288,0
17:32:20.241 [FXGL Background Thread 4 ] DEBUG TilesetLoader        - Writing to buffer: dst=480,288, w=48,h=48, src=240,0
17:32:20.241 [FXGL Background Thread 4 ] DEBUG TilesetLoader        - Writing to buffer: dst=528,288, w=48,h=48, src=288,0
17:32:20.241 [FXGL Background Thread 4 ] DEBUG TilesetLoader        - Writing to buffer: dst=576,288, w=48,h=48, src=240,0
17:32:20.241 [FXGL Background Thread 4 ] DEBUG TilesetLoader        - Writing to buffer: dst=624,288, w=48,h=48, src=288,0
17:32:20.242 [FXGL Background Thread 4 ] DEBUG TilesetLoader        - Writing to buffer: dst=672,288, w=48,h=48, src=240,0
17:32:20.242 [FXGL Background Thread 4 ] DEBUG TilesetLoader        - Writing to buffer: dst=720,288, w=48,h=48, src=288,0
17:32:20.242 [FXGL Background Thread 4 ] DEBUG TilesetLoader        - Writing to buffer: dst=768,288, w=48,h=48, src=240,0
17:32:20.242 [FXGL Background Thread 4 ] DEBUG TilesetLoader        - Writing to buffer: dst=816,288, w=48,h=48, src=288,0
17:32:20.242 [FXGL Background Thread 4 ] DEBUG TilesetLoader        - Writing to buffer: dst=864,288, w=48,h=48, src=240,0
17:32:20.242 [FXGL Background Thread 4 ] DEBUG TilesetLoader        - Writing to buffer: dst=912,288, w=48,h=48, src=288,0
17:32:20.242 [FXGL Background Thread 4 ] DEBUG TilesetLoader        - Writing to buffer: dst=960,288, w=48,h=48, src=240,0
17:32:20.242 [FXGL Background Thread 4 ] DEBUG TilesetLoader        - Writing to buffer: dst=1008,288, w=48,h=48, src=288,0
17:32:20.242 [FXGL Background Thread 4 ] DEBUG TilesetLoader        - Writing to buffer: dst=1056,288, w=48,h=48, src=240,0
17:32:20.243 [FXGL Background Thread 4 ] DEBUG TilesetLoader        - Writing to buffer: dst=1104,288, w=48,h=48, src=288,0
17:32:20.243 [FXGL Background Thread 4 ] DEBUG TilesetLoader        - Writing to buffer: dst=1152,288, w=48,h=48, src=240,0
17:32:20.243 [FXGL Background Thread 4 ] DEBUG TilesetLoader        - Writing to buffer: dst=1200,288, w=48,h=48, src=288,0
17:32:20.243 [FXGL Background Thread 4 ] DEBUG TilesetLoader        - Writing to buffer: dst=1248,288, w=48,h=48, src=240,0
17:32:20.243 [FXGL Background Thread 4 ] DEBUG TilesetLoader        - Writing to buffer: dst=1296,288, w=48,h=48, src=288,0
17:32:20.243 [FXGL Background Thread 4 ] DEBUG TilesetLoader        - Writing to buffer: dst=1344,288, w=48,h=48, src=240,0
17:32:20.243 [FXGL Background Thread 4 ] DEBUG TilesetLoader        - Writing to buffer: dst=1392,288, w=48,h=48, src=288,0
17:32:20.243 [FXGL Background Thread 4 ] DEBUG TilesetLoader        - Writing to buffer: dst=1440,288, w=48,h=48, src=240,0
17:32:20.243 [FXGL Background Thread 4 ] DEBUG TilesetLoader        - Writing to buffer: dst=0,336, w=48,h=48, src=240,0
17:32:20.244 [FXGL Background Thread 4 ] DEBUG TilesetLoader        - Writing to buffer: dst=48,336, w=48,h=48, src=288,0
17:32:20.244 [FXGL Background Thread 4 ] DEBUG TilesetLoader        - Writing to buffer: dst=96,336, w=48,h=48, src=288,0
17:32:20.244 [FXGL Background Thread 4 ] DEBUG TilesetLoader        - Writing to buffer: dst=144,336, w=48,h=48, src=288,0
17:32:20.244 [FXGL Background Thread 4 ] DEBUG TilesetLoader        - Writing to buffer: dst=192,336, w=48,h=48, src=288,0
17:32:20.244 [FXGL Background Thread 4 ] DEBUG TilesetLoader        - Writing to buffer: dst=240,336, w=48,h=48, src=288,0
17:32:20.244 [FXGL Background Thread 4 ] DEBUG TilesetLoader        - Writing to buffer: dst=288,336, w=48,h=48, src=288,0
17:32:20.244 [FXGL Background Thread 4 ] DEBUG TilesetLoader        - Writing to buffer: dst=336,336, w=48,h=48, src=288,0
17:32:20.244 [FXGL Background Thread 4 ] DEBUG TilesetLoader        - Writing to buffer: dst=384,336, w=48,h=48, src=288,0
17:32:20.245 [FXGL Background Thread 4 ] DEBUG TilesetLoader        - Writing to buffer: dst=432,336, w=48,h=48, src=288,0
17:32:20.245 [FXGL Background Thread 4 ] DEBUG TilesetLoader        - Writing to buffer: dst=480,336, w=48,h=48, src=288,0
17:32:20.245 [FXGL Background Thread 4 ] DEBUG TilesetLoader        - Writing to buffer: dst=528,336, w=48,h=48, src=288,0
17:32:20.245 [FXGL Background Thread 4 ] DEBUG TilesetLoader        - Writing to buffer: dst=576,336, w=48,h=48, src=288,0
17:32:20.245 [FXGL Background Thread 4 ] DEBUG TilesetLoader        - Writing to buffer: dst=624,336, w=48,h=48, src=288,0
17:32:20.245 [FXGL Background Thread 4 ] DEBUG TilesetLoader        - Writing to buffer: dst=672,336, w=48,h=48, src=288,0
17:32:20.245 [FXGL Background Thread 4 ] DEBUG TilesetLoader        - Writing to buffer: dst=720,336, w=48,h=48, src=288,0
17:32:20.245 [FXGL Background Thread 4 ] DEBUG TilesetLoader        - Writing to buffer: dst=768,336, w=48,h=48, src=288,0
17:32:20.245 [FXGL Background Thread 4 ] DEBUG TilesetLoader        - Writing to buffer: dst=816,336, w=48,h=48, src=288,0
17:32:20.245 [FXGL Background Thread 4 ] DEBUG TilesetLoader        - Writing to buffer: dst=864,336, w=48,h=48, src=288,0
17:32:20.246 [FXGL Background Thread 4 ] DEBUG TilesetLoader        - Writing to buffer: dst=912,336, w=48,h=48, src=288,0
17:32:20.246 [FXGL Background Thread 4 ] DEBUG TilesetLoader        - Writing to buffer: dst=960,336, w=48,h=48, src=288,0
17:32:20.246 [FXGL Background Thread 4 ] DEBUG TilesetLoader        - Writing to buffer: dst=1008,336, w=48,h=48, src=288,0
17:32:20.246 [FXGL Background Thread 4 ] DEBUG TilesetLoader        - Writing to buffer: dst=1056,336, w=48,h=48, src=288,0
17:32:20.246 [FXGL Background Thread 4 ] DEBUG TilesetLoader        - Writing to buffer: dst=1104,336, w=48,h=48, src=288,0
17:32:20.246 [FXGL Background Thread 4 ] DEBUG TilesetLoader        - Writing to buffer: dst=1152,336, w=48,h=48, src=288,0
17:32:20.246 [FXGL Background Thread 4 ] DEBUG TilesetLoader        - Writing to buffer: dst=1200,336, w=48,h=48, src=288,0
17:32:20.246 [FXGL Background Thread 4 ] DEBUG TilesetLoader        - Writing to buffer: dst=1248,336, w=48,h=48, src=288,0
17:32:20.247 [FXGL Background Thread 4 ] DEBUG TilesetLoader        - Writing to buffer: dst=1296,336, w=48,h=48, src=288,0
17:32:20.247 [FXGL Background Thread 4 ] DEBUG TilesetLoader        - Writing to buffer: dst=1344,336, w=48,h=48, src=288,0
17:32:20.247 [FXGL Background Thread 4 ] DEBUG TilesetLoader        - Writing to buffer: dst=1392,336, w=48,h=48, src=288,0
17:32:20.247 [FXGL Background Thread 4 ] DEBUG TilesetLoader        - Writing to buffer: dst=1440,336, w=48,h=48, src=240,0
17:32:20.247 [FXGL Background Thread 4 ] DEBUG TilesetLoader        - Writing to buffer: dst=0,384, w=48,h=48, src=240,0
17:32:20.247 [FXGL Background Thread 4 ] DEBUG TilesetLoader        - Writing to buffer: dst=48,384, w=48,h=48, src=240,0
17:32:20.247 [FXGL Background Thread 4 ] DEBUG TilesetLoader        - Writing to buffer: dst=96,384, w=48,h=48, src=240,0
17:32:20.248 [FXGL Background Thread 4 ] DEBUG TilesetLoader        - Writing to buffer: dst=144,384, w=48,h=48, src=288,0
17:32:20.248 [FXGL Background Thread 4 ] DEBUG TilesetLoader        - Writing to buffer: dst=192,384, w=48,h=48, src=240,0
17:32:20.248 [FXGL Background Thread 4 ] DEBUG TilesetLoader        - Writing to buffer: dst=240,384, w=48,h=48, src=288,0
17:32:20.248 [FXGL Background Thread 4 ] DEBUG TilesetLoader        - Writing to buffer: dst=288,384, w=48,h=48, src=240,0
17:32:20.248 [FXGL Background Thread 4 ] DEBUG TilesetLoader        - Writing to buffer: dst=336,384, w=48,h=48, src=288,0
17:32:20.248 [FXGL Background Thread 4 ] DEBUG TilesetLoader        - Writing to buffer: dst=384,384, w=48,h=48, src=240,0
17:32:20.248 [FXGL Background Thread 4 ] DEBUG TilesetLoader        - Writing to buffer: dst=432,384, w=48,h=48, src=288,0
17:32:20.248 [FXGL Background Thread 4 ] DEBUG TilesetLoader        - Writing to buffer: dst=480,384, w=48,h=48, src=240,0
17:32:20.248 [FXGL Background Thread 4 ] DEBUG TilesetLoader        - Writing to buffer: dst=528,384, w=48,h=48, src=240,0
17:32:20.249 [FXGL Background Thread 4 ] DEBUG TilesetLoader        - Writing to buffer: dst=576,384, w=48,h=48, src=240,0
17:32:20.249 [FXGL Background Thread 4 ] DEBUG TilesetLoader        - Writing to buffer: dst=624,384, w=48,h=48, src=288,0
17:32:20.249 [FXGL Background Thread 4 ] DEBUG TilesetLoader        - Writing to buffer: dst=672,384, w=48,h=48, src=240,0
17:32:20.249 [FXGL Background Thread 4 ] DEBUG TilesetLoader        - Writing to buffer: dst=720,384, w=48,h=48, src=288,0
17:32:20.249 [FXGL Background Thread 4 ] DEBUG TilesetLoader        - Writing to buffer: dst=768,384, w=48,h=48, src=240,0
17:32:20.249 [FXGL Background Thread 4 ] DEBUG TilesetLoader        - Writing to buffer: dst=816,384, w=48,h=48, src=288,0
17:32:20.249 [FXGL Background Thread 4 ] DEBUG TilesetLoader        - Writing to buffer: dst=864,384, w=48,h=48, src=240,0
17:32:20.249 [FXGL Background Thread 4 ] DEBUG TilesetLoader        - Writing to buffer: dst=912,384, w=48,h=48, src=240,0
17:32:20.249 [FXGL Background Thread 4 ] DEBUG TilesetLoader        - Writing to buffer: dst=960,384, w=48,h=48, src=240,0
17:32:20.249 [FXGL Background Thread 4 ] DEBUG TilesetLoader        - Writing to buffer: dst=1008,384, w=48,h=48, src=288,0
17:32:20.250 [FXGL Background Thread 4 ] DEBUG TilesetLoader        - Writing to buffer: dst=1056,384, w=48,h=48, src=240,0
17:32:20.250 [FXGL Background Thread 4 ] DEBUG TilesetLoader        - Writing to buffer: dst=1104,384, w=48,h=48, src=288,0
17:32:20.250 [FXGL Background Thread 4 ] DEBUG TilesetLoader        - Writing to buffer: dst=1152,384, w=48,h=48, src=240,0
17:32:20.250 [FXGL Background Thread 4 ] DEBUG TilesetLoader        - Writing to buffer: dst=1200,384, w=48,h=48, src=288,0
17:32:20.250 [FXGL Background Thread 4 ] DEBUG TilesetLoader        - Writing to buffer: dst=1248,384, w=48,h=48, src=240,0
17:32:20.250 [FXGL Background Thread 4 ] DEBUG TilesetLoader        - Writing to buffer: dst=1296,384, w=48,h=48, src=288,0
17:32:20.250 [FXGL Background Thread 4 ] DEBUG TilesetLoader        - Writing to buffer: dst=1344,384, w=48,h=48, src=240,0
17:32:20.250 [FXGL Background Thread 4 ] DEBUG TilesetLoader        - Writing to buffer: dst=1392,384, w=48,h=48, src=240,0
17:32:20.250 [FXGL Background Thread 4 ] DEBUG TilesetLoader        - Writing to buffer: dst=1440,384, w=48,h=48, src=240,0
17:32:20.251 [FXGL Background Thread 4 ] DEBUG TilesetLoader        - Writing to buffer: dst=0,432, w=48,h=48, src=240,0
17:32:20.251 [FXGL Background Thread 4 ] DEBUG TilesetLoader        - Writing to buffer: dst=48,432, w=48,h=48, src=288,0
17:32:20.251 [FXGL Background Thread 4 ] DEBUG TilesetLoader        - Writing to buffer: dst=96,432, w=48,h=48, src=288,0
17:32:20.251 [FXGL Background Thread 4 ] DEBUG TilesetLoader        - Writing to buffer: dst=144,432, w=48,h=48, src=288,0
17:32:20.251 [FXGL Background Thread 4 ] DEBUG TilesetLoader        - Writing to buffer: dst=192,432, w=48,h=48, src=288,0
17:32:20.251 [FXGL Background Thread 4 ] DEBUG TilesetLoader        - Writing to buffer: dst=240,432, w=48,h=48, src=288,0
17:32:20.251 [FXGL Background Thread 4 ] DEBUG TilesetLoader        - Writing to buffer: dst=288,432, w=48,h=48, src=288,0
17:32:20.251 [FXGL Background Thread 4 ] DEBUG TilesetLoader        - Writing to buffer: dst=336,432, w=48,h=48, src=288,0
17:32:20.251 [FXGL Background Thread 4 ] DEBUG TilesetLoader        - Writing to buffer: dst=384,432, w=48,h=48, src=288,0
17:32:20.252 [FXGL Background Thread 4 ] DEBUG TilesetLoader        - Writing to buffer: dst=432,432, w=48,h=48, src=288,0
17:32:20.252 [FXGL Background Thread 4 ] DEBUG TilesetLoader        - Writing to buffer: dst=480,432, w=48,h=48, src=288,0
17:32:20.252 [FXGL Background Thread 4 ] DEBUG TilesetLoader        - Writing to buffer: dst=528,432, w=48,h=48, src=288,0
17:32:20.252 [FXGL Background Thread 4 ] DEBUG TilesetLoader        - Writing to buffer: dst=576,432, w=48,h=48, src=288,0
17:32:20.252 [FXGL Background Thread 4 ] DEBUG TilesetLoader        - Writing to buffer: dst=624,432, w=48,h=48, src=288,0
17:32:20.252 [FXGL Background Thread 4 ] DEBUG TilesetLoader        - Writing to buffer: dst=672,432, w=48,h=48, src=288,0
17:32:20.252 [FXGL Background Thread 4 ] DEBUG TilesetLoader        - Writing to buffer: dst=720,432, w=48,h=48, src=288,0
17:32:20.252 [FXGL Background Thread 4 ] DEBUG TilesetLoader        - Writing to buffer: dst=768,432, w=48,h=48, src=288,0
17:32:20.252 [FXGL Background Thread 4 ] DEBUG TilesetLoader        - Writing to buffer: dst=816,432, w=48,h=48, src=288,0
17:32:20.253 [FXGL Background Thread 4 ] DEBUG TilesetLoader        - Writing to buffer: dst=864,432, w=48,h=48, src=288,0
17:32:20.253 [FXGL Background Thread 4 ] DEBUG TilesetLoader        - Writing to buffer: dst=912,432, w=48,h=48, src=288,0
17:32:20.253 [FXGL Background Thread 4 ] DEBUG TilesetLoader        - Writing to buffer: dst=960,432, w=48,h=48, src=288,0
17:32:20.253 [FXGL Background Thread 4 ] DEBUG TilesetLoader        - Writing to buffer: dst=1008,432, w=48,h=48, src=288,0
17:32:20.253 [FXGL Background Thread 4 ] DEBUG TilesetLoader        - Writing to buffer: dst=1056,432, w=48,h=48, src=288,0
17:32:20.253 [FXGL Background Thread 4 ] DEBUG TilesetLoader        - Writing to buffer: dst=1104,432, w=48,h=48, src=288,0
17:32:20.253 [FXGL Background Thread 4 ] DEBUG TilesetLoader        - Writing to buffer: dst=1152,432, w=48,h=48, src=288,0
17:32:20.253 [FXGL Background Thread 4 ] DEBUG TilesetLoader        - Writing to buffer: dst=1200,432, w=48,h=48, src=288,0
17:32:20.253 [FXGL Background Thread 4 ] DEBUG TilesetLoader        - Writing to buffer: dst=1248,432, w=48,h=48, src=288,0
17:32:20.254 [FXGL Background Thread 4 ] DEBUG TilesetLoader        - Writing to buffer: dst=1296,432, w=48,h=48, src=288,0
17:32:20.254 [FXGL Background Thread 4 ] DEBUG TilesetLoader        - Writing to buffer: dst=1344,432, w=48,h=48, src=288,0
17:32:20.254 [FXGL Background Thread 4 ] DEBUG TilesetLoader        - Writing to buffer: dst=1392,432, w=48,h=48, src=288,0
17:32:20.254 [FXGL Background Thread 4 ] DEBUG TilesetLoader        - Writing to buffer: dst=1440,432, w=48,h=48, src=240,0
17:32:20.254 [FXGL Background Thread 4 ] DEBUG TilesetLoader        - Writing to buffer: dst=0,480, w=48,h=48, src=240,0
17:32:20.254 [FXGL Background Thread 4 ] DEBUG TilesetLoader        - Writing to buffer: dst=48,480, w=48,h=48, src=288,0
17:32:20.254 [FXGL Background Thread 4 ] DEBUG TilesetLoader        - Writing to buffer: dst=96,480, w=48,h=48, src=240,0
17:32:20.254 [FXGL Background Thread 4 ] DEBUG TilesetLoader        - Writing to buffer: dst=144,480, w=48,h=48, src=288,0
17:32:20.254 [FXGL Background Thread 4 ] DEBUG TilesetLoader        - Writing to buffer: dst=192,480, w=48,h=48, src=240,0
17:32:20.255 [FXGL Background Thread 4 ] DEBUG TilesetLoader        - Writing to buffer: dst=240,480, w=48,h=48, src=288,0
17:32:20.255 [FXGL Background Thread 4 ] DEBUG TilesetLoader        - Writing to buffer: dst=288,480, w=48,h=48, src=240,0
17:32:20.255 [FXGL Background Thread 4 ] DEBUG TilesetLoader        - Writing to buffer: dst=336,480, w=48,h=48, src=288,0
17:32:20.255 [FXGL Background Thread 4 ] DEBUG TilesetLoader        - Writing to buffer: dst=384,480, w=48,h=48, src=240,0
17:32:20.255 [FXGL Background Thread 4 ] DEBUG TilesetLoader        - Writing to buffer: dst=432,480, w=48,h=48, src=288,0
17:32:20.255 [FXGL Background Thread 4 ] DEBUG TilesetLoader        - Writing to buffer: dst=480,480, w=48,h=48, src=240,0
17:32:20.255 [FXGL Background Thread 4 ] DEBUG TilesetLoader        - Writing to buffer: dst=528,480, w=48,h=48, src=288,0
17:32:20.255 [FXGL Background Thread 4 ] DEBUG TilesetLoader        - Writing to buffer: dst=576,480, w=48,h=48, src=240,0
17:32:20.255 [FXGL Background Thread 4 ] DEBUG TilesetLoader        - Writing to buffer: dst=624,480, w=48,h=48, src=288,0
17:32:20.256 [FXGL Background Thread 4 ] DEBUG TilesetLoader        - Writing to buffer: dst=672,480, w=48,h=48, src=240,0
17:32:20.256 [FXGL Background Thread 4 ] DEBUG TilesetLoader        - Writing to buffer: dst=720,480, w=48,h=48, src=288,0
17:32:20.256 [FXGL Background Thread 4 ] DEBUG TilesetLoader        - Writing to buffer: dst=768,480, w=48,h=48, src=240,0
17:32:20.256 [FXGL Background Thread 4 ] DEBUG TilesetLoader        - Writing to buffer: dst=816,480, w=48,h=48, src=288,0
17:32:20.256 [FXGL Background Thread 4 ] DEBUG TilesetLoader        - Writing to buffer: dst=864,480, w=48,h=48, src=240,0
17:32:20.256 [FXGL Background Thread 4 ] DEBUG TilesetLoader        - Writing to buffer: dst=912,480, w=48,h=48, src=288,0
17:32:20.256 [FXGL Background Thread 4 ] DEBUG TilesetLoader        - Writing to buffer: dst=960,480, w=48,h=48, src=240,0
17:32:20.256 [FXGL Background Thread 4 ] DEBUG TilesetLoader        - Writing to buffer: dst=1008,480, w=48,h=48, src=288,0
17:32:20.256 [FXGL Background Thread 4 ] DEBUG TilesetLoader        - Writing to buffer: dst=1056,480, w=48,h=48, src=240,0
17:32:20.256 [FXGL Background Thread 4 ] DEBUG TilesetLoader        - Writing to buffer: dst=1104,480, w=48,h=48, src=288,0
17:32:20.257 [FXGL Background Thread 4 ] DEBUG TilesetLoader        - Writing to buffer: dst=1152,480, w=48,h=48, src=240,0
17:32:20.257 [FXGL Background Thread 4 ] DEBUG TilesetLoader        - Writing to buffer: dst=1200,480, w=48,h=48, src=288,0
17:32:20.257 [FXGL Background Thread 4 ] DEBUG TilesetLoader        - Writing to buffer: dst=1248,480, w=48,h=48, src=240,0
17:32:20.257 [FXGL Background Thread 4 ] DEBUG TilesetLoader        - Writing to buffer: dst=1296,480, w=48,h=48, src=288,0
17:32:20.257 [FXGL Background Thread 4 ] DEBUG TilesetLoader        - Writing to buffer: dst=1344,480, w=48,h=48, src=240,0
17:32:20.257 [FXGL Background Thread 4 ] DEBUG TilesetLoader        - Writing to buffer: dst=1392,480, w=48,h=48, src=288,0
17:32:20.257 [FXGL Background Thread 4 ] DEBUG TilesetLoader        - Writing to buffer: dst=1440,480, w=48,h=48, src=240,0
17:32:20.257 [FXGL Background Thread 4 ] DEBUG TilesetLoader        - Writing to buffer: dst=0,528, w=48,h=48, src=240,0
17:32:20.257 [FXGL Background Thread 4 ] DEBUG TilesetLoader        - Writing to buffer: dst=48,528, w=48,h=48, src=288,0
17:32:20.258 [FXGL Background Thread 4 ] DEBUG TilesetLoader        - Writing to buffer: dst=96,528, w=48,h=48, src=288,0
17:32:20.258 [FXGL Background Thread 4 ] DEBUG TilesetLoader        - Writing to buffer: dst=144,528, w=48,h=48, src=288,0
17:32:20.258 [FXGL Background Thread 4 ] DEBUG TilesetLoader        - Writing to buffer: dst=192,528, w=48,h=48, src=288,0
17:32:20.258 [FXGL Background Thread 4 ] DEBUG TilesetLoader        - Writing to buffer: dst=240,528, w=48,h=48, src=288,0
17:32:20.258 [FXGL Background Thread 4 ] DEBUG TilesetLoader        - Writing to buffer: dst=288,528, w=48,h=48, src=288,0
17:32:20.258 [FXGL Background Thread 4 ] DEBUG TilesetLoader        - Writing to buffer: dst=336,528, w=48,h=48, src=288,0
17:32:20.258 [FXGL Background Thread 4 ] DEBUG TilesetLoader        - Writing to buffer: dst=384,528, w=48,h=48, src=288,0
17:32:20.258 [FXGL Background Thread 4 ] DEBUG TilesetLoader        - Writing to buffer: dst=432,528, w=48,h=48, src=288,0
17:32:20.258 [FXGL Background Thread 4 ] DEBUG TilesetLoader        - Writing to buffer: dst=480,528, w=48,h=48, src=288,0
17:32:20.259 [FXGL Background Thread 4 ] DEBUG TilesetLoader        - Writing to buffer: dst=528,528, w=48,h=48, src=288,0
17:32:20.259 [FXGL Background Thread 4 ] DEBUG TilesetLoader        - Writing to buffer: dst=576,528, w=48,h=48, src=288,0
17:32:20.259 [FXGL Background Thread 4 ] DEBUG TilesetLoader        - Writing to buffer: dst=624,528, w=48,h=48, src=288,0
17:32:20.259 [FXGL Background Thread 4 ] DEBUG TilesetLoader        - Writing to buffer: dst=672,528, w=48,h=48, src=288,0
17:32:20.259 [FXGL Background Thread 4 ] DEBUG TilesetLoader        - Writing to buffer: dst=720,528, w=48,h=48, src=288,0
17:32:20.259 [FXGL Background Thread 4 ] DEBUG TilesetLoader        - Writing to buffer: dst=768,528, w=48,h=48, src=288,0
17:32:20.259 [FXGL Background Thread 4 ] DEBUG TilesetLoader        - Writing to buffer: dst=816,528, w=48,h=48, src=288,0
17:32:20.259 [FXGL Background Thread 4 ] DEBUG TilesetLoader        - Writing to buffer: dst=864,528, w=48,h=48, src=288,0
17:32:20.259 [FXGL Background Thread 4 ] DEBUG TilesetLoader        - Writing to buffer: dst=912,528, w=48,h=48, src=288,0
17:32:20.259 [FXGL Background Thread 4 ] DEBUG TilesetLoader        - Writing to buffer: dst=960,528, w=48,h=48, src=288,0
17:32:20.259 [FXGL Background Thread 4 ] DEBUG TilesetLoader        - Writing to buffer: dst=1008,528, w=48,h=48, src=288,0
17:32:20.260 [FXGL Background Thread 4 ] DEBUG TilesetLoader        - Writing to buffer: dst=1056,528, w=48,h=48, src=288,0
17:32:20.260 [FXGL Background Thread 4 ] DEBUG TilesetLoader        - Writing to buffer: dst=1104,528, w=48,h=48, src=288,0
17:32:20.260 [FXGL Background Thread 4 ] DEBUG TilesetLoader        - Writing to buffer: dst=1152,528, w=48,h=48, src=288,0
17:32:20.260 [FXGL Background Thread 4 ] DEBUG TilesetLoader        - Writing to buffer: dst=1200,528, w=48,h=48, src=288,0
17:32:20.260 [FXGL Background Thread 4 ] DEBUG TilesetLoader        - Writing to buffer: dst=1248,528, w=48,h=48, src=288,0
17:32:20.260 [FXGL Background Thread 4 ] DEBUG TilesetLoader        - Writing to buffer: dst=1296,528, w=48,h=48, src=288,0
17:32:20.260 [FXGL Background Thread 4 ] DEBUG TilesetLoader        - Writing to buffer: dst=1344,528, w=48,h=48, src=288,0
17:32:20.260 [FXGL Background Thread 4 ] DEBUG TilesetLoader        - Writing to buffer: dst=1392,528, w=48,h=48, src=288,0
17:32:20.260 [FXGL Background Thread 4 ] DEBUG TilesetLoader        - Writing to buffer: dst=1440,528, w=48,h=48, src=240,0
17:32:20.260 [FXGL Background Thread 4 ] DEBUG TilesetLoader        - Writing to buffer: dst=0,576, w=48,h=48, src=240,0
17:32:20.261 [FXGL Background Thread 4 ] DEBUG TilesetLoader        - Writing to buffer: dst=48,576, w=48,h=48, src=288,0
17:32:20.261 [FXGL Background Thread 4 ] DEBUG TilesetLoader        - Writing to buffer: dst=96,576, w=48,h=48, src=240,0
17:32:20.261 [FXGL Background Thread 4 ] DEBUG TilesetLoader        - Writing to buffer: dst=144,576, w=48,h=48, src=288,0
17:32:20.261 [FXGL Background Thread 4 ] DEBUG TilesetLoader        - Writing to buffer: dst=192,576, w=48,h=48, src=240,0
17:32:20.261 [FXGL Background Thread 4 ] DEBUG TilesetLoader        - Writing to buffer: dst=240,576, w=48,h=48, src=288,0
17:32:20.261 [FXGL Background Thread 4 ] DEBUG TilesetLoader        - Writing to buffer: dst=288,576, w=48,h=48, src=240,0
17:32:20.261 [FXGL Background Thread 4 ] DEBUG TilesetLoader        - Writing to buffer: dst=336,576, w=48,h=48, src=288,0
17:32:20.261 [FXGL Background Thread 4 ] DEBUG TilesetLoader        - Writing to buffer: dst=384,576, w=48,h=48, src=240,0
17:32:20.261 [FXGL Background Thread 4 ] DEBUG TilesetLoader        - Writing to buffer: dst=432,576, w=48,h=48, src=288,0
17:32:20.261 [FXGL Background Thread 4 ] DEBUG TilesetLoader        - Writing to buffer: dst=480,576, w=48,h=48, src=240,0
17:32:20.261 [FXGL Background Thread 4 ] DEBUG TilesetLoader        - Writing to buffer: dst=528,576, w=48,h=48, src=288,0
17:32:20.261 [FXGL Background Thread 4 ] DEBUG TilesetLoader        - Writing to buffer: dst=576,576, w=48,h=48, src=240,0
17:32:20.262 [FXGL Background Thread 4 ] DEBUG TilesetLoader        - Writing to buffer: dst=624,576, w=48,h=48, src=288,0
17:32:20.262 [FXGL Background Thread 4 ] DEBUG TilesetLoader        - Writing to buffer: dst=672,576, w=48,h=48, src=240,0
17:32:20.262 [FXGL Background Thread 4 ] DEBUG TilesetLoader        - Writing to buffer: dst=720,576, w=48,h=48, src=288,0
17:32:20.262 [FXGL Background Thread 4 ] DEBUG TilesetLoader        - Writing to buffer: dst=768,576, w=48,h=48, src=240,0
17:32:20.262 [FXGL Background Thread 4 ] DEBUG TilesetLoader        - Writing to buffer: dst=816,576, w=48,h=48, src=288,0
17:32:20.262 [FXGL Background Thread 4 ] DEBUG TilesetLoader        - Writing to buffer: dst=864,576, w=48,h=48, src=240,0
17:32:20.262 [FXGL Background Thread 4 ] DEBUG TilesetLoader        - Writing to buffer: dst=912,576, w=48,h=48, src=288,0
17:32:20.262 [FXGL Background Thread 4 ] DEBUG TilesetLoader        - Writing to buffer: dst=960,576, w=48,h=48, src=240,0
17:32:20.262 [FXGL Background Thread 4 ] DEBUG TilesetLoader        - Writing to buffer: dst=1008,576, w=48,h=48, src=288,0
17:32:20.262 [FXGL Background Thread 4 ] DEBUG TilesetLoader        - Writing to buffer: dst=1056,576, w=48,h=48, src=240,0
17:32:20.263 [FXGL Background Thread 4 ] DEBUG TilesetLoader        - Writing to buffer: dst=1104,576, w=48,h=48, src=288,0
17:32:20.263 [FXGL Background Thread 4 ] DEBUG TilesetLoader        - Writing to buffer: dst=1152,576, w=48,h=48, src=240,0
17:32:20.263 [FXGL Background Thread 4 ] DEBUG TilesetLoader        - Writing to buffer: dst=1200,576, w=48,h=48, src=288,0
17:32:20.263 [FXGL Background Thread 4 ] DEBUG TilesetLoader        - Writing to buffer: dst=1248,576, w=48,h=48, src=240,0
17:32:20.263 [FXGL Background Thread 4 ] DEBUG TilesetLoader        - Writing to buffer: dst=1296,576, w=48,h=48, src=288,0
17:32:20.263 [FXGL Background Thread 4 ] DEBUG TilesetLoader        - Writing to buffer: dst=1344,576, w=48,h=48, src=240,0
17:32:20.263 [FXGL Background Thread 4 ] DEBUG TilesetLoader        - Writing to buffer: dst=1392,576, w=48,h=48, src=288,0
17:32:20.263 [FXGL Background Thread 4 ] DEBUG TilesetLoader        - Writing to buffer: dst=1440,576, w=48,h=48, src=240,0
17:32:20.264 [FXGL Background Thread 4 ] DEBUG TilesetLoader        - Writing to buffer: dst=0,624, w=48,h=48, src=240,0
17:32:20.264 [FXGL Background Thread 4 ] DEBUG TilesetLoader        - Writing to buffer: dst=48,624, w=48,h=48, src=288,0
17:32:20.264 [FXGL Background Thread 4 ] DEBUG TilesetLoader        - Writing to buffer: dst=96,624, w=48,h=48, src=288,0
17:32:20.264 [FXGL Background Thread 4 ] DEBUG TilesetLoader        - Writing to buffer: dst=144,624, w=48,h=48, src=288,0
17:32:20.264 [FXGL Background Thread 4 ] DEBUG TilesetLoader        - Writing to buffer: dst=192,624, w=48,h=48, src=288,0
17:32:20.264 [FXGL Background Thread 4 ] DEBUG TilesetLoader        - Writing to buffer: dst=240,624, w=48,h=48, src=288,0
17:32:20.264 [FXGL Background Thread 4 ] DEBUG TilesetLoader        - Writing to buffer: dst=288,624, w=48,h=48, src=288,0
17:32:20.264 [FXGL Background Thread 4 ] DEBUG TilesetLoader        - Writing to buffer: dst=336,624, w=48,h=48, src=288,0
17:32:20.264 [FXGL Background Thread 4 ] DEBUG TilesetLoader        - Writing to buffer: dst=384,624, w=48,h=48, src=288,0
17:32:20.265 [FXGL Background Thread 4 ] DEBUG TilesetLoader        - Writing to buffer: dst=432,624, w=48,h=48, src=288,0
17:32:20.265 [FXGL Background Thread 4 ] DEBUG TilesetLoader        - Writing to buffer: dst=480,624, w=48,h=48, src=240,0
17:32:20.265 [FXGL Background Thread 4 ] DEBUG TilesetLoader        - Writing to buffer: dst=528,624, w=48,h=48, src=288,0
17:32:20.265 [FXGL Background Thread 4 ] DEBUG TilesetLoader        - Writing to buffer: dst=576,624, w=48,h=48, src=288,0
17:32:20.265 [FXGL Background Thread 4 ] DEBUG TilesetLoader        - Writing to buffer: dst=624,624, w=48,h=48, src=288,0
17:32:20.265 [FXGL Background Thread 4 ] DEBUG TilesetLoader        - Writing to buffer: dst=672,624, w=48,h=48, src=288,0
17:32:20.265 [FXGL Background Thread 4 ] DEBUG TilesetLoader        - Writing to buffer: dst=720,624, w=48,h=48, src=288,0
17:32:20.265 [FXGL Background Thread 4 ] DEBUG TilesetLoader        - Writing to buffer: dst=768,624, w=48,h=48, src=288,0
17:32:20.265 [FXGL Background Thread 4 ] DEBUG TilesetLoader        - Writing to buffer: dst=816,624, w=48,h=48, src=288,0
17:32:20.265 [FXGL Background Thread 4 ] DEBUG TilesetLoader        - Writing to buffer: dst=864,624, w=48,h=48, src=288,0
17:32:20.265 [FXGL Background Thread 4 ] DEBUG TilesetLoader        - Writing to buffer: dst=912,624, w=48,h=48, src=288,0
17:32:20.266 [FXGL Background Thread 4 ] DEBUG TilesetLoader        - Writing to buffer: dst=960,624, w=48,h=48, src=240,0
17:32:20.266 [FXGL Background Thread 4 ] DEBUG TilesetLoader        - Writing to buffer: dst=1008,624, w=48,h=48, src=288,0
17:32:20.266 [FXGL Background Thread 4 ] DEBUG TilesetLoader        - Writing to buffer: dst=1056,624, w=48,h=48, src=288,0
17:32:20.266 [FXGL Background Thread 4 ] DEBUG TilesetLoader        - Writing to buffer: dst=1104,624, w=48,h=48, src=288,0
17:32:20.266 [FXGL Background Thread 4 ] DEBUG TilesetLoader        - Writing to buffer: dst=1152,624, w=48,h=48, src=288,0
17:32:20.266 [FXGL Background Thread 4 ] DEBUG TilesetLoader        - Writing to buffer: dst=1200,624, w=48,h=48, src=288,0
17:32:20.266 [FXGL Background Thread 4 ] DEBUG TilesetLoader        - Writing to buffer: dst=1248,624, w=48,h=48, src=288,0
17:32:20.266 [FXGL Background Thread 4 ] DEBUG TilesetLoader        - Writing to buffer: dst=1296,624, w=48,h=48, src=288,0
17:32:20.266 [FXGL Background Thread 4 ] DEBUG TilesetLoader        - Writing to buffer: dst=1344,624, w=48,h=48, src=288,0
17:32:20.266 [FXGL Background Thread 4 ] DEBUG TilesetLoader        - Writing to buffer: dst=1392,624, w=48,h=48, src=288,0
17:32:20.267 [FXGL Background Thread 4 ] DEBUG TilesetLoader        - Writing to buffer: dst=1440,624, w=48,h=48, src=240,0
17:32:20.267 [FXGL Background Thread 4 ] DEBUG TilesetLoader        - Writing to buffer: dst=0,672, w=48,h=48, src=240,0
17:32:20.267 [FXGL Background Thread 4 ] DEBUG TilesetLoader        - Writing to buffer: dst=48,672, w=48,h=48, src=240,0
17:32:20.267 [FXGL Background Thread 4 ] DEBUG TilesetLoader        - Writing to buffer: dst=96,672, w=48,h=48, src=240,0
17:32:20.267 [FXGL Background Thread 4 ] DEBUG TilesetLoader        - Writing to buffer: dst=144,672, w=48,h=48, src=240,0
17:32:20.267 [FXGL Background Thread 4 ] DEBUG TilesetLoader        - Writing to buffer: dst=192,672, w=48,h=48, src=240,0
17:32:20.267 [FXGL Background Thread 4 ] DEBUG TilesetLoader        - Writing to buffer: dst=240,672, w=48,h=48, src=240,0
17:32:20.267 [FXGL Background Thread 4 ] DEBUG TilesetLoader        - Writing to buffer: dst=288,672, w=48,h=48, src=240,0
17:32:20.267 [FXGL Background Thread 4 ] DEBUG TilesetLoader        - Writing to buffer: dst=336,672, w=48,h=48, src=240,0
17:32:20.267 [FXGL Background Thread 4 ] DEBUG TilesetLoader        - Writing to buffer: dst=384,672, w=48,h=48, src=240,0
17:32:20.267 [FXGL Background Thread 4 ] DEBUG TilesetLoader        - Writing to buffer: dst=432,672, w=48,h=48, src=240,0
17:32:20.267 [FXGL Background Thread 4 ] DEBUG TilesetLoader        - Writing to buffer: dst=480,672, w=48,h=48, src=240,0
17:32:20.268 [FXGL Background Thread 4 ] DEBUG TilesetLoader        - Writing to buffer: dst=528,672, w=48,h=48, src=240,0
17:32:20.268 [FXGL Background Thread 4 ] DEBUG TilesetLoader        - Writing to buffer: dst=576,672, w=48,h=48, src=240,0
17:32:20.268 [FXGL Background Thread 4 ] DEBUG TilesetLoader        - Writing to buffer: dst=624,672, w=48,h=48, src=240,0
17:32:20.268 [FXGL Background Thread 4 ] DEBUG TilesetLoader        - Writing to buffer: dst=672,672, w=48,h=48, src=240,0
17:32:20.268 [FXGL Background Thread 4 ] DEBUG TilesetLoader        - Writing to buffer: dst=720,672, w=48,h=48, src=240,0
17:32:20.268 [FXGL Background Thread 4 ] DEBUG TilesetLoader        - Writing to buffer: dst=768,672, w=48,h=48, src=240,0
17:32:20.268 [FXGL Background Thread 4 ] DEBUG TilesetLoader        - Writing to buffer: dst=816,672, w=48,h=48, src=240,0
17:32:20.268 [FXGL Background Thread 4 ] DEBUG TilesetLoader        - Writing to buffer: dst=864,672, w=48,h=48, src=240,0
17:32:20.268 [FXGL Background Thread 4 ] DEBUG TilesetLoader        - Writing to buffer: dst=912,672, w=48,h=48, src=240,0
17:32:20.268 [FXGL Background Thread 4 ] DEBUG TilesetLoader        - Writing to buffer: dst=960,672, w=48,h=48, src=240,0
17:32:20.268 [FXGL Background Thread 4 ] DEBUG TilesetLoader        - Writing to buffer: dst=1008,672, w=48,h=48, src=240,0
17:32:20.268 [FXGL Background Thread 4 ] DEBUG TilesetLoader        - Writing to buffer: dst=1056,672, w=48,h=48, src=240,0
17:32:20.269 [FXGL Background Thread 4 ] DEBUG TilesetLoader        - Writing to buffer: dst=1104,672, w=48,h=48, src=240,0
17:32:20.269 [FXGL Background Thread 4 ] DEBUG TilesetLoader        - Writing to buffer: dst=1152,672, w=48,h=48, src=240,0
17:32:20.269 [FXGL Background Thread 4 ] DEBUG TilesetLoader        - Writing to buffer: dst=1200,672, w=48,h=48, src=240,0
17:32:20.269 [FXGL Background Thread 4 ] DEBUG TilesetLoader        - Writing to buffer: dst=1248,672, w=48,h=48, src=240,0
17:32:20.269 [FXGL Background Thread 4 ] DEBUG TilesetLoader        - Writing to buffer: dst=1296,672, w=48,h=48, src=240,0
17:32:20.269 [FXGL Background Thread 4 ] DEBUG TilesetLoader        - Writing to buffer: dst=1344,672, w=48,h=48, src=240,0
17:32:20.269 [FXGL Background Thread 4 ] DEBUG TilesetLoader        - Writing to buffer: dst=1392,672, w=48,h=48, src=240,0
17:32:20.269 [FXGL Background Thread 4 ] DEBUG TilesetLoader        - Writing to buffer: dst=1440,672, w=48,h=48, src=240,0
17:32:20.269 [FXGL Background Thread 4 ] DEBUG TMXLevelLoader       - Creating object layer entities
17:32:20.300 [FXGL Background Thread 4 ] DEBUG FXGLAssetLoaderServi - Loading from file system: /assets/textures/sprites.png
17:32:20.354 [FXGL Background Thread 4 ] DEBUG FXGLAssetLoaderServi - Loading from cache: /assets/textures/sprites.png
17:32:20.355 [FXGL Background Thread 4 ] DEBUG FXGLAssetLoaderServi - Loading from cache: /assets/textures/sprites.png
17:32:20.355 [FXGL Background Thread 4 ] DEBUG FXGLAssetLoaderServi - Loading from cache: /assets/textures/sprites.png
17:32:20.355 [FXGL Background Thread 4 ] DEBUG FXGLAssetLoaderServi - Loading from cache: /assets/textures/sprites.png
17:32:20.355 [FXGL Background Thread 4 ] DEBUG FXGLAssetLoaderServi - Loading from cache: /assets/textures/sprites.png
17:32:20.355 [FXGL Background Thread 4 ] DEBUG FXGLAssetLoaderServi - Loading from cache: /assets/textures/sprites.png
17:32:20.355 [FXGL Background Thread 4 ] DEBUG FXGLAssetLoaderServi - Loading from cache: /assets/textures/sprites.png
17:32:20.424 [FXGL Background Thread 4 ] DEBUG GameWorld            - Clearing removable entities
17:32:20.424 [FXGL Background Thread 4 ] DEBUG GameWorld            - Setting level: com.almasb.fxgl.entity.level.Level@5b1b1101
17:32:20.498 [FXGL Background Thread 4 ] INFO  FXGLApplication      - Game initialization took: 0.596 sec
17:32:20.499 [JavaFX Application Thread] DEBUG Input                - Clearing active input actions
17:32:20.517 [JavaFX Application Thread] DEBUG GameApplicationServi - Removing overlay from FXGLLoadingScene and adding to GameScene
17:32:20.517 [JavaFX Application Thread] DEBUG MainWindow           - FXGLLoadingScene -> GameScene
17:32:20.900 [FXGL Background Thread 2 ] INFO  UpdaterService       - Your current version:  11.12
17:32:20.900 [FXGL Background Thread 2 ] INFO  UpdaterService       - Latest stable version: 17.2
17:32:21.371 [JavaFX Application Thread] DEBUG LoopRunner           - Stopping loop
17:32:21.375 [JavaFX Application Thread] FATAL FXGLApplication      - Uncaught Exception:
java.lang.NullPointerException: Parameter specified as non-null is null: method com.almasb.fxgl.texture.AnimatedTexture.loopNoOverride, parameter channel
	at com.almasb.fxgl.texture.AnimatedTexture.loopNoOverride(AnimatedTexture.kt)
	at bomberman.components.PlayerComponent.onUpdate(PlayerComponent.java:118)
	at com.almasb.fxgl.entity.Entity$ComponentMap.update(Entity.java:56)
	at com.almasb.fxgl.entity.Entity.update(Entity.java:220)
	at com.almasb.fxgl.entity.GameWorld.onUpdate(GameWorld.kt:162)
	at com.almasb.fxgl.app.scene.GameScene.step(GameScene.kt:115)
	at com.almasb.fxgl.app.scene.GameScene.onUpdate(GameScene.kt:111)
	at com.almasb.fxgl.scene.Scene.update(Scene.kt:78)
	at com.almasb.fxgl.app.MainWindow$update$1.invoke(MainWindow.kt:219)
	at com.almasb.fxgl.app.MainWindow$update$1.invoke(MainWindow.kt:40)
	at com.almasb.fxgl.core.fsm.StateMachine.runOnActiveStates(StateMachine.kt:60)
	at com.almasb.fxgl.app.MainWindow.update(MainWindow.kt:219)
	at com.almasb.fxgl.app.FXGLApplication$GameApplicationService.onUpdate(FXGLApplication.kt:405)
	at com.almasb.fxgl.app.Engine.loop(Engine.kt:133)
	at com.almasb.fxgl.app.Engine.access$loop(Engine.kt:24)
	at com.almasb.fxgl.app.Engine$loop$1.invoke(Engine.kt:28)
	at com.almasb.fxgl.app.Engine$loop$1.invoke(Engine.kt:24)
	at com.almasb.fxgl.app.LoopRunner.frame(LoopRunner.kt:86)
	at com.almasb.fxgl.app.LoopRunner.access$frame(LoopRunner.kt:20)
	at com.almasb.fxgl.app.LoopRunner$impl$2$1.handle(LoopRunner.kt:44)
	at javafx.animation.AnimationTimer$AnimationTimerReceiver.lambda$handle$0(AnimationTimer.java:57)
	at java.base/java.security.AccessController.doPrivileged(AccessController.java:399)
	at javafx.animation.AnimationTimer$AnimationTimerReceiver.handle(AnimationTimer.java:56)
	at com.sun.scenario.animation.AbstractMasterTimer.timePulseImpl(AbstractMasterTimer.java:357)
	at com.sun.scenario.animation.AbstractMasterTimer$MainLoop.run(AbstractMasterTimer.java:267)
	at com.sun.javafx.tk.quantum.QuantumToolkit.pulse(QuantumToolkit.java:559)
	at com.sun.javafx.tk.quantum.QuantumToolkit.pulse(QuantumToolkit.java:543)
	at com.sun.javafx.tk.quantum.QuantumToolkit.pulseFromQueue(QuantumToolkit.java:536)
	at com.sun.javafx.tk.quantum.QuantumToolkit.lambda$runToolkit$11(QuantumToolkit.java:342)
	at com.sun.glass.ui.InvokeLaterDispatcher$Future.run(InvokeLaterDispatcher.java:96)
	at com.sun.glass.ui.win.WinApplication._runLoop(Native Method)
	at com.sun.glass.ui.win.WinApplication.lambda$runLoop$3(WinApplication.java:174)
	at java.base/java.lang.Thread.run(Thread.java:833)

17:32:21.375 [JavaFX Application Thread] FATAL FXGLApplication      - Application will now exit
17:32:21.414 [JavaFX Application Thread] DEBUG MainWindow           - Push state: ErrorSubScene
17:32:21.415 [JavaFX Application Thread] DEBUG Input                - Clearing active input actions
17:32:21.425 [JavaFX Application Thread] DEBUG GameApplicationServi - Removing overlay from GameScene and adding to ErrorSubScene
17:32:21.425 [JavaFX Application Thread] DEBUG MainWindow           - GameScene -> ErrorSubScene
17:32:22.789 [FXGL Background Thread 3 ] DEBUG Engine               - Logging environment variables
17:32:22.790 [FXGL Background Thread 3 ] DEBUG Engine               - achievements: []
17:32:22.790 [FXGL Background Thread 3 ] DEBUG Engine               - actualHeight: 720.0
17:32:22.791 [FXGL Background Thread 3 ] DEBUG Engine               - actualHeightProperty: ReadOnlyDoubleProperty [value: 720.0]
17:32:22.791 [FXGL Background Thread 3 ] DEBUG Engine               - actualWidth: 1488.0
17:32:22.791 [FXGL Background Thread 3 ] DEBUG Engine               - actualWidthProperty: ReadOnlyDoubleProperty [value: 1488.0]
17:32:22.791 [FXGL Background Thread 3 ] DEBUG Engine               - appIcon: fxgl_icon.png
17:32:22.791 [FXGL Background Thread 3 ] DEBUG Engine               - applicationMode: DEVELOPER
17:32:22.792 [FXGL Background Thread 3 ] DEBUG Engine               - cSSList: [fxgl_dark.css]
17:32:22.792 [FXGL Background Thread 3 ] DEBUG Engine               - configClass: Optional.empty
17:32:22.792 [FXGL Background Thread 3 ] DEBUG Engine               - credits: []
17:32:22.792 [FXGL Background Thread 3 ] DEBUG Engine               - devBBoxColorProperty: ObjectProperty [value: 0xff0000ff]
17:32:22.792 [FXGL Background Thread 3 ] DEBUG Engine               - devEnableDebugCameraProperty: BooleanProperty [value: false]
17:32:22.793 [FXGL Background Thread 3 ] DEBUG Engine               - devSensorColorProperty: ObjectProperty [value: 0xffff00ff]
17:32:22.793 [FXGL Background Thread 3 ] DEBUG Engine               - devShowBBoxProperty: BooleanProperty [value: false]
17:32:22.793 [FXGL Background Thread 3 ] DEBUG Engine               - devShowPositionProperty: BooleanProperty [value: false]
17:32:22.793 [FXGL Background Thread 3 ] DEBUG Engine               - enabledMenuItems: []
17:32:22.793 [FXGL Background Thread 3 ] DEBUG Engine               - engineServices: [class com.almasb.fxgl.app.FXGLApplication$GameApplicationService, class com.almasb.fxgl.app.services.FXGLDialogService, class com.almasb.fxgl.app.services.IOTaskExecutorService, class com.almasb.fxgl.event.EventBusService, class com.almasb.fxgl.io.FileSystemService, class com.almasb.fxgl.localization.LocalizationService, class com.almasb.fxgl.app.services.FXGLAssetLoaderService, class com.almasb.fxgl.app.services.SystemBundleService, class com.almasb.fxgl.profile.SaveLoadService, class com.almasb.fxgl.ui.FXGLUIFactoryServiceProvider, class com.almasb.fxgl.ui.FXGLDialogFactoryServiceProvider, class com.almasb.fxgl.audio.AudioPlayer, class com.almasb.fxgl.notification.impl.NotificationServiceProvider, class com.almasb.fxgl.achievement.AchievementService, class com.almasb.fxgl.cutscene.CutsceneService, class com.almasb.fxgl.minigames.MiniGameService, class com.almasb.fxgl.net.NetService, class com.almasb.fxgl.app.services.UpdaterService, class com.almasb.fxgl.dev.DevService]
17:32:22.793 [FXGL Background Thread 3 ] DEBUG Engine               - fontGame: Abel-Regular.ttf
17:32:22.793 [FXGL Background Thread 3 ] DEBUG Engine               - fontMono: lucida_console.ttf
17:32:22.793 [FXGL Background Thread 3 ] DEBUG Engine               - fontText: Courier-Prime.ttf
17:32:22.793 [FXGL Background Thread 3 ] DEBUG Engine               - fontUI: VarelaRound-Regular.ttf
17:32:22.794 [FXGL Background Thread 3 ] DEBUG Engine               - fullScreen: BooleanProperty [value: false]
17:32:22.794 [FXGL Background Thread 3 ] DEBUG Engine               - gameDifficulty: MEDIUM
17:32:22.794 [FXGL Background Thread 3 ] DEBUG Engine               - gameDifficultyProperty: ObjectProperty [value: MEDIUM]
17:32:22.794 [FXGL Background Thread 3 ] DEBUG Engine               - globalMusicVolume: 0.5
17:32:22.794 [FXGL Background Thread 3 ] DEBUG Engine               - globalMusicVolumeProperty: DoubleProperty [value: 0.5]
17:32:22.794 [FXGL Background Thread 3 ] DEBUG Engine               - globalSoundVolume: 0.5
17:32:22.794 [FXGL Background Thread 3 ] DEBUG Engine               - globalSoundVolumeProperty: DoubleProperty [value: 0.5]
17:32:22.794 [FXGL Background Thread 3 ] DEBUG Engine               - height: 720
17:32:22.795 [FXGL Background Thread 3 ] DEBUG Engine               - isAndroid: false
17:32:22.795 [FXGL Background Thread 3 ] DEBUG Engine               - isBrowser: false
17:32:22.795 [FXGL Background Thread 3 ] DEBUG Engine               - isClickFeedbackEnabled: false
17:32:22.795 [FXGL Background Thread 3 ] DEBUG Engine               - isCloseConfirmation: false
17:32:22.795 [FXGL Background Thread 3 ] DEBUG Engine               - isDesktop: true
17:32:22.795 [FXGL Background Thread 3 ] DEBUG Engine               - isDeveloperMenuEnabled: false
17:32:22.795 [FXGL Background Thread 3 ] DEBUG Engine               - isEntityPreloadEnabled: true
17:32:22.795 [FXGL Background Thread 3 ] DEBUG Engine               - isExperimental3D: false
17:32:22.795 [FXGL Background Thread 3 ] DEBUG Engine               - isExperimentalNative: false
17:32:22.795 [FXGL Background Thread 3 ] DEBUG Engine               - isExperimentalTiledLargeMap: false
17:32:22.795 [FXGL Background Thread 3 ] DEBUG Engine               - isFileSystemWriteAllowed: true
17:32:22.795 [FXGL Background Thread 3 ] DEBUG Engine               - isFullScreenAllowed: false
17:32:22.796 [FXGL Background Thread 3 ] DEBUG Engine               - isFullScreenFromStart: false
17:32:22.796 [FXGL Background Thread 3 ] DEBUG Engine               - isGameMenuEnabled: true
17:32:22.796 [FXGL Background Thread 3 ] DEBUG Engine               - isIOS: false
17:32:22.796 [FXGL Background Thread 3 ] DEBUG Engine               - isIntroEnabled: false
17:32:22.796 [FXGL Background Thread 3 ] DEBUG Engine               - isLinux: false
17:32:22.796 [FXGL Background Thread 3 ] DEBUG Engine               - isMac: false
17:32:22.796 [FXGL Background Thread 3 ] DEBUG Engine               - isMainMenuEnabled: false
17:32:22.796 [FXGL Background Thread 3 ] DEBUG Engine               - isManualResizeEnabled: false
17:32:22.797 [FXGL Background Thread 3 ] DEBUG Engine               - isMobile: false
17:32:22.797 [FXGL Background Thread 3 ] DEBUG Engine               - isPreserveResizeRatio: false
17:32:22.797 [FXGL Background Thread 3 ] DEBUG Engine               - isProfilingEnabled: false
17:32:22.797 [FXGL Background Thread 3 ] DEBUG Engine               - isScaleAffectedOnResize: true
17:32:22.797 [FXGL Background Thread 3 ] DEBUG Engine               - isSingleStep: false
17:32:22.797 [FXGL Background Thread 3 ] DEBUG Engine               - isUserProfileEnabled: false
17:32:22.797 [FXGL Background Thread 3 ] DEBUG Engine               - isWindows: true
17:32:22.797 [FXGL Background Thread 3 ] DEBUG Engine               - language: ObjectProperty [value: ENGLISH]
17:32:22.797 [FXGL Background Thread 3 ] DEBUG Engine               - menuKey: ESCAPE
17:32:22.797 [FXGL Background Thread 3 ] DEBUG Engine               - notificationViewClass: class com.almasb.fxgl.notification.view.XboxNotificationView
17:32:22.798 [FXGL Background Thread 3 ] DEBUG Engine               - pixelsPerMeter: 50.0
17:32:22.798 [FXGL Background Thread 3 ] DEBUG Engine               - platform: WINDOWS
17:32:22.798 [FXGL Background Thread 3 ] DEBUG Engine               - prefHeightProperty: ReadOnlyDoubleProperty [value: 720.0]
17:32:22.798 [FXGL Background Thread 3 ] DEBUG Engine               - prefWidthProperty: ReadOnlyDoubleProperty [value: 1488.0]
17:32:22.798 [FXGL Background Thread 3 ] DEBUG Engine               - profileDir: profiles/
17:32:22.798 [FXGL Background Thread 3 ] DEBUG Engine               - profileName: StringProperty [value: DEFAULT]
17:32:22.798 [FXGL Background Thread 3 ] DEBUG Engine               - randomSeed: -1
17:32:22.798 [FXGL Background Thread 3 ] DEBUG Engine               - runtimeInfo: RuntimeInfo(platform=WINDOWS, version=11.12, build=11.12.2020 08.51)
17:32:22.799 [FXGL Background Thread 3 ] DEBUG Engine               - saveFileExt: sav
17:32:22.799 [FXGL Background Thread 3 ] DEBUG Engine               - scaledHeightProp$fxgl: DoubleProperty [bound, value: 720.0]
17:32:22.799 [FXGL Background Thread 3 ] DEBUG Engine               - scaledWidthProp$fxgl: DoubleProperty [bound, value: 1488.0]
17:32:22.799 [FXGL Background Thread 3 ] DEBUG Engine               - sceneFactory: com.almasb.fxgl.app.scene.SceneFactory@5e19b040
17:32:22.799 [FXGL Background Thread 3 ] DEBUG Engine               - secondsIn24h: 60
17:32:22.799 [FXGL Background Thread 3 ] DEBUG Engine               - soundMenuBack: menu/back.wav
17:32:22.799 [FXGL Background Thread 3 ] DEBUG Engine               - soundMenuPress: menu/press.wav
17:32:22.799 [FXGL Background Thread 3 ] DEBUG Engine               - soundMenuSelect: menu/select.wav
17:32:22.799 [FXGL Background Thread 3 ] DEBUG Engine               - soundNotification: core/notification.wav
17:32:22.800 [FXGL Background Thread 3 ] DEBUG Engine               - stageStyle: DECORATED
17:32:22.800 [FXGL Background Thread 3 ] DEBUG Engine               - supportedLanguages: [ENGLISH, FRENCH, GERMAN, HUNGARIAN, RUSSIAN]
17:32:22.800 [FXGL Background Thread 3 ] DEBUG Engine               - title: BOMBERMAN
17:32:22.800 [FXGL Background Thread 3 ] DEBUG Engine               - urlGithub: https://github.com/AlmasB/FXGL
17:32:22.800 [FXGL Background Thread 3 ] DEBUG Engine               - urlLeaderboard: http://fxgl-top.herokuapp.com/
17:32:22.800 [FXGL Background Thread 3 ] DEBUG Engine               - urlPOM: https://raw.githubusercontent.com/AlmasB/FXGL/master/README.md
17:32:22.800 [FXGL Background Thread 3 ] DEBUG Engine               - version: 1.0
17:32:22.800 [FXGL Background Thread 3 ] DEBUG Engine               - versionCheckDays: 7
17:32:22.800 [FXGL Background Thread 3 ] DEBUG Engine               - width: 1488
17:32:22.800 [FXGL Background Thread 3 ] DEBUG Engine               - Logging services
17:32:22.800 [FXGL Background Thread 3 ] DEBUG Engine               - class com.almasb.fxgl.app.FXGLApplication$GameApplicationService
17:32:22.801 [FXGL Background Thread 3 ] DEBUG Engine               - class com.almasb.fxgl.app.services.FXGLDialogService
17:32:22.801 [FXGL Background Thread 3 ] DEBUG Engine               - class com.almasb.fxgl.app.services.IOTaskExecutorService
17:32:22.801 [FXGL Background Thread 3 ] DEBUG Engine               - class com.almasb.fxgl.event.EventBusService
17:32:22.801 [FXGL Background Thread 3 ] DEBUG Engine               - class com.almasb.fxgl.io.FileSystemService
17:32:22.801 [FXGL Background Thread 3 ] DEBUG Engine               - class com.almasb.fxgl.localization.LocalizationService
17:32:22.801 [FXGL Background Thread 3 ] DEBUG Engine               - class com.almasb.fxgl.app.services.FXGLAssetLoaderService
17:32:22.801 [FXGL Background Thread 3 ] DEBUG Engine               - class com.almasb.fxgl.app.services.SystemBundleService
17:32:22.801 [FXGL Background Thread 3 ] DEBUG Engine               - class com.almasb.fxgl.profile.SaveLoadService
17:32:22.801 [FXGL Background Thread 3 ] DEBUG Engine               - class com.almasb.fxgl.ui.FXGLUIFactoryServiceProvider
17:32:22.801 [FXGL Background Thread 3 ] DEBUG Engine               - class com.almasb.fxgl.ui.FXGLDialogFactoryServiceProvider
17:32:22.801 [FXGL Background Thread 3 ] DEBUG Engine               - class com.almasb.fxgl.audio.AudioPlayer
17:32:22.801 [FXGL Background Thread 3 ] DEBUG Engine               - class com.almasb.fxgl.notification.impl.NotificationServiceProvider
17:32:22.802 [FXGL Background Thread 3 ] DEBUG Engine               - class com.almasb.fxgl.achievement.AchievementService
17:32:22.802 [FXGL Background Thread 3 ] DEBUG Engine               - class com.almasb.fxgl.cutscene.CutsceneService
17:32:22.802 [FXGL Background Thread 3 ] DEBUG Engine               - class com.almasb.fxgl.minigames.MiniGameService
17:32:22.802 [FXGL Background Thread 3 ] DEBUG Engine               - class com.almasb.fxgl.net.NetService
17:32:22.802 [FXGL Background Thread 3 ] DEBUG Engine               - class com.almasb.fxgl.app.services.UpdaterService
17:32:22.802 [FXGL Background Thread 3 ] DEBUG Engine               - class com.almasb.fxgl.dev.DevService
17:32:37.130 [JavaFX Application Thread] DEBUG FXGLApplication      - Exiting FXGL
17:32:37.130 [JavaFX Application Thread] DEBUG Async                - Shutting down background threads
17:32:37.130 [JavaFX Application Thread] DEBUG MainWindow           - Closing main window
17:32:37.140 [JavaFX Application Thread] DEBUG Logger               - Closing Logger
