17:34:02.026 [main                     ] DEBUG Logger               - Configured Logger
17:34:02.028 [main                     ] DEBUG GameApplication      - Logging settings
Title: BOMBERMAN
Version: 1.0
Width: 1488
Height: 720
Fullscreen: false
Intro: false
Profiling: false
Single step:false
App Mode: DEVELOPER
Menu Key: ESCAPE
Stage Style: DECORATED
Scene Factory: class com.almasb.fxgl.app.scene.SceneFactory

17:34:02.449 [JavaFX Application Thread] DEBUG FXGLApplication      - Initializing FXGL
17:34:02.451 [JavaFX Application Thread] INFO  Engine               - FXGL-11.12 (11.12.2020 08.51) on WINDOWS (J:18.0.2.1 FX:15)
17:34:02.452 [JavaFX Application Thread] DEBUG Engine               - JRE Vendor Name: Oracle Corporation
17:34:02.452 [JavaFX Application Thread] DEBUG Engine               - Running on OS: Windows 10 version 10.0
17:34:02.452 [JavaFX Application Thread] DEBUG Engine               - Architecture: amd64
17:34:02.452 [JavaFX Application Thread] INFO  Engine               - Source code and latest versions at: https://github.com/AlmasB/FXGL
17:34:02.452 [JavaFX Application Thread] INFO  Engine               -              Join the FXGL chat at: https://gitter.im/AlmasB/FXGL
17:34:02.586 [JavaFX Application Thread] DEBUG MainWindow           - Creating a JavaFX scene
17:34:02.647 [JavaFX Application Thread] DEBUG MainWindow           - Target settings size: 1488.0 x 720.0
17:34:02.647 [JavaFX Application Thread] DEBUG MainWindow           - Scaled scene size:    1488.0 x 720.0
17:34:02.647 [JavaFX Application Thread] DEBUG MainWindow           - Scaled ratio: (1.0, 1.0)
17:34:02.648 [JavaFX Application Thread] DEBUG MainWindow           - Set initial scene to StartupScene
17:34:02.656 [JavaFX Application Thread] DEBUG MainWindow           - Opening main window
17:34:02.761 [JavaFX Application Thread] DEBUG MainWindow           - Window border size: (14.4000244140625, 37.5999755859375)
17:34:02.761 [JavaFX Application Thread] DEBUG MainWindow           - Scaled size: 1488.0 x 720.0
17:34:02.761 [JavaFX Application Thread] DEBUG MainWindow           - Scaled ratio: (1.0, 1.0)
17:34:02.762 [JavaFX Application Thread] DEBUG MainWindow           - Scene size: 1488.0 x 720.0
17:34:02.762 [JavaFX Application Thread] DEBUG MainWindow           - Stage size: 1502.4000244140625 x 757.5999755859375
17:34:02.773 [FXGL Background Thread 1 ] DEBUG Engine               - Initializing environment variables
17:34:02.840 [FXGL Background Thread 1 ] DEBUG GameApplicationServi - Applying CSS: fxgl_dark.css
17:34:02.841 [FXGL Background Thread 1 ] DEBUG FXGLAssetLoaderServi - Loading from file system: /assets/ui/css/fxgl_dark.css
17:34:02.904 [FXGL Background Thread 1 ] DEBUG GameApplicationServi - Initializing application scenes
17:34:02.950 [FXGL Background Thread 1 ] DEBUG GameWorld            - Game world initialized
17:34:03.022 [FXGL Background Thread 1 ] DEBUG PhysicsWorld         - Physics world initialized: appHeight=720, physics.ppm=50.0
17:34:03.024 [FXGL Background Thread 1 ] DEBUG GameScene            - Game scene initialized: 1488x720
17:34:03.068 [FXGL Background Thread 1 ] DEBUG FXGLAssetLoaderServi - Loading from file system: /assets/textures/particles/trace_horizontal.png
17:34:03.146 [FXGL Background Thread 1 ] DEBUG FXGL.DefaultMenu     - createMenuBodyGameMenu()
17:34:03.165 [FXGL Background Thread 1 ] DEBUG FXGL.DefaultMenu     - createOptionsMenu()
17:34:03.170 [FXGL Background Thread 1 ] DEBUG FXGLAssetLoaderServi - Loading from file system: /assets/textures/particles/smoke.png
17:34:03.248 [FXGL Background Thread 1 ] DEBUG GameApplicationServi - Application scenes initialized
17:34:03.261 [FXGL Background Thread 1 ] DEBUG SystemBundleService  - Loading FXGL system data
17:34:03.267 [FXGL Background Thread 1 ] DEBUG FileSystemAccess     - Reading from: D:\OOP\game\system\fxgl.bundle
17:34:03.279 [FXGL Background Thread 1 ] DEBUG SystemBundleService  - Bundle FXGL: {}
17:34:03.280 [FXGL Background Thread 1 ] DEBUG UpdaterService       - Checking for updates
17:34:03.284 [FXGL Background Thread 4 ] DEBUG FXGLApplication      - Loading fonts
17:34:03.284 [FXGL Background Thread 4 ] DEBUG FXGLAssetLoaderServi - Loading from file system: /assets/ui/fonts/VarelaRound-Regular.ttf
17:34:03.284 [FXGL Background Thread 1 ] DEBUG FXGLApplication      - Loading default localization
17:34:03.284 [FXGL Background Thread 1 ] DEBUG FXGLAssetLoaderServi - Loading from file system: /assets/languages/english.lang
17:34:03.314 [FXGL Background Thread 1 ] INFO  FXGLApplication      - FXGL initialization took: 0.541 sec
17:34:03.332 [JavaFX Application Thread] DEBUG Input                - Registered new binding: Right - D
17:34:03.332 [JavaFX Application Thread] DEBUG Input                - Registered new binding: Left - A
17:34:03.332 [JavaFX Application Thread] DEBUG Input                - Registered new binding: Up - W
17:34:03.332 [JavaFX Application Thread] DEBUG Input                - Registered new binding: Down - S
17:34:03.333 [JavaFX Application Thread] DEBUG FXGLAssetLoaderServi - Loading from file system: /assets/textures/fxgl_icon.png
17:34:03.354 [FXGL Background Thread 4 ] DEBUG FXGLAssetLoaderServi - Loading from file system: /assets/ui/fonts/Abel-Regular.ttf
17:34:03.359 [FXGL Background Thread 4 ] DEBUG FXGLAssetLoaderServi - Loading from file system: /assets/ui/fonts/lucida_console.ttf
17:34:03.367 [FXGL Background Thread 4 ] DEBUG FXGLAssetLoaderServi - Loading from file system: /assets/ui/fonts/Courier-Prime.ttf
17:34:03.375 [JavaFX Application Thread] DEBUG FXGLAssetLoaderServi - Loading from file system: /assets/ui/cursors/fxgl_default.png
17:34:03.380 [JavaFX Application Thread] DEBUG Input                - Registered new binding: Screenshot - P
17:34:03.381 [JavaFX Application Thread] DEBUG Input                - Registered new binding: System info dump - CTRL+9
17:34:03.381 [JavaFX Application Thread] DEBUG Input                - Registered new binding: Restart - CTRL+R
17:34:03.382 [JavaFX Application Thread] DEBUG Input                - Registered new binding: Toggle Debug Camera - CTRL+C
17:34:03.386 [JavaFX Application Thread] DEBUG LoopRunner           - Starting loop
17:34:03.387 [JavaFX Application Thread] DEBUG GameApplicationServi - Starting new game
17:34:03.388 [JavaFX Application Thread] DEBUG Input                - Clearing active input actions
17:34:03.404 [JavaFX Application Thread] DEBUG GameApplicationServi - Removing overlay from StartupScene and adding to FXGLLoadingScene
17:34:03.405 [JavaFX Application Thread] DEBUG MainWindow           - StartupScene -> FXGLLoadingScene
17:34:03.405 [JavaFX Application Thread] DEBUG GameApplicationServi - Clearing previous game
17:34:03.405 [JavaFX Application Thread] DEBUG GameScene            - Clearing game scene
17:34:03.405 [JavaFX Application Thread] DEBUG GameWorld            - Clearing game world
17:34:03.405 [JavaFX Application Thread] DEBUG PhysicsWorld         - Clearing physics world
17:34:03.407 [FXGL Background Thread 4 ] DEBUG FXGLApplication      - Initializing game
17:34:03.409 [JavaFX Application Thread] DEBUG FXGLApplication      - Registering font factories with UI factory
17:34:03.418 [FXGL Background Thread 4 ] DEBUG FXGLAssetLoaderServi - Loading from file system: /assets/levels/bbm.tmx
17:34:03.459 [FXGL Background Thread 4 ] WARN  TMXLevelLoader       - TiledMap generated from 1.8.6. Supported version: 1.2.3. Some features may not be parsed fully.
17:34:03.529 [FXGL Background Thread 4 ] DEBUG TMXLevelLoader       - Parsed raw map: TiledMap(width=31, height=15, tilewidth=48, tileheight=48, orientation=orthogonal, layers=[Layer(width=31, height=15, name=Tile Layer 1, type=tilelayer, visible=false, x=0, y=0, data=[0, 0, 0, 0, 0, 0, 0, 0, 0, 0, 0, 0, 0, 0, 0, 0, 0, 0, 0, 0, 0, 0, 0, 0, 0, 0, 0, 0, 0, 0, 0, 0, 0, 0, 0, 0, 0, 0, 0, 0, 0, 0, 0, 0, 0, 0, 0, 0, 0, 0, 0, 0, 0, 0, 0, 0, 0, 0, 0, 0, 0, 0, 6, 6, 6, 6, 6, 6, 6, 6, 6, 6, 6, 6, 6, 6, 6, 6, 6, 6, 6, 6, 6, 6, 6, 6, 6, 6, 6, 6, 6, 6, 6, 6, 7, 7, 7, 7, 7, 7, 7, 7, 7, 6, 7, 7, 7, 7, 7, 7, 7, 7, 7, 6, 7, 7, 7, 7, 7, 7, 7, 7, 7, 6, 6, 7, 6, 7, 6, 7, 6, 7, 6, 7, 6, 7, 6, 7, 6, 7, 6, 7, 6, 7, 6, 7, 6, 7, 6, 7, 6, 7, 6, 7, 6, 6, 7, 7, 7, 7, 7, 7, 7, 7, 7, 7, 7, 7, 7, 7, 7, 7, 7, 7, 7, 7, 7, 7, 7, 7, 7, 7, 7, 7, 7, 6, 6, 7, 6, 7, 6, 7, 6, 7, 6, 7, 6, 7, 6, 7, 6, 7, 6, 7, 6, 7, 6, 7, 6, 7, 6, 7, 6, 7, 6, 7, 6, 6, 7, 7, 7, 7, 7, 7, 7, 7, 7, 7, 7, 7, 7, 7, 7, 7, 7, 7, 7, 7, 7, 7, 7, 7, 7, 7, 7, 7, 7, 6, 6, 6, 6, 7, 6, 7, 6, 7, 6, 7, 6, 6, 6, 7, 6, 7, 6, 7, 6, 6, 6, 7, 6, 7, 6, 7, 6, 7, 6, 6, 6, 6, 7, 7, 7, 7, 7, 7, 7, 7, 7, 7, 7, 7, 7, 7, 7, 7, 7, 7, 7, 7, 7, 7, 7, 7, 7, 7, 7, 7, 7, 6, 6, 7, 6, 7, 6, 7, 6, 7, 6, 7, 6, 7, 6, 7, 6, 7, 6, 7, 6, 7, 6, 7, 6, 7, 6, 7, 6, 7, 6, 7, 6, 6, 7, 7, 7, 7, 7, 7, 7, 7, 7, 7, 7, 7, 7, 7, 7, 7, 7, 7, 7, 7, 7, 7, 7, 7, 7, 7, 7, 7, 7, 6, 6, 7, 6, 7, 6, 7, 6, 7, 6, 7, 6, 7, 6, 7, 6, 7, 6, 7, 6, 7, 6, 7, 6, 7, 6, 7, 6, 7, 6, 7, 6, 6, 7, 7, 7, 7, 7, 7, 7, 7, 7, 6, 7, 7, 7, 7, 7, 7, 7, 7, 7, 6, 7, 7, 7, 7, 7, 7, 7, 7, 7, 6, 6, 6, 6, 6, 6, 6, 6, 6, 6, 6, 6, 6, 6, 6, 6, 6, 6, 6, 6, 6, 6, 6, 6, 6, 6, 6, 6, 6, 6, 6, 6], objects=[], opacity=0.0, draworder=), Layer(width=0, height=0, name=Walls, type=objectgroup, visible=false, x=0, y=0, data=[], objects=[com.almasb.fxgl.entity.level.tiled.TiledObject@299ace88, com.almasb.fxgl.entity.level.tiled.TiledObject@4e44c305, com.almasb.fxgl.entity.level.tiled.TiledObject@6c7c8ea0, com.almasb.fxgl.entity.level.tiled.TiledObject@4e51134e, com.almasb.fxgl.entity.level.tiled.TiledObject@31c06a82, com.almasb.fxgl.entity.level.tiled.TiledObject@59f4cb54, com.almasb.fxgl.entity.level.tiled.TiledObject@51755744, com.almasb.fxgl.entity.level.tiled.TiledObject@17f8f547, com.almasb.fxgl.entity.level.tiled.TiledObject@25de1940, com.almasb.fxgl.entity.level.tiled.TiledObject@5a0fc8c4, com.almasb.fxgl.entity.level.tiled.TiledObject@213b6bb6, com.almasb.fxgl.entity.level.tiled.TiledObject@71b9f01b, com.almasb.fxgl.entity.level.tiled.TiledObject@24f8e375, com.almasb.fxgl.entity.level.tiled.TiledObject@1556c6, com.almasb.fxgl.entity.level.tiled.TiledObject@7a89eba9, com.almasb.fxgl.entity.level.tiled.TiledObject@448ee5cb, com.almasb.fxgl.entity.level.tiled.TiledObject@270e5564, com.almasb.fxgl.entity.level.tiled.TiledObject@d078425, com.almasb.fxgl.entity.level.tiled.TiledObject@3866f28f, com.almasb.fxgl.entity.level.tiled.TiledObject@b75f8f5, com.almasb.fxgl.entity.level.tiled.TiledObject@5e05298a, com.almasb.fxgl.entity.level.tiled.TiledObject@6f12b8c3, com.almasb.fxgl.entity.level.tiled.TiledObject@606fdd24, com.almasb.fxgl.entity.level.tiled.TiledObject@4479338c, com.almasb.fxgl.entity.level.tiled.TiledObject@33c71bf0, com.almasb.fxgl.entity.level.tiled.TiledObject@496969eb, com.almasb.fxgl.entity.level.tiled.TiledObject@57f11b1f, com.almasb.fxgl.entity.level.tiled.TiledObject@5a19a73e, com.almasb.fxgl.entity.level.tiled.TiledObject@510a2f16, com.almasb.fxgl.entity.level.tiled.TiledObject@532e32ed, com.almasb.fxgl.entity.level.tiled.TiledObject@cd8f274, com.almasb.fxgl.entity.level.tiled.TiledObject@1b6f9486, com.almasb.fxgl.entity.level.tiled.TiledObject@1b1d7a62, com.almasb.fxgl.entity.level.tiled.TiledObject@39869ab6, com.almasb.fxgl.entity.level.tiled.TiledObject@728684a0, com.almasb.fxgl.entity.level.tiled.TiledObject@152ae5d2, com.almasb.fxgl.entity.level.tiled.TiledObject@6514437f, com.almasb.fxgl.entity.level.tiled.TiledObject@684a2641, com.almasb.fxgl.entity.level.tiled.TiledObject@2eaf1c6c, com.almasb.fxgl.entity.level.tiled.TiledObject@6ce9781e, com.almasb.fxgl.entity.level.tiled.TiledObject@2ba1d147, com.almasb.fxgl.entity.level.tiled.TiledObject@1260925c, com.almasb.fxgl.entity.level.tiled.TiledObject@44faa000, com.almasb.fxgl.entity.level.tiled.TiledObject@63741909, com.almasb.fxgl.entity.level.tiled.TiledObject@46fad7c9, com.almasb.fxgl.entity.level.tiled.TiledObject@501e4f38, com.almasb.fxgl.entity.level.tiled.TiledObject@41f50f9b, com.almasb.fxgl.entity.level.tiled.TiledObject@28afafd, com.almasb.fxgl.entity.level.tiled.TiledObject@12de21fa, com.almasb.fxgl.entity.level.tiled.TiledObject@309bcb16, com.almasb.fxgl.entity.level.tiled.TiledObject@597b9349, com.almasb.fxgl.entity.level.tiled.TiledObject@c73d789, com.almasb.fxgl.entity.level.tiled.TiledObject@6f41f60c, com.almasb.fxgl.entity.level.tiled.TiledObject@16c5389, com.almasb.fxgl.entity.level.tiled.TiledObject@4086936, com.almasb.fxgl.entity.level.tiled.TiledObject@165529a1, com.almasb.fxgl.entity.level.tiled.TiledObject@76444cf1, com.almasb.fxgl.entity.level.tiled.TiledObject@15d7b9ab, com.almasb.fxgl.entity.level.tiled.TiledObject@525133fe, com.almasb.fxgl.entity.level.tiled.TiledObject@6df60034, com.almasb.fxgl.entity.level.tiled.TiledObject@3901fabf, com.almasb.fxgl.entity.level.tiled.TiledObject@113306d5, com.almasb.fxgl.entity.level.tiled.TiledObject@4a2609ce, com.almasb.fxgl.entity.level.tiled.TiledObject@178c471e, com.almasb.fxgl.entity.level.tiled.TiledObject@216e8352, com.almasb.fxgl.entity.level.tiled.TiledObject@28e23c04, com.almasb.fxgl.entity.level.tiled.TiledObject@527028af, com.almasb.fxgl.entity.level.tiled.TiledObject@27313148, com.almasb.fxgl.entity.level.tiled.TiledObject@729052ef, com.almasb.fxgl.entity.level.tiled.TiledObject@4bab52a5, com.almasb.fxgl.entity.level.tiled.TiledObject@18cd2e2f, com.almasb.fxgl.entity.level.tiled.TiledObject@36d8f70f, com.almasb.fxgl.entity.level.tiled.TiledObject@46afdc11, com.almasb.fxgl.entity.level.tiled.TiledObject@5700901b, com.almasb.fxgl.entity.level.tiled.TiledObject@264d6082, com.almasb.fxgl.entity.level.tiled.TiledObject@57dc8bcb, com.almasb.fxgl.entity.level.tiled.TiledObject@6fab8a75, com.almasb.fxgl.entity.level.tiled.TiledObject@3cf85fd3, com.almasb.fxgl.entity.level.tiled.TiledObject@71fc61be], opacity=0.0, draworder=), Layer(width=0, height=0, name=Around Walls, type=objectgroup, visible=false, x=0, y=0, data=[], objects=[com.almasb.fxgl.entity.level.tiled.TiledObject@424d3e99, com.almasb.fxgl.entity.level.tiled.TiledObject@7106ec87, com.almasb.fxgl.entity.level.tiled.TiledObject@ffe33b3, com.almasb.fxgl.entity.level.tiled.TiledObject@1d9d5263], opacity=0.0, draworder=)], tilesets=[Tileset(firstgid=1, image=../../../../../../../bomberman/chepvjp/BombermanOOP/src/main/resources/assets/levels/classic.png, name=classic, tilewidth=48, tileheight=48, imagewidth=768, imageheight=768, margin=0, spacing=0, columns=16, tilecount=256, transparentcolor=ff00ff, tiles=[])], backgroundcolor=, renderorder=right-down, nextobjectid=611, version=1, tiledversion=1.8.6, type=map, infinite=false, hexsidelength=0, staggeraxis=, staggerindex=, properties={}, propertytypes={})
17:34:03.532 [FXGL Background Thread 4 ] DEBUG TMXLevelLoader       - Creating tile layer entities
17:34:03.535 [FXGL Background Thread 4 ] DEBUG TilesetLoader        - Loading view for layer Tile Layer 1
17:34:03.539 [FXGL Background Thread 4 ] DEBUG TilesetLoader        - Created buffer with size 1488.0x720.0
17:34:03.727 [FXGL Background Thread 4 ] DEBUG TilesetLoader        - Writing to buffer: dst=0,96, w=48,h=48, src=240,0
17:34:03.727 [FXGL Background Thread 4 ] DEBUG TilesetLoader        - Writing to buffer: dst=48,96, w=48,h=48, src=240,0
17:34:03.728 [FXGL Background Thread 4 ] DEBUG TilesetLoader        - Writing to buffer: dst=96,96, w=48,h=48, src=240,0
17:34:03.728 [FXGL Background Thread 4 ] DEBUG TilesetLoader        - Writing to buffer: dst=144,96, w=48,h=48, src=240,0
17:34:03.728 [FXGL Background Thread 4 ] DEBUG TilesetLoader        - Writing to buffer: dst=192,96, w=48,h=48, src=240,0
17:34:03.729 [FXGL Background Thread 4 ] DEBUG TilesetLoader        - Writing to buffer: dst=240,96, w=48,h=48, src=240,0
17:34:03.729 [FXGL Background Thread 4 ] DEBUG TilesetLoader        - Writing to buffer: dst=288,96, w=48,h=48, src=240,0
17:34:03.729 [FXGL Background Thread 4 ] DEBUG TilesetLoader        - Writing to buffer: dst=336,96, w=48,h=48, src=240,0
17:34:03.730 [FXGL Background Thread 4 ] DEBUG TilesetLoader        - Writing to buffer: dst=384,96, w=48,h=48, src=240,0
17:34:03.731 [FXGL Background Thread 4 ] DEBUG TilesetLoader        - Writing to buffer: dst=432,96, w=48,h=48, src=240,0
17:34:03.731 [FXGL Background Thread 4 ] DEBUG TilesetLoader        - Writing to buffer: dst=480,96, w=48,h=48, src=240,0
17:34:03.731 [FXGL Background Thread 4 ] DEBUG TilesetLoader        - Writing to buffer: dst=528,96, w=48,h=48, src=240,0
17:34:03.732 [FXGL Background Thread 4 ] DEBUG TilesetLoader        - Writing to buffer: dst=576,96, w=48,h=48, src=240,0
17:34:03.732 [FXGL Background Thread 4 ] DEBUG TilesetLoader        - Writing to buffer: dst=624,96, w=48,h=48, src=240,0
17:34:03.732 [FXGL Background Thread 4 ] DEBUG TilesetLoader        - Writing to buffer: dst=672,96, w=48,h=48, src=240,0
17:34:03.732 [FXGL Background Thread 4 ] DEBUG TilesetLoader        - Writing to buffer: dst=720,96, w=48,h=48, src=240,0
17:34:03.732 [FXGL Background Thread 4 ] DEBUG TilesetLoader        - Writing to buffer: dst=768,96, w=48,h=48, src=240,0
17:34:03.733 [FXGL Background Thread 4 ] DEBUG TilesetLoader        - Writing to buffer: dst=816,96, w=48,h=48, src=240,0
17:34:03.733 [FXGL Background Thread 4 ] DEBUG TilesetLoader        - Writing to buffer: dst=864,96, w=48,h=48, src=240,0
17:34:03.733 [FXGL Background Thread 4 ] DEBUG TilesetLoader        - Writing to buffer: dst=912,96, w=48,h=48, src=240,0
17:34:03.733 [FXGL Background Thread 4 ] DEBUG TilesetLoader        - Writing to buffer: dst=960,96, w=48,h=48, src=240,0
17:34:03.733 [FXGL Background Thread 4 ] DEBUG TilesetLoader        - Writing to buffer: dst=1008,96, w=48,h=48, src=240,0
17:34:03.733 [FXGL Background Thread 4 ] DEBUG TilesetLoader        - Writing to buffer: dst=1056,96, w=48,h=48, src=240,0
17:34:03.734 [FXGL Background Thread 4 ] DEBUG TilesetLoader        - Writing to buffer: dst=1104,96, w=48,h=48, src=240,0
17:34:03.734 [FXGL Background Thread 4 ] DEBUG TilesetLoader        - Writing to buffer: dst=1152,96, w=48,h=48, src=240,0
17:34:03.734 [FXGL Background Thread 4 ] DEBUG TilesetLoader        - Writing to buffer: dst=1200,96, w=48,h=48, src=240,0
17:34:03.734 [FXGL Background Thread 4 ] DEBUG TilesetLoader        - Writing to buffer: dst=1248,96, w=48,h=48, src=240,0
17:34:03.734 [FXGL Background Thread 4 ] DEBUG TilesetLoader        - Writing to buffer: dst=1296,96, w=48,h=48, src=240,0
17:34:03.734 [FXGL Background Thread 4 ] DEBUG TilesetLoader        - Writing to buffer: dst=1344,96, w=48,h=48, src=240,0
17:34:03.734 [FXGL Background Thread 4 ] DEBUG TilesetLoader        - Writing to buffer: dst=1392,96, w=48,h=48, src=240,0
17:34:03.735 [FXGL Background Thread 4 ] DEBUG TilesetLoader        - Writing to buffer: dst=1440,96, w=48,h=48, src=240,0
17:34:03.735 [FXGL Background Thread 4 ] DEBUG TilesetLoader        - Writing to buffer: dst=0,144, w=48,h=48, src=240,0
17:34:03.735 [FXGL Background Thread 4 ] DEBUG TilesetLoader        - Writing to buffer: dst=48,144, w=48,h=48, src=288,0
17:34:03.735 [FXGL Background Thread 4 ] DEBUG TilesetLoader        - Writing to buffer: dst=96,144, w=48,h=48, src=288,0
17:34:03.735 [FXGL Background Thread 4 ] DEBUG TilesetLoader        - Writing to buffer: dst=144,144, w=48,h=48, src=288,0
17:34:03.735 [FXGL Background Thread 4 ] DEBUG TilesetLoader        - Writing to buffer: dst=192,144, w=48,h=48, src=288,0
17:34:03.736 [FXGL Background Thread 4 ] DEBUG TilesetLoader        - Writing to buffer: dst=240,144, w=48,h=48, src=288,0
17:34:03.736 [FXGL Background Thread 4 ] DEBUG TilesetLoader        - Writing to buffer: dst=288,144, w=48,h=48, src=288,0
17:34:03.736 [FXGL Background Thread 4 ] DEBUG TilesetLoader        - Writing to buffer: dst=336,144, w=48,h=48, src=288,0
17:34:03.736 [FXGL Background Thread 4 ] DEBUG TilesetLoader        - Writing to buffer: dst=384,144, w=48,h=48, src=288,0
17:34:03.736 [FXGL Background Thread 4 ] DEBUG TilesetLoader        - Writing to buffer: dst=432,144, w=48,h=48, src=288,0
17:34:03.736 [FXGL Background Thread 4 ] DEBUG TilesetLoader        - Writing to buffer: dst=480,144, w=48,h=48, src=240,0
17:34:03.736 [FXGL Background Thread 4 ] DEBUG TilesetLoader        - Writing to buffer: dst=528,144, w=48,h=48, src=288,0
17:34:03.737 [FXGL Background Thread 4 ] DEBUG TilesetLoader        - Writing to buffer: dst=576,144, w=48,h=48, src=288,0
17:34:03.737 [FXGL Background Thread 4 ] DEBUG TilesetLoader        - Writing to buffer: dst=624,144, w=48,h=48, src=288,0
17:34:03.737 [FXGL Background Thread 4 ] DEBUG TilesetLoader        - Writing to buffer: dst=672,144, w=48,h=48, src=288,0
17:34:03.737 [FXGL Background Thread 4 ] DEBUG TilesetLoader        - Writing to buffer: dst=720,144, w=48,h=48, src=288,0
17:34:03.737 [FXGL Background Thread 4 ] DEBUG TilesetLoader        - Writing to buffer: dst=768,144, w=48,h=48, src=288,0
17:34:03.737 [FXGL Background Thread 4 ] DEBUG TilesetLoader        - Writing to buffer: dst=816,144, w=48,h=48, src=288,0
17:34:03.738 [FXGL Background Thread 4 ] DEBUG TilesetLoader        - Writing to buffer: dst=864,144, w=48,h=48, src=288,0
17:34:03.738 [FXGL Background Thread 4 ] DEBUG TilesetLoader        - Writing to buffer: dst=912,144, w=48,h=48, src=288,0
17:34:03.738 [FXGL Background Thread 4 ] DEBUG TilesetLoader        - Writing to buffer: dst=960,144, w=48,h=48, src=240,0
17:34:03.738 [FXGL Background Thread 4 ] DEBUG TilesetLoader        - Writing to buffer: dst=1008,144, w=48,h=48, src=288,0
17:34:03.738 [FXGL Background Thread 4 ] DEBUG TilesetLoader        - Writing to buffer: dst=1056,144, w=48,h=48, src=288,0
17:34:03.738 [FXGL Background Thread 4 ] DEBUG TilesetLoader        - Writing to buffer: dst=1104,144, w=48,h=48, src=288,0
17:34:03.738 [FXGL Background Thread 4 ] DEBUG TilesetLoader        - Writing to buffer: dst=1152,144, w=48,h=48, src=288,0
17:34:03.739 [FXGL Background Thread 4 ] DEBUG TilesetLoader        - Writing to buffer: dst=1200,144, w=48,h=48, src=288,0
17:34:03.739 [FXGL Background Thread 4 ] DEBUG TilesetLoader        - Writing to buffer: dst=1248,144, w=48,h=48, src=288,0
17:34:03.739 [FXGL Background Thread 4 ] DEBUG TilesetLoader        - Writing to buffer: dst=1296,144, w=48,h=48, src=288,0
17:34:03.739 [FXGL Background Thread 4 ] DEBUG TilesetLoader        - Writing to buffer: dst=1344,144, w=48,h=48, src=288,0
17:34:03.739 [FXGL Background Thread 4 ] DEBUG TilesetLoader        - Writing to buffer: dst=1392,144, w=48,h=48, src=288,0
17:34:03.739 [FXGL Background Thread 4 ] DEBUG TilesetLoader        - Writing to buffer: dst=1440,144, w=48,h=48, src=240,0
17:34:03.739 [FXGL Background Thread 4 ] DEBUG TilesetLoader        - Writing to buffer: dst=0,192, w=48,h=48, src=240,0
17:34:03.740 [FXGL Background Thread 4 ] DEBUG TilesetLoader        - Writing to buffer: dst=48,192, w=48,h=48, src=288,0
17:34:03.740 [FXGL Background Thread 4 ] DEBUG TilesetLoader        - Writing to buffer: dst=96,192, w=48,h=48, src=240,0
17:34:03.740 [FXGL Background Thread 4 ] DEBUG TilesetLoader        - Writing to buffer: dst=144,192, w=48,h=48, src=288,0
17:34:03.740 [FXGL Background Thread 4 ] DEBUG TilesetLoader        - Writing to buffer: dst=192,192, w=48,h=48, src=240,0
17:34:03.740 [FXGL Background Thread 4 ] DEBUG TilesetLoader        - Writing to buffer: dst=240,192, w=48,h=48, src=288,0
17:34:03.740 [FXGL Background Thread 4 ] DEBUG TilesetLoader        - Writing to buffer: dst=288,192, w=48,h=48, src=240,0
17:34:03.740 [FXGL Background Thread 4 ] DEBUG TilesetLoader        - Writing to buffer: dst=336,192, w=48,h=48, src=288,0
17:34:03.741 [FXGL Background Thread 4 ] DEBUG TilesetLoader        - Writing to buffer: dst=384,192, w=48,h=48, src=240,0
17:34:03.741 [FXGL Background Thread 4 ] DEBUG TilesetLoader        - Writing to buffer: dst=432,192, w=48,h=48, src=288,0
17:34:03.741 [FXGL Background Thread 4 ] DEBUG TilesetLoader        - Writing to buffer: dst=480,192, w=48,h=48, src=240,0
17:34:03.741 [FXGL Background Thread 4 ] DEBUG TilesetLoader        - Writing to buffer: dst=528,192, w=48,h=48, src=288,0
17:34:03.741 [FXGL Background Thread 4 ] DEBUG TilesetLoader        - Writing to buffer: dst=576,192, w=48,h=48, src=240,0
17:34:03.741 [FXGL Background Thread 4 ] DEBUG TilesetLoader        - Writing to buffer: dst=624,192, w=48,h=48, src=288,0
17:34:03.741 [FXGL Background Thread 4 ] DEBUG TilesetLoader        - Writing to buffer: dst=672,192, w=48,h=48, src=240,0
17:34:03.742 [FXGL Background Thread 4 ] DEBUG TilesetLoader        - Writing to buffer: dst=720,192, w=48,h=48, src=288,0
17:34:03.742 [FXGL Background Thread 4 ] DEBUG TilesetLoader        - Writing to buffer: dst=768,192, w=48,h=48, src=240,0
17:34:03.742 [FXGL Background Thread 4 ] DEBUG TilesetLoader        - Writing to buffer: dst=816,192, w=48,h=48, src=288,0
17:34:03.742 [FXGL Background Thread 4 ] DEBUG TilesetLoader        - Writing to buffer: dst=864,192, w=48,h=48, src=240,0
17:34:03.742 [FXGL Background Thread 4 ] DEBUG TilesetLoader        - Writing to buffer: dst=912,192, w=48,h=48, src=288,0
17:34:03.742 [FXGL Background Thread 4 ] DEBUG TilesetLoader        - Writing to buffer: dst=960,192, w=48,h=48, src=240,0
17:34:03.742 [FXGL Background Thread 4 ] DEBUG TilesetLoader        - Writing to buffer: dst=1008,192, w=48,h=48, src=288,0
17:34:03.743 [FXGL Background Thread 4 ] DEBUG TilesetLoader        - Writing to buffer: dst=1056,192, w=48,h=48, src=240,0
17:34:03.743 [FXGL Background Thread 4 ] DEBUG TilesetLoader        - Writing to buffer: dst=1104,192, w=48,h=48, src=288,0
17:34:03.743 [FXGL Background Thread 4 ] DEBUG TilesetLoader        - Writing to buffer: dst=1152,192, w=48,h=48, src=240,0
17:34:03.743 [FXGL Background Thread 4 ] DEBUG TilesetLoader        - Writing to buffer: dst=1200,192, w=48,h=48, src=288,0
17:34:03.743 [FXGL Background Thread 4 ] DEBUG TilesetLoader        - Writing to buffer: dst=1248,192, w=48,h=48, src=240,0
17:34:03.743 [FXGL Background Thread 4 ] DEBUG TilesetLoader        - Writing to buffer: dst=1296,192, w=48,h=48, src=288,0
17:34:03.743 [FXGL Background Thread 4 ] DEBUG TilesetLoader        - Writing to buffer: dst=1344,192, w=48,h=48, src=240,0
17:34:03.743 [FXGL Background Thread 4 ] DEBUG TilesetLoader        - Writing to buffer: dst=1392,192, w=48,h=48, src=288,0
17:34:03.744 [FXGL Background Thread 4 ] DEBUG TilesetLoader        - Writing to buffer: dst=1440,192, w=48,h=48, src=240,0
17:34:03.744 [FXGL Background Thread 4 ] DEBUG TilesetLoader        - Writing to buffer: dst=0,240, w=48,h=48, src=240,0
17:34:03.744 [FXGL Background Thread 4 ] DEBUG TilesetLoader        - Writing to buffer: dst=48,240, w=48,h=48, src=288,0
17:34:03.744 [FXGL Background Thread 4 ] DEBUG TilesetLoader        - Writing to buffer: dst=96,240, w=48,h=48, src=288,0
17:34:03.744 [FXGL Background Thread 4 ] DEBUG TilesetLoader        - Writing to buffer: dst=144,240, w=48,h=48, src=288,0
17:34:03.744 [FXGL Background Thread 4 ] DEBUG TilesetLoader        - Writing to buffer: dst=192,240, w=48,h=48, src=288,0
17:34:03.744 [FXGL Background Thread 4 ] DEBUG TilesetLoader        - Writing to buffer: dst=240,240, w=48,h=48, src=288,0
17:34:03.745 [FXGL Background Thread 4 ] DEBUG TilesetLoader        - Writing to buffer: dst=288,240, w=48,h=48, src=288,0
17:34:03.745 [FXGL Background Thread 4 ] DEBUG TilesetLoader        - Writing to buffer: dst=336,240, w=48,h=48, src=288,0
17:34:03.745 [FXGL Background Thread 4 ] DEBUG TilesetLoader        - Writing to buffer: dst=384,240, w=48,h=48, src=288,0
17:34:03.745 [FXGL Background Thread 4 ] DEBUG TilesetLoader        - Writing to buffer: dst=432,240, w=48,h=48, src=288,0
17:34:03.745 [FXGL Background Thread 4 ] DEBUG TilesetLoader        - Writing to buffer: dst=480,240, w=48,h=48, src=288,0
17:34:03.745 [FXGL Background Thread 4 ] DEBUG TilesetLoader        - Writing to buffer: dst=528,240, w=48,h=48, src=288,0
17:34:03.745 [FXGL Background Thread 4 ] DEBUG TilesetLoader        - Writing to buffer: dst=576,240, w=48,h=48, src=288,0
17:34:03.746 [FXGL Background Thread 4 ] DEBUG TilesetLoader        - Writing to buffer: dst=624,240, w=48,h=48, src=288,0
17:34:03.746 [FXGL Background Thread 4 ] DEBUG TilesetLoader        - Writing to buffer: dst=672,240, w=48,h=48, src=288,0
17:34:03.746 [FXGL Background Thread 4 ] DEBUG TilesetLoader        - Writing to buffer: dst=720,240, w=48,h=48, src=288,0
17:34:03.746 [FXGL Background Thread 4 ] DEBUG TilesetLoader        - Writing to buffer: dst=768,240, w=48,h=48, src=288,0
17:34:03.746 [FXGL Background Thread 4 ] DEBUG TilesetLoader        - Writing to buffer: dst=816,240, w=48,h=48, src=288,0
17:34:03.746 [FXGL Background Thread 4 ] DEBUG TilesetLoader        - Writing to buffer: dst=864,240, w=48,h=48, src=288,0
17:34:03.746 [FXGL Background Thread 4 ] DEBUG TilesetLoader        - Writing to buffer: dst=912,240, w=48,h=48, src=288,0
17:34:03.746 [FXGL Background Thread 4 ] DEBUG TilesetLoader        - Writing to buffer: dst=960,240, w=48,h=48, src=288,0
17:34:03.747 [FXGL Background Thread 4 ] DEBUG TilesetLoader        - Writing to buffer: dst=1008,240, w=48,h=48, src=288,0
17:34:03.747 [FXGL Background Thread 4 ] DEBUG TilesetLoader        - Writing to buffer: dst=1056,240, w=48,h=48, src=288,0
17:34:03.747 [FXGL Background Thread 4 ] DEBUG TilesetLoader        - Writing to buffer: dst=1104,240, w=48,h=48, src=288,0
17:34:03.747 [FXGL Background Thread 4 ] DEBUG TilesetLoader        - Writing to buffer: dst=1152,240, w=48,h=48, src=288,0
17:34:03.747 [FXGL Background Thread 4 ] DEBUG TilesetLoader        - Writing to buffer: dst=1200,240, w=48,h=48, src=288,0
17:34:03.747 [FXGL Background Thread 4 ] DEBUG TilesetLoader        - Writing to buffer: dst=1248,240, w=48,h=48, src=288,0
17:34:03.747 [FXGL Background Thread 4 ] DEBUG TilesetLoader        - Writing to buffer: dst=1296,240, w=48,h=48, src=288,0
17:34:03.747 [FXGL Background Thread 4 ] DEBUG TilesetLoader        - Writing to buffer: dst=1344,240, w=48,h=48, src=288,0
17:34:03.748 [FXGL Background Thread 4 ] DEBUG TilesetLoader        - Writing to buffer: dst=1392,240, w=48,h=48, src=288,0
17:34:03.748 [FXGL Background Thread 4 ] DEBUG TilesetLoader        - Writing to buffer: dst=1440,240, w=48,h=48, src=240,0
17:34:03.748 [FXGL Background Thread 4 ] DEBUG TilesetLoader        - Writing to buffer: dst=0,288, w=48,h=48, src=240,0
17:34:03.748 [FXGL Background Thread 4 ] DEBUG TilesetLoader        - Writing to buffer: dst=48,288, w=48,h=48, src=288,0
17:34:03.748 [FXGL Background Thread 4 ] DEBUG TilesetLoader        - Writing to buffer: dst=96,288, w=48,h=48, src=240,0
17:34:03.748 [FXGL Background Thread 4 ] DEBUG TilesetLoader        - Writing to buffer: dst=144,288, w=48,h=48, src=288,0
17:34:03.748 [FXGL Background Thread 4 ] DEBUG TilesetLoader        - Writing to buffer: dst=192,288, w=48,h=48, src=240,0
17:34:03.748 [FXGL Background Thread 4 ] DEBUG TilesetLoader        - Writing to buffer: dst=240,288, w=48,h=48, src=288,0
17:34:03.749 [FXGL Background Thread 4 ] DEBUG TilesetLoader        - Writing to buffer: dst=288,288, w=48,h=48, src=240,0
17:34:03.749 [FXGL Background Thread 4 ] DEBUG TilesetLoader        - Writing to buffer: dst=336,288, w=48,h=48, src=288,0
17:34:03.749 [FXGL Background Thread 4 ] DEBUG TilesetLoader        - Writing to buffer: dst=384,288, w=48,h=48, src=240,0
17:34:03.749 [FXGL Background Thread 4 ] DEBUG TilesetLoader        - Writing to buffer: dst=432,288, w=48,h=48, src=288,0
17:34:03.749 [FXGL Background Thread 4 ] DEBUG TilesetLoader        - Writing to buffer: dst=480,288, w=48,h=48, src=240,0
17:34:03.749 [FXGL Background Thread 4 ] DEBUG TilesetLoader        - Writing to buffer: dst=528,288, w=48,h=48, src=288,0
17:34:03.749 [FXGL Background Thread 4 ] DEBUG TilesetLoader        - Writing to buffer: dst=576,288, w=48,h=48, src=240,0
17:34:03.749 [FXGL Background Thread 4 ] DEBUG TilesetLoader        - Writing to buffer: dst=624,288, w=48,h=48, src=288,0
17:34:03.750 [FXGL Background Thread 4 ] DEBUG TilesetLoader        - Writing to buffer: dst=672,288, w=48,h=48, src=240,0
17:34:03.750 [FXGL Background Thread 4 ] DEBUG TilesetLoader        - Writing to buffer: dst=720,288, w=48,h=48, src=288,0
17:34:03.750 [FXGL Background Thread 4 ] DEBUG TilesetLoader        - Writing to buffer: dst=768,288, w=48,h=48, src=240,0
17:34:03.750 [FXGL Background Thread 4 ] DEBUG TilesetLoader        - Writing to buffer: dst=816,288, w=48,h=48, src=288,0
17:34:03.750 [FXGL Background Thread 4 ] DEBUG TilesetLoader        - Writing to buffer: dst=864,288, w=48,h=48, src=240,0
17:34:03.750 [FXGL Background Thread 4 ] DEBUG TilesetLoader        - Writing to buffer: dst=912,288, w=48,h=48, src=288,0
17:34:03.750 [FXGL Background Thread 4 ] DEBUG TilesetLoader        - Writing to buffer: dst=960,288, w=48,h=48, src=240,0
17:34:03.750 [FXGL Background Thread 4 ] DEBUG TilesetLoader        - Writing to buffer: dst=1008,288, w=48,h=48, src=288,0
17:34:03.751 [FXGL Background Thread 4 ] DEBUG TilesetLoader        - Writing to buffer: dst=1056,288, w=48,h=48, src=240,0
17:34:03.751 [FXGL Background Thread 4 ] DEBUG TilesetLoader        - Writing to buffer: dst=1104,288, w=48,h=48, src=288,0
17:34:03.751 [FXGL Background Thread 4 ] DEBUG TilesetLoader        - Writing to buffer: dst=1152,288, w=48,h=48, src=240,0
17:34:03.751 [FXGL Background Thread 4 ] DEBUG TilesetLoader        - Writing to buffer: dst=1200,288, w=48,h=48, src=288,0
17:34:03.751 [FXGL Background Thread 4 ] DEBUG TilesetLoader        - Writing to buffer: dst=1248,288, w=48,h=48, src=240,0
17:34:03.751 [FXGL Background Thread 4 ] DEBUG TilesetLoader        - Writing to buffer: dst=1296,288, w=48,h=48, src=288,0
17:34:03.751 [FXGL Background Thread 4 ] DEBUG TilesetLoader        - Writing to buffer: dst=1344,288, w=48,h=48, src=240,0
17:34:03.751 [FXGL Background Thread 4 ] DEBUG TilesetLoader        - Writing to buffer: dst=1392,288, w=48,h=48, src=288,0
17:34:03.751 [FXGL Background Thread 4 ] DEBUG TilesetLoader        - Writing to buffer: dst=1440,288, w=48,h=48, src=240,0
17:34:03.752 [FXGL Background Thread 4 ] DEBUG TilesetLoader        - Writing to buffer: dst=0,336, w=48,h=48, src=240,0
17:34:03.752 [FXGL Background Thread 4 ] DEBUG TilesetLoader        - Writing to buffer: dst=48,336, w=48,h=48, src=288,0
17:34:03.752 [FXGL Background Thread 4 ] DEBUG TilesetLoader        - Writing to buffer: dst=96,336, w=48,h=48, src=288,0
17:34:03.752 [FXGL Background Thread 4 ] DEBUG TilesetLoader        - Writing to buffer: dst=144,336, w=48,h=48, src=288,0
17:34:03.752 [FXGL Background Thread 4 ] DEBUG TilesetLoader        - Writing to buffer: dst=192,336, w=48,h=48, src=288,0
17:34:03.752 [FXGL Background Thread 4 ] DEBUG TilesetLoader        - Writing to buffer: dst=240,336, w=48,h=48, src=288,0
17:34:03.752 [FXGL Background Thread 4 ] DEBUG TilesetLoader        - Writing to buffer: dst=288,336, w=48,h=48, src=288,0
17:34:03.752 [FXGL Background Thread 4 ] DEBUG TilesetLoader        - Writing to buffer: dst=336,336, w=48,h=48, src=288,0
17:34:03.752 [FXGL Background Thread 4 ] DEBUG TilesetLoader        - Writing to buffer: dst=384,336, w=48,h=48, src=288,0
17:34:03.753 [FXGL Background Thread 4 ] DEBUG TilesetLoader        - Writing to buffer: dst=432,336, w=48,h=48, src=288,0
17:34:03.753 [FXGL Background Thread 4 ] DEBUG TilesetLoader        - Writing to buffer: dst=480,336, w=48,h=48, src=288,0
17:34:03.753 [FXGL Background Thread 4 ] DEBUG TilesetLoader        - Writing to buffer: dst=528,336, w=48,h=48, src=288,0
17:34:03.753 [FXGL Background Thread 4 ] DEBUG TilesetLoader        - Writing to buffer: dst=576,336, w=48,h=48, src=288,0
17:34:03.753 [FXGL Background Thread 4 ] DEBUG TilesetLoader        - Writing to buffer: dst=624,336, w=48,h=48, src=288,0
17:34:03.753 [FXGL Background Thread 4 ] DEBUG TilesetLoader        - Writing to buffer: dst=672,336, w=48,h=48, src=288,0
17:34:03.753 [FXGL Background Thread 4 ] DEBUG TilesetLoader        - Writing to buffer: dst=720,336, w=48,h=48, src=288,0
17:34:03.753 [FXGL Background Thread 4 ] DEBUG TilesetLoader        - Writing to buffer: dst=768,336, w=48,h=48, src=288,0
17:34:03.753 [FXGL Background Thread 4 ] DEBUG TilesetLoader        - Writing to buffer: dst=816,336, w=48,h=48, src=288,0
17:34:03.754 [FXGL Background Thread 4 ] DEBUG TilesetLoader        - Writing to buffer: dst=864,336, w=48,h=48, src=288,0
17:34:03.754 [FXGL Background Thread 4 ] DEBUG TilesetLoader        - Writing to buffer: dst=912,336, w=48,h=48, src=288,0
17:34:03.754 [FXGL Background Thread 4 ] DEBUG TilesetLoader        - Writing to buffer: dst=960,336, w=48,h=48, src=288,0
17:34:03.754 [FXGL Background Thread 4 ] DEBUG TilesetLoader        - Writing to buffer: dst=1008,336, w=48,h=48, src=288,0
17:34:03.754 [FXGL Background Thread 4 ] DEBUG TilesetLoader        - Writing to buffer: dst=1056,336, w=48,h=48, src=288,0
17:34:03.754 [FXGL Background Thread 4 ] DEBUG TilesetLoader        - Writing to buffer: dst=1104,336, w=48,h=48, src=288,0
17:34:03.754 [FXGL Background Thread 4 ] DEBUG TilesetLoader        - Writing to buffer: dst=1152,336, w=48,h=48, src=288,0
17:34:03.754 [FXGL Background Thread 4 ] DEBUG TilesetLoader        - Writing to buffer: dst=1200,336, w=48,h=48, src=288,0
17:34:03.754 [FXGL Background Thread 4 ] DEBUG TilesetLoader        - Writing to buffer: dst=1248,336, w=48,h=48, src=288,0
17:34:03.754 [FXGL Background Thread 4 ] DEBUG TilesetLoader        - Writing to buffer: dst=1296,336, w=48,h=48, src=288,0
17:34:03.755 [FXGL Background Thread 4 ] DEBUG TilesetLoader        - Writing to buffer: dst=1344,336, w=48,h=48, src=288,0
17:34:03.755 [FXGL Background Thread 4 ] DEBUG TilesetLoader        - Writing to buffer: dst=1392,336, w=48,h=48, src=288,0
17:34:03.755 [FXGL Background Thread 4 ] DEBUG TilesetLoader        - Writing to buffer: dst=1440,336, w=48,h=48, src=240,0
17:34:03.755 [FXGL Background Thread 4 ] DEBUG TilesetLoader        - Writing to buffer: dst=0,384, w=48,h=48, src=240,0
17:34:03.755 [FXGL Background Thread 4 ] DEBUG TilesetLoader        - Writing to buffer: dst=48,384, w=48,h=48, src=240,0
17:34:03.755 [FXGL Background Thread 4 ] DEBUG TilesetLoader        - Writing to buffer: dst=96,384, w=48,h=48, src=240,0
17:34:03.755 [FXGL Background Thread 4 ] DEBUG TilesetLoader        - Writing to buffer: dst=144,384, w=48,h=48, src=288,0
17:34:03.755 [FXGL Background Thread 4 ] DEBUG TilesetLoader        - Writing to buffer: dst=192,384, w=48,h=48, src=240,0
17:34:03.756 [FXGL Background Thread 4 ] DEBUG TilesetLoader        - Writing to buffer: dst=240,384, w=48,h=48, src=288,0
17:34:03.756 [FXGL Background Thread 4 ] DEBUG TilesetLoader        - Writing to buffer: dst=288,384, w=48,h=48, src=240,0
17:34:03.756 [FXGL Background Thread 4 ] DEBUG TilesetLoader        - Writing to buffer: dst=336,384, w=48,h=48, src=288,0
17:34:03.756 [FXGL Background Thread 4 ] DEBUG TilesetLoader        - Writing to buffer: dst=384,384, w=48,h=48, src=240,0
17:34:03.756 [FXGL Background Thread 4 ] DEBUG TilesetLoader        - Writing to buffer: dst=432,384, w=48,h=48, src=288,0
17:34:03.756 [FXGL Background Thread 4 ] DEBUG TilesetLoader        - Writing to buffer: dst=480,384, w=48,h=48, src=240,0
17:34:03.756 [FXGL Background Thread 4 ] DEBUG TilesetLoader        - Writing to buffer: dst=528,384, w=48,h=48, src=240,0
17:34:03.756 [FXGL Background Thread 4 ] DEBUG TilesetLoader        - Writing to buffer: dst=576,384, w=48,h=48, src=240,0
17:34:03.756 [FXGL Background Thread 4 ] DEBUG TilesetLoader        - Writing to buffer: dst=624,384, w=48,h=48, src=288,0
17:34:03.757 [FXGL Background Thread 4 ] DEBUG TilesetLoader        - Writing to buffer: dst=672,384, w=48,h=48, src=240,0
17:34:03.757 [FXGL Background Thread 4 ] DEBUG TilesetLoader        - Writing to buffer: dst=720,384, w=48,h=48, src=288,0
17:34:03.757 [FXGL Background Thread 4 ] DEBUG TilesetLoader        - Writing to buffer: dst=768,384, w=48,h=48, src=240,0
17:34:03.757 [FXGL Background Thread 4 ] DEBUG TilesetLoader        - Writing to buffer: dst=816,384, w=48,h=48, src=288,0
17:34:03.757 [FXGL Background Thread 4 ] DEBUG TilesetLoader        - Writing to buffer: dst=864,384, w=48,h=48, src=240,0
17:34:03.757 [FXGL Background Thread 4 ] DEBUG TilesetLoader        - Writing to buffer: dst=912,384, w=48,h=48, src=240,0
17:34:03.757 [FXGL Background Thread 4 ] DEBUG TilesetLoader        - Writing to buffer: dst=960,384, w=48,h=48, src=240,0
17:34:03.757 [FXGL Background Thread 4 ] DEBUG TilesetLoader        - Writing to buffer: dst=1008,384, w=48,h=48, src=288,0
17:34:03.757 [FXGL Background Thread 4 ] DEBUG TilesetLoader        - Writing to buffer: dst=1056,384, w=48,h=48, src=240,0
17:34:03.758 [FXGL Background Thread 4 ] DEBUG TilesetLoader        - Writing to buffer: dst=1104,384, w=48,h=48, src=288,0
17:34:03.758 [FXGL Background Thread 4 ] DEBUG TilesetLoader        - Writing to buffer: dst=1152,384, w=48,h=48, src=240,0
17:34:03.758 [FXGL Background Thread 4 ] DEBUG TilesetLoader        - Writing to buffer: dst=1200,384, w=48,h=48, src=288,0
17:34:03.758 [FXGL Background Thread 4 ] DEBUG TilesetLoader        - Writing to buffer: dst=1248,384, w=48,h=48, src=240,0
17:34:03.758 [FXGL Background Thread 4 ] DEBUG TilesetLoader        - Writing to buffer: dst=1296,384, w=48,h=48, src=288,0
17:34:03.758 [FXGL Background Thread 4 ] DEBUG TilesetLoader        - Writing to buffer: dst=1344,384, w=48,h=48, src=240,0
17:34:03.758 [FXGL Background Thread 4 ] DEBUG TilesetLoader        - Writing to buffer: dst=1392,384, w=48,h=48, src=240,0
17:34:03.758 [FXGL Background Thread 4 ] DEBUG TilesetLoader        - Writing to buffer: dst=1440,384, w=48,h=48, src=240,0
17:34:03.758 [FXGL Background Thread 4 ] DEBUG TilesetLoader        - Writing to buffer: dst=0,432, w=48,h=48, src=240,0
17:34:03.758 [FXGL Background Thread 4 ] DEBUG TilesetLoader        - Writing to buffer: dst=48,432, w=48,h=48, src=288,0
17:34:03.758 [FXGL Background Thread 4 ] DEBUG TilesetLoader        - Writing to buffer: dst=96,432, w=48,h=48, src=288,0
17:34:03.759 [FXGL Background Thread 4 ] DEBUG TilesetLoader        - Writing to buffer: dst=144,432, w=48,h=48, src=288,0
17:34:03.759 [FXGL Background Thread 4 ] DEBUG TilesetLoader        - Writing to buffer: dst=192,432, w=48,h=48, src=288,0
17:34:03.759 [FXGL Background Thread 4 ] DEBUG TilesetLoader        - Writing to buffer: dst=240,432, w=48,h=48, src=288,0
17:34:03.759 [FXGL Background Thread 4 ] DEBUG TilesetLoader        - Writing to buffer: dst=288,432, w=48,h=48, src=288,0
17:34:03.759 [FXGL Background Thread 4 ] DEBUG TilesetLoader        - Writing to buffer: dst=336,432, w=48,h=48, src=288,0
17:34:03.759 [FXGL Background Thread 4 ] DEBUG TilesetLoader        - Writing to buffer: dst=384,432, w=48,h=48, src=288,0
17:34:03.759 [FXGL Background Thread 4 ] DEBUG TilesetLoader        - Writing to buffer: dst=432,432, w=48,h=48, src=288,0
17:34:03.759 [FXGL Background Thread 4 ] DEBUG TilesetLoader        - Writing to buffer: dst=480,432, w=48,h=48, src=288,0
17:34:03.759 [FXGL Background Thread 4 ] DEBUG TilesetLoader        - Writing to buffer: dst=528,432, w=48,h=48, src=288,0
17:34:03.759 [FXGL Background Thread 4 ] DEBUG TilesetLoader        - Writing to buffer: dst=576,432, w=48,h=48, src=288,0
17:34:03.759 [FXGL Background Thread 4 ] DEBUG TilesetLoader        - Writing to buffer: dst=624,432, w=48,h=48, src=288,0
17:34:03.760 [FXGL Background Thread 4 ] DEBUG TilesetLoader        - Writing to buffer: dst=672,432, w=48,h=48, src=288,0
17:34:03.760 [FXGL Background Thread 4 ] DEBUG TilesetLoader        - Writing to buffer: dst=720,432, w=48,h=48, src=288,0
17:34:03.760 [FXGL Background Thread 4 ] DEBUG TilesetLoader        - Writing to buffer: dst=768,432, w=48,h=48, src=288,0
17:34:03.760 [FXGL Background Thread 4 ] DEBUG TilesetLoader        - Writing to buffer: dst=816,432, w=48,h=48, src=288,0
17:34:03.760 [FXGL Background Thread 4 ] DEBUG TilesetLoader        - Writing to buffer: dst=864,432, w=48,h=48, src=288,0
17:34:03.760 [FXGL Background Thread 4 ] DEBUG TilesetLoader        - Writing to buffer: dst=912,432, w=48,h=48, src=288,0
17:34:03.760 [FXGL Background Thread 4 ] DEBUG TilesetLoader        - Writing to buffer: dst=960,432, w=48,h=48, src=288,0
17:34:03.760 [FXGL Background Thread 4 ] DEBUG TilesetLoader        - Writing to buffer: dst=1008,432, w=48,h=48, src=288,0
17:34:03.760 [FXGL Background Thread 4 ] DEBUG TilesetLoader        - Writing to buffer: dst=1056,432, w=48,h=48, src=288,0
17:34:03.761 [FXGL Background Thread 4 ] DEBUG TilesetLoader        - Writing to buffer: dst=1104,432, w=48,h=48, src=288,0
17:34:03.761 [FXGL Background Thread 4 ] DEBUG TilesetLoader        - Writing to buffer: dst=1152,432, w=48,h=48, src=288,0
17:34:03.761 [FXGL Background Thread 4 ] DEBUG TilesetLoader        - Writing to buffer: dst=1200,432, w=48,h=48, src=288,0
17:34:03.761 [FXGL Background Thread 4 ] DEBUG TilesetLoader        - Writing to buffer: dst=1248,432, w=48,h=48, src=288,0
17:34:03.761 [FXGL Background Thread 4 ] DEBUG TilesetLoader        - Writing to buffer: dst=1296,432, w=48,h=48, src=288,0
17:34:03.761 [FXGL Background Thread 4 ] DEBUG TilesetLoader        - Writing to buffer: dst=1344,432, w=48,h=48, src=288,0
17:34:03.761 [FXGL Background Thread 4 ] DEBUG TilesetLoader        - Writing to buffer: dst=1392,432, w=48,h=48, src=288,0
17:34:03.761 [FXGL Background Thread 4 ] DEBUG TilesetLoader        - Writing to buffer: dst=1440,432, w=48,h=48, src=240,0
17:34:03.762 [FXGL Background Thread 4 ] DEBUG TilesetLoader        - Writing to buffer: dst=0,480, w=48,h=48, src=240,0
17:34:03.762 [FXGL Background Thread 4 ] DEBUG TilesetLoader        - Writing to buffer: dst=48,480, w=48,h=48, src=288,0
17:34:03.762 [FXGL Background Thread 4 ] DEBUG TilesetLoader        - Writing to buffer: dst=96,480, w=48,h=48, src=240,0
17:34:03.762 [FXGL Background Thread 4 ] DEBUG TilesetLoader        - Writing to buffer: dst=144,480, w=48,h=48, src=288,0
17:34:03.762 [FXGL Background Thread 4 ] DEBUG TilesetLoader        - Writing to buffer: dst=192,480, w=48,h=48, src=240,0
17:34:03.762 [FXGL Background Thread 4 ] DEBUG TilesetLoader        - Writing to buffer: dst=240,480, w=48,h=48, src=288,0
17:34:03.762 [FXGL Background Thread 4 ] DEBUG TilesetLoader        - Writing to buffer: dst=288,480, w=48,h=48, src=240,0
17:34:03.762 [FXGL Background Thread 4 ] DEBUG TilesetLoader        - Writing to buffer: dst=336,480, w=48,h=48, src=288,0
17:34:03.762 [FXGL Background Thread 4 ] DEBUG TilesetLoader        - Writing to buffer: dst=384,480, w=48,h=48, src=240,0
17:34:03.762 [FXGL Background Thread 4 ] DEBUG TilesetLoader        - Writing to buffer: dst=432,480, w=48,h=48, src=288,0
17:34:03.763 [FXGL Background Thread 4 ] DEBUG TilesetLoader        - Writing to buffer: dst=480,480, w=48,h=48, src=240,0
17:34:03.763 [FXGL Background Thread 4 ] DEBUG TilesetLoader        - Writing to buffer: dst=528,480, w=48,h=48, src=288,0
17:34:03.763 [FXGL Background Thread 4 ] DEBUG TilesetLoader        - Writing to buffer: dst=576,480, w=48,h=48, src=240,0
17:34:03.763 [FXGL Background Thread 4 ] DEBUG TilesetLoader        - Writing to buffer: dst=624,480, w=48,h=48, src=288,0
17:34:03.763 [FXGL Background Thread 4 ] DEBUG TilesetLoader        - Writing to buffer: dst=672,480, w=48,h=48, src=240,0
17:34:03.763 [FXGL Background Thread 4 ] DEBUG TilesetLoader        - Writing to buffer: dst=720,480, w=48,h=48, src=288,0
17:34:03.763 [FXGL Background Thread 4 ] DEBUG TilesetLoader        - Writing to buffer: dst=768,480, w=48,h=48, src=240,0
17:34:03.763 [FXGL Background Thread 4 ] DEBUG TilesetLoader        - Writing to buffer: dst=816,480, w=48,h=48, src=288,0
17:34:03.763 [FXGL Background Thread 4 ] DEBUG TilesetLoader        - Writing to buffer: dst=864,480, w=48,h=48, src=240,0
17:34:03.763 [FXGL Background Thread 4 ] DEBUG TilesetLoader        - Writing to buffer: dst=912,480, w=48,h=48, src=288,0
17:34:03.763 [FXGL Background Thread 4 ] DEBUG TilesetLoader        - Writing to buffer: dst=960,480, w=48,h=48, src=240,0
17:34:03.763 [FXGL Background Thread 4 ] DEBUG TilesetLoader        - Writing to buffer: dst=1008,480, w=48,h=48, src=288,0
17:34:03.764 [FXGL Background Thread 4 ] DEBUG TilesetLoader        - Writing to buffer: dst=1056,480, w=48,h=48, src=240,0
17:34:03.764 [FXGL Background Thread 4 ] DEBUG TilesetLoader        - Writing to buffer: dst=1104,480, w=48,h=48, src=288,0
17:34:03.764 [FXGL Background Thread 4 ] DEBUG TilesetLoader        - Writing to buffer: dst=1152,480, w=48,h=48, src=240,0
17:34:03.764 [FXGL Background Thread 4 ] DEBUG TilesetLoader        - Writing to buffer: dst=1200,480, w=48,h=48, src=288,0
17:34:03.764 [FXGL Background Thread 4 ] DEBUG TilesetLoader        - Writing to buffer: dst=1248,480, w=48,h=48, src=240,0
17:34:03.764 [FXGL Background Thread 4 ] DEBUG TilesetLoader        - Writing to buffer: dst=1296,480, w=48,h=48, src=288,0
17:34:03.764 [FXGL Background Thread 4 ] DEBUG TilesetLoader        - Writing to buffer: dst=1344,480, w=48,h=48, src=240,0
17:34:03.764 [FXGL Background Thread 4 ] DEBUG TilesetLoader        - Writing to buffer: dst=1392,480, w=48,h=48, src=288,0
17:34:03.764 [FXGL Background Thread 4 ] DEBUG TilesetLoader        - Writing to buffer: dst=1440,480, w=48,h=48, src=240,0
17:34:03.764 [FXGL Background Thread 4 ] DEBUG TilesetLoader        - Writing to buffer: dst=0,528, w=48,h=48, src=240,0
17:34:03.764 [FXGL Background Thread 4 ] DEBUG TilesetLoader        - Writing to buffer: dst=48,528, w=48,h=48, src=288,0
17:34:03.764 [FXGL Background Thread 4 ] DEBUG TilesetLoader        - Writing to buffer: dst=96,528, w=48,h=48, src=288,0
17:34:03.764 [FXGL Background Thread 4 ] DEBUG TilesetLoader        - Writing to buffer: dst=144,528, w=48,h=48, src=288,0
17:34:03.765 [FXGL Background Thread 4 ] DEBUG TilesetLoader        - Writing to buffer: dst=192,528, w=48,h=48, src=288,0
17:34:03.765 [FXGL Background Thread 4 ] DEBUG TilesetLoader        - Writing to buffer: dst=240,528, w=48,h=48, src=288,0
17:34:03.765 [FXGL Background Thread 4 ] DEBUG TilesetLoader        - Writing to buffer: dst=288,528, w=48,h=48, src=288,0
17:34:03.765 [FXGL Background Thread 4 ] DEBUG TilesetLoader        - Writing to buffer: dst=336,528, w=48,h=48, src=288,0
17:34:03.765 [FXGL Background Thread 4 ] DEBUG TilesetLoader        - Writing to buffer: dst=384,528, w=48,h=48, src=288,0
17:34:03.765 [FXGL Background Thread 4 ] DEBUG TilesetLoader        - Writing to buffer: dst=432,528, w=48,h=48, src=288,0
17:34:03.765 [FXGL Background Thread 4 ] DEBUG TilesetLoader        - Writing to buffer: dst=480,528, w=48,h=48, src=288,0
17:34:03.765 [FXGL Background Thread 4 ] DEBUG TilesetLoader        - Writing to buffer: dst=528,528, w=48,h=48, src=288,0
17:34:03.765 [FXGL Background Thread 4 ] DEBUG TilesetLoader        - Writing to buffer: dst=576,528, w=48,h=48, src=288,0
17:34:03.765 [FXGL Background Thread 4 ] DEBUG TilesetLoader        - Writing to buffer: dst=624,528, w=48,h=48, src=288,0
17:34:03.765 [FXGL Background Thread 4 ] DEBUG TilesetLoader        - Writing to buffer: dst=672,528, w=48,h=48, src=288,0
17:34:03.765 [FXGL Background Thread 4 ] DEBUG TilesetLoader        - Writing to buffer: dst=720,528, w=48,h=48, src=288,0
17:34:03.766 [FXGL Background Thread 4 ] DEBUG TilesetLoader        - Writing to buffer: dst=768,528, w=48,h=48, src=288,0
17:34:03.766 [FXGL Background Thread 4 ] DEBUG TilesetLoader        - Writing to buffer: dst=816,528, w=48,h=48, src=288,0
17:34:03.766 [FXGL Background Thread 4 ] DEBUG TilesetLoader        - Writing to buffer: dst=864,528, w=48,h=48, src=288,0
17:34:03.766 [FXGL Background Thread 4 ] DEBUG TilesetLoader        - Writing to buffer: dst=912,528, w=48,h=48, src=288,0
17:34:03.766 [FXGL Background Thread 4 ] DEBUG TilesetLoader        - Writing to buffer: dst=960,528, w=48,h=48, src=288,0
17:34:03.766 [FXGL Background Thread 4 ] DEBUG TilesetLoader        - Writing to buffer: dst=1008,528, w=48,h=48, src=288,0
17:34:03.766 [FXGL Background Thread 4 ] DEBUG TilesetLoader        - Writing to buffer: dst=1056,528, w=48,h=48, src=288,0
17:34:03.766 [FXGL Background Thread 4 ] DEBUG TilesetLoader        - Writing to buffer: dst=1104,528, w=48,h=48, src=288,0
17:34:03.766 [FXGL Background Thread 4 ] DEBUG TilesetLoader        - Writing to buffer: dst=1152,528, w=48,h=48, src=288,0
17:34:03.766 [FXGL Background Thread 4 ] DEBUG TilesetLoader        - Writing to buffer: dst=1200,528, w=48,h=48, src=288,0
17:34:03.766 [FXGL Background Thread 4 ] DEBUG TilesetLoader        - Writing to buffer: dst=1248,528, w=48,h=48, src=288,0
17:34:03.766 [FXGL Background Thread 4 ] DEBUG TilesetLoader        - Writing to buffer: dst=1296,528, w=48,h=48, src=288,0
17:34:03.766 [FXGL Background Thread 4 ] DEBUG TilesetLoader        - Writing to buffer: dst=1344,528, w=48,h=48, src=288,0
17:34:03.767 [FXGL Background Thread 4 ] DEBUG TilesetLoader        - Writing to buffer: dst=1392,528, w=48,h=48, src=288,0
17:34:03.767 [FXGL Background Thread 4 ] DEBUG TilesetLoader        - Writing to buffer: dst=1440,528, w=48,h=48, src=240,0
17:34:03.767 [FXGL Background Thread 4 ] DEBUG TilesetLoader        - Writing to buffer: dst=0,576, w=48,h=48, src=240,0
17:34:03.767 [FXGL Background Thread 4 ] DEBUG TilesetLoader        - Writing to buffer: dst=48,576, w=48,h=48, src=288,0
17:34:03.767 [FXGL Background Thread 4 ] DEBUG TilesetLoader        - Writing to buffer: dst=96,576, w=48,h=48, src=240,0
17:34:03.767 [FXGL Background Thread 4 ] DEBUG TilesetLoader        - Writing to buffer: dst=144,576, w=48,h=48, src=288,0
17:34:03.767 [FXGL Background Thread 4 ] DEBUG TilesetLoader        - Writing to buffer: dst=192,576, w=48,h=48, src=240,0
17:34:03.767 [FXGL Background Thread 4 ] DEBUG TilesetLoader        - Writing to buffer: dst=240,576, w=48,h=48, src=288,0
17:34:03.767 [FXGL Background Thread 4 ] DEBUG TilesetLoader        - Writing to buffer: dst=288,576, w=48,h=48, src=240,0
17:34:03.767 [FXGL Background Thread 4 ] DEBUG TilesetLoader        - Writing to buffer: dst=336,576, w=48,h=48, src=288,0
17:34:03.767 [FXGL Background Thread 4 ] DEBUG TilesetLoader        - Writing to buffer: dst=384,576, w=48,h=48, src=240,0
17:34:03.768 [FXGL Background Thread 4 ] DEBUG TilesetLoader        - Writing to buffer: dst=432,576, w=48,h=48, src=288,0
17:34:03.768 [FXGL Background Thread 4 ] DEBUG TilesetLoader        - Writing to buffer: dst=480,576, w=48,h=48, src=240,0
17:34:03.768 [FXGL Background Thread 4 ] DEBUG TilesetLoader        - Writing to buffer: dst=528,576, w=48,h=48, src=288,0
17:34:03.768 [FXGL Background Thread 4 ] DEBUG TilesetLoader        - Writing to buffer: dst=576,576, w=48,h=48, src=240,0
17:34:03.768 [FXGL Background Thread 4 ] DEBUG TilesetLoader        - Writing to buffer: dst=624,576, w=48,h=48, src=288,0
17:34:03.768 [FXGL Background Thread 4 ] DEBUG TilesetLoader        - Writing to buffer: dst=672,576, w=48,h=48, src=240,0
17:34:03.768 [FXGL Background Thread 4 ] DEBUG TilesetLoader        - Writing to buffer: dst=720,576, w=48,h=48, src=288,0
17:34:03.768 [FXGL Background Thread 4 ] DEBUG TilesetLoader        - Writing to buffer: dst=768,576, w=48,h=48, src=240,0
17:34:03.768 [FXGL Background Thread 4 ] DEBUG TilesetLoader        - Writing to buffer: dst=816,576, w=48,h=48, src=288,0
17:34:03.768 [FXGL Background Thread 4 ] DEBUG TilesetLoader        - Writing to buffer: dst=864,576, w=48,h=48, src=240,0
17:34:03.768 [FXGL Background Thread 4 ] DEBUG TilesetLoader        - Writing to buffer: dst=912,576, w=48,h=48, src=288,0
17:34:03.768 [FXGL Background Thread 4 ] DEBUG TilesetLoader        - Writing to buffer: dst=960,576, w=48,h=48, src=240,0
17:34:03.769 [FXGL Background Thread 4 ] DEBUG TilesetLoader        - Writing to buffer: dst=1008,576, w=48,h=48, src=288,0
17:34:03.769 [FXGL Background Thread 4 ] DEBUG TilesetLoader        - Writing to buffer: dst=1056,576, w=48,h=48, src=240,0
17:34:03.769 [FXGL Background Thread 4 ] DEBUG TilesetLoader        - Writing to buffer: dst=1104,576, w=48,h=48, src=288,0
17:34:03.769 [FXGL Background Thread 4 ] DEBUG TilesetLoader        - Writing to buffer: dst=1152,576, w=48,h=48, src=240,0
17:34:03.769 [FXGL Background Thread 4 ] DEBUG TilesetLoader        - Writing to buffer: dst=1200,576, w=48,h=48, src=288,0
17:34:03.769 [FXGL Background Thread 4 ] DEBUG TilesetLoader        - Writing to buffer: dst=1248,576, w=48,h=48, src=240,0
17:34:03.769 [FXGL Background Thread 4 ] DEBUG TilesetLoader        - Writing to buffer: dst=1296,576, w=48,h=48, src=288,0
17:34:03.769 [FXGL Background Thread 4 ] DEBUG TilesetLoader        - Writing to buffer: dst=1344,576, w=48,h=48, src=240,0
17:34:03.769 [FXGL Background Thread 4 ] DEBUG TilesetLoader        - Writing to buffer: dst=1392,576, w=48,h=48, src=288,0
17:34:03.769 [FXGL Background Thread 4 ] DEBUG TilesetLoader        - Writing to buffer: dst=1440,576, w=48,h=48, src=240,0
17:34:03.769 [FXGL Background Thread 4 ] DEBUG TilesetLoader        - Writing to buffer: dst=0,624, w=48,h=48, src=240,0
17:34:03.769 [FXGL Background Thread 4 ] DEBUG TilesetLoader        - Writing to buffer: dst=48,624, w=48,h=48, src=288,0
17:34:03.770 [FXGL Background Thread 4 ] DEBUG TilesetLoader        - Writing to buffer: dst=96,624, w=48,h=48, src=288,0
17:34:03.770 [FXGL Background Thread 4 ] DEBUG TilesetLoader        - Writing to buffer: dst=144,624, w=48,h=48, src=288,0
17:34:03.770 [FXGL Background Thread 4 ] DEBUG TilesetLoader        - Writing to buffer: dst=192,624, w=48,h=48, src=288,0
17:34:03.770 [FXGL Background Thread 4 ] DEBUG TilesetLoader        - Writing to buffer: dst=240,624, w=48,h=48, src=288,0
17:34:03.770 [FXGL Background Thread 4 ] DEBUG TilesetLoader        - Writing to buffer: dst=288,624, w=48,h=48, src=288,0
17:34:03.770 [FXGL Background Thread 4 ] DEBUG TilesetLoader        - Writing to buffer: dst=336,624, w=48,h=48, src=288,0
17:34:03.770 [FXGL Background Thread 4 ] DEBUG TilesetLoader        - Writing to buffer: dst=384,624, w=48,h=48, src=288,0
17:34:03.770 [FXGL Background Thread 4 ] DEBUG TilesetLoader        - Writing to buffer: dst=432,624, w=48,h=48, src=288,0
17:34:03.770 [FXGL Background Thread 4 ] DEBUG TilesetLoader        - Writing to buffer: dst=480,624, w=48,h=48, src=240,0
17:34:03.770 [FXGL Background Thread 4 ] DEBUG TilesetLoader        - Writing to buffer: dst=528,624, w=48,h=48, src=288,0
17:34:03.770 [FXGL Background Thread 4 ] DEBUG TilesetLoader        - Writing to buffer: dst=576,624, w=48,h=48, src=288,0
17:34:03.770 [FXGL Background Thread 4 ] DEBUG TilesetLoader        - Writing to buffer: dst=624,624, w=48,h=48, src=288,0
17:34:03.770 [FXGL Background Thread 4 ] DEBUG TilesetLoader        - Writing to buffer: dst=672,624, w=48,h=48, src=288,0
17:34:03.771 [FXGL Background Thread 4 ] DEBUG TilesetLoader        - Writing to buffer: dst=720,624, w=48,h=48, src=288,0
17:34:03.771 [FXGL Background Thread 4 ] DEBUG TilesetLoader        - Writing to buffer: dst=768,624, w=48,h=48, src=288,0
17:34:03.771 [FXGL Background Thread 4 ] DEBUG TilesetLoader        - Writing to buffer: dst=816,624, w=48,h=48, src=288,0
17:34:03.771 [FXGL Background Thread 4 ] DEBUG TilesetLoader        - Writing to buffer: dst=864,624, w=48,h=48, src=288,0
17:34:03.771 [FXGL Background Thread 4 ] DEBUG TilesetLoader        - Writing to buffer: dst=912,624, w=48,h=48, src=288,0
17:34:03.771 [FXGL Background Thread 4 ] DEBUG TilesetLoader        - Writing to buffer: dst=960,624, w=48,h=48, src=240,0
17:34:03.771 [FXGL Background Thread 4 ] DEBUG TilesetLoader        - Writing to buffer: dst=1008,624, w=48,h=48, src=288,0
17:34:03.771 [FXGL Background Thread 4 ] DEBUG TilesetLoader        - Writing to buffer: dst=1056,624, w=48,h=48, src=288,0
17:34:03.771 [FXGL Background Thread 4 ] DEBUG TilesetLoader        - Writing to buffer: dst=1104,624, w=48,h=48, src=288,0
17:34:03.771 [FXGL Background Thread 4 ] DEBUG TilesetLoader        - Writing to buffer: dst=1152,624, w=48,h=48, src=288,0
17:34:03.771 [FXGL Background Thread 4 ] DEBUG TilesetLoader        - Writing to buffer: dst=1200,624, w=48,h=48, src=288,0
17:34:03.771 [FXGL Background Thread 4 ] DEBUG TilesetLoader        - Writing to buffer: dst=1248,624, w=48,h=48, src=288,0
17:34:03.771 [FXGL Background Thread 4 ] DEBUG TilesetLoader        - Writing to buffer: dst=1296,624, w=48,h=48, src=288,0
17:34:03.771 [FXGL Background Thread 4 ] DEBUG TilesetLoader        - Writing to buffer: dst=1344,624, w=48,h=48, src=288,0
17:34:03.772 [FXGL Background Thread 4 ] DEBUG TilesetLoader        - Writing to buffer: dst=1392,624, w=48,h=48, src=288,0
17:34:03.772 [FXGL Background Thread 4 ] DEBUG TilesetLoader        - Writing to buffer: dst=1440,624, w=48,h=48, src=240,0
17:34:03.772 [FXGL Background Thread 4 ] DEBUG TilesetLoader        - Writing to buffer: dst=0,672, w=48,h=48, src=240,0
17:34:03.772 [FXGL Background Thread 4 ] DEBUG TilesetLoader        - Writing to buffer: dst=48,672, w=48,h=48, src=240,0
17:34:03.772 [FXGL Background Thread 4 ] DEBUG TilesetLoader        - Writing to buffer: dst=96,672, w=48,h=48, src=240,0
17:34:03.772 [FXGL Background Thread 4 ] DEBUG TilesetLoader        - Writing to buffer: dst=144,672, w=48,h=48, src=240,0
17:34:03.772 [FXGL Background Thread 4 ] DEBUG TilesetLoader        - Writing to buffer: dst=192,672, w=48,h=48, src=240,0
17:34:03.772 [FXGL Background Thread 4 ] DEBUG TilesetLoader        - Writing to buffer: dst=240,672, w=48,h=48, src=240,0
17:34:03.772 [FXGL Background Thread 4 ] DEBUG TilesetLoader        - Writing to buffer: dst=288,672, w=48,h=48, src=240,0
17:34:03.772 [FXGL Background Thread 4 ] DEBUG TilesetLoader        - Writing to buffer: dst=336,672, w=48,h=48, src=240,0
17:34:03.772 [FXGL Background Thread 4 ] DEBUG TilesetLoader        - Writing to buffer: dst=384,672, w=48,h=48, src=240,0
17:34:03.772 [FXGL Background Thread 4 ] DEBUG TilesetLoader        - Writing to buffer: dst=432,672, w=48,h=48, src=240,0
17:34:03.773 [FXGL Background Thread 4 ] DEBUG TilesetLoader        - Writing to buffer: dst=480,672, w=48,h=48, src=240,0
17:34:03.773 [FXGL Background Thread 4 ] DEBUG TilesetLoader        - Writing to buffer: dst=528,672, w=48,h=48, src=240,0
17:34:03.773 [FXGL Background Thread 4 ] DEBUG TilesetLoader        - Writing to buffer: dst=576,672, w=48,h=48, src=240,0
17:34:03.773 [FXGL Background Thread 4 ] DEBUG TilesetLoader        - Writing to buffer: dst=624,672, w=48,h=48, src=240,0
17:34:03.773 [FXGL Background Thread 4 ] DEBUG TilesetLoader        - Writing to buffer: dst=672,672, w=48,h=48, src=240,0
17:34:03.773 [FXGL Background Thread 4 ] DEBUG TilesetLoader        - Writing to buffer: dst=720,672, w=48,h=48, src=240,0
17:34:03.773 [FXGL Background Thread 4 ] DEBUG TilesetLoader        - Writing to buffer: dst=768,672, w=48,h=48, src=240,0
17:34:03.773 [FXGL Background Thread 4 ] DEBUG TilesetLoader        - Writing to buffer: dst=816,672, w=48,h=48, src=240,0
17:34:03.773 [FXGL Background Thread 4 ] DEBUG TilesetLoader        - Writing to buffer: dst=864,672, w=48,h=48, src=240,0
17:34:03.773 [FXGL Background Thread 4 ] DEBUG TilesetLoader        - Writing to buffer: dst=912,672, w=48,h=48, src=240,0
17:34:03.773 [FXGL Background Thread 4 ] DEBUG TilesetLoader        - Writing to buffer: dst=960,672, w=48,h=48, src=240,0
17:34:03.773 [FXGL Background Thread 4 ] DEBUG TilesetLoader        - Writing to buffer: dst=1008,672, w=48,h=48, src=240,0
17:34:03.773 [FXGL Background Thread 4 ] DEBUG TilesetLoader        - Writing to buffer: dst=1056,672, w=48,h=48, src=240,0
17:34:03.774 [FXGL Background Thread 4 ] DEBUG TilesetLoader        - Writing to buffer: dst=1104,672, w=48,h=48, src=240,0
17:34:03.774 [FXGL Background Thread 4 ] DEBUG TilesetLoader        - Writing to buffer: dst=1152,672, w=48,h=48, src=240,0
17:34:03.774 [FXGL Background Thread 4 ] DEBUG TilesetLoader        - Writing to buffer: dst=1200,672, w=48,h=48, src=240,0
17:34:03.774 [FXGL Background Thread 4 ] DEBUG TilesetLoader        - Writing to buffer: dst=1248,672, w=48,h=48, src=240,0
17:34:03.774 [FXGL Background Thread 4 ] DEBUG TilesetLoader        - Writing to buffer: dst=1296,672, w=48,h=48, src=240,0
17:34:03.774 [FXGL Background Thread 4 ] DEBUG TilesetLoader        - Writing to buffer: dst=1344,672, w=48,h=48, src=240,0
17:34:03.774 [FXGL Background Thread 4 ] DEBUG TilesetLoader        - Writing to buffer: dst=1392,672, w=48,h=48, src=240,0
17:34:03.774 [FXGL Background Thread 4 ] DEBUG TilesetLoader        - Writing to buffer: dst=1440,672, w=48,h=48, src=240,0
17:34:03.774 [FXGL Background Thread 4 ] DEBUG TMXLevelLoader       - Creating object layer entities
17:34:03.798 [FXGL Background Thread 4 ] DEBUG FXGLAssetLoaderServi - Loading from file system: /assets/textures/sprites.png
17:34:03.862 [FXGL Background Thread 4 ] DEBUG FXGLAssetLoaderServi - Loading from cache: /assets/textures/sprites.png
17:34:03.862 [FXGL Background Thread 4 ] DEBUG FXGLAssetLoaderServi - Loading from cache: /assets/textures/sprites.png
17:34:03.862 [FXGL Background Thread 4 ] DEBUG FXGLAssetLoaderServi - Loading from cache: /assets/textures/sprites.png
17:34:03.862 [FXGL Background Thread 4 ] DEBUG FXGLAssetLoaderServi - Loading from cache: /assets/textures/sprites.png
17:34:03.862 [FXGL Background Thread 4 ] DEBUG FXGLAssetLoaderServi - Loading from cache: /assets/textures/sprites.png
17:34:03.862 [FXGL Background Thread 4 ] DEBUG FXGLAssetLoaderServi - Loading from cache: /assets/textures/sprites.png
17:34:03.862 [FXGL Background Thread 4 ] DEBUG FXGLAssetLoaderServi - Loading from cache: /assets/textures/sprites.png
17:34:03.920 [FXGL Background Thread 4 ] DEBUG GameWorld            - Clearing removable entities
17:34:03.920 [FXGL Background Thread 4 ] DEBUG GameWorld            - Setting level: com.almasb.fxgl.entity.level.Level@47217d01
17:34:03.992 [FXGL Background Thread 4 ] INFO  FXGLApplication      - Game initialization took: 0.585 sec
17:34:03.995 [JavaFX Application Thread] DEBUG Input                - Clearing active input actions
17:34:04.010 [JavaFX Application Thread] DEBUG GameApplicationServi - Removing overlay from FXGLLoadingScene and adding to GameScene
17:34:04.010 [JavaFX Application Thread] DEBUG MainWindow           - FXGLLoadingScene -> GameScene
17:34:04.207 [FXGL Background Thread 2 ] INFO  UpdaterService       - Your current version:  11.12
17:34:04.207 [FXGL Background Thread 2 ] INFO  UpdaterService       - Latest stable version: 17.2
17:34:06.283 [FXGL Background Thread 3 ] DEBUG Engine               - Logging environment variables
17:34:06.284 [FXGL Background Thread 3 ] DEBUG Engine               - achievements: []
17:34:06.284 [FXGL Background Thread 3 ] DEBUG Engine               - actualHeight: 720.0
17:34:06.284 [FXGL Background Thread 3 ] DEBUG Engine               - actualHeightProperty: ReadOnlyDoubleProperty [value: 720.0]
17:34:06.284 [FXGL Background Thread 3 ] DEBUG Engine               - actualWidth: 1488.0
17:34:06.284 [FXGL Background Thread 3 ] DEBUG Engine               - actualWidthProperty: ReadOnlyDoubleProperty [value: 1488.0]
17:34:06.285 [FXGL Background Thread 3 ] DEBUG Engine               - appIcon: fxgl_icon.png
17:34:06.285 [FXGL Background Thread 3 ] DEBUG Engine               - applicationMode: DEVELOPER
17:34:06.285 [FXGL Background Thread 3 ] DEBUG Engine               - cSSList: [fxgl_dark.css]
17:34:06.285 [FXGL Background Thread 3 ] DEBUG Engine               - configClass: Optional.empty
17:34:06.285 [FXGL Background Thread 3 ] DEBUG Engine               - credits: []
17:34:06.285 [FXGL Background Thread 3 ] DEBUG Engine               - devBBoxColorProperty: ObjectProperty [value: 0xff0000ff]
17:34:06.286 [FXGL Background Thread 3 ] DEBUG Engine               - devEnableDebugCameraProperty: BooleanProperty [value: false]
17:34:06.286 [FXGL Background Thread 3 ] DEBUG Engine               - devSensorColorProperty: ObjectProperty [value: 0xffff00ff]
17:34:06.286 [FXGL Background Thread 3 ] DEBUG Engine               - devShowBBoxProperty: BooleanProperty [value: false]
17:34:06.286 [FXGL Background Thread 3 ] DEBUG Engine               - devShowPositionProperty: BooleanProperty [value: false]
17:34:06.286 [FXGL Background Thread 3 ] DEBUG Engine               - enabledMenuItems: []
17:34:06.286 [FXGL Background Thread 3 ] DEBUG Engine               - engineServices: [class com.almasb.fxgl.app.FXGLApplication$GameApplicationService, class com.almasb.fxgl.app.services.FXGLDialogService, class com.almasb.fxgl.app.services.IOTaskExecutorService, class com.almasb.fxgl.event.EventBusService, class com.almasb.fxgl.io.FileSystemService, class com.almasb.fxgl.localization.LocalizationService, class com.almasb.fxgl.app.services.FXGLAssetLoaderService, class com.almasb.fxgl.app.services.SystemBundleService, class com.almasb.fxgl.profile.SaveLoadService, class com.almasb.fxgl.ui.FXGLUIFactoryServiceProvider, class com.almasb.fxgl.ui.FXGLDialogFactoryServiceProvider, class com.almasb.fxgl.audio.AudioPlayer, class com.almasb.fxgl.notification.impl.NotificationServiceProvider, class com.almasb.fxgl.achievement.AchievementService, class com.almasb.fxgl.cutscene.CutsceneService, class com.almasb.fxgl.minigames.MiniGameService, class com.almasb.fxgl.net.NetService, class com.almasb.fxgl.app.services.UpdaterService, class com.almasb.fxgl.dev.DevService]
17:34:06.287 [FXGL Background Thread 3 ] DEBUG Engine               - fontGame: Abel-Regular.ttf
17:34:06.287 [FXGL Background Thread 3 ] DEBUG Engine               - fontMono: lucida_console.ttf
17:34:06.287 [FXGL Background Thread 3 ] DEBUG Engine               - fontText: Courier-Prime.ttf
17:34:06.287 [FXGL Background Thread 3 ] DEBUG Engine               - fontUI: VarelaRound-Regular.ttf
17:34:06.287 [FXGL Background Thread 3 ] DEBUG Engine               - fullScreen: BooleanProperty [value: false]
17:34:06.287 [FXGL Background Thread 3 ] DEBUG Engine               - gameDifficulty: MEDIUM
17:34:06.287 [FXGL Background Thread 3 ] DEBUG Engine               - gameDifficultyProperty: ObjectProperty [value: MEDIUM]
17:34:06.287 [FXGL Background Thread 3 ] DEBUG Engine               - globalMusicVolume: 0.5
17:34:06.288 [FXGL Background Thread 3 ] DEBUG Engine               - globalMusicVolumeProperty: DoubleProperty [value: 0.5]
17:34:06.288 [FXGL Background Thread 3 ] DEBUG Engine               - globalSoundVolume: 0.5
17:34:06.288 [FXGL Background Thread 3 ] DEBUG Engine               - globalSoundVolumeProperty: DoubleProperty [value: 0.5]
17:34:06.288 [FXGL Background Thread 3 ] DEBUG Engine               - height: 720
17:34:06.288 [FXGL Background Thread 3 ] DEBUG Engine               - isAndroid: false
17:34:06.288 [FXGL Background Thread 3 ] DEBUG Engine               - isBrowser: false
17:34:06.288 [FXGL Background Thread 3 ] DEBUG Engine               - isClickFeedbackEnabled: false
17:34:06.288 [FXGL Background Thread 3 ] DEBUG Engine               - isCloseConfirmation: false
17:34:06.288 [FXGL Background Thread 3 ] DEBUG Engine               - isDesktop: true
17:34:06.289 [FXGL Background Thread 3 ] DEBUG Engine               - isDeveloperMenuEnabled: false
17:34:06.289 [FXGL Background Thread 3 ] DEBUG Engine               - isEntityPreloadEnabled: true
17:34:06.289 [FXGL Background Thread 3 ] DEBUG Engine               - isExperimental3D: false
17:34:06.289 [FXGL Background Thread 3 ] DEBUG Engine               - isExperimentalNative: false
17:34:06.289 [FXGL Background Thread 3 ] DEBUG Engine               - isExperimentalTiledLargeMap: false
17:34:06.289 [FXGL Background Thread 3 ] DEBUG Engine               - isFileSystemWriteAllowed: true
17:34:06.289 [FXGL Background Thread 3 ] DEBUG Engine               - isFullScreenAllowed: false
17:34:06.290 [FXGL Background Thread 3 ] DEBUG Engine               - isFullScreenFromStart: false
17:34:06.290 [FXGL Background Thread 3 ] DEBUG Engine               - isGameMenuEnabled: true
17:34:06.290 [FXGL Background Thread 3 ] DEBUG Engine               - isIOS: false
17:34:06.290 [FXGL Background Thread 3 ] DEBUG Engine               - isIntroEnabled: false
17:34:06.290 [FXGL Background Thread 3 ] DEBUG Engine               - isLinux: false
17:34:06.290 [FXGL Background Thread 3 ] DEBUG Engine               - isMac: false
17:34:06.290 [FXGL Background Thread 3 ] DEBUG Engine               - isMainMenuEnabled: false
17:34:06.290 [FXGL Background Thread 3 ] DEBUG Engine               - isManualResizeEnabled: false
17:34:06.291 [FXGL Background Thread 3 ] DEBUG Engine               - isMobile: false
17:34:06.291 [FXGL Background Thread 3 ] DEBUG Engine               - isPreserveResizeRatio: false
17:34:06.291 [FXGL Background Thread 3 ] DEBUG Engine               - isProfilingEnabled: false
17:34:06.291 [FXGL Background Thread 3 ] DEBUG Engine               - isScaleAffectedOnResize: true
17:34:06.291 [FXGL Background Thread 3 ] DEBUG Engine               - isSingleStep: false
17:34:06.291 [FXGL Background Thread 3 ] DEBUG Engine               - isUserProfileEnabled: false
17:34:06.291 [FXGL Background Thread 3 ] DEBUG Engine               - isWindows: true
17:34:06.291 [FXGL Background Thread 3 ] DEBUG Engine               - language: ObjectProperty [value: ENGLISH]
17:34:06.291 [FXGL Background Thread 3 ] DEBUG Engine               - menuKey: ESCAPE
17:34:06.291 [FXGL Background Thread 3 ] DEBUG Engine               - notificationViewClass: class com.almasb.fxgl.notification.view.XboxNotificationView
17:34:06.292 [FXGL Background Thread 3 ] DEBUG Engine               - pixelsPerMeter: 50.0
17:34:06.292 [FXGL Background Thread 3 ] DEBUG Engine               - platform: WINDOWS
17:34:06.292 [FXGL Background Thread 3 ] DEBUG Engine               - prefHeightProperty: ReadOnlyDoubleProperty [value: 720.0]
17:34:06.292 [FXGL Background Thread 3 ] DEBUG Engine               - prefWidthProperty: ReadOnlyDoubleProperty [value: 1488.0]
17:34:06.292 [FXGL Background Thread 3 ] DEBUG Engine               - profileDir: profiles/
17:34:06.292 [FXGL Background Thread 3 ] DEBUG Engine               - profileName: StringProperty [value: DEFAULT]
17:34:06.292 [FXGL Background Thread 3 ] DEBUG Engine               - randomSeed: -1
17:34:06.293 [FXGL Background Thread 3 ] DEBUG Engine               - runtimeInfo: RuntimeInfo(platform=WINDOWS, version=11.12, build=11.12.2020 08.51)
17:34:06.293 [FXGL Background Thread 3 ] DEBUG Engine               - saveFileExt: sav
17:34:06.293 [FXGL Background Thread 3 ] DEBUG Engine               - scaledHeightProp$fxgl: DoubleProperty [bound, value: 720.0]
17:34:06.293 [FXGL Background Thread 3 ] DEBUG Engine               - scaledWidthProp$fxgl: DoubleProperty [bound, value: 1488.0]
17:34:06.293 [FXGL Background Thread 3 ] DEBUG Engine               - sceneFactory: com.almasb.fxgl.app.scene.SceneFactory@157fad18
17:34:06.293 [FXGL Background Thread 3 ] DEBUG Engine               - secondsIn24h: 60
17:34:06.293 [FXGL Background Thread 3 ] DEBUG Engine               - soundMenuBack: menu/back.wav
17:34:06.293 [FXGL Background Thread 3 ] DEBUG Engine               - soundMenuPress: menu/press.wav
17:34:06.294 [FXGL Background Thread 3 ] DEBUG Engine               - soundMenuSelect: menu/select.wav
17:34:06.294 [FXGL Background Thread 3 ] DEBUG Engine               - soundNotification: core/notification.wav
17:34:06.294 [FXGL Background Thread 3 ] DEBUG Engine               - stageStyle: DECORATED
17:34:06.294 [FXGL Background Thread 3 ] DEBUG Engine               - supportedLanguages: [ENGLISH, FRENCH, GERMAN, HUNGARIAN, RUSSIAN]
17:34:06.294 [FXGL Background Thread 3 ] DEBUG Engine               - title: BOMBERMAN
17:34:06.294 [FXGL Background Thread 3 ] DEBUG Engine               - urlGithub: https://github.com/AlmasB/FXGL
17:34:06.294 [FXGL Background Thread 3 ] DEBUG Engine               - urlLeaderboard: http://fxgl-top.herokuapp.com/
17:34:06.294 [FXGL Background Thread 3 ] DEBUG Engine               - urlPOM: https://raw.githubusercontent.com/AlmasB/FXGL/master/README.md
17:34:06.294 [FXGL Background Thread 3 ] DEBUG Engine               - version: 1.0
17:34:06.294 [FXGL Background Thread 3 ] DEBUG Engine               - versionCheckDays: 7
17:34:06.294 [FXGL Background Thread 3 ] DEBUG Engine               - width: 1488
17:34:06.295 [FXGL Background Thread 3 ] DEBUG Engine               - Logging services
17:34:06.295 [FXGL Background Thread 3 ] DEBUG Engine               - class com.almasb.fxgl.app.FXGLApplication$GameApplicationService
17:34:06.295 [FXGL Background Thread 3 ] DEBUG Engine               - class com.almasb.fxgl.app.services.FXGLDialogService
17:34:06.295 [FXGL Background Thread 3 ] DEBUG Engine               - class com.almasb.fxgl.app.services.IOTaskExecutorService
17:34:06.295 [FXGL Background Thread 3 ] DEBUG Engine               - class com.almasb.fxgl.event.EventBusService
17:34:06.295 [FXGL Background Thread 3 ] DEBUG Engine               - class com.almasb.fxgl.io.FileSystemService
17:34:06.295 [FXGL Background Thread 3 ] DEBUG Engine               - class com.almasb.fxgl.localization.LocalizationService
17:34:06.295 [FXGL Background Thread 3 ] DEBUG Engine               - class com.almasb.fxgl.app.services.FXGLAssetLoaderService
17:34:06.295 [FXGL Background Thread 3 ] DEBUG Engine               - class com.almasb.fxgl.app.services.SystemBundleService
17:34:06.296 [FXGL Background Thread 3 ] DEBUG Engine               - class com.almasb.fxgl.profile.SaveLoadService
17:34:06.296 [FXGL Background Thread 3 ] DEBUG Engine               - class com.almasb.fxgl.ui.FXGLUIFactoryServiceProvider
17:34:06.296 [FXGL Background Thread 3 ] DEBUG Engine               - class com.almasb.fxgl.ui.FXGLDialogFactoryServiceProvider
17:34:06.296 [FXGL Background Thread 3 ] DEBUG Engine               - class com.almasb.fxgl.audio.AudioPlayer
17:34:06.296 [FXGL Background Thread 3 ] DEBUG Engine               - class com.almasb.fxgl.notification.impl.NotificationServiceProvider
17:34:06.296 [FXGL Background Thread 3 ] DEBUG Engine               - class com.almasb.fxgl.achievement.AchievementService
17:34:06.297 [FXGL Background Thread 3 ] DEBUG Engine               - class com.almasb.fxgl.cutscene.CutsceneService
17:34:06.297 [FXGL Background Thread 3 ] DEBUG Engine               - class com.almasb.fxgl.minigames.MiniGameService
17:34:06.297 [FXGL Background Thread 3 ] DEBUG Engine               - class com.almasb.fxgl.net.NetService
17:34:06.297 [FXGL Background Thread 3 ] DEBUG Engine               - class com.almasb.fxgl.app.services.UpdaterService
17:34:06.297 [FXGL Background Thread 3 ] DEBUG Engine               - class com.almasb.fxgl.dev.DevService
17:34:11.172 [JavaFX Application Thread] DEBUG FXGLApplication      - Exiting FXGL
17:34:11.172 [JavaFX Application Thread] DEBUG LoopRunner           - Stopping loop
17:34:11.172 [JavaFX Application Thread] DEBUG SystemBundleService  - Saving FXGL system data
17:34:11.174 [JavaFX Application Thread] DEBUG FileSystemAccess     - Writing to: D:\OOP\game\system\fxgl.bundle
17:34:11.176 [JavaFX Application Thread] DEBUG Async                - Shutting down background threads
17:34:11.176 [JavaFX Application Thread] DEBUG MainWindow           - Closing main window
17:34:11.187 [JavaFX Application Thread] DEBUG Logger               - Closing Logger
