17:35:22.368 [main                     ] DEBUG Logger               - Configured Logger
17:35:22.371 [main                     ] DEBUG GameApplication      - Logging settings
Title: BOMBERMAN
Version: 1.0
Width: 1488
Height: 720
Fullscreen: false
Intro: false
Profiling: false
Single step:false
App Mode: DEVELOPER
Menu Key: ESCAPE
Stage Style: DECORATED
Scene Factory: class com.almasb.fxgl.app.scene.SceneFactory

17:35:22.846 [JavaFX Application Thread] DEBUG FXGLApplication      - Initializing FXGL
17:35:22.849 [JavaFX Application Thread] INFO  Engine               - FXGL-11.12 (11.12.2020 08.51) on WINDOWS (J:18.0.2.1 FX:15)
17:35:22.850 [JavaFX Application Thread] DEBUG Engine               - JRE Vendor Name: Oracle Corporation
17:35:22.850 [JavaFX Application Thread] DEBUG Engine               - Running on OS: Windows 10 version 10.0
17:35:22.850 [JavaFX Application Thread] DEBUG Engine               - Architecture: amd64
17:35:22.850 [JavaFX Application Thread] INFO  Engine               - Source code and latest versions at: https://github.com/AlmasB/FXGL
17:35:22.851 [JavaFX Application Thread] INFO  Engine               -              Join the FXGL chat at: https://gitter.im/AlmasB/FXGL
17:35:22.982 [JavaFX Application Thread] DEBUG MainWindow           - Creating a JavaFX scene
17:35:23.055 [JavaFX Application Thread] DEBUG MainWindow           - Target settings size: 1488.0 x 720.0
17:35:23.056 [JavaFX Application Thread] DEBUG MainWindow           - Scaled scene size:    1488.0 x 720.0
17:35:23.056 [JavaFX Application Thread] DEBUG MainWindow           - Scaled ratio: (1.0, 1.0)
17:35:23.057 [JavaFX Application Thread] DEBUG MainWindow           - Set initial scene to StartupScene
17:35:23.066 [JavaFX Application Thread] DEBUG MainWindow           - Opening main window
17:35:23.193 [JavaFX Application Thread] DEBUG MainWindow           - Window border size: (14.4000244140625, 37.5999755859375)
17:35:23.193 [JavaFX Application Thread] DEBUG MainWindow           - Scaled size: 1488.0 x 720.0
17:35:23.193 [JavaFX Application Thread] DEBUG MainWindow           - Scaled ratio: (1.0, 1.0)
17:35:23.193 [JavaFX Application Thread] DEBUG MainWindow           - Scene size: 1488.0 x 720.0
17:35:23.193 [JavaFX Application Thread] DEBUG MainWindow           - Stage size: 1502.4000244140625 x 757.5999755859375
17:35:23.201 [FXGL Background Thread 1 ] DEBUG Engine               - Initializing environment variables
17:35:23.270 [FXGL Background Thread 1 ] DEBUG GameApplicationServi - Applying CSS: fxgl_dark.css
17:35:23.271 [FXGL Background Thread 1 ] DEBUG FXGLAssetLoaderServi - Loading from file system: /assets/ui/css/fxgl_dark.css
17:35:23.325 [FXGL Background Thread 1 ] DEBUG GameApplicationServi - Initializing application scenes
17:35:23.372 [FXGL Background Thread 1 ] DEBUG GameWorld            - Game world initialized
17:35:23.460 [FXGL Background Thread 1 ] DEBUG PhysicsWorld         - Physics world initialized: appHeight=720, physics.ppm=50.0
17:35:23.462 [FXGL Background Thread 1 ] DEBUG GameScene            - Game scene initialized: 1488x720
17:35:23.517 [FXGL Background Thread 1 ] DEBUG FXGLAssetLoaderServi - Loading from file system: /assets/textures/particles/trace_horizontal.png
17:35:23.624 [FXGL Background Thread 1 ] DEBUG FXGL.DefaultMenu     - createMenuBodyGameMenu()
17:35:23.641 [FXGL Background Thread 1 ] DEBUG FXGL.DefaultMenu     - createOptionsMenu()
17:35:23.646 [FXGL Background Thread 1 ] DEBUG FXGLAssetLoaderServi - Loading from file system: /assets/textures/particles/smoke.png
17:35:23.730 [FXGL Background Thread 1 ] DEBUG GameApplicationServi - Application scenes initialized
17:35:23.745 [FXGL Background Thread 1 ] DEBUG SystemBundleService  - Loading FXGL system data
17:35:23.753 [FXGL Background Thread 1 ] DEBUG FileSystemAccess     - Reading from: D:\OOP\game\system\fxgl.bundle
17:35:23.764 [FXGL Background Thread 1 ] DEBUG SystemBundleService  - Bundle FXGL: {}
17:35:23.764 [FXGL Background Thread 1 ] DEBUG UpdaterService       - Checking for updates
17:35:23.771 [FXGL Background Thread 1 ] DEBUG FXGLApplication      - Loading default localization
17:35:23.771 [FXGL Background Thread 1 ] DEBUG FXGLAssetLoaderServi - Loading from file system: /assets/languages/english.lang
17:35:23.794 [FXGL Background Thread 1 ] INFO  FXGLApplication      - FXGL initialization took: 0.592 sec
17:35:23.810 [FXGL Background Thread 4 ] DEBUG FXGLApplication      - Loading fonts
17:35:23.810 [FXGL Background Thread 4 ] DEBUG FXGLAssetLoaderServi - Loading from file system: /assets/ui/fonts/VarelaRound-Regular.ttf
17:35:23.810 [JavaFX Application Thread] DEBUG Input                - Registered new binding: Left - A
17:35:23.810 [JavaFX Application Thread] DEBUG Input                - Registered new binding: Up - W
17:35:23.811 [JavaFX Application Thread] DEBUG Input                - Registered new binding: Down - S
17:35:23.811 [JavaFX Application Thread] DEBUG FXGLAssetLoaderServi - Loading from file system: /assets/textures/fxgl_icon.png
17:35:23.859 [JavaFX Application Thread] DEBUG FXGLAssetLoaderServi - Loading from file system: /assets/ui/cursors/fxgl_default.png
17:35:23.864 [JavaFX Application Thread] DEBUG Input                - Registered new binding: Screenshot - P
17:35:23.865 [JavaFX Application Thread] DEBUG Input                - Registered new binding: System info dump - CTRL+9
17:35:23.865 [JavaFX Application Thread] DEBUG Input                - Registered new binding: Restart - CTRL+R
17:35:23.867 [JavaFX Application Thread] DEBUG Input                - Registered new binding: Toggle Debug Camera - CTRL+C
17:35:23.870 [JavaFX Application Thread] DEBUG LoopRunner           - Starting loop
17:35:23.872 [JavaFX Application Thread] DEBUG GameApplicationServi - Starting new game
17:35:23.872 [JavaFX Application Thread] DEBUG Input                - Clearing active input actions
17:35:23.891 [JavaFX Application Thread] DEBUG GameApplicationServi - Removing overlay from StartupScene and adding to FXGLLoadingScene
17:35:23.891 [JavaFX Application Thread] DEBUG MainWindow           - StartupScene -> FXGLLoadingScene
17:35:23.891 [JavaFX Application Thread] DEBUG GameApplicationServi - Clearing previous game
17:35:23.892 [JavaFX Application Thread] DEBUG GameScene            - Clearing game scene
17:35:23.892 [JavaFX Application Thread] DEBUG GameWorld            - Clearing game world
17:35:23.892 [JavaFX Application Thread] DEBUG PhysicsWorld         - Clearing physics world
17:35:23.894 [FXGL Background Thread 1 ] DEBUG FXGLApplication      - Initializing game
17:35:23.906 [FXGL Background Thread 1 ] DEBUG FXGLAssetLoaderServi - Loading from file system: /assets/levels/bbm.tmx
17:35:23.988 [FXGL Background Thread 1 ] WARN  TMXLevelLoader       - TiledMap generated from 1.8.6. Supported version: 1.2.3. Some features may not be parsed fully.
17:35:24.009 [FXGL Background Thread 4 ] DEBUG FXGLAssetLoaderServi - Loading from file system: /assets/ui/fonts/Abel-Regular.ttf
17:35:24.014 [FXGL Background Thread 4 ] DEBUG FXGLAssetLoaderServi - Loading from file system: /assets/ui/fonts/lucida_console.ttf
17:35:24.023 [FXGL Background Thread 4 ] DEBUG FXGLAssetLoaderServi - Loading from file system: /assets/ui/fonts/Courier-Prime.ttf
17:35:24.041 [FXGL Background Thread 1 ] DEBUG TMXLevelLoader       - Parsed raw map: TiledMap(width=31, height=15, tilewidth=48, tileheight=48, orientation=orthogonal, layers=[Layer(width=31, height=15, name=Tile Layer 1, type=tilelayer, visible=false, x=0, y=0, data=[0, 0, 0, 0, 0, 0, 0, 0, 0, 0, 0, 0, 0, 0, 0, 0, 0, 0, 0, 0, 0, 0, 0, 0, 0, 0, 0, 0, 0, 0, 0, 0, 0, 0, 0, 0, 0, 0, 0, 0, 0, 0, 0, 0, 0, 0, 0, 0, 0, 0, 0, 0, 0, 0, 0, 0, 0, 0, 0, 0, 0, 0, 6, 6, 6, 6, 6, 6, 6, 6, 6, 6, 6, 6, 6, 6, 6, 6, 6, 6, 6, 6, 6, 6, 6, 6, 6, 6, 6, 6, 6, 6, 6, 6, 7, 7, 7, 7, 7, 7, 7, 7, 7, 6, 7, 7, 7, 7, 7, 7, 7, 7, 7, 6, 7, 7, 7, 7, 7, 7, 7, 7, 7, 6, 6, 7, 6, 7, 6, 7, 6, 7, 6, 7, 6, 7, 6, 7, 6, 7, 6, 7, 6, 7, 6, 7, 6, 7, 6, 7, 6, 7, 6, 7, 6, 6, 7, 7, 7, 7, 7, 7, 7, 7, 7, 7, 7, 7, 7, 7, 7, 7, 7, 7, 7, 7, 7, 7, 7, 7, 7, 7, 7, 7, 7, 6, 6, 7, 6, 7, 6, 7, 6, 7, 6, 7, 6, 7, 6, 7, 6, 7, 6, 7, 6, 7, 6, 7, 6, 7, 6, 7, 6, 7, 6, 7, 6, 6, 7, 7, 7, 7, 7, 7, 7, 7, 7, 7, 7, 7, 7, 7, 7, 7, 7, 7, 7, 7, 7, 7, 7, 7, 7, 7, 7, 7, 7, 6, 6, 6, 6, 7, 6, 7, 6, 7, 6, 7, 6, 6, 6, 7, 6, 7, 6, 7, 6, 6, 6, 7, 6, 7, 6, 7, 6, 7, 6, 6, 6, 6, 7, 7, 7, 7, 7, 7, 7, 7, 7, 7, 7, 7, 7, 7, 7, 7, 7, 7, 7, 7, 7, 7, 7, 7, 7, 7, 7, 7, 7, 6, 6, 7, 6, 7, 6, 7, 6, 7, 6, 7, 6, 7, 6, 7, 6, 7, 6, 7, 6, 7, 6, 7, 6, 7, 6, 7, 6, 7, 6, 7, 6, 6, 7, 7, 7, 7, 7, 7, 7, 7, 7, 7, 7, 7, 7, 7, 7, 7, 7, 7, 7, 7, 7, 7, 7, 7, 7, 7, 7, 7, 7, 6, 6, 7, 6, 7, 6, 7, 6, 7, 6, 7, 6, 7, 6, 7, 6, 7, 6, 7, 6, 7, 6, 7, 6, 7, 6, 7, 6, 7, 6, 7, 6, 6, 7, 7, 7, 7, 7, 7, 7, 7, 7, 6, 7, 7, 7, 7, 7, 7, 7, 7, 7, 6, 7, 7, 7, 7, 7, 7, 7, 7, 7, 6, 6, 6, 6, 6, 6, 6, 6, 6, 6, 6, 6, 6, 6, 6, 6, 6, 6, 6, 6, 6, 6, 6, 6, 6, 6, 6, 6, 6, 6, 6, 6], objects=[], opacity=0.0, draworder=), Layer(width=0, height=0, name=Walls, type=objectgroup, visible=false, x=0, y=0, data=[], objects=[com.almasb.fxgl.entity.level.tiled.TiledObject@2c745556, com.almasb.fxgl.entity.level.tiled.TiledObject@38f7005a, com.almasb.fxgl.entity.level.tiled.TiledObject@36c5fb14, com.almasb.fxgl.entity.level.tiled.TiledObject@343c2e4b, com.almasb.fxgl.entity.level.tiled.TiledObject@3a6c137f, com.almasb.fxgl.entity.level.tiled.TiledObject@3a1921b8, com.almasb.fxgl.entity.level.tiled.TiledObject@231d60b4, com.almasb.fxgl.entity.level.tiled.TiledObject@76865cea, com.almasb.fxgl.entity.level.tiled.TiledObject@2cab5eae, com.almasb.fxgl.entity.level.tiled.TiledObject@5f4cae62, com.almasb.fxgl.entity.level.tiled.TiledObject@179c6dff, com.almasb.fxgl.entity.level.tiled.TiledObject@533902ea, com.almasb.fxgl.entity.level.tiled.TiledObject@2511680d, com.almasb.fxgl.entity.level.tiled.TiledObject@1f94fd73, com.almasb.fxgl.entity.level.tiled.TiledObject@6b9398eb, com.almasb.fxgl.entity.level.tiled.TiledObject@70a6f921, com.almasb.fxgl.entity.level.tiled.TiledObject@5ed9b638, com.almasb.fxgl.entity.level.tiled.TiledObject@661eb7f5, com.almasb.fxgl.entity.level.tiled.TiledObject@113d2f1d, com.almasb.fxgl.entity.level.tiled.TiledObject@5695b3ea, com.almasb.fxgl.entity.level.tiled.TiledObject@45eeb776, com.almasb.fxgl.entity.level.tiled.TiledObject@56dc1121, com.almasb.fxgl.entity.level.tiled.TiledObject@2e619920, com.almasb.fxgl.entity.level.tiled.TiledObject@551065e5, com.almasb.fxgl.entity.level.tiled.TiledObject@65f52d36, com.almasb.fxgl.entity.level.tiled.TiledObject@53166db0, com.almasb.fxgl.entity.level.tiled.TiledObject@711c466b, com.almasb.fxgl.entity.level.tiled.TiledObject@27753ae0, com.almasb.fxgl.entity.level.tiled.TiledObject@6b253fa5, com.almasb.fxgl.entity.level.tiled.TiledObject@b3eb49c, com.almasb.fxgl.entity.level.tiled.TiledObject@1882948e, com.almasb.fxgl.entity.level.tiled.TiledObject@16ae0f44, com.almasb.fxgl.entity.level.tiled.TiledObject@54b4d223, com.almasb.fxgl.entity.level.tiled.TiledObject@2a50167d, com.almasb.fxgl.entity.level.tiled.TiledObject@267ad15d, com.almasb.fxgl.entity.level.tiled.TiledObject@40482ef9, com.almasb.fxgl.entity.level.tiled.TiledObject@329fd919, com.almasb.fxgl.entity.level.tiled.TiledObject@18d6c2c9, com.almasb.fxgl.entity.level.tiled.TiledObject@68d618b7, com.almasb.fxgl.entity.level.tiled.TiledObject@6968ccb2, com.almasb.fxgl.entity.level.tiled.TiledObject@25f39797, com.almasb.fxgl.entity.level.tiled.TiledObject@b1dd96a, com.almasb.fxgl.entity.level.tiled.TiledObject@53d66b1e, com.almasb.fxgl.entity.level.tiled.TiledObject@7c74208a, com.almasb.fxgl.entity.level.tiled.TiledObject@45824fbc, com.almasb.fxgl.entity.level.tiled.TiledObject@20b108ef, com.almasb.fxgl.entity.level.tiled.TiledObject@405f197c, com.almasb.fxgl.entity.level.tiled.TiledObject@1df2118d, com.almasb.fxgl.entity.level.tiled.TiledObject@4ada5220, com.almasb.fxgl.entity.level.tiled.TiledObject@6284dde4, com.almasb.fxgl.entity.level.tiled.TiledObject@5aa8ac31, com.almasb.fxgl.entity.level.tiled.TiledObject@57dba090, com.almasb.fxgl.entity.level.tiled.TiledObject@4f08b319, com.almasb.fxgl.entity.level.tiled.TiledObject@ba73ce1, com.almasb.fxgl.entity.level.tiled.TiledObject@1471d080, com.almasb.fxgl.entity.level.tiled.TiledObject@1e242dbe, com.almasb.fxgl.entity.level.tiled.TiledObject@143ed518, com.almasb.fxgl.entity.level.tiled.TiledObject@264ca34a, com.almasb.fxgl.entity.level.tiled.TiledObject@3c2382d3, com.almasb.fxgl.entity.level.tiled.TiledObject@3d50134, com.almasb.fxgl.entity.level.tiled.TiledObject@61a18243, com.almasb.fxgl.entity.level.tiled.TiledObject@22b43bce, com.almasb.fxgl.entity.level.tiled.TiledObject@2210051, com.almasb.fxgl.entity.level.tiled.TiledObject@29567d80, com.almasb.fxgl.entity.level.tiled.TiledObject@44084173, com.almasb.fxgl.entity.level.tiled.TiledObject@47616877, com.almasb.fxgl.entity.level.tiled.TiledObject@4d48cb42, com.almasb.fxgl.entity.level.tiled.TiledObject@57e80516, com.almasb.fxgl.entity.level.tiled.TiledObject@51edd541, com.almasb.fxgl.entity.level.tiled.TiledObject@1d832ddb, com.almasb.fxgl.entity.level.tiled.TiledObject@169ae7f2, com.almasb.fxgl.entity.level.tiled.TiledObject@14d9082, com.almasb.fxgl.entity.level.tiled.TiledObject@3e350a37, com.almasb.fxgl.entity.level.tiled.TiledObject@3adc15df, com.almasb.fxgl.entity.level.tiled.TiledObject@7bb8c001, com.almasb.fxgl.entity.level.tiled.TiledObject@161c9674, com.almasb.fxgl.entity.level.tiled.TiledObject@ee5232, com.almasb.fxgl.entity.level.tiled.TiledObject@5a46cd1d, com.almasb.fxgl.entity.level.tiled.TiledObject@67c3a69c], opacity=0.0, draworder=), Layer(width=0, height=0, name=Around Walls, type=objectgroup, visible=false, x=0, y=0, data=[], objects=[com.almasb.fxgl.entity.level.tiled.TiledObject@151e2326, com.almasb.fxgl.entity.level.tiled.TiledObject@67138c75, com.almasb.fxgl.entity.level.tiled.TiledObject@bd19baf, com.almasb.fxgl.entity.level.tiled.TiledObject@71dc2b0f], opacity=0.0, draworder=)], tilesets=[Tileset(firstgid=1, image=../../../../../../../bomberman/chepvjp/BombermanOOP/src/main/resources/assets/levels/classic.png, name=classic, tilewidth=48, tileheight=48, imagewidth=768, imageheight=768, margin=0, spacing=0, columns=16, tilecount=256, transparentcolor=ff00ff, tiles=[])], backgroundcolor=, renderorder=right-down, nextobjectid=611, version=1, tiledversion=1.8.6, type=map, infinite=false, hexsidelength=0, staggeraxis=, staggerindex=, properties={}, propertytypes={})
17:35:24.047 [FXGL Background Thread 1 ] DEBUG TMXLevelLoader       - Creating tile layer entities
17:35:24.055 [FXGL Background Thread 1 ] DEBUG TilesetLoader        - Loading view for layer Tile Layer 1
17:35:24.058 [FXGL Background Thread 1 ] DEBUG TilesetLoader        - Created buffer with size 1488.0x720.0
17:35:24.150 [JavaFX Application Thread] DEBUG FXGLApplication      - Registering font factories with UI factory
17:35:24.306 [FXGL Background Thread 1 ] DEBUG TilesetLoader        - Writing to buffer: dst=0,96, w=48,h=48, src=240,0
17:35:24.306 [FXGL Background Thread 1 ] DEBUG TilesetLoader        - Writing to buffer: dst=48,96, w=48,h=48, src=240,0
17:35:24.306 [FXGL Background Thread 1 ] DEBUG TilesetLoader        - Writing to buffer: dst=96,96, w=48,h=48, src=240,0
17:35:24.306 [FXGL Background Thread 1 ] DEBUG TilesetLoader        - Writing to buffer: dst=144,96, w=48,h=48, src=240,0
17:35:24.307 [FXGL Background Thread 1 ] DEBUG TilesetLoader        - Writing to buffer: dst=192,96, w=48,h=48, src=240,0
17:35:24.307 [FXGL Background Thread 1 ] DEBUG TilesetLoader        - Writing to buffer: dst=240,96, w=48,h=48, src=240,0
17:35:24.307 [FXGL Background Thread 1 ] DEBUG TilesetLoader        - Writing to buffer: dst=288,96, w=48,h=48, src=240,0
17:35:24.307 [FXGL Background Thread 1 ] DEBUG TilesetLoader        - Writing to buffer: dst=336,96, w=48,h=48, src=240,0
17:35:24.307 [FXGL Background Thread 1 ] DEBUG TilesetLoader        - Writing to buffer: dst=384,96, w=48,h=48, src=240,0
17:35:24.307 [FXGL Background Thread 1 ] DEBUG TilesetLoader        - Writing to buffer: dst=432,96, w=48,h=48, src=240,0
17:35:24.308 [FXGL Background Thread 1 ] DEBUG TilesetLoader        - Writing to buffer: dst=480,96, w=48,h=48, src=240,0
17:35:24.308 [FXGL Background Thread 1 ] DEBUG TilesetLoader        - Writing to buffer: dst=528,96, w=48,h=48, src=240,0
17:35:24.308 [FXGL Background Thread 1 ] DEBUG TilesetLoader        - Writing to buffer: dst=576,96, w=48,h=48, src=240,0
17:35:24.308 [FXGL Background Thread 1 ] DEBUG TilesetLoader        - Writing to buffer: dst=624,96, w=48,h=48, src=240,0
17:35:24.308 [FXGL Background Thread 1 ] DEBUG TilesetLoader        - Writing to buffer: dst=672,96, w=48,h=48, src=240,0
17:35:24.308 [FXGL Background Thread 1 ] DEBUG TilesetLoader        - Writing to buffer: dst=720,96, w=48,h=48, src=240,0
17:35:24.308 [FXGL Background Thread 1 ] DEBUG TilesetLoader        - Writing to buffer: dst=768,96, w=48,h=48, src=240,0
17:35:24.309 [FXGL Background Thread 1 ] DEBUG TilesetLoader        - Writing to buffer: dst=816,96, w=48,h=48, src=240,0
17:35:24.309 [FXGL Background Thread 1 ] DEBUG TilesetLoader        - Writing to buffer: dst=864,96, w=48,h=48, src=240,0
17:35:24.309 [FXGL Background Thread 1 ] DEBUG TilesetLoader        - Writing to buffer: dst=912,96, w=48,h=48, src=240,0
17:35:24.309 [FXGL Background Thread 1 ] DEBUG TilesetLoader        - Writing to buffer: dst=960,96, w=48,h=48, src=240,0
17:35:24.309 [FXGL Background Thread 1 ] DEBUG TilesetLoader        - Writing to buffer: dst=1008,96, w=48,h=48, src=240,0
17:35:24.309 [FXGL Background Thread 1 ] DEBUG TilesetLoader        - Writing to buffer: dst=1056,96, w=48,h=48, src=240,0
17:35:24.310 [FXGL Background Thread 1 ] DEBUG TilesetLoader        - Writing to buffer: dst=1104,96, w=48,h=48, src=240,0
17:35:24.310 [FXGL Background Thread 1 ] DEBUG TilesetLoader        - Writing to buffer: dst=1152,96, w=48,h=48, src=240,0
17:35:24.310 [FXGL Background Thread 1 ] DEBUG TilesetLoader        - Writing to buffer: dst=1200,96, w=48,h=48, src=240,0
17:35:24.310 [FXGL Background Thread 1 ] DEBUG TilesetLoader        - Writing to buffer: dst=1248,96, w=48,h=48, src=240,0
17:35:24.310 [FXGL Background Thread 1 ] DEBUG TilesetLoader        - Writing to buffer: dst=1296,96, w=48,h=48, src=240,0
17:35:24.310 [FXGL Background Thread 1 ] DEBUG TilesetLoader        - Writing to buffer: dst=1344,96, w=48,h=48, src=240,0
17:35:24.311 [FXGL Background Thread 1 ] DEBUG TilesetLoader        - Writing to buffer: dst=1392,96, w=48,h=48, src=240,0
17:35:24.311 [FXGL Background Thread 1 ] DEBUG TilesetLoader        - Writing to buffer: dst=1440,96, w=48,h=48, src=240,0
17:35:24.311 [FXGL Background Thread 1 ] DEBUG TilesetLoader        - Writing to buffer: dst=0,144, w=48,h=48, src=240,0
17:35:24.311 [FXGL Background Thread 1 ] DEBUG TilesetLoader        - Writing to buffer: dst=48,144, w=48,h=48, src=288,0
17:35:24.311 [FXGL Background Thread 1 ] DEBUG TilesetLoader        - Writing to buffer: dst=96,144, w=48,h=48, src=288,0
17:35:24.311 [FXGL Background Thread 1 ] DEBUG TilesetLoader        - Writing to buffer: dst=144,144, w=48,h=48, src=288,0
17:35:24.312 [FXGL Background Thread 1 ] DEBUG TilesetLoader        - Writing to buffer: dst=192,144, w=48,h=48, src=288,0
17:35:24.312 [FXGL Background Thread 1 ] DEBUG TilesetLoader        - Writing to buffer: dst=240,144, w=48,h=48, src=288,0
17:35:24.312 [FXGL Background Thread 1 ] DEBUG TilesetLoader        - Writing to buffer: dst=288,144, w=48,h=48, src=288,0
17:35:24.312 [FXGL Background Thread 1 ] DEBUG TilesetLoader        - Writing to buffer: dst=336,144, w=48,h=48, src=288,0
17:35:24.312 [FXGL Background Thread 1 ] DEBUG TilesetLoader        - Writing to buffer: dst=384,144, w=48,h=48, src=288,0
17:35:24.312 [FXGL Background Thread 1 ] DEBUG TilesetLoader        - Writing to buffer: dst=432,144, w=48,h=48, src=288,0
17:35:24.313 [FXGL Background Thread 1 ] DEBUG TilesetLoader        - Writing to buffer: dst=480,144, w=48,h=48, src=240,0
17:35:24.313 [FXGL Background Thread 1 ] DEBUG TilesetLoader        - Writing to buffer: dst=528,144, w=48,h=48, src=288,0
17:35:24.313 [FXGL Background Thread 1 ] DEBUG TilesetLoader        - Writing to buffer: dst=576,144, w=48,h=48, src=288,0
17:35:24.313 [FXGL Background Thread 1 ] DEBUG TilesetLoader        - Writing to buffer: dst=624,144, w=48,h=48, src=288,0
17:35:24.313 [FXGL Background Thread 1 ] DEBUG TilesetLoader        - Writing to buffer: dst=672,144, w=48,h=48, src=288,0
17:35:24.313 [FXGL Background Thread 1 ] DEBUG TilesetLoader        - Writing to buffer: dst=720,144, w=48,h=48, src=288,0
17:35:24.314 [FXGL Background Thread 1 ] DEBUG TilesetLoader        - Writing to buffer: dst=768,144, w=48,h=48, src=288,0
17:35:24.314 [FXGL Background Thread 1 ] DEBUG TilesetLoader        - Writing to buffer: dst=816,144, w=48,h=48, src=288,0
17:35:24.314 [FXGL Background Thread 1 ] DEBUG TilesetLoader        - Writing to buffer: dst=864,144, w=48,h=48, src=288,0
17:35:24.314 [FXGL Background Thread 1 ] DEBUG TilesetLoader        - Writing to buffer: dst=912,144, w=48,h=48, src=288,0
17:35:24.314 [FXGL Background Thread 1 ] DEBUG TilesetLoader        - Writing to buffer: dst=960,144, w=48,h=48, src=240,0
17:35:24.314 [FXGL Background Thread 1 ] DEBUG TilesetLoader        - Writing to buffer: dst=1008,144, w=48,h=48, src=288,0
17:35:24.315 [FXGL Background Thread 1 ] DEBUG TilesetLoader        - Writing to buffer: dst=1056,144, w=48,h=48, src=288,0
17:35:24.315 [FXGL Background Thread 1 ] DEBUG TilesetLoader        - Writing to buffer: dst=1104,144, w=48,h=48, src=288,0
17:35:24.315 [FXGL Background Thread 1 ] DEBUG TilesetLoader        - Writing to buffer: dst=1152,144, w=48,h=48, src=288,0
17:35:24.315 [FXGL Background Thread 1 ] DEBUG TilesetLoader        - Writing to buffer: dst=1200,144, w=48,h=48, src=288,0
17:35:24.315 [FXGL Background Thread 1 ] DEBUG TilesetLoader        - Writing to buffer: dst=1248,144, w=48,h=48, src=288,0
17:35:24.316 [FXGL Background Thread 1 ] DEBUG TilesetLoader        - Writing to buffer: dst=1296,144, w=48,h=48, src=288,0
17:35:24.316 [FXGL Background Thread 1 ] DEBUG TilesetLoader        - Writing to buffer: dst=1344,144, w=48,h=48, src=288,0
17:35:24.316 [FXGL Background Thread 1 ] DEBUG TilesetLoader        - Writing to buffer: dst=1392,144, w=48,h=48, src=288,0
17:35:24.316 [FXGL Background Thread 1 ] DEBUG TilesetLoader        - Writing to buffer: dst=1440,144, w=48,h=48, src=240,0
17:35:24.316 [FXGL Background Thread 1 ] DEBUG TilesetLoader        - Writing to buffer: dst=0,192, w=48,h=48, src=240,0
17:35:24.316 [FXGL Background Thread 1 ] DEBUG TilesetLoader        - Writing to buffer: dst=48,192, w=48,h=48, src=288,0
17:35:24.317 [FXGL Background Thread 1 ] DEBUG TilesetLoader        - Writing to buffer: dst=96,192, w=48,h=48, src=240,0
17:35:24.317 [FXGL Background Thread 1 ] DEBUG TilesetLoader        - Writing to buffer: dst=144,192, w=48,h=48, src=288,0
17:35:24.317 [FXGL Background Thread 1 ] DEBUG TilesetLoader        - Writing to buffer: dst=192,192, w=48,h=48, src=240,0
17:35:24.317 [FXGL Background Thread 1 ] DEBUG TilesetLoader        - Writing to buffer: dst=240,192, w=48,h=48, src=288,0
17:35:24.317 [FXGL Background Thread 1 ] DEBUG TilesetLoader        - Writing to buffer: dst=288,192, w=48,h=48, src=240,0
17:35:24.317 [FXGL Background Thread 1 ] DEBUG TilesetLoader        - Writing to buffer: dst=336,192, w=48,h=48, src=288,0
17:35:24.317 [FXGL Background Thread 1 ] DEBUG TilesetLoader        - Writing to buffer: dst=384,192, w=48,h=48, src=240,0
17:35:24.317 [FXGL Background Thread 1 ] DEBUG TilesetLoader        - Writing to buffer: dst=432,192, w=48,h=48, src=288,0
17:35:24.318 [FXGL Background Thread 1 ] DEBUG TilesetLoader        - Writing to buffer: dst=480,192, w=48,h=48, src=240,0
17:35:24.318 [FXGL Background Thread 1 ] DEBUG TilesetLoader        - Writing to buffer: dst=528,192, w=48,h=48, src=288,0
17:35:24.318 [FXGL Background Thread 1 ] DEBUG TilesetLoader        - Writing to buffer: dst=576,192, w=48,h=48, src=240,0
17:35:24.318 [FXGL Background Thread 1 ] DEBUG TilesetLoader        - Writing to buffer: dst=624,192, w=48,h=48, src=288,0
17:35:24.318 [FXGL Background Thread 1 ] DEBUG TilesetLoader        - Writing to buffer: dst=672,192, w=48,h=48, src=240,0
17:35:24.318 [FXGL Background Thread 1 ] DEBUG TilesetLoader        - Writing to buffer: dst=720,192, w=48,h=48, src=288,0
17:35:24.318 [FXGL Background Thread 1 ] DEBUG TilesetLoader        - Writing to buffer: dst=768,192, w=48,h=48, src=240,0
17:35:24.319 [FXGL Background Thread 1 ] DEBUG TilesetLoader        - Writing to buffer: dst=816,192, w=48,h=48, src=288,0
17:35:24.319 [FXGL Background Thread 1 ] DEBUG TilesetLoader        - Writing to buffer: dst=864,192, w=48,h=48, src=240,0
17:35:24.319 [FXGL Background Thread 1 ] DEBUG TilesetLoader        - Writing to buffer: dst=912,192, w=48,h=48, src=288,0
17:35:24.320 [FXGL Background Thread 1 ] DEBUG TilesetLoader        - Writing to buffer: dst=960,192, w=48,h=48, src=240,0
17:35:24.320 [FXGL Background Thread 1 ] DEBUG TilesetLoader        - Writing to buffer: dst=1008,192, w=48,h=48, src=288,0
17:35:24.320 [FXGL Background Thread 1 ] DEBUG TilesetLoader        - Writing to buffer: dst=1056,192, w=48,h=48, src=240,0
17:35:24.322 [FXGL Background Thread 1 ] DEBUG TilesetLoader        - Writing to buffer: dst=1104,192, w=48,h=48, src=288,0
17:35:24.322 [FXGL Background Thread 1 ] DEBUG TilesetLoader        - Writing to buffer: dst=1152,192, w=48,h=48, src=240,0
17:35:24.323 [FXGL Background Thread 1 ] DEBUG TilesetLoader        - Writing to buffer: dst=1200,192, w=48,h=48, src=288,0
17:35:24.323 [FXGL Background Thread 1 ] DEBUG TilesetLoader        - Writing to buffer: dst=1248,192, w=48,h=48, src=240,0
17:35:24.323 [FXGL Background Thread 1 ] DEBUG TilesetLoader        - Writing to buffer: dst=1296,192, w=48,h=48, src=288,0
17:35:24.323 [FXGL Background Thread 1 ] DEBUG TilesetLoader        - Writing to buffer: dst=1344,192, w=48,h=48, src=240,0
17:35:24.324 [FXGL Background Thread 1 ] DEBUG TilesetLoader        - Writing to buffer: dst=1392,192, w=48,h=48, src=288,0
17:35:24.324 [FXGL Background Thread 1 ] DEBUG TilesetLoader        - Writing to buffer: dst=1440,192, w=48,h=48, src=240,0
17:35:24.324 [FXGL Background Thread 1 ] DEBUG TilesetLoader        - Writing to buffer: dst=0,240, w=48,h=48, src=240,0
17:35:24.324 [FXGL Background Thread 1 ] DEBUG TilesetLoader        - Writing to buffer: dst=48,240, w=48,h=48, src=288,0
17:35:24.324 [FXGL Background Thread 1 ] DEBUG TilesetLoader        - Writing to buffer: dst=96,240, w=48,h=48, src=288,0
17:35:24.324 [FXGL Background Thread 1 ] DEBUG TilesetLoader        - Writing to buffer: dst=144,240, w=48,h=48, src=288,0
17:35:24.325 [FXGL Background Thread 1 ] DEBUG TilesetLoader        - Writing to buffer: dst=192,240, w=48,h=48, src=288,0
17:35:24.325 [FXGL Background Thread 1 ] DEBUG TilesetLoader        - Writing to buffer: dst=240,240, w=48,h=48, src=288,0
17:35:24.325 [FXGL Background Thread 1 ] DEBUG TilesetLoader        - Writing to buffer: dst=288,240, w=48,h=48, src=288,0
17:35:24.325 [FXGL Background Thread 1 ] DEBUG TilesetLoader        - Writing to buffer: dst=336,240, w=48,h=48, src=288,0
17:35:24.325 [FXGL Background Thread 1 ] DEBUG TilesetLoader        - Writing to buffer: dst=384,240, w=48,h=48, src=288,0
17:35:24.325 [FXGL Background Thread 1 ] DEBUG TilesetLoader        - Writing to buffer: dst=432,240, w=48,h=48, src=288,0
17:35:24.325 [FXGL Background Thread 1 ] DEBUG TilesetLoader        - Writing to buffer: dst=480,240, w=48,h=48, src=288,0
17:35:24.326 [FXGL Background Thread 1 ] DEBUG TilesetLoader        - Writing to buffer: dst=528,240, w=48,h=48, src=288,0
17:35:24.326 [FXGL Background Thread 1 ] DEBUG TilesetLoader        - Writing to buffer: dst=576,240, w=48,h=48, src=288,0
17:35:24.326 [FXGL Background Thread 1 ] DEBUG TilesetLoader        - Writing to buffer: dst=624,240, w=48,h=48, src=288,0
17:35:24.326 [FXGL Background Thread 1 ] DEBUG TilesetLoader        - Writing to buffer: dst=672,240, w=48,h=48, src=288,0
17:35:24.326 [FXGL Background Thread 1 ] DEBUG TilesetLoader        - Writing to buffer: dst=720,240, w=48,h=48, src=288,0
17:35:24.326 [FXGL Background Thread 1 ] DEBUG TilesetLoader        - Writing to buffer: dst=768,240, w=48,h=48, src=288,0
17:35:24.327 [FXGL Background Thread 1 ] DEBUG TilesetLoader        - Writing to buffer: dst=816,240, w=48,h=48, src=288,0
17:35:24.327 [FXGL Background Thread 1 ] DEBUG TilesetLoader        - Writing to buffer: dst=864,240, w=48,h=48, src=288,0
17:35:24.327 [FXGL Background Thread 1 ] DEBUG TilesetLoader        - Writing to buffer: dst=912,240, w=48,h=48, src=288,0
17:35:24.327 [FXGL Background Thread 1 ] DEBUG TilesetLoader        - Writing to buffer: dst=960,240, w=48,h=48, src=288,0
17:35:24.327 [FXGL Background Thread 1 ] DEBUG TilesetLoader        - Writing to buffer: dst=1008,240, w=48,h=48, src=288,0
17:35:24.327 [FXGL Background Thread 1 ] DEBUG TilesetLoader        - Writing to buffer: dst=1056,240, w=48,h=48, src=288,0
17:35:24.327 [FXGL Background Thread 1 ] DEBUG TilesetLoader        - Writing to buffer: dst=1104,240, w=48,h=48, src=288,0
17:35:24.328 [FXGL Background Thread 1 ] DEBUG TilesetLoader        - Writing to buffer: dst=1152,240, w=48,h=48, src=288,0
17:35:24.328 [FXGL Background Thread 1 ] DEBUG TilesetLoader        - Writing to buffer: dst=1200,240, w=48,h=48, src=288,0
17:35:24.328 [FXGL Background Thread 1 ] DEBUG TilesetLoader        - Writing to buffer: dst=1248,240, w=48,h=48, src=288,0
17:35:24.328 [FXGL Background Thread 1 ] DEBUG TilesetLoader        - Writing to buffer: dst=1296,240, w=48,h=48, src=288,0
17:35:24.328 [FXGL Background Thread 1 ] DEBUG TilesetLoader        - Writing to buffer: dst=1344,240, w=48,h=48, src=288,0
17:35:24.328 [FXGL Background Thread 1 ] DEBUG TilesetLoader        - Writing to buffer: dst=1392,240, w=48,h=48, src=288,0
17:35:24.328 [FXGL Background Thread 1 ] DEBUG TilesetLoader        - Writing to buffer: dst=1440,240, w=48,h=48, src=240,0
17:35:24.328 [FXGL Background Thread 1 ] DEBUG TilesetLoader        - Writing to buffer: dst=0,288, w=48,h=48, src=240,0
17:35:24.329 [FXGL Background Thread 1 ] DEBUG TilesetLoader        - Writing to buffer: dst=48,288, w=48,h=48, src=288,0
17:35:24.329 [FXGL Background Thread 1 ] DEBUG TilesetLoader        - Writing to buffer: dst=96,288, w=48,h=48, src=240,0
17:35:24.329 [FXGL Background Thread 1 ] DEBUG TilesetLoader        - Writing to buffer: dst=144,288, w=48,h=48, src=288,0
17:35:24.329 [FXGL Background Thread 1 ] DEBUG TilesetLoader        - Writing to buffer: dst=192,288, w=48,h=48, src=240,0
17:35:24.329 [FXGL Background Thread 1 ] DEBUG TilesetLoader        - Writing to buffer: dst=240,288, w=48,h=48, src=288,0
17:35:24.329 [FXGL Background Thread 1 ] DEBUG TilesetLoader        - Writing to buffer: dst=288,288, w=48,h=48, src=240,0
17:35:24.329 [FXGL Background Thread 1 ] DEBUG TilesetLoader        - Writing to buffer: dst=336,288, w=48,h=48, src=288,0
17:35:24.329 [FXGL Background Thread 1 ] DEBUG TilesetLoader        - Writing to buffer: dst=384,288, w=48,h=48, src=240,0
17:35:24.329 [FXGL Background Thread 1 ] DEBUG TilesetLoader        - Writing to buffer: dst=432,288, w=48,h=48, src=288,0
17:35:24.329 [FXGL Background Thread 1 ] DEBUG TilesetLoader        - Writing to buffer: dst=480,288, w=48,h=48, src=240,0
17:35:24.330 [FXGL Background Thread 1 ] DEBUG TilesetLoader        - Writing to buffer: dst=528,288, w=48,h=48, src=288,0
17:35:24.330 [FXGL Background Thread 1 ] DEBUG TilesetLoader        - Writing to buffer: dst=576,288, w=48,h=48, src=240,0
17:35:24.330 [FXGL Background Thread 1 ] DEBUG TilesetLoader        - Writing to buffer: dst=624,288, w=48,h=48, src=288,0
17:35:24.330 [FXGL Background Thread 1 ] DEBUG TilesetLoader        - Writing to buffer: dst=672,288, w=48,h=48, src=240,0
17:35:24.330 [FXGL Background Thread 1 ] DEBUG TilesetLoader        - Writing to buffer: dst=720,288, w=48,h=48, src=288,0
17:35:24.330 [FXGL Background Thread 1 ] DEBUG TilesetLoader        - Writing to buffer: dst=768,288, w=48,h=48, src=240,0
17:35:24.330 [FXGL Background Thread 1 ] DEBUG TilesetLoader        - Writing to buffer: dst=816,288, w=48,h=48, src=288,0
17:35:24.330 [FXGL Background Thread 1 ] DEBUG TilesetLoader        - Writing to buffer: dst=864,288, w=48,h=48, src=240,0
17:35:24.330 [FXGL Background Thread 1 ] DEBUG TilesetLoader        - Writing to buffer: dst=912,288, w=48,h=48, src=288,0
17:35:24.330 [FXGL Background Thread 1 ] DEBUG TilesetLoader        - Writing to buffer: dst=960,288, w=48,h=48, src=240,0
17:35:24.330 [FXGL Background Thread 1 ] DEBUG TilesetLoader        - Writing to buffer: dst=1008,288, w=48,h=48, src=288,0
17:35:24.331 [FXGL Background Thread 1 ] DEBUG TilesetLoader        - Writing to buffer: dst=1056,288, w=48,h=48, src=240,0
17:35:24.331 [FXGL Background Thread 1 ] DEBUG TilesetLoader        - Writing to buffer: dst=1104,288, w=48,h=48, src=288,0
17:35:24.331 [FXGL Background Thread 1 ] DEBUG TilesetLoader        - Writing to buffer: dst=1152,288, w=48,h=48, src=240,0
17:35:24.331 [FXGL Background Thread 1 ] DEBUG TilesetLoader        - Writing to buffer: dst=1200,288, w=48,h=48, src=288,0
17:35:24.331 [FXGL Background Thread 1 ] DEBUG TilesetLoader        - Writing to buffer: dst=1248,288, w=48,h=48, src=240,0
17:35:24.331 [FXGL Background Thread 1 ] DEBUG TilesetLoader        - Writing to buffer: dst=1296,288, w=48,h=48, src=288,0
17:35:24.331 [FXGL Background Thread 1 ] DEBUG TilesetLoader        - Writing to buffer: dst=1344,288, w=48,h=48, src=240,0
17:35:24.331 [FXGL Background Thread 1 ] DEBUG TilesetLoader        - Writing to buffer: dst=1392,288, w=48,h=48, src=288,0
17:35:24.331 [FXGL Background Thread 1 ] DEBUG TilesetLoader        - Writing to buffer: dst=1440,288, w=48,h=48, src=240,0
17:35:24.331 [FXGL Background Thread 1 ] DEBUG TilesetLoader        - Writing to buffer: dst=0,336, w=48,h=48, src=240,0
17:35:24.332 [FXGL Background Thread 1 ] DEBUG TilesetLoader        - Writing to buffer: dst=48,336, w=48,h=48, src=288,0
17:35:24.332 [FXGL Background Thread 1 ] DEBUG TilesetLoader        - Writing to buffer: dst=96,336, w=48,h=48, src=288,0
17:35:24.332 [FXGL Background Thread 1 ] DEBUG TilesetLoader        - Writing to buffer: dst=144,336, w=48,h=48, src=288,0
17:35:24.332 [FXGL Background Thread 1 ] DEBUG TilesetLoader        - Writing to buffer: dst=192,336, w=48,h=48, src=288,0
17:35:24.332 [FXGL Background Thread 1 ] DEBUG TilesetLoader        - Writing to buffer: dst=240,336, w=48,h=48, src=288,0
17:35:24.332 [FXGL Background Thread 1 ] DEBUG TilesetLoader        - Writing to buffer: dst=288,336, w=48,h=48, src=288,0
17:35:24.332 [FXGL Background Thread 1 ] DEBUG TilesetLoader        - Writing to buffer: dst=336,336, w=48,h=48, src=288,0
17:35:24.333 [FXGL Background Thread 1 ] DEBUG TilesetLoader        - Writing to buffer: dst=384,336, w=48,h=48, src=288,0
17:35:24.333 [FXGL Background Thread 1 ] DEBUG TilesetLoader        - Writing to buffer: dst=432,336, w=48,h=48, src=288,0
17:35:24.333 [FXGL Background Thread 1 ] DEBUG TilesetLoader        - Writing to buffer: dst=480,336, w=48,h=48, src=288,0
17:35:24.333 [FXGL Background Thread 1 ] DEBUG TilesetLoader        - Writing to buffer: dst=528,336, w=48,h=48, src=288,0
17:35:24.333 [FXGL Background Thread 1 ] DEBUG TilesetLoader        - Writing to buffer: dst=576,336, w=48,h=48, src=288,0
17:35:24.333 [FXGL Background Thread 1 ] DEBUG TilesetLoader        - Writing to buffer: dst=624,336, w=48,h=48, src=288,0
17:35:24.333 [FXGL Background Thread 1 ] DEBUG TilesetLoader        - Writing to buffer: dst=672,336, w=48,h=48, src=288,0
17:35:24.334 [FXGL Background Thread 1 ] DEBUG TilesetLoader        - Writing to buffer: dst=720,336, w=48,h=48, src=288,0
17:35:24.334 [FXGL Background Thread 1 ] DEBUG TilesetLoader        - Writing to buffer: dst=768,336, w=48,h=48, src=288,0
17:35:24.334 [FXGL Background Thread 1 ] DEBUG TilesetLoader        - Writing to buffer: dst=816,336, w=48,h=48, src=288,0
17:35:24.334 [FXGL Background Thread 1 ] DEBUG TilesetLoader        - Writing to buffer: dst=864,336, w=48,h=48, src=288,0
17:35:24.334 [FXGL Background Thread 1 ] DEBUG TilesetLoader        - Writing to buffer: dst=912,336, w=48,h=48, src=288,0
17:35:24.334 [FXGL Background Thread 1 ] DEBUG TilesetLoader        - Writing to buffer: dst=960,336, w=48,h=48, src=288,0
17:35:24.334 [FXGL Background Thread 1 ] DEBUG TilesetLoader        - Writing to buffer: dst=1008,336, w=48,h=48, src=288,0
17:35:24.335 [FXGL Background Thread 1 ] DEBUG TilesetLoader        - Writing to buffer: dst=1056,336, w=48,h=48, src=288,0
17:35:24.335 [FXGL Background Thread 1 ] DEBUG TilesetLoader        - Writing to buffer: dst=1104,336, w=48,h=48, src=288,0
17:35:24.335 [FXGL Background Thread 1 ] DEBUG TilesetLoader        - Writing to buffer: dst=1152,336, w=48,h=48, src=288,0
17:35:24.335 [FXGL Background Thread 1 ] DEBUG TilesetLoader        - Writing to buffer: dst=1200,336, w=48,h=48, src=288,0
17:35:24.335 [FXGL Background Thread 1 ] DEBUG TilesetLoader        - Writing to buffer: dst=1248,336, w=48,h=48, src=288,0
17:35:24.335 [FXGL Background Thread 1 ] DEBUG TilesetLoader        - Writing to buffer: dst=1296,336, w=48,h=48, src=288,0
17:35:24.335 [FXGL Background Thread 1 ] DEBUG TilesetLoader        - Writing to buffer: dst=1344,336, w=48,h=48, src=288,0
17:35:24.336 [FXGL Background Thread 1 ] DEBUG TilesetLoader        - Writing to buffer: dst=1392,336, w=48,h=48, src=288,0
17:35:24.336 [FXGL Background Thread 1 ] DEBUG TilesetLoader        - Writing to buffer: dst=1440,336, w=48,h=48, src=240,0
17:35:24.336 [FXGL Background Thread 1 ] DEBUG TilesetLoader        - Writing to buffer: dst=0,384, w=48,h=48, src=240,0
17:35:24.336 [FXGL Background Thread 1 ] DEBUG TilesetLoader        - Writing to buffer: dst=48,384, w=48,h=48, src=240,0
17:35:24.336 [FXGL Background Thread 1 ] DEBUG TilesetLoader        - Writing to buffer: dst=96,384, w=48,h=48, src=240,0
17:35:24.336 [FXGL Background Thread 1 ] DEBUG TilesetLoader        - Writing to buffer: dst=144,384, w=48,h=48, src=288,0
17:35:24.336 [FXGL Background Thread 1 ] DEBUG TilesetLoader        - Writing to buffer: dst=192,384, w=48,h=48, src=240,0
17:35:24.337 [FXGL Background Thread 1 ] DEBUG TilesetLoader        - Writing to buffer: dst=240,384, w=48,h=48, src=288,0
17:35:24.337 [FXGL Background Thread 1 ] DEBUG TilesetLoader        - Writing to buffer: dst=288,384, w=48,h=48, src=240,0
17:35:24.337 [FXGL Background Thread 1 ] DEBUG TilesetLoader        - Writing to buffer: dst=336,384, w=48,h=48, src=288,0
17:35:24.337 [FXGL Background Thread 1 ] DEBUG TilesetLoader        - Writing to buffer: dst=384,384, w=48,h=48, src=240,0
17:35:24.337 [FXGL Background Thread 1 ] DEBUG TilesetLoader        - Writing to buffer: dst=432,384, w=48,h=48, src=288,0
17:35:24.337 [FXGL Background Thread 1 ] DEBUG TilesetLoader        - Writing to buffer: dst=480,384, w=48,h=48, src=240,0
17:35:24.337 [FXGL Background Thread 1 ] DEBUG TilesetLoader        - Writing to buffer: dst=528,384, w=48,h=48, src=240,0
17:35:24.337 [FXGL Background Thread 1 ] DEBUG TilesetLoader        - Writing to buffer: dst=576,384, w=48,h=48, src=240,0
17:35:24.337 [FXGL Background Thread 1 ] DEBUG TilesetLoader        - Writing to buffer: dst=624,384, w=48,h=48, src=288,0
17:35:24.338 [FXGL Background Thread 1 ] DEBUG TilesetLoader        - Writing to buffer: dst=672,384, w=48,h=48, src=240,0
17:35:24.338 [FXGL Background Thread 1 ] DEBUG TilesetLoader        - Writing to buffer: dst=720,384, w=48,h=48, src=288,0
17:35:24.338 [FXGL Background Thread 1 ] DEBUG TilesetLoader        - Writing to buffer: dst=768,384, w=48,h=48, src=240,0
17:35:24.338 [FXGL Background Thread 1 ] DEBUG TilesetLoader        - Writing to buffer: dst=816,384, w=48,h=48, src=288,0
17:35:24.338 [FXGL Background Thread 1 ] DEBUG TilesetLoader        - Writing to buffer: dst=864,384, w=48,h=48, src=240,0
17:35:24.338 [FXGL Background Thread 1 ] DEBUG TilesetLoader        - Writing to buffer: dst=912,384, w=48,h=48, src=240,0
17:35:24.338 [FXGL Background Thread 1 ] DEBUG TilesetLoader        - Writing to buffer: dst=960,384, w=48,h=48, src=240,0
17:35:24.338 [FXGL Background Thread 1 ] DEBUG TilesetLoader        - Writing to buffer: dst=1008,384, w=48,h=48, src=288,0
17:35:24.338 [FXGL Background Thread 1 ] DEBUG TilesetLoader        - Writing to buffer: dst=1056,384, w=48,h=48, src=240,0
17:35:24.338 [FXGL Background Thread 1 ] DEBUG TilesetLoader        - Writing to buffer: dst=1104,384, w=48,h=48, src=288,0
17:35:24.338 [FXGL Background Thread 1 ] DEBUG TilesetLoader        - Writing to buffer: dst=1152,384, w=48,h=48, src=240,0
17:35:24.338 [FXGL Background Thread 1 ] DEBUG TilesetLoader        - Writing to buffer: dst=1200,384, w=48,h=48, src=288,0
17:35:24.338 [FXGL Background Thread 1 ] DEBUG TilesetLoader        - Writing to buffer: dst=1248,384, w=48,h=48, src=240,0
17:35:24.339 [FXGL Background Thread 1 ] DEBUG TilesetLoader        - Writing to buffer: dst=1296,384, w=48,h=48, src=288,0
17:35:24.339 [FXGL Background Thread 1 ] DEBUG TilesetLoader        - Writing to buffer: dst=1344,384, w=48,h=48, src=240,0
17:35:24.339 [FXGL Background Thread 1 ] DEBUG TilesetLoader        - Writing to buffer: dst=1392,384, w=48,h=48, src=240,0
17:35:24.339 [FXGL Background Thread 1 ] DEBUG TilesetLoader        - Writing to buffer: dst=1440,384, w=48,h=48, src=240,0
17:35:24.339 [FXGL Background Thread 1 ] DEBUG TilesetLoader        - Writing to buffer: dst=0,432, w=48,h=48, src=240,0
17:35:24.339 [FXGL Background Thread 1 ] DEBUG TilesetLoader        - Writing to buffer: dst=48,432, w=48,h=48, src=288,0
17:35:24.339 [FXGL Background Thread 1 ] DEBUG TilesetLoader        - Writing to buffer: dst=96,432, w=48,h=48, src=288,0
17:35:24.339 [FXGL Background Thread 1 ] DEBUG TilesetLoader        - Writing to buffer: dst=144,432, w=48,h=48, src=288,0
17:35:24.340 [FXGL Background Thread 1 ] DEBUG TilesetLoader        - Writing to buffer: dst=192,432, w=48,h=48, src=288,0
17:35:24.340 [FXGL Background Thread 1 ] DEBUG TilesetLoader        - Writing to buffer: dst=240,432, w=48,h=48, src=288,0
17:35:24.340 [FXGL Background Thread 1 ] DEBUG TilesetLoader        - Writing to buffer: dst=288,432, w=48,h=48, src=288,0
17:35:24.340 [FXGL Background Thread 1 ] DEBUG TilesetLoader        - Writing to buffer: dst=336,432, w=48,h=48, src=288,0
17:35:24.340 [FXGL Background Thread 1 ] DEBUG TilesetLoader        - Writing to buffer: dst=384,432, w=48,h=48, src=288,0
17:35:24.340 [FXGL Background Thread 1 ] DEBUG TilesetLoader        - Writing to buffer: dst=432,432, w=48,h=48, src=288,0
17:35:24.340 [FXGL Background Thread 1 ] DEBUG TilesetLoader        - Writing to buffer: dst=480,432, w=48,h=48, src=288,0
17:35:24.340 [FXGL Background Thread 1 ] DEBUG TilesetLoader        - Writing to buffer: dst=528,432, w=48,h=48, src=288,0
17:35:24.341 [FXGL Background Thread 1 ] DEBUG TilesetLoader        - Writing to buffer: dst=576,432, w=48,h=48, src=288,0
17:35:24.341 [FXGL Background Thread 1 ] DEBUG TilesetLoader        - Writing to buffer: dst=624,432, w=48,h=48, src=288,0
17:35:24.341 [FXGL Background Thread 1 ] DEBUG TilesetLoader        - Writing to buffer: dst=672,432, w=48,h=48, src=288,0
17:35:24.341 [FXGL Background Thread 1 ] DEBUG TilesetLoader        - Writing to buffer: dst=720,432, w=48,h=48, src=288,0
17:35:24.341 [FXGL Background Thread 1 ] DEBUG TilesetLoader        - Writing to buffer: dst=768,432, w=48,h=48, src=288,0
17:35:24.341 [FXGL Background Thread 1 ] DEBUG TilesetLoader        - Writing to buffer: dst=816,432, w=48,h=48, src=288,0
17:35:24.341 [FXGL Background Thread 1 ] DEBUG TilesetLoader        - Writing to buffer: dst=864,432, w=48,h=48, src=288,0
17:35:24.341 [FXGL Background Thread 1 ] DEBUG TilesetLoader        - Writing to buffer: dst=912,432, w=48,h=48, src=288,0
17:35:24.341 [FXGL Background Thread 1 ] DEBUG TilesetLoader        - Writing to buffer: dst=960,432, w=48,h=48, src=288,0
17:35:24.341 [FXGL Background Thread 1 ] DEBUG TilesetLoader        - Writing to buffer: dst=1008,432, w=48,h=48, src=288,0
17:35:24.341 [FXGL Background Thread 1 ] DEBUG TilesetLoader        - Writing to buffer: dst=1056,432, w=48,h=48, src=288,0
17:35:24.341 [FXGL Background Thread 1 ] DEBUG TilesetLoader        - Writing to buffer: dst=1104,432, w=48,h=48, src=288,0
17:35:24.341 [FXGL Background Thread 1 ] DEBUG TilesetLoader        - Writing to buffer: dst=1152,432, w=48,h=48, src=288,0
17:35:24.341 [FXGL Background Thread 1 ] DEBUG TilesetLoader        - Writing to buffer: dst=1200,432, w=48,h=48, src=288,0
17:35:24.342 [FXGL Background Thread 1 ] DEBUG TilesetLoader        - Writing to buffer: dst=1248,432, w=48,h=48, src=288,0
17:35:24.342 [FXGL Background Thread 1 ] DEBUG TilesetLoader        - Writing to buffer: dst=1296,432, w=48,h=48, src=288,0
17:35:24.342 [FXGL Background Thread 1 ] DEBUG TilesetLoader        - Writing to buffer: dst=1344,432, w=48,h=48, src=288,0
17:35:24.342 [FXGL Background Thread 1 ] DEBUG TilesetLoader        - Writing to buffer: dst=1392,432, w=48,h=48, src=288,0
17:35:24.342 [FXGL Background Thread 1 ] DEBUG TilesetLoader        - Writing to buffer: dst=1440,432, w=48,h=48, src=240,0
17:35:24.342 [FXGL Background Thread 1 ] DEBUG TilesetLoader        - Writing to buffer: dst=0,480, w=48,h=48, src=240,0
17:35:24.342 [FXGL Background Thread 1 ] DEBUG TilesetLoader        - Writing to buffer: dst=48,480, w=48,h=48, src=288,0
17:35:24.342 [FXGL Background Thread 1 ] DEBUG TilesetLoader        - Writing to buffer: dst=96,480, w=48,h=48, src=240,0
17:35:24.342 [FXGL Background Thread 1 ] DEBUG TilesetLoader        - Writing to buffer: dst=144,480, w=48,h=48, src=288,0
17:35:24.342 [FXGL Background Thread 1 ] DEBUG TilesetLoader        - Writing to buffer: dst=192,480, w=48,h=48, src=240,0
17:35:24.342 [FXGL Background Thread 1 ] DEBUG TilesetLoader        - Writing to buffer: dst=240,480, w=48,h=48, src=288,0
17:35:24.342 [FXGL Background Thread 1 ] DEBUG TilesetLoader        - Writing to buffer: dst=288,480, w=48,h=48, src=240,0
17:35:24.342 [FXGL Background Thread 1 ] DEBUG TilesetLoader        - Writing to buffer: dst=336,480, w=48,h=48, src=288,0
17:35:24.343 [FXGL Background Thread 1 ] DEBUG TilesetLoader        - Writing to buffer: dst=384,480, w=48,h=48, src=240,0
17:35:24.343 [FXGL Background Thread 1 ] DEBUG TilesetLoader        - Writing to buffer: dst=432,480, w=48,h=48, src=288,0
17:35:24.343 [FXGL Background Thread 1 ] DEBUG TilesetLoader        - Writing to buffer: dst=480,480, w=48,h=48, src=240,0
17:35:24.343 [FXGL Background Thread 1 ] DEBUG TilesetLoader        - Writing to buffer: dst=528,480, w=48,h=48, src=288,0
17:35:24.343 [FXGL Background Thread 1 ] DEBUG TilesetLoader        - Writing to buffer: dst=576,480, w=48,h=48, src=240,0
17:35:24.343 [FXGL Background Thread 1 ] DEBUG TilesetLoader        - Writing to buffer: dst=624,480, w=48,h=48, src=288,0
17:35:24.343 [FXGL Background Thread 1 ] DEBUG TilesetLoader        - Writing to buffer: dst=672,480, w=48,h=48, src=240,0
17:35:24.343 [FXGL Background Thread 1 ] DEBUG TilesetLoader        - Writing to buffer: dst=720,480, w=48,h=48, src=288,0
17:35:24.343 [FXGL Background Thread 1 ] DEBUG TilesetLoader        - Writing to buffer: dst=768,480, w=48,h=48, src=240,0
17:35:24.343 [FXGL Background Thread 1 ] DEBUG TilesetLoader        - Writing to buffer: dst=816,480, w=48,h=48, src=288,0
17:35:24.343 [FXGL Background Thread 1 ] DEBUG TilesetLoader        - Writing to buffer: dst=864,480, w=48,h=48, src=240,0
17:35:24.343 [FXGL Background Thread 1 ] DEBUG TilesetLoader        - Writing to buffer: dst=912,480, w=48,h=48, src=288,0
17:35:24.343 [FXGL Background Thread 1 ] DEBUG TilesetLoader        - Writing to buffer: dst=960,480, w=48,h=48, src=240,0
17:35:24.344 [FXGL Background Thread 1 ] DEBUG TilesetLoader        - Writing to buffer: dst=1008,480, w=48,h=48, src=288,0
17:35:24.344 [FXGL Background Thread 1 ] DEBUG TilesetLoader        - Writing to buffer: dst=1056,480, w=48,h=48, src=240,0
17:35:24.344 [FXGL Background Thread 1 ] DEBUG TilesetLoader        - Writing to buffer: dst=1104,480, w=48,h=48, src=288,0
17:35:24.344 [FXGL Background Thread 1 ] DEBUG TilesetLoader        - Writing to buffer: dst=1152,480, w=48,h=48, src=240,0
17:35:24.344 [FXGL Background Thread 1 ] DEBUG TilesetLoader        - Writing to buffer: dst=1200,480, w=48,h=48, src=288,0
17:35:24.344 [FXGL Background Thread 1 ] DEBUG TilesetLoader        - Writing to buffer: dst=1248,480, w=48,h=48, src=240,0
17:35:24.344 [FXGL Background Thread 1 ] DEBUG TilesetLoader        - Writing to buffer: dst=1296,480, w=48,h=48, src=288,0
17:35:24.344 [FXGL Background Thread 1 ] DEBUG TilesetLoader        - Writing to buffer: dst=1344,480, w=48,h=48, src=240,0
17:35:24.344 [FXGL Background Thread 1 ] DEBUG TilesetLoader        - Writing to buffer: dst=1392,480, w=48,h=48, src=288,0
17:35:24.344 [FXGL Background Thread 1 ] DEBUG TilesetLoader        - Writing to buffer: dst=1440,480, w=48,h=48, src=240,0
17:35:24.344 [FXGL Background Thread 1 ] DEBUG TilesetLoader        - Writing to buffer: dst=0,528, w=48,h=48, src=240,0
17:35:24.344 [FXGL Background Thread 1 ] DEBUG TilesetLoader        - Writing to buffer: dst=48,528, w=48,h=48, src=288,0
17:35:24.344 [FXGL Background Thread 1 ] DEBUG TilesetLoader        - Writing to buffer: dst=96,528, w=48,h=48, src=288,0
17:35:24.344 [FXGL Background Thread 1 ] DEBUG TilesetLoader        - Writing to buffer: dst=144,528, w=48,h=48, src=288,0
17:35:24.344 [FXGL Background Thread 1 ] DEBUG TilesetLoader        - Writing to buffer: dst=192,528, w=48,h=48, src=288,0
17:35:24.344 [FXGL Background Thread 1 ] DEBUG TilesetLoader        - Writing to buffer: dst=240,528, w=48,h=48, src=288,0
17:35:24.344 [FXGL Background Thread 1 ] DEBUG TilesetLoader        - Writing to buffer: dst=288,528, w=48,h=48, src=288,0
17:35:24.345 [FXGL Background Thread 1 ] DEBUG TilesetLoader        - Writing to buffer: dst=336,528, w=48,h=48, src=288,0
17:35:24.345 [FXGL Background Thread 1 ] DEBUG TilesetLoader        - Writing to buffer: dst=384,528, w=48,h=48, src=288,0
17:35:24.345 [FXGL Background Thread 1 ] DEBUG TilesetLoader        - Writing to buffer: dst=432,528, w=48,h=48, src=288,0
17:35:24.345 [FXGL Background Thread 1 ] DEBUG TilesetLoader        - Writing to buffer: dst=480,528, w=48,h=48, src=288,0
17:35:24.345 [FXGL Background Thread 1 ] DEBUG TilesetLoader        - Writing to buffer: dst=528,528, w=48,h=48, src=288,0
17:35:24.345 [FXGL Background Thread 1 ] DEBUG TilesetLoader        - Writing to buffer: dst=576,528, w=48,h=48, src=288,0
17:35:24.345 [FXGL Background Thread 1 ] DEBUG TilesetLoader        - Writing to buffer: dst=624,528, w=48,h=48, src=288,0
17:35:24.345 [FXGL Background Thread 1 ] DEBUG TilesetLoader        - Writing to buffer: dst=672,528, w=48,h=48, src=288,0
17:35:24.345 [FXGL Background Thread 1 ] DEBUG TilesetLoader        - Writing to buffer: dst=720,528, w=48,h=48, src=288,0
17:35:24.345 [FXGL Background Thread 1 ] DEBUG TilesetLoader        - Writing to buffer: dst=768,528, w=48,h=48, src=288,0
17:35:24.345 [FXGL Background Thread 1 ] DEBUG TilesetLoader        - Writing to buffer: dst=816,528, w=48,h=48, src=288,0
17:35:24.345 [FXGL Background Thread 1 ] DEBUG TilesetLoader        - Writing to buffer: dst=864,528, w=48,h=48, src=288,0
17:35:24.345 [FXGL Background Thread 1 ] DEBUG TilesetLoader        - Writing to buffer: dst=912,528, w=48,h=48, src=288,0
17:35:24.345 [FXGL Background Thread 1 ] DEBUG TilesetLoader        - Writing to buffer: dst=960,528, w=48,h=48, src=288,0
17:35:24.345 [FXGL Background Thread 1 ] DEBUG TilesetLoader        - Writing to buffer: dst=1008,528, w=48,h=48, src=288,0
17:35:24.346 [FXGL Background Thread 1 ] DEBUG TilesetLoader        - Writing to buffer: dst=1056,528, w=48,h=48, src=288,0
17:35:24.346 [FXGL Background Thread 1 ] DEBUG TilesetLoader        - Writing to buffer: dst=1104,528, w=48,h=48, src=288,0
17:35:24.346 [FXGL Background Thread 1 ] DEBUG TilesetLoader        - Writing to buffer: dst=1152,528, w=48,h=48, src=288,0
17:35:24.346 [FXGL Background Thread 1 ] DEBUG TilesetLoader        - Writing to buffer: dst=1200,528, w=48,h=48, src=288,0
17:35:24.346 [FXGL Background Thread 1 ] DEBUG TilesetLoader        - Writing to buffer: dst=1248,528, w=48,h=48, src=288,0
17:35:24.346 [FXGL Background Thread 1 ] DEBUG TilesetLoader        - Writing to buffer: dst=1296,528, w=48,h=48, src=288,0
17:35:24.346 [FXGL Background Thread 1 ] DEBUG TilesetLoader        - Writing to buffer: dst=1344,528, w=48,h=48, src=288,0
17:35:24.346 [FXGL Background Thread 1 ] DEBUG TilesetLoader        - Writing to buffer: dst=1392,528, w=48,h=48, src=288,0
17:35:24.346 [FXGL Background Thread 1 ] DEBUG TilesetLoader        - Writing to buffer: dst=1440,528, w=48,h=48, src=240,0
17:35:24.346 [FXGL Background Thread 1 ] DEBUG TilesetLoader        - Writing to buffer: dst=0,576, w=48,h=48, src=240,0
17:35:24.346 [FXGL Background Thread 1 ] DEBUG TilesetLoader        - Writing to buffer: dst=48,576, w=48,h=48, src=288,0
17:35:24.346 [FXGL Background Thread 1 ] DEBUG TilesetLoader        - Writing to buffer: dst=96,576, w=48,h=48, src=240,0
17:35:24.346 [FXGL Background Thread 1 ] DEBUG TilesetLoader        - Writing to buffer: dst=144,576, w=48,h=48, src=288,0
17:35:24.346 [FXGL Background Thread 1 ] DEBUG TilesetLoader        - Writing to buffer: dst=192,576, w=48,h=48, src=240,0
17:35:24.346 [FXGL Background Thread 1 ] DEBUG TilesetLoader        - Writing to buffer: dst=240,576, w=48,h=48, src=288,0
17:35:24.347 [FXGL Background Thread 1 ] DEBUG TilesetLoader        - Writing to buffer: dst=288,576, w=48,h=48, src=240,0
17:35:24.347 [FXGL Background Thread 1 ] DEBUG TilesetLoader        - Writing to buffer: dst=336,576, w=48,h=48, src=288,0
17:35:24.347 [FXGL Background Thread 1 ] DEBUG TilesetLoader        - Writing to buffer: dst=384,576, w=48,h=48, src=240,0
17:35:24.347 [FXGL Background Thread 1 ] DEBUG TilesetLoader        - Writing to buffer: dst=432,576, w=48,h=48, src=288,0
17:35:24.347 [FXGL Background Thread 1 ] DEBUG TilesetLoader        - Writing to buffer: dst=480,576, w=48,h=48, src=240,0
17:35:24.347 [FXGL Background Thread 1 ] DEBUG TilesetLoader        - Writing to buffer: dst=528,576, w=48,h=48, src=288,0
17:35:24.347 [FXGL Background Thread 1 ] DEBUG TilesetLoader        - Writing to buffer: dst=576,576, w=48,h=48, src=240,0
17:35:24.347 [FXGL Background Thread 1 ] DEBUG TilesetLoader        - Writing to buffer: dst=624,576, w=48,h=48, src=288,0
17:35:24.347 [FXGL Background Thread 1 ] DEBUG TilesetLoader        - Writing to buffer: dst=672,576, w=48,h=48, src=240,0
17:35:24.347 [FXGL Background Thread 1 ] DEBUG TilesetLoader        - Writing to buffer: dst=720,576, w=48,h=48, src=288,0
17:35:24.348 [FXGL Background Thread 1 ] DEBUG TilesetLoader        - Writing to buffer: dst=768,576, w=48,h=48, src=240,0
17:35:24.348 [FXGL Background Thread 1 ] DEBUG TilesetLoader        - Writing to buffer: dst=816,576, w=48,h=48, src=288,0
17:35:24.348 [FXGL Background Thread 1 ] DEBUG TilesetLoader        - Writing to buffer: dst=864,576, w=48,h=48, src=240,0
17:35:24.348 [FXGL Background Thread 1 ] DEBUG TilesetLoader        - Writing to buffer: dst=912,576, w=48,h=48, src=288,0
17:35:24.348 [FXGL Background Thread 1 ] DEBUG TilesetLoader        - Writing to buffer: dst=960,576, w=48,h=48, src=240,0
17:35:24.348 [FXGL Background Thread 1 ] DEBUG TilesetLoader        - Writing to buffer: dst=1008,576, w=48,h=48, src=288,0
17:35:24.348 [FXGL Background Thread 1 ] DEBUG TilesetLoader        - Writing to buffer: dst=1056,576, w=48,h=48, src=240,0
17:35:24.348 [FXGL Background Thread 1 ] DEBUG TilesetLoader        - Writing to buffer: dst=1104,576, w=48,h=48, src=288,0
17:35:24.348 [FXGL Background Thread 1 ] DEBUG TilesetLoader        - Writing to buffer: dst=1152,576, w=48,h=48, src=240,0
17:35:24.348 [FXGL Background Thread 1 ] DEBUG TilesetLoader        - Writing to buffer: dst=1200,576, w=48,h=48, src=288,0
17:35:24.349 [FXGL Background Thread 1 ] DEBUG TilesetLoader        - Writing to buffer: dst=1248,576, w=48,h=48, src=240,0
17:35:24.349 [FXGL Background Thread 1 ] DEBUG TilesetLoader        - Writing to buffer: dst=1296,576, w=48,h=48, src=288,0
17:35:24.349 [FXGL Background Thread 1 ] DEBUG TilesetLoader        - Writing to buffer: dst=1344,576, w=48,h=48, src=240,0
17:35:24.349 [FXGL Background Thread 1 ] DEBUG TilesetLoader        - Writing to buffer: dst=1392,576, w=48,h=48, src=288,0
17:35:24.349 [FXGL Background Thread 1 ] DEBUG TilesetLoader        - Writing to buffer: dst=1440,576, w=48,h=48, src=240,0
17:35:24.349 [FXGL Background Thread 1 ] DEBUG TilesetLoader        - Writing to buffer: dst=0,624, w=48,h=48, src=240,0
17:35:24.349 [FXGL Background Thread 1 ] DEBUG TilesetLoader        - Writing to buffer: dst=48,624, w=48,h=48, src=288,0
17:35:24.349 [FXGL Background Thread 1 ] DEBUG TilesetLoader        - Writing to buffer: dst=96,624, w=48,h=48, src=288,0
17:35:24.349 [FXGL Background Thread 1 ] DEBUG TilesetLoader        - Writing to buffer: dst=144,624, w=48,h=48, src=288,0
17:35:24.350 [FXGL Background Thread 1 ] DEBUG TilesetLoader        - Writing to buffer: dst=192,624, w=48,h=48, src=288,0
17:35:24.350 [FXGL Background Thread 1 ] DEBUG TilesetLoader        - Writing to buffer: dst=240,624, w=48,h=48, src=288,0
17:35:24.350 [FXGL Background Thread 1 ] DEBUG TilesetLoader        - Writing to buffer: dst=288,624, w=48,h=48, src=288,0
17:35:24.350 [FXGL Background Thread 1 ] DEBUG TilesetLoader        - Writing to buffer: dst=336,624, w=48,h=48, src=288,0
17:35:24.352 [FXGL Background Thread 1 ] DEBUG TilesetLoader        - Writing to buffer: dst=384,624, w=48,h=48, src=288,0
17:35:24.353 [FXGL Background Thread 1 ] DEBUG TilesetLoader        - Writing to buffer: dst=432,624, w=48,h=48, src=288,0
17:35:24.353 [FXGL Background Thread 1 ] DEBUG TilesetLoader        - Writing to buffer: dst=480,624, w=48,h=48, src=240,0
17:35:24.353 [FXGL Background Thread 1 ] DEBUG TilesetLoader        - Writing to buffer: dst=528,624, w=48,h=48, src=288,0
17:35:24.353 [FXGL Background Thread 1 ] DEBUG TilesetLoader        - Writing to buffer: dst=576,624, w=48,h=48, src=288,0
17:35:24.353 [FXGL Background Thread 1 ] DEBUG TilesetLoader        - Writing to buffer: dst=624,624, w=48,h=48, src=288,0
17:35:24.353 [FXGL Background Thread 1 ] DEBUG TilesetLoader        - Writing to buffer: dst=672,624, w=48,h=48, src=288,0
17:35:24.353 [FXGL Background Thread 1 ] DEBUG TilesetLoader        - Writing to buffer: dst=720,624, w=48,h=48, src=288,0
17:35:24.353 [FXGL Background Thread 1 ] DEBUG TilesetLoader        - Writing to buffer: dst=768,624, w=48,h=48, src=288,0
17:35:24.353 [FXGL Background Thread 1 ] DEBUG TilesetLoader        - Writing to buffer: dst=816,624, w=48,h=48, src=288,0
17:35:24.353 [FXGL Background Thread 1 ] DEBUG TilesetLoader        - Writing to buffer: dst=864,624, w=48,h=48, src=288,0
17:35:24.353 [FXGL Background Thread 1 ] DEBUG TilesetLoader        - Writing to buffer: dst=912,624, w=48,h=48, src=288,0
17:35:24.354 [FXGL Background Thread 1 ] DEBUG TilesetLoader        - Writing to buffer: dst=960,624, w=48,h=48, src=240,0
17:35:24.354 [FXGL Background Thread 1 ] DEBUG TilesetLoader        - Writing to buffer: dst=1008,624, w=48,h=48, src=288,0
17:35:24.354 [FXGL Background Thread 1 ] DEBUG TilesetLoader        - Writing to buffer: dst=1056,624, w=48,h=48, src=288,0
17:35:24.354 [FXGL Background Thread 1 ] DEBUG TilesetLoader        - Writing to buffer: dst=1104,624, w=48,h=48, src=288,0
17:35:24.354 [FXGL Background Thread 1 ] DEBUG TilesetLoader        - Writing to buffer: dst=1152,624, w=48,h=48, src=288,0
17:35:24.354 [FXGL Background Thread 1 ] DEBUG TilesetLoader        - Writing to buffer: dst=1200,624, w=48,h=48, src=288,0
17:35:24.354 [FXGL Background Thread 1 ] DEBUG TilesetLoader        - Writing to buffer: dst=1248,624, w=48,h=48, src=288,0
17:35:24.354 [FXGL Background Thread 1 ] DEBUG TilesetLoader        - Writing to buffer: dst=1296,624, w=48,h=48, src=288,0
17:35:24.354 [FXGL Background Thread 1 ] DEBUG TilesetLoader        - Writing to buffer: dst=1344,624, w=48,h=48, src=288,0
17:35:24.354 [FXGL Background Thread 1 ] DEBUG TilesetLoader        - Writing to buffer: dst=1392,624, w=48,h=48, src=288,0
17:35:24.354 [FXGL Background Thread 1 ] DEBUG TilesetLoader        - Writing to buffer: dst=1440,624, w=48,h=48, src=240,0
17:35:24.354 [FXGL Background Thread 1 ] DEBUG TilesetLoader        - Writing to buffer: dst=0,672, w=48,h=48, src=240,0
17:35:24.355 [FXGL Background Thread 1 ] DEBUG TilesetLoader        - Writing to buffer: dst=48,672, w=48,h=48, src=240,0
17:35:24.355 [FXGL Background Thread 1 ] DEBUG TilesetLoader        - Writing to buffer: dst=96,672, w=48,h=48, src=240,0
17:35:24.355 [FXGL Background Thread 1 ] DEBUG TilesetLoader        - Writing to buffer: dst=144,672, w=48,h=48, src=240,0
17:35:24.355 [FXGL Background Thread 1 ] DEBUG TilesetLoader        - Writing to buffer: dst=192,672, w=48,h=48, src=240,0
17:35:24.355 [FXGL Background Thread 1 ] DEBUG TilesetLoader        - Writing to buffer: dst=240,672, w=48,h=48, src=240,0
17:35:24.355 [FXGL Background Thread 1 ] DEBUG TilesetLoader        - Writing to buffer: dst=288,672, w=48,h=48, src=240,0
17:35:24.355 [FXGL Background Thread 1 ] DEBUG TilesetLoader        - Writing to buffer: dst=336,672, w=48,h=48, src=240,0
17:35:24.355 [FXGL Background Thread 1 ] DEBUG TilesetLoader        - Writing to buffer: dst=384,672, w=48,h=48, src=240,0
17:35:24.355 [FXGL Background Thread 1 ] DEBUG TilesetLoader        - Writing to buffer: dst=432,672, w=48,h=48, src=240,0
17:35:24.355 [FXGL Background Thread 1 ] DEBUG TilesetLoader        - Writing to buffer: dst=480,672, w=48,h=48, src=240,0
17:35:24.355 [FXGL Background Thread 1 ] DEBUG TilesetLoader        - Writing to buffer: dst=528,672, w=48,h=48, src=240,0
17:35:24.355 [FXGL Background Thread 1 ] DEBUG TilesetLoader        - Writing to buffer: dst=576,672, w=48,h=48, src=240,0
17:35:24.356 [FXGL Background Thread 1 ] DEBUG TilesetLoader        - Writing to buffer: dst=624,672, w=48,h=48, src=240,0
17:35:24.356 [FXGL Background Thread 1 ] DEBUG TilesetLoader        - Writing to buffer: dst=672,672, w=48,h=48, src=240,0
17:35:24.356 [FXGL Background Thread 1 ] DEBUG TilesetLoader        - Writing to buffer: dst=720,672, w=48,h=48, src=240,0
17:35:24.356 [FXGL Background Thread 1 ] DEBUG TilesetLoader        - Writing to buffer: dst=768,672, w=48,h=48, src=240,0
17:35:24.356 [FXGL Background Thread 1 ] DEBUG TilesetLoader        - Writing to buffer: dst=816,672, w=48,h=48, src=240,0
17:35:24.356 [FXGL Background Thread 1 ] DEBUG TilesetLoader        - Writing to buffer: dst=864,672, w=48,h=48, src=240,0
17:35:24.356 [FXGL Background Thread 1 ] DEBUG TilesetLoader        - Writing to buffer: dst=912,672, w=48,h=48, src=240,0
17:35:24.356 [FXGL Background Thread 1 ] DEBUG TilesetLoader        - Writing to buffer: dst=960,672, w=48,h=48, src=240,0
17:35:24.356 [FXGL Background Thread 1 ] DEBUG TilesetLoader        - Writing to buffer: dst=1008,672, w=48,h=48, src=240,0
17:35:24.356 [FXGL Background Thread 1 ] DEBUG TilesetLoader        - Writing to buffer: dst=1056,672, w=48,h=48, src=240,0
17:35:24.356 [FXGL Background Thread 1 ] DEBUG TilesetLoader        - Writing to buffer: dst=1104,672, w=48,h=48, src=240,0
17:35:24.356 [FXGL Background Thread 1 ] DEBUG TilesetLoader        - Writing to buffer: dst=1152,672, w=48,h=48, src=240,0
17:35:24.356 [FXGL Background Thread 1 ] DEBUG TilesetLoader        - Writing to buffer: dst=1200,672, w=48,h=48, src=240,0
17:35:24.356 [FXGL Background Thread 1 ] DEBUG TilesetLoader        - Writing to buffer: dst=1248,672, w=48,h=48, src=240,0
17:35:24.356 [FXGL Background Thread 1 ] DEBUG TilesetLoader        - Writing to buffer: dst=1296,672, w=48,h=48, src=240,0
17:35:24.356 [FXGL Background Thread 1 ] DEBUG TilesetLoader        - Writing to buffer: dst=1344,672, w=48,h=48, src=240,0
17:35:24.356 [FXGL Background Thread 1 ] DEBUG TilesetLoader        - Writing to buffer: dst=1392,672, w=48,h=48, src=240,0
17:35:24.357 [FXGL Background Thread 1 ] DEBUG TilesetLoader        - Writing to buffer: dst=1440,672, w=48,h=48, src=240,0
17:35:24.357 [FXGL Background Thread 1 ] DEBUG TMXLevelLoader       - Creating object layer entities
17:35:24.379 [FXGL Background Thread 1 ] DEBUG FXGLAssetLoaderServi - Loading from file system: /assets/textures/sprites.png
17:35:24.409 [FXGL Background Thread 1 ] DEBUG FXGLAssetLoaderServi - Loading from cache: /assets/textures/sprites.png
17:35:24.409 [FXGL Background Thread 1 ] DEBUG FXGLAssetLoaderServi - Loading from cache: /assets/textures/sprites.png
17:35:24.409 [FXGL Background Thread 1 ] DEBUG FXGLAssetLoaderServi - Loading from cache: /assets/textures/sprites.png
17:35:24.409 [FXGL Background Thread 1 ] DEBUG FXGLAssetLoaderServi - Loading from cache: /assets/textures/sprites.png
17:35:24.409 [FXGL Background Thread 1 ] DEBUG FXGLAssetLoaderServi - Loading from cache: /assets/textures/sprites.png
17:35:24.410 [FXGL Background Thread 1 ] DEBUG FXGLAssetLoaderServi - Loading from cache: /assets/textures/sprites.png
17:35:24.410 [FXGL Background Thread 1 ] DEBUG FXGLAssetLoaderServi - Loading from cache: /assets/textures/sprites.png
17:35:24.462 [FXGL Background Thread 1 ] DEBUG GameWorld            - Clearing removable entities
17:35:24.462 [FXGL Background Thread 1 ] DEBUG GameWorld            - Setting level: com.almasb.fxgl.entity.level.Level@75dbaee9
17:35:24.559 [FXGL Background Thread 1 ] INFO  FXGLApplication      - Game initialization took: 0.664 sec
17:35:24.560 [JavaFX Application Thread] DEBUG Input                - Clearing active input actions
17:35:24.582 [JavaFX Application Thread] DEBUG GameApplicationServi - Removing overlay from FXGLLoadingScene and adding to GameScene
17:35:24.582 [JavaFX Application Thread] DEBUG MainWindow           - FXGLLoadingScene -> GameScene
17:35:24.714 [FXGL Background Thread 2 ] INFO  UpdaterService       - Your current version:  11.12
17:35:24.714 [FXGL Background Thread 2 ] INFO  UpdaterService       - Latest stable version: 17.2
17:35:26.768 [FXGL Background Thread 3 ] DEBUG Engine               - Logging environment variables
17:35:26.769 [FXGL Background Thread 3 ] DEBUG Engine               - achievements: []
17:35:26.769 [FXGL Background Thread 3 ] DEBUG Engine               - actualHeight: 720.0
17:35:26.769 [FXGL Background Thread 3 ] DEBUG Engine               - actualHeightProperty: ReadOnlyDoubleProperty [value: 720.0]
17:35:26.769 [FXGL Background Thread 3 ] DEBUG Engine               - actualWidth: 1488.0
17:35:26.770 [FXGL Background Thread 3 ] DEBUG Engine               - actualWidthProperty: ReadOnlyDoubleProperty [value: 1488.0]
17:35:26.770 [FXGL Background Thread 3 ] DEBUG Engine               - appIcon: fxgl_icon.png
17:35:26.770 [FXGL Background Thread 3 ] DEBUG Engine               - applicationMode: DEVELOPER
17:35:26.770 [FXGL Background Thread 3 ] DEBUG Engine               - cSSList: [fxgl_dark.css]
17:35:26.770 [FXGL Background Thread 3 ] DEBUG Engine               - configClass: Optional.empty
17:35:26.770 [FXGL Background Thread 3 ] DEBUG Engine               - credits: []
17:35:26.771 [FXGL Background Thread 3 ] DEBUG Engine               - devBBoxColorProperty: ObjectProperty [value: 0xff0000ff]
17:35:26.771 [FXGL Background Thread 3 ] DEBUG Engine               - devEnableDebugCameraProperty: BooleanProperty [value: false]
17:35:26.771 [FXGL Background Thread 3 ] DEBUG Engine               - devSensorColorProperty: ObjectProperty [value: 0xffff00ff]
17:35:26.771 [FXGL Background Thread 3 ] DEBUG Engine               - devShowBBoxProperty: BooleanProperty [value: false]
17:35:26.771 [FXGL Background Thread 3 ] DEBUG Engine               - devShowPositionProperty: BooleanProperty [value: false]
17:35:26.771 [FXGL Background Thread 3 ] DEBUG Engine               - enabledMenuItems: []
17:35:26.771 [FXGL Background Thread 3 ] DEBUG Engine               - engineServices: [class com.almasb.fxgl.app.FXGLApplication$GameApplicationService, class com.almasb.fxgl.app.services.FXGLDialogService, class com.almasb.fxgl.app.services.IOTaskExecutorService, class com.almasb.fxgl.event.EventBusService, class com.almasb.fxgl.io.FileSystemService, class com.almasb.fxgl.localization.LocalizationService, class com.almasb.fxgl.app.services.FXGLAssetLoaderService, class com.almasb.fxgl.app.services.SystemBundleService, class com.almasb.fxgl.profile.SaveLoadService, class com.almasb.fxgl.ui.FXGLUIFactoryServiceProvider, class com.almasb.fxgl.ui.FXGLDialogFactoryServiceProvider, class com.almasb.fxgl.audio.AudioPlayer, class com.almasb.fxgl.notification.impl.NotificationServiceProvider, class com.almasb.fxgl.achievement.AchievementService, class com.almasb.fxgl.cutscene.CutsceneService, class com.almasb.fxgl.minigames.MiniGameService, class com.almasb.fxgl.net.NetService, class com.almasb.fxgl.app.services.UpdaterService, class com.almasb.fxgl.dev.DevService]
17:35:26.772 [FXGL Background Thread 3 ] DEBUG Engine               - fontGame: Abel-Regular.ttf
17:35:26.772 [FXGL Background Thread 3 ] DEBUG Engine               - fontMono: lucida_console.ttf
17:35:26.772 [FXGL Background Thread 3 ] DEBUG Engine               - fontText: Courier-Prime.ttf
17:35:26.772 [FXGL Background Thread 3 ] DEBUG Engine               - fontUI: VarelaRound-Regular.ttf
17:35:26.772 [FXGL Background Thread 3 ] DEBUG Engine               - fullScreen: BooleanProperty [value: false]
17:35:26.772 [FXGL Background Thread 3 ] DEBUG Engine               - gameDifficulty: MEDIUM
17:35:26.772 [FXGL Background Thread 3 ] DEBUG Engine               - gameDifficultyProperty: ObjectProperty [value: MEDIUM]
17:35:26.772 [FXGL Background Thread 3 ] DEBUG Engine               - globalMusicVolume: 0.5
17:35:26.773 [FXGL Background Thread 3 ] DEBUG Engine               - globalMusicVolumeProperty: DoubleProperty [value: 0.5]
17:35:26.773 [FXGL Background Thread 3 ] DEBUG Engine               - globalSoundVolume: 0.5
17:35:26.773 [FXGL Background Thread 3 ] DEBUG Engine               - globalSoundVolumeProperty: DoubleProperty [value: 0.5]
17:35:26.773 [FXGL Background Thread 3 ] DEBUG Engine               - height: 720
17:35:26.773 [FXGL Background Thread 3 ] DEBUG Engine               - isAndroid: false
17:35:26.773 [FXGL Background Thread 3 ] DEBUG Engine               - isBrowser: false
17:35:26.773 [FXGL Background Thread 3 ] DEBUG Engine               - isClickFeedbackEnabled: false
17:35:26.773 [FXGL Background Thread 3 ] DEBUG Engine               - isCloseConfirmation: false
17:35:26.774 [FXGL Background Thread 3 ] DEBUG Engine               - isDesktop: true
17:35:26.774 [FXGL Background Thread 3 ] DEBUG Engine               - isDeveloperMenuEnabled: false
17:35:26.774 [FXGL Background Thread 3 ] DEBUG Engine               - isEntityPreloadEnabled: true
17:35:26.774 [FXGL Background Thread 3 ] DEBUG Engine               - isExperimental3D: false
17:35:26.774 [FXGL Background Thread 3 ] DEBUG Engine               - isExperimentalNative: false
17:35:26.774 [FXGL Background Thread 3 ] DEBUG Engine               - isExperimentalTiledLargeMap: false
17:35:26.774 [FXGL Background Thread 3 ] DEBUG Engine               - isFileSystemWriteAllowed: true
17:35:26.775 [FXGL Background Thread 3 ] DEBUG Engine               - isFullScreenAllowed: false
17:35:26.775 [FXGL Background Thread 3 ] DEBUG Engine               - isFullScreenFromStart: false
17:35:26.775 [FXGL Background Thread 3 ] DEBUG Engine               - isGameMenuEnabled: true
17:35:26.775 [FXGL Background Thread 3 ] DEBUG Engine               - isIOS: false
17:35:26.775 [FXGL Background Thread 3 ] DEBUG Engine               - isIntroEnabled: false
17:35:26.775 [FXGL Background Thread 3 ] DEBUG Engine               - isLinux: false
17:35:26.775 [FXGL Background Thread 3 ] DEBUG Engine               - isMac: false
17:35:26.775 [FXGL Background Thread 3 ] DEBUG Engine               - isMainMenuEnabled: false
17:35:26.775 [FXGL Background Thread 3 ] DEBUG Engine               - isManualResizeEnabled: false
17:35:26.776 [FXGL Background Thread 3 ] DEBUG Engine               - isMobile: false
17:35:26.776 [FXGL Background Thread 3 ] DEBUG Engine               - isPreserveResizeRatio: false
17:35:26.776 [FXGL Background Thread 3 ] DEBUG Engine               - isProfilingEnabled: false
17:35:26.776 [FXGL Background Thread 3 ] DEBUG Engine               - isScaleAffectedOnResize: true
17:35:26.776 [FXGL Background Thread 3 ] DEBUG Engine               - isSingleStep: false
17:35:26.776 [FXGL Background Thread 3 ] DEBUG Engine               - isUserProfileEnabled: false
17:35:26.776 [FXGL Background Thread 3 ] DEBUG Engine               - isWindows: true
17:35:26.776 [FXGL Background Thread 3 ] DEBUG Engine               - language: ObjectProperty [value: ENGLISH]
17:35:26.777 [FXGL Background Thread 3 ] DEBUG Engine               - menuKey: ESCAPE
17:35:26.777 [FXGL Background Thread 3 ] DEBUG Engine               - notificationViewClass: class com.almasb.fxgl.notification.view.XboxNotificationView
17:35:26.777 [FXGL Background Thread 3 ] DEBUG Engine               - pixelsPerMeter: 50.0
17:35:26.777 [FXGL Background Thread 3 ] DEBUG Engine               - platform: WINDOWS
17:35:26.777 [FXGL Background Thread 3 ] DEBUG Engine               - prefHeightProperty: ReadOnlyDoubleProperty [value: 720.0]
17:35:26.777 [FXGL Background Thread 3 ] DEBUG Engine               - prefWidthProperty: ReadOnlyDoubleProperty [value: 1488.0]
17:35:26.777 [FXGL Background Thread 3 ] DEBUG Engine               - profileDir: profiles/
17:35:26.778 [FXGL Background Thread 3 ] DEBUG Engine               - profileName: StringProperty [value: DEFAULT]
17:35:26.778 [FXGL Background Thread 3 ] DEBUG Engine               - randomSeed: -1
17:35:26.778 [FXGL Background Thread 3 ] DEBUG Engine               - runtimeInfo: RuntimeInfo(platform=WINDOWS, version=11.12, build=11.12.2020 08.51)
17:35:26.778 [FXGL Background Thread 3 ] DEBUG Engine               - saveFileExt: sav
17:35:26.778 [FXGL Background Thread 3 ] DEBUG Engine               - scaledHeightProp$fxgl: DoubleProperty [bound, value: 720.0]
17:35:26.778 [FXGL Background Thread 3 ] DEBUG Engine               - scaledWidthProp$fxgl: DoubleProperty [bound, value: 1488.0]
17:35:26.779 [FXGL Background Thread 3 ] DEBUG Engine               - sceneFactory: com.almasb.fxgl.app.scene.SceneFactory@6318a92a
17:35:26.779 [FXGL Background Thread 3 ] DEBUG Engine               - secondsIn24h: 60
17:35:26.779 [FXGL Background Thread 3 ] DEBUG Engine               - soundMenuBack: menu/back.wav
17:35:26.779 [FXGL Background Thread 3 ] DEBUG Engine               - soundMenuPress: menu/press.wav
17:35:26.779 [FXGL Background Thread 3 ] DEBUG Engine               - soundMenuSelect: menu/select.wav
17:35:26.779 [FXGL Background Thread 3 ] DEBUG Engine               - soundNotification: core/notification.wav
17:35:26.779 [FXGL Background Thread 3 ] DEBUG Engine               - stageStyle: DECORATED
17:35:26.779 [FXGL Background Thread 3 ] DEBUG Engine               - supportedLanguages: [ENGLISH, FRENCH, GERMAN, HUNGARIAN, RUSSIAN]
17:35:26.780 [FXGL Background Thread 3 ] DEBUG Engine               - title: BOMBERMAN
17:35:26.780 [FXGL Background Thread 3 ] DEBUG Engine               - urlGithub: https://github.com/AlmasB/FXGL
17:35:26.780 [FXGL Background Thread 3 ] DEBUG Engine               - urlLeaderboard: http://fxgl-top.herokuapp.com/
17:35:26.780 [FXGL Background Thread 3 ] DEBUG Engine               - urlPOM: https://raw.githubusercontent.com/AlmasB/FXGL/master/README.md
17:35:26.780 [FXGL Background Thread 3 ] DEBUG Engine               - version: 1.0
17:35:26.780 [FXGL Background Thread 3 ] DEBUG Engine               - versionCheckDays: 7
17:35:26.780 [FXGL Background Thread 3 ] DEBUG Engine               - width: 1488
17:35:26.781 [FXGL Background Thread 3 ] DEBUG Engine               - Logging services
17:35:26.781 [FXGL Background Thread 3 ] DEBUG Engine               - class com.almasb.fxgl.app.FXGLApplication$GameApplicationService
17:35:26.781 [FXGL Background Thread 3 ] DEBUG Engine               - class com.almasb.fxgl.app.services.FXGLDialogService
17:35:26.781 [FXGL Background Thread 3 ] DEBUG Engine               - class com.almasb.fxgl.app.services.IOTaskExecutorService
17:35:26.781 [FXGL Background Thread 3 ] DEBUG Engine               - class com.almasb.fxgl.event.EventBusService
17:35:26.781 [FXGL Background Thread 3 ] DEBUG Engine               - class com.almasb.fxgl.io.FileSystemService
17:35:26.781 [FXGL Background Thread 3 ] DEBUG Engine               - class com.almasb.fxgl.localization.LocalizationService
17:35:26.781 [FXGL Background Thread 3 ] DEBUG Engine               - class com.almasb.fxgl.app.services.FXGLAssetLoaderService
17:35:26.782 [FXGL Background Thread 3 ] DEBUG Engine               - class com.almasb.fxgl.app.services.SystemBundleService
17:35:26.782 [FXGL Background Thread 3 ] DEBUG Engine               - class com.almasb.fxgl.profile.SaveLoadService
17:35:26.782 [FXGL Background Thread 3 ] DEBUG Engine               - class com.almasb.fxgl.ui.FXGLUIFactoryServiceProvider
17:35:26.782 [FXGL Background Thread 3 ] DEBUG Engine               - class com.almasb.fxgl.ui.FXGLDialogFactoryServiceProvider
17:35:26.782 [FXGL Background Thread 3 ] DEBUG Engine               - class com.almasb.fxgl.audio.AudioPlayer
17:35:26.782 [FXGL Background Thread 3 ] DEBUG Engine               - class com.almasb.fxgl.notification.impl.NotificationServiceProvider
17:35:26.782 [FXGL Background Thread 3 ] DEBUG Engine               - class com.almasb.fxgl.achievement.AchievementService
17:35:26.783 [FXGL Background Thread 3 ] DEBUG Engine               - class com.almasb.fxgl.cutscene.CutsceneService
17:35:26.783 [FXGL Background Thread 3 ] DEBUG Engine               - class com.almasb.fxgl.minigames.MiniGameService
17:35:26.783 [FXGL Background Thread 3 ] DEBUG Engine               - class com.almasb.fxgl.net.NetService
17:35:26.783 [FXGL Background Thread 3 ] DEBUG Engine               - class com.almasb.fxgl.app.services.UpdaterService
17:35:26.783 [FXGL Background Thread 3 ] DEBUG Engine               - class com.almasb.fxgl.dev.DevService
17:35:47.508 [JavaFX Application Thread] DEBUG FXGLApplication      - Exiting FXGL
17:35:47.508 [JavaFX Application Thread] DEBUG LoopRunner           - Stopping loop
17:35:47.508 [JavaFX Application Thread] DEBUG SystemBundleService  - Saving FXGL system data
17:35:47.510 [JavaFX Application Thread] DEBUG FileSystemAccess     - Writing to: D:\OOP\game\system\fxgl.bundle
17:35:47.512 [JavaFX Application Thread] DEBUG Async                - Shutting down background threads
17:35:47.512 [JavaFX Application Thread] DEBUG MainWindow           - Closing main window
17:35:47.526 [JavaFX Application Thread] DEBUG Logger               - Closing Logger
