17:33:07.717 [main                     ] DEBUG Logger               - Configured Logger
17:33:07.720 [main                     ] DEBUG GameApplication      - Logging settings
Title: BOMBERMAN
Version: 1.0
Width: 1488
Height: 720
Fullscreen: false
Intro: false
Profiling: false
Single step:false
App Mode: DEVELOPER
Menu Key: ESCAPE
Stage Style: DECORATED
Scene Factory: class com.almasb.fxgl.app.scene.SceneFactory

17:33:08.138 [JavaFX Application Thread] DEBUG FXGLApplication      - Initializing FXGL
17:33:08.141 [JavaFX Application Thread] INFO  Engine               - FXGL-11.12 (11.12.2020 08.51) on WINDOWS (J:18.0.2.1 FX:15)
17:33:08.141 [JavaFX Application Thread] DEBUG Engine               - JRE Vendor Name: Oracle Corporation
17:33:08.141 [JavaFX Application Thread] DEBUG Engine               - Running on OS: Windows 10 version 10.0
17:33:08.141 [JavaFX Application Thread] DEBUG Engine               - Architecture: amd64
17:33:08.141 [JavaFX Application Thread] INFO  Engine               - Source code and latest versions at: https://github.com/AlmasB/FXGL
17:33:08.142 [JavaFX Application Thread] INFO  Engine               -              Join the FXGL chat at: https://gitter.im/AlmasB/FXGL
17:33:08.271 [JavaFX Application Thread] DEBUG MainWindow           - Creating a JavaFX scene
17:33:08.335 [JavaFX Application Thread] DEBUG MainWindow           - Target settings size: 1488.0 x 720.0
17:33:08.335 [JavaFX Application Thread] DEBUG MainWindow           - Scaled scene size:    1488.0 x 720.0
17:33:08.335 [JavaFX Application Thread] DEBUG MainWindow           - Scaled ratio: (1.0, 1.0)
17:33:08.336 [JavaFX Application Thread] DEBUG MainWindow           - Set initial scene to StartupScene
17:33:08.343 [JavaFX Application Thread] DEBUG MainWindow           - Opening main window
17:33:08.448 [JavaFX Application Thread] DEBUG MainWindow           - Window border size: (14.4000244140625, 37.5999755859375)
17:33:08.448 [JavaFX Application Thread] DEBUG MainWindow           - Scaled size: 1488.0 x 720.0
17:33:08.448 [JavaFX Application Thread] DEBUG MainWindow           - Scaled ratio: (1.0, 1.0)
17:33:08.448 [JavaFX Application Thread] DEBUG MainWindow           - Scene size: 1488.0 x 720.0
17:33:08.449 [JavaFX Application Thread] DEBUG MainWindow           - Stage size: 1502.4000244140625 x 757.5999755859375
17:33:08.458 [FXGL Background Thread 1 ] DEBUG Engine               - Initializing environment variables
17:33:08.532 [FXGL Background Thread 1 ] DEBUG GameApplicationServi - Applying CSS: fxgl_dark.css
17:33:08.533 [FXGL Background Thread 1 ] DEBUG FXGLAssetLoaderServi - Loading from file system: /assets/ui/css/fxgl_dark.css
17:33:08.584 [FXGL Background Thread 1 ] DEBUG GameApplicationServi - Initializing application scenes
17:33:08.625 [FXGL Background Thread 1 ] DEBUG GameWorld            - Game world initialized
17:33:08.702 [FXGL Background Thread 1 ] DEBUG PhysicsWorld         - Physics world initialized: appHeight=720, physics.ppm=50.0
17:33:08.704 [FXGL Background Thread 1 ] DEBUG GameScene            - Game scene initialized: 1488x720
17:33:08.743 [FXGL Background Thread 1 ] DEBUG FXGLAssetLoaderServi - Loading from file system: /assets/textures/particles/trace_horizontal.png
17:33:08.807 [FXGL Background Thread 1 ] DEBUG FXGL.DefaultMenu     - createMenuBodyGameMenu()
17:33:08.825 [FXGL Background Thread 1 ] DEBUG FXGL.DefaultMenu     - createOptionsMenu()
17:33:08.830 [FXGL Background Thread 1 ] DEBUG FXGLAssetLoaderServi - Loading from file system: /assets/textures/particles/smoke.png
17:33:08.953 [FXGL Background Thread 1 ] DEBUG GameApplicationServi - Application scenes initialized
17:33:08.966 [FXGL Background Thread 1 ] DEBUG SystemBundleService  - Loading FXGL system data
17:33:08.971 [FXGL Background Thread 1 ] DEBUG FileSystemAccess     - Reading from: D:\OOP\game\system\fxgl.bundle
17:33:08.982 [FXGL Background Thread 1 ] DEBUG SystemBundleService  - Bundle FXGL: {}
17:33:08.982 [FXGL Background Thread 1 ] DEBUG UpdaterService       - Checking for updates
17:33:08.988 [FXGL Background Thread 4 ] DEBUG FXGLApplication      - Loading fonts
17:33:08.988 [FXGL Background Thread 4 ] DEBUG FXGLAssetLoaderServi - Loading from file system: /assets/ui/fonts/VarelaRound-Regular.ttf
17:33:08.988 [FXGL Background Thread 1 ] DEBUG FXGLApplication      - Loading default localization
17:33:08.989 [FXGL Background Thread 1 ] DEBUG FXGLAssetLoaderServi - Loading from file system: /assets/languages/english.lang
17:33:09.013 [FXGL Background Thread 1 ] INFO  FXGLApplication      - FXGL initialization took: 0.555 sec
17:33:09.030 [JavaFX Application Thread] DEBUG Input                - Registered new binding: Right - D
17:33:09.031 [JavaFX Application Thread] DEBUG Input                - Registered new binding: Left - A
17:33:09.031 [JavaFX Application Thread] DEBUG Input                - Registered new binding: Up - W
17:33:09.031 [JavaFX Application Thread] DEBUG Input                - Registered new binding: Down - S
17:33:09.031 [JavaFX Application Thread] DEBUG FXGLAssetLoaderServi - Loading from file system: /assets/textures/fxgl_icon.png
17:33:09.078 [JavaFX Application Thread] DEBUG FXGLAssetLoaderServi - Loading from file system: /assets/ui/cursors/fxgl_default.png
17:33:09.083 [JavaFX Application Thread] DEBUG Input                - Registered new binding: Screenshot - P
17:33:09.084 [JavaFX Application Thread] DEBUG Input                - Registered new binding: System info dump - CTRL+9
17:33:09.085 [JavaFX Application Thread] DEBUG Input                - Registered new binding: Restart - CTRL+R
17:33:09.086 [JavaFX Application Thread] DEBUG Input                - Registered new binding: Toggle Debug Camera - CTRL+C
17:33:09.090 [JavaFX Application Thread] DEBUG LoopRunner           - Starting loop
17:33:09.091 [JavaFX Application Thread] DEBUG GameApplicationServi - Starting new game
17:33:09.092 [JavaFX Application Thread] DEBUG Input                - Clearing active input actions
17:33:09.112 [JavaFX Application Thread] DEBUG GameApplicationServi - Removing overlay from StartupScene and adding to FXGLLoadingScene
17:33:09.113 [JavaFX Application Thread] DEBUG MainWindow           - StartupScene -> FXGLLoadingScene
17:33:09.113 [JavaFX Application Thread] DEBUG GameApplicationServi - Clearing previous game
17:33:09.113 [JavaFX Application Thread] DEBUG GameScene            - Clearing game scene
17:33:09.113 [JavaFX Application Thread] DEBUG GameWorld            - Clearing game world
17:33:09.113 [JavaFX Application Thread] DEBUG PhysicsWorld         - Clearing physics world
17:33:09.115 [FXGL Background Thread 1 ] DEBUG FXGLApplication      - Initializing game
17:33:09.127 [FXGL Background Thread 1 ] DEBUG FXGLAssetLoaderServi - Loading from file system: /assets/levels/bbm.tmx
17:33:09.171 [FXGL Background Thread 1 ] WARN  TMXLevelLoader       - TiledMap generated from 1.8.6. Supported version: 1.2.3. Some features may not be parsed fully.
17:33:09.208 [FXGL Background Thread 1 ] DEBUG TMXLevelLoader       - Parsed raw map: TiledMap(width=31, height=15, tilewidth=48, tileheight=48, orientation=orthogonal, layers=[Layer(width=31, height=15, name=Tile Layer 1, type=tilelayer, visible=false, x=0, y=0, data=[0, 0, 0, 0, 0, 0, 0, 0, 0, 0, 0, 0, 0, 0, 0, 0, 0, 0, 0, 0, 0, 0, 0, 0, 0, 0, 0, 0, 0, 0, 0, 0, 0, 0, 0, 0, 0, 0, 0, 0, 0, 0, 0, 0, 0, 0, 0, 0, 0, 0, 0, 0, 0, 0, 0, 0, 0, 0, 0, 0, 0, 0, 6, 6, 6, 6, 6, 6, 6, 6, 6, 6, 6, 6, 6, 6, 6, 6, 6, 6, 6, 6, 6, 6, 6, 6, 6, 6, 6, 6, 6, 6, 6, 6, 7, 7, 7, 7, 7, 7, 7, 7, 7, 6, 7, 7, 7, 7, 7, 7, 7, 7, 7, 6, 7, 7, 7, 7, 7, 7, 7, 7, 7, 6, 6, 7, 6, 7, 6, 7, 6, 7, 6, 7, 6, 7, 6, 7, 6, 7, 6, 7, 6, 7, 6, 7, 6, 7, 6, 7, 6, 7, 6, 7, 6, 6, 7, 7, 7, 7, 7, 7, 7, 7, 7, 7, 7, 7, 7, 7, 7, 7, 7, 7, 7, 7, 7, 7, 7, 7, 7, 7, 7, 7, 7, 6, 6, 7, 6, 7, 6, 7, 6, 7, 6, 7, 6, 7, 6, 7, 6, 7, 6, 7, 6, 7, 6, 7, 6, 7, 6, 7, 6, 7, 6, 7, 6, 6, 7, 7, 7, 7, 7, 7, 7, 7, 7, 7, 7, 7, 7, 7, 7, 7, 7, 7, 7, 7, 7, 7, 7, 7, 7, 7, 7, 7, 7, 6, 6, 6, 6, 7, 6, 7, 6, 7, 6, 7, 6, 6, 6, 7, 6, 7, 6, 7, 6, 6, 6, 7, 6, 7, 6, 7, 6, 7, 6, 6, 6, 6, 7, 7, 7, 7, 7, 7, 7, 7, 7, 7, 7, 7, 7, 7, 7, 7, 7, 7, 7, 7, 7, 7, 7, 7, 7, 7, 7, 7, 7, 6, 6, 7, 6, 7, 6, 7, 6, 7, 6, 7, 6, 7, 6, 7, 6, 7, 6, 7, 6, 7, 6, 7, 6, 7, 6, 7, 6, 7, 6, 7, 6, 6, 7, 7, 7, 7, 7, 7, 7, 7, 7, 7, 7, 7, 7, 7, 7, 7, 7, 7, 7, 7, 7, 7, 7, 7, 7, 7, 7, 7, 7, 6, 6, 7, 6, 7, 6, 7, 6, 7, 6, 7, 6, 7, 6, 7, 6, 7, 6, 7, 6, 7, 6, 7, 6, 7, 6, 7, 6, 7, 6, 7, 6, 6, 7, 7, 7, 7, 7, 7, 7, 7, 7, 6, 7, 7, 7, 7, 7, 7, 7, 7, 7, 6, 7, 7, 7, 7, 7, 7, 7, 7, 7, 6, 6, 6, 6, 6, 6, 6, 6, 6, 6, 6, 6, 6, 6, 6, 6, 6, 6, 6, 6, 6, 6, 6, 6, 6, 6, 6, 6, 6, 6, 6, 6], objects=[], opacity=0.0, draworder=), Layer(width=0, height=0, name=Walls, type=objectgroup, visible=false, x=0, y=0, data=[], objects=[com.almasb.fxgl.entity.level.tiled.TiledObject@21d08b5, com.almasb.fxgl.entity.level.tiled.TiledObject@87a30a8, com.almasb.fxgl.entity.level.tiled.TiledObject@32468747, com.almasb.fxgl.entity.level.tiled.TiledObject@37ea1457, com.almasb.fxgl.entity.level.tiled.TiledObject@5dd8eabf, com.almasb.fxgl.entity.level.tiled.TiledObject@4fe6edc, com.almasb.fxgl.entity.level.tiled.TiledObject@204bdbb, com.almasb.fxgl.entity.level.tiled.TiledObject@652b5900, com.almasb.fxgl.entity.level.tiled.TiledObject@7f3cca08, com.almasb.fxgl.entity.level.tiled.TiledObject@8c3d3bd, com.almasb.fxgl.entity.level.tiled.TiledObject@2f0d4e7b, com.almasb.fxgl.entity.level.tiled.TiledObject@10d1e1c3, com.almasb.fxgl.entity.level.tiled.TiledObject@9a4155b, com.almasb.fxgl.entity.level.tiled.TiledObject@1f6c61e9, com.almasb.fxgl.entity.level.tiled.TiledObject@5ad78ae9, com.almasb.fxgl.entity.level.tiled.TiledObject@4517b789, com.almasb.fxgl.entity.level.tiled.TiledObject@6cb06cbd, com.almasb.fxgl.entity.level.tiled.TiledObject@10af2beb, com.almasb.fxgl.entity.level.tiled.TiledObject@76496bd5, com.almasb.fxgl.entity.level.tiled.TiledObject@e9a316a, com.almasb.fxgl.entity.level.tiled.TiledObject@61a06180, com.almasb.fxgl.entity.level.tiled.TiledObject@839fe2c, com.almasb.fxgl.entity.level.tiled.TiledObject@35133b3d, com.almasb.fxgl.entity.level.tiled.TiledObject@6add5d94, com.almasb.fxgl.entity.level.tiled.TiledObject@8939d2e, com.almasb.fxgl.entity.level.tiled.TiledObject@4f1cda8e, com.almasb.fxgl.entity.level.tiled.TiledObject@63fada83, com.almasb.fxgl.entity.level.tiled.TiledObject@634b0a95, com.almasb.fxgl.entity.level.tiled.TiledObject@7725913f, com.almasb.fxgl.entity.level.tiled.TiledObject@5ec4fdff, com.almasb.fxgl.entity.level.tiled.TiledObject@6bdf1a66, com.almasb.fxgl.entity.level.tiled.TiledObject@50fbaa2a, com.almasb.fxgl.entity.level.tiled.TiledObject@b0c6563, com.almasb.fxgl.entity.level.tiled.TiledObject@725e4af8, com.almasb.fxgl.entity.level.tiled.TiledObject@61c162ff, com.almasb.fxgl.entity.level.tiled.TiledObject@6ce62e17, com.almasb.fxgl.entity.level.tiled.TiledObject@4a97995, com.almasb.fxgl.entity.level.tiled.TiledObject@420fa72, com.almasb.fxgl.entity.level.tiled.TiledObject@6e1ca693, com.almasb.fxgl.entity.level.tiled.TiledObject@33d7abd1, com.almasb.fxgl.entity.level.tiled.TiledObject@7cfd19ef, com.almasb.fxgl.entity.level.tiled.TiledObject@7f8d8f68, com.almasb.fxgl.entity.level.tiled.TiledObject@742e8634, com.almasb.fxgl.entity.level.tiled.TiledObject@7a292243, com.almasb.fxgl.entity.level.tiled.TiledObject@6e8f6e88, com.almasb.fxgl.entity.level.tiled.TiledObject@7dea5afe, com.almasb.fxgl.entity.level.tiled.TiledObject@7df57c51, com.almasb.fxgl.entity.level.tiled.TiledObject@4e7d6296, com.almasb.fxgl.entity.level.tiled.TiledObject@5b93beff, com.almasb.fxgl.entity.level.tiled.TiledObject@740122d9, com.almasb.fxgl.entity.level.tiled.TiledObject@2240dffc, com.almasb.fxgl.entity.level.tiled.TiledObject@78c70f0, com.almasb.fxgl.entity.level.tiled.TiledObject@412e52b8, com.almasb.fxgl.entity.level.tiled.TiledObject@3cc4b7ae, com.almasb.fxgl.entity.level.tiled.TiledObject@18df30f5, com.almasb.fxgl.entity.level.tiled.TiledObject@7cb0d8ee, com.almasb.fxgl.entity.level.tiled.TiledObject@4fb8ee52, com.almasb.fxgl.entity.level.tiled.TiledObject@56d859cc, com.almasb.fxgl.entity.level.tiled.TiledObject@37e1937a, com.almasb.fxgl.entity.level.tiled.TiledObject@4dec4ac0, com.almasb.fxgl.entity.level.tiled.TiledObject@45aef751, com.almasb.fxgl.entity.level.tiled.TiledObject@512cc011, com.almasb.fxgl.entity.level.tiled.TiledObject@6a6df30d, com.almasb.fxgl.entity.level.tiled.TiledObject@45f80eca, com.almasb.fxgl.entity.level.tiled.TiledObject@775e6d5b, com.almasb.fxgl.entity.level.tiled.TiledObject@404517e9, com.almasb.fxgl.entity.level.tiled.TiledObject@45b56177, com.almasb.fxgl.entity.level.tiled.TiledObject@40bea955, com.almasb.fxgl.entity.level.tiled.TiledObject@448e20ac, com.almasb.fxgl.entity.level.tiled.TiledObject@2c9c8d8b, com.almasb.fxgl.entity.level.tiled.TiledObject@424cffb6, com.almasb.fxgl.entity.level.tiled.TiledObject@770d12ab, com.almasb.fxgl.entity.level.tiled.TiledObject@42b3d7a6, com.almasb.fxgl.entity.level.tiled.TiledObject@a0bfaae, com.almasb.fxgl.entity.level.tiled.TiledObject@2f1f0516, com.almasb.fxgl.entity.level.tiled.TiledObject@3098c214, com.almasb.fxgl.entity.level.tiled.TiledObject@6c4a3d46, com.almasb.fxgl.entity.level.tiled.TiledObject@39c164eb, com.almasb.fxgl.entity.level.tiled.TiledObject@6ea1e170], opacity=0.0, draworder=), Layer(width=0, height=0, name=Around Walls, type=objectgroup, visible=false, x=0, y=0, data=[], objects=[com.almasb.fxgl.entity.level.tiled.TiledObject@185f06d2, com.almasb.fxgl.entity.level.tiled.TiledObject@25c2a892, com.almasb.fxgl.entity.level.tiled.TiledObject@171676fd, com.almasb.fxgl.entity.level.tiled.TiledObject@76ddbf0e], opacity=0.0, draworder=)], tilesets=[Tileset(firstgid=1, image=../../../../../../../bomberman/chepvjp/BombermanOOP/src/main/resources/assets/levels/classic.png, name=classic, tilewidth=48, tileheight=48, imagewidth=768, imageheight=768, margin=0, spacing=0, columns=16, tilecount=256, transparentcolor=ff00ff, tiles=[])], backgroundcolor=, renderorder=right-down, nextobjectid=611, version=1, tiledversion=1.8.6, type=map, infinite=false, hexsidelength=0, staggeraxis=, staggerindex=, properties={}, propertytypes={})
17:33:09.210 [FXGL Background Thread 1 ] DEBUG TMXLevelLoader       - Creating tile layer entities
17:33:09.211 [FXGL Background Thread 1 ] DEBUG TilesetLoader        - Loading view for layer Tile Layer 1
17:33:09.215 [FXGL Background Thread 1 ] DEBUG TilesetLoader        - Created buffer with size 1488.0x720.0
17:33:09.323 [FXGL Background Thread 4 ] DEBUG FXGLAssetLoaderServi - Loading from file system: /assets/ui/fonts/Abel-Regular.ttf
17:33:09.330 [FXGL Background Thread 4 ] DEBUG FXGLAssetLoaderServi - Loading from file system: /assets/ui/fonts/lucida_console.ttf
17:33:09.347 [FXGL Background Thread 4 ] DEBUG FXGLAssetLoaderServi - Loading from file system: /assets/ui/fonts/Courier-Prime.ttf
17:33:09.414 [JavaFX Application Thread] DEBUG FXGLApplication      - Registering font factories with UI factory
17:33:09.432 [FXGL Background Thread 1 ] DEBUG TilesetLoader        - Writing to buffer: dst=0,96, w=48,h=48, src=240,0
17:33:09.432 [FXGL Background Thread 1 ] DEBUG TilesetLoader        - Writing to buffer: dst=48,96, w=48,h=48, src=240,0
17:33:09.433 [FXGL Background Thread 1 ] DEBUG TilesetLoader        - Writing to buffer: dst=96,96, w=48,h=48, src=240,0
17:33:09.433 [FXGL Background Thread 1 ] DEBUG TilesetLoader        - Writing to buffer: dst=144,96, w=48,h=48, src=240,0
17:33:09.433 [FXGL Background Thread 1 ] DEBUG TilesetLoader        - Writing to buffer: dst=192,96, w=48,h=48, src=240,0
17:33:09.433 [FXGL Background Thread 1 ] DEBUG TilesetLoader        - Writing to buffer: dst=240,96, w=48,h=48, src=240,0
17:33:09.434 [FXGL Background Thread 1 ] DEBUG TilesetLoader        - Writing to buffer: dst=288,96, w=48,h=48, src=240,0
17:33:09.434 [FXGL Background Thread 1 ] DEBUG TilesetLoader        - Writing to buffer: dst=336,96, w=48,h=48, src=240,0
17:33:09.434 [FXGL Background Thread 1 ] DEBUG TilesetLoader        - Writing to buffer: dst=384,96, w=48,h=48, src=240,0
17:33:09.434 [FXGL Background Thread 1 ] DEBUG TilesetLoader        - Writing to buffer: dst=432,96, w=48,h=48, src=240,0
17:33:09.434 [FXGL Background Thread 1 ] DEBUG TilesetLoader        - Writing to buffer: dst=480,96, w=48,h=48, src=240,0
17:33:09.435 [FXGL Background Thread 1 ] DEBUG TilesetLoader        - Writing to buffer: dst=528,96, w=48,h=48, src=240,0
17:33:09.435 [FXGL Background Thread 1 ] DEBUG TilesetLoader        - Writing to buffer: dst=576,96, w=48,h=48, src=240,0
17:33:09.435 [FXGL Background Thread 1 ] DEBUG TilesetLoader        - Writing to buffer: dst=624,96, w=48,h=48, src=240,0
17:33:09.435 [FXGL Background Thread 1 ] DEBUG TilesetLoader        - Writing to buffer: dst=672,96, w=48,h=48, src=240,0
17:33:09.435 [FXGL Background Thread 1 ] DEBUG TilesetLoader        - Writing to buffer: dst=720,96, w=48,h=48, src=240,0
17:33:09.436 [FXGL Background Thread 1 ] DEBUG TilesetLoader        - Writing to buffer: dst=768,96, w=48,h=48, src=240,0
17:33:09.436 [FXGL Background Thread 1 ] DEBUG TilesetLoader        - Writing to buffer: dst=816,96, w=48,h=48, src=240,0
17:33:09.436 [FXGL Background Thread 1 ] DEBUG TilesetLoader        - Writing to buffer: dst=864,96, w=48,h=48, src=240,0
17:33:09.436 [FXGL Background Thread 1 ] DEBUG TilesetLoader        - Writing to buffer: dst=912,96, w=48,h=48, src=240,0
17:33:09.436 [FXGL Background Thread 1 ] DEBUG TilesetLoader        - Writing to buffer: dst=960,96, w=48,h=48, src=240,0
17:33:09.436 [FXGL Background Thread 1 ] DEBUG TilesetLoader        - Writing to buffer: dst=1008,96, w=48,h=48, src=240,0
17:33:09.436 [FXGL Background Thread 1 ] DEBUG TilesetLoader        - Writing to buffer: dst=1056,96, w=48,h=48, src=240,0
17:33:09.437 [FXGL Background Thread 1 ] DEBUG TilesetLoader        - Writing to buffer: dst=1104,96, w=48,h=48, src=240,0
17:33:09.437 [FXGL Background Thread 1 ] DEBUG TilesetLoader        - Writing to buffer: dst=1152,96, w=48,h=48, src=240,0
17:33:09.437 [FXGL Background Thread 1 ] DEBUG TilesetLoader        - Writing to buffer: dst=1200,96, w=48,h=48, src=240,0
17:33:09.437 [FXGL Background Thread 1 ] DEBUG TilesetLoader        - Writing to buffer: dst=1248,96, w=48,h=48, src=240,0
17:33:09.437 [FXGL Background Thread 1 ] DEBUG TilesetLoader        - Writing to buffer: dst=1296,96, w=48,h=48, src=240,0
17:33:09.437 [FXGL Background Thread 1 ] DEBUG TilesetLoader        - Writing to buffer: dst=1344,96, w=48,h=48, src=240,0
17:33:09.437 [FXGL Background Thread 1 ] DEBUG TilesetLoader        - Writing to buffer: dst=1392,96, w=48,h=48, src=240,0
17:33:09.438 [FXGL Background Thread 1 ] DEBUG TilesetLoader        - Writing to buffer: dst=1440,96, w=48,h=48, src=240,0
17:33:09.438 [FXGL Background Thread 1 ] DEBUG TilesetLoader        - Writing to buffer: dst=0,144, w=48,h=48, src=240,0
17:33:09.438 [FXGL Background Thread 1 ] DEBUG TilesetLoader        - Writing to buffer: dst=48,144, w=48,h=48, src=288,0
17:33:09.438 [FXGL Background Thread 1 ] DEBUG TilesetLoader        - Writing to buffer: dst=96,144, w=48,h=48, src=288,0
17:33:09.438 [FXGL Background Thread 1 ] DEBUG TilesetLoader        - Writing to buffer: dst=144,144, w=48,h=48, src=288,0
17:33:09.439 [FXGL Background Thread 1 ] DEBUG TilesetLoader        - Writing to buffer: dst=192,144, w=48,h=48, src=288,0
17:33:09.439 [FXGL Background Thread 1 ] DEBUG TilesetLoader        - Writing to buffer: dst=240,144, w=48,h=48, src=288,0
17:33:09.439 [FXGL Background Thread 1 ] DEBUG TilesetLoader        - Writing to buffer: dst=288,144, w=48,h=48, src=288,0
17:33:09.439 [FXGL Background Thread 1 ] DEBUG TilesetLoader        - Writing to buffer: dst=336,144, w=48,h=48, src=288,0
17:33:09.439 [FXGL Background Thread 1 ] DEBUG TilesetLoader        - Writing to buffer: dst=384,144, w=48,h=48, src=288,0
17:33:09.439 [FXGL Background Thread 1 ] DEBUG TilesetLoader        - Writing to buffer: dst=432,144, w=48,h=48, src=288,0
17:33:09.440 [FXGL Background Thread 1 ] DEBUG TilesetLoader        - Writing to buffer: dst=480,144, w=48,h=48, src=240,0
17:33:09.440 [FXGL Background Thread 1 ] DEBUG TilesetLoader        - Writing to buffer: dst=528,144, w=48,h=48, src=288,0
17:33:09.440 [FXGL Background Thread 1 ] DEBUG TilesetLoader        - Writing to buffer: dst=576,144, w=48,h=48, src=288,0
17:33:09.440 [FXGL Background Thread 1 ] DEBUG TilesetLoader        - Writing to buffer: dst=624,144, w=48,h=48, src=288,0
17:33:09.440 [FXGL Background Thread 1 ] DEBUG TilesetLoader        - Writing to buffer: dst=672,144, w=48,h=48, src=288,0
17:33:09.441 [FXGL Background Thread 1 ] DEBUG TilesetLoader        - Writing to buffer: dst=720,144, w=48,h=48, src=288,0
17:33:09.441 [FXGL Background Thread 1 ] DEBUG TilesetLoader        - Writing to buffer: dst=768,144, w=48,h=48, src=288,0
17:33:09.441 [FXGL Background Thread 1 ] DEBUG TilesetLoader        - Writing to buffer: dst=816,144, w=48,h=48, src=288,0
17:33:09.441 [FXGL Background Thread 1 ] DEBUG TilesetLoader        - Writing to buffer: dst=864,144, w=48,h=48, src=288,0
17:33:09.441 [FXGL Background Thread 1 ] DEBUG TilesetLoader        - Writing to buffer: dst=912,144, w=48,h=48, src=288,0
17:33:09.441 [FXGL Background Thread 1 ] DEBUG TilesetLoader        - Writing to buffer: dst=960,144, w=48,h=48, src=240,0
17:33:09.442 [FXGL Background Thread 1 ] DEBUG TilesetLoader        - Writing to buffer: dst=1008,144, w=48,h=48, src=288,0
17:33:09.442 [FXGL Background Thread 1 ] DEBUG TilesetLoader        - Writing to buffer: dst=1056,144, w=48,h=48, src=288,0
17:33:09.442 [FXGL Background Thread 1 ] DEBUG TilesetLoader        - Writing to buffer: dst=1104,144, w=48,h=48, src=288,0
17:33:09.442 [FXGL Background Thread 1 ] DEBUG TilesetLoader        - Writing to buffer: dst=1152,144, w=48,h=48, src=288,0
17:33:09.442 [FXGL Background Thread 1 ] DEBUG TilesetLoader        - Writing to buffer: dst=1200,144, w=48,h=48, src=288,0
17:33:09.442 [FXGL Background Thread 1 ] DEBUG TilesetLoader        - Writing to buffer: dst=1248,144, w=48,h=48, src=288,0
17:33:09.443 [FXGL Background Thread 1 ] DEBUG TilesetLoader        - Writing to buffer: dst=1296,144, w=48,h=48, src=288,0
17:33:09.443 [FXGL Background Thread 1 ] DEBUG TilesetLoader        - Writing to buffer: dst=1344,144, w=48,h=48, src=288,0
17:33:09.443 [FXGL Background Thread 1 ] DEBUG TilesetLoader        - Writing to buffer: dst=1392,144, w=48,h=48, src=288,0
17:33:09.443 [FXGL Background Thread 1 ] DEBUG TilesetLoader        - Writing to buffer: dst=1440,144, w=48,h=48, src=240,0
17:33:09.443 [FXGL Background Thread 1 ] DEBUG TilesetLoader        - Writing to buffer: dst=0,192, w=48,h=48, src=240,0
17:33:09.443 [FXGL Background Thread 1 ] DEBUG TilesetLoader        - Writing to buffer: dst=48,192, w=48,h=48, src=288,0
17:33:09.443 [FXGL Background Thread 1 ] DEBUG TilesetLoader        - Writing to buffer: dst=96,192, w=48,h=48, src=240,0
17:33:09.444 [FXGL Background Thread 1 ] DEBUG TilesetLoader        - Writing to buffer: dst=144,192, w=48,h=48, src=288,0
17:33:09.444 [FXGL Background Thread 1 ] DEBUG TilesetLoader        - Writing to buffer: dst=192,192, w=48,h=48, src=240,0
17:33:09.444 [FXGL Background Thread 1 ] DEBUG TilesetLoader        - Writing to buffer: dst=240,192, w=48,h=48, src=288,0
17:33:09.444 [FXGL Background Thread 1 ] DEBUG TilesetLoader        - Writing to buffer: dst=288,192, w=48,h=48, src=240,0
17:33:09.444 [FXGL Background Thread 1 ] DEBUG TilesetLoader        - Writing to buffer: dst=336,192, w=48,h=48, src=288,0
17:33:09.444 [FXGL Background Thread 1 ] DEBUG TilesetLoader        - Writing to buffer: dst=384,192, w=48,h=48, src=240,0
17:33:09.444 [FXGL Background Thread 1 ] DEBUG TilesetLoader        - Writing to buffer: dst=432,192, w=48,h=48, src=288,0
17:33:09.444 [FXGL Background Thread 1 ] DEBUG TilesetLoader        - Writing to buffer: dst=480,192, w=48,h=48, src=240,0
17:33:09.444 [FXGL Background Thread 1 ] DEBUG TilesetLoader        - Writing to buffer: dst=528,192, w=48,h=48, src=288,0
17:33:09.445 [FXGL Background Thread 1 ] DEBUG TilesetLoader        - Writing to buffer: dst=576,192, w=48,h=48, src=240,0
17:33:09.445 [FXGL Background Thread 1 ] DEBUG TilesetLoader        - Writing to buffer: dst=624,192, w=48,h=48, src=288,0
17:33:09.445 [FXGL Background Thread 1 ] DEBUG TilesetLoader        - Writing to buffer: dst=672,192, w=48,h=48, src=240,0
17:33:09.445 [FXGL Background Thread 1 ] DEBUG TilesetLoader        - Writing to buffer: dst=720,192, w=48,h=48, src=288,0
17:33:09.445 [FXGL Background Thread 1 ] DEBUG TilesetLoader        - Writing to buffer: dst=768,192, w=48,h=48, src=240,0
17:33:09.445 [FXGL Background Thread 1 ] DEBUG TilesetLoader        - Writing to buffer: dst=816,192, w=48,h=48, src=288,0
17:33:09.445 [FXGL Background Thread 1 ] DEBUG TilesetLoader        - Writing to buffer: dst=864,192, w=48,h=48, src=240,0
17:33:09.446 [FXGL Background Thread 1 ] DEBUG TilesetLoader        - Writing to buffer: dst=912,192, w=48,h=48, src=288,0
17:33:09.446 [FXGL Background Thread 1 ] DEBUG TilesetLoader        - Writing to buffer: dst=960,192, w=48,h=48, src=240,0
17:33:09.446 [FXGL Background Thread 1 ] DEBUG TilesetLoader        - Writing to buffer: dst=1008,192, w=48,h=48, src=288,0
17:33:09.446 [FXGL Background Thread 1 ] DEBUG TilesetLoader        - Writing to buffer: dst=1056,192, w=48,h=48, src=240,0
17:33:09.446 [FXGL Background Thread 1 ] DEBUG TilesetLoader        - Writing to buffer: dst=1104,192, w=48,h=48, src=288,0
17:33:09.446 [FXGL Background Thread 1 ] DEBUG TilesetLoader        - Writing to buffer: dst=1152,192, w=48,h=48, src=240,0
17:33:09.446 [FXGL Background Thread 1 ] DEBUG TilesetLoader        - Writing to buffer: dst=1200,192, w=48,h=48, src=288,0
17:33:09.447 [FXGL Background Thread 1 ] DEBUG TilesetLoader        - Writing to buffer: dst=1248,192, w=48,h=48, src=240,0
17:33:09.447 [FXGL Background Thread 1 ] DEBUG TilesetLoader        - Writing to buffer: dst=1296,192, w=48,h=48, src=288,0
17:33:09.447 [FXGL Background Thread 1 ] DEBUG TilesetLoader        - Writing to buffer: dst=1344,192, w=48,h=48, src=240,0
17:33:09.447 [FXGL Background Thread 1 ] DEBUG TilesetLoader        - Writing to buffer: dst=1392,192, w=48,h=48, src=288,0
17:33:09.447 [FXGL Background Thread 1 ] DEBUG TilesetLoader        - Writing to buffer: dst=1440,192, w=48,h=48, src=240,0
17:33:09.447 [FXGL Background Thread 1 ] DEBUG TilesetLoader        - Writing to buffer: dst=0,240, w=48,h=48, src=240,0
17:33:09.448 [FXGL Background Thread 1 ] DEBUG TilesetLoader        - Writing to buffer: dst=48,240, w=48,h=48, src=288,0
17:33:09.448 [FXGL Background Thread 1 ] DEBUG TilesetLoader        - Writing to buffer: dst=96,240, w=48,h=48, src=288,0
17:33:09.448 [FXGL Background Thread 1 ] DEBUG TilesetLoader        - Writing to buffer: dst=144,240, w=48,h=48, src=288,0
17:33:09.448 [FXGL Background Thread 1 ] DEBUG TilesetLoader        - Writing to buffer: dst=192,240, w=48,h=48, src=288,0
17:33:09.448 [FXGL Background Thread 1 ] DEBUG TilesetLoader        - Writing to buffer: dst=240,240, w=48,h=48, src=288,0
17:33:09.448 [FXGL Background Thread 1 ] DEBUG TilesetLoader        - Writing to buffer: dst=288,240, w=48,h=48, src=288,0
17:33:09.449 [FXGL Background Thread 1 ] DEBUG TilesetLoader        - Writing to buffer: dst=336,240, w=48,h=48, src=288,0
17:33:09.449 [FXGL Background Thread 1 ] DEBUG TilesetLoader        - Writing to buffer: dst=384,240, w=48,h=48, src=288,0
17:33:09.449 [FXGL Background Thread 1 ] DEBUG TilesetLoader        - Writing to buffer: dst=432,240, w=48,h=48, src=288,0
17:33:09.449 [FXGL Background Thread 1 ] DEBUG TilesetLoader        - Writing to buffer: dst=480,240, w=48,h=48, src=288,0
17:33:09.449 [FXGL Background Thread 1 ] DEBUG TilesetLoader        - Writing to buffer: dst=528,240, w=48,h=48, src=288,0
17:33:09.449 [FXGL Background Thread 1 ] DEBUG TilesetLoader        - Writing to buffer: dst=576,240, w=48,h=48, src=288,0
17:33:09.449 [FXGL Background Thread 1 ] DEBUG TilesetLoader        - Writing to buffer: dst=624,240, w=48,h=48, src=288,0
17:33:09.449 [FXGL Background Thread 1 ] DEBUG TilesetLoader        - Writing to buffer: dst=672,240, w=48,h=48, src=288,0
17:33:09.450 [FXGL Background Thread 1 ] DEBUG TilesetLoader        - Writing to buffer: dst=720,240, w=48,h=48, src=288,0
17:33:09.450 [FXGL Background Thread 1 ] DEBUG TilesetLoader        - Writing to buffer: dst=768,240, w=48,h=48, src=288,0
17:33:09.450 [FXGL Background Thread 1 ] DEBUG TilesetLoader        - Writing to buffer: dst=816,240, w=48,h=48, src=288,0
17:33:09.450 [FXGL Background Thread 1 ] DEBUG TilesetLoader        - Writing to buffer: dst=864,240, w=48,h=48, src=288,0
17:33:09.450 [FXGL Background Thread 1 ] DEBUG TilesetLoader        - Writing to buffer: dst=912,240, w=48,h=48, src=288,0
17:33:09.450 [FXGL Background Thread 1 ] DEBUG TilesetLoader        - Writing to buffer: dst=960,240, w=48,h=48, src=288,0
17:33:09.450 [FXGL Background Thread 1 ] DEBUG TilesetLoader        - Writing to buffer: dst=1008,240, w=48,h=48, src=288,0
17:33:09.450 [FXGL Background Thread 1 ] DEBUG TilesetLoader        - Writing to buffer: dst=1056,240, w=48,h=48, src=288,0
17:33:09.451 [FXGL Background Thread 1 ] DEBUG TilesetLoader        - Writing to buffer: dst=1104,240, w=48,h=48, src=288,0
17:33:09.451 [FXGL Background Thread 1 ] DEBUG TilesetLoader        - Writing to buffer: dst=1152,240, w=48,h=48, src=288,0
17:33:09.451 [FXGL Background Thread 1 ] DEBUG TilesetLoader        - Writing to buffer: dst=1200,240, w=48,h=48, src=288,0
17:33:09.451 [FXGL Background Thread 1 ] DEBUG TilesetLoader        - Writing to buffer: dst=1248,240, w=48,h=48, src=288,0
17:33:09.451 [FXGL Background Thread 1 ] DEBUG TilesetLoader        - Writing to buffer: dst=1296,240, w=48,h=48, src=288,0
17:33:09.451 [FXGL Background Thread 1 ] DEBUG TilesetLoader        - Writing to buffer: dst=1344,240, w=48,h=48, src=288,0
17:33:09.451 [FXGL Background Thread 1 ] DEBUG TilesetLoader        - Writing to buffer: dst=1392,240, w=48,h=48, src=288,0
17:33:09.452 [FXGL Background Thread 1 ] DEBUG TilesetLoader        - Writing to buffer: dst=1440,240, w=48,h=48, src=240,0
17:33:09.452 [FXGL Background Thread 1 ] DEBUG TilesetLoader        - Writing to buffer: dst=0,288, w=48,h=48, src=240,0
17:33:09.452 [FXGL Background Thread 1 ] DEBUG TilesetLoader        - Writing to buffer: dst=48,288, w=48,h=48, src=288,0
17:33:09.452 [FXGL Background Thread 1 ] DEBUG TilesetLoader        - Writing to buffer: dst=96,288, w=48,h=48, src=240,0
17:33:09.452 [FXGL Background Thread 1 ] DEBUG TilesetLoader        - Writing to buffer: dst=144,288, w=48,h=48, src=288,0
17:33:09.452 [FXGL Background Thread 1 ] DEBUG TilesetLoader        - Writing to buffer: dst=192,288, w=48,h=48, src=240,0
17:33:09.453 [FXGL Background Thread 1 ] DEBUG TilesetLoader        - Writing to buffer: dst=240,288, w=48,h=48, src=288,0
17:33:09.453 [FXGL Background Thread 1 ] DEBUG TilesetLoader        - Writing to buffer: dst=288,288, w=48,h=48, src=240,0
17:33:09.453 [FXGL Background Thread 1 ] DEBUG TilesetLoader        - Writing to buffer: dst=336,288, w=48,h=48, src=288,0
17:33:09.453 [FXGL Background Thread 1 ] DEBUG TilesetLoader        - Writing to buffer: dst=384,288, w=48,h=48, src=240,0
17:33:09.453 [FXGL Background Thread 1 ] DEBUG TilesetLoader        - Writing to buffer: dst=432,288, w=48,h=48, src=288,0
17:33:09.453 [FXGL Background Thread 1 ] DEBUG TilesetLoader        - Writing to buffer: dst=480,288, w=48,h=48, src=240,0
17:33:09.454 [FXGL Background Thread 1 ] DEBUG TilesetLoader        - Writing to buffer: dst=528,288, w=48,h=48, src=288,0
17:33:09.454 [FXGL Background Thread 1 ] DEBUG TilesetLoader        - Writing to buffer: dst=576,288, w=48,h=48, src=240,0
17:33:09.454 [FXGL Background Thread 1 ] DEBUG TilesetLoader        - Writing to buffer: dst=624,288, w=48,h=48, src=288,0
17:33:09.454 [FXGL Background Thread 1 ] DEBUG TilesetLoader        - Writing to buffer: dst=672,288, w=48,h=48, src=240,0
17:33:09.454 [FXGL Background Thread 1 ] DEBUG TilesetLoader        - Writing to buffer: dst=720,288, w=48,h=48, src=288,0
17:33:09.454 [FXGL Background Thread 1 ] DEBUG TilesetLoader        - Writing to buffer: dst=768,288, w=48,h=48, src=240,0
17:33:09.454 [FXGL Background Thread 1 ] DEBUG TilesetLoader        - Writing to buffer: dst=816,288, w=48,h=48, src=288,0
17:33:09.455 [FXGL Background Thread 1 ] DEBUG TilesetLoader        - Writing to buffer: dst=864,288, w=48,h=48, src=240,0
17:33:09.455 [FXGL Background Thread 1 ] DEBUG TilesetLoader        - Writing to buffer: dst=912,288, w=48,h=48, src=288,0
17:33:09.455 [FXGL Background Thread 1 ] DEBUG TilesetLoader        - Writing to buffer: dst=960,288, w=48,h=48, src=240,0
17:33:09.455 [FXGL Background Thread 1 ] DEBUG TilesetLoader        - Writing to buffer: dst=1008,288, w=48,h=48, src=288,0
17:33:09.455 [FXGL Background Thread 1 ] DEBUG TilesetLoader        - Writing to buffer: dst=1056,288, w=48,h=48, src=240,0
17:33:09.455 [FXGL Background Thread 1 ] DEBUG TilesetLoader        - Writing to buffer: dst=1104,288, w=48,h=48, src=288,0
17:33:09.455 [FXGL Background Thread 1 ] DEBUG TilesetLoader        - Writing to buffer: dst=1152,288, w=48,h=48, src=240,0
17:33:09.456 [FXGL Background Thread 1 ] DEBUG TilesetLoader        - Writing to buffer: dst=1200,288, w=48,h=48, src=288,0
17:33:09.456 [FXGL Background Thread 1 ] DEBUG TilesetLoader        - Writing to buffer: dst=1248,288, w=48,h=48, src=240,0
17:33:09.456 [FXGL Background Thread 1 ] DEBUG TilesetLoader        - Writing to buffer: dst=1296,288, w=48,h=48, src=288,0
17:33:09.456 [FXGL Background Thread 1 ] DEBUG TilesetLoader        - Writing to buffer: dst=1344,288, w=48,h=48, src=240,0
17:33:09.456 [FXGL Background Thread 1 ] DEBUG TilesetLoader        - Writing to buffer: dst=1392,288, w=48,h=48, src=288,0
17:33:09.456 [FXGL Background Thread 1 ] DEBUG TilesetLoader        - Writing to buffer: dst=1440,288, w=48,h=48, src=240,0
17:33:09.456 [FXGL Background Thread 1 ] DEBUG TilesetLoader        - Writing to buffer: dst=0,336, w=48,h=48, src=240,0
17:33:09.456 [FXGL Background Thread 1 ] DEBUG TilesetLoader        - Writing to buffer: dst=48,336, w=48,h=48, src=288,0
17:33:09.457 [FXGL Background Thread 1 ] DEBUG TilesetLoader        - Writing to buffer: dst=96,336, w=48,h=48, src=288,0
17:33:09.457 [FXGL Background Thread 1 ] DEBUG TilesetLoader        - Writing to buffer: dst=144,336, w=48,h=48, src=288,0
17:33:09.457 [FXGL Background Thread 1 ] DEBUG TilesetLoader        - Writing to buffer: dst=192,336, w=48,h=48, src=288,0
17:33:09.457 [FXGL Background Thread 1 ] DEBUG TilesetLoader        - Writing to buffer: dst=240,336, w=48,h=48, src=288,0
17:33:09.457 [FXGL Background Thread 1 ] DEBUG TilesetLoader        - Writing to buffer: dst=288,336, w=48,h=48, src=288,0
17:33:09.457 [FXGL Background Thread 1 ] DEBUG TilesetLoader        - Writing to buffer: dst=336,336, w=48,h=48, src=288,0
17:33:09.457 [FXGL Background Thread 1 ] DEBUG TilesetLoader        - Writing to buffer: dst=384,336, w=48,h=48, src=288,0
17:33:09.457 [FXGL Background Thread 1 ] DEBUG TilesetLoader        - Writing to buffer: dst=432,336, w=48,h=48, src=288,0
17:33:09.458 [FXGL Background Thread 1 ] DEBUG TilesetLoader        - Writing to buffer: dst=480,336, w=48,h=48, src=288,0
17:33:09.458 [FXGL Background Thread 1 ] DEBUG TilesetLoader        - Writing to buffer: dst=528,336, w=48,h=48, src=288,0
17:33:09.458 [FXGL Background Thread 1 ] DEBUG TilesetLoader        - Writing to buffer: dst=576,336, w=48,h=48, src=288,0
17:33:09.458 [FXGL Background Thread 1 ] DEBUG TilesetLoader        - Writing to buffer: dst=624,336, w=48,h=48, src=288,0
17:33:09.458 [FXGL Background Thread 1 ] DEBUG TilesetLoader        - Writing to buffer: dst=672,336, w=48,h=48, src=288,0
17:33:09.458 [FXGL Background Thread 1 ] DEBUG TilesetLoader        - Writing to buffer: dst=720,336, w=48,h=48, src=288,0
17:33:09.459 [FXGL Background Thread 1 ] DEBUG TilesetLoader        - Writing to buffer: dst=768,336, w=48,h=48, src=288,0
17:33:09.459 [FXGL Background Thread 1 ] DEBUG TilesetLoader        - Writing to buffer: dst=816,336, w=48,h=48, src=288,0
17:33:09.459 [FXGL Background Thread 1 ] DEBUG TilesetLoader        - Writing to buffer: dst=864,336, w=48,h=48, src=288,0
17:33:09.459 [FXGL Background Thread 1 ] DEBUG TilesetLoader        - Writing to buffer: dst=912,336, w=48,h=48, src=288,0
17:33:09.459 [FXGL Background Thread 1 ] DEBUG TilesetLoader        - Writing to buffer: dst=960,336, w=48,h=48, src=288,0
17:33:09.459 [FXGL Background Thread 1 ] DEBUG TilesetLoader        - Writing to buffer: dst=1008,336, w=48,h=48, src=288,0
17:33:09.459 [FXGL Background Thread 1 ] DEBUG TilesetLoader        - Writing to buffer: dst=1056,336, w=48,h=48, src=288,0
17:33:09.460 [FXGL Background Thread 1 ] DEBUG TilesetLoader        - Writing to buffer: dst=1104,336, w=48,h=48, src=288,0
17:33:09.460 [FXGL Background Thread 1 ] DEBUG TilesetLoader        - Writing to buffer: dst=1152,336, w=48,h=48, src=288,0
17:33:09.460 [FXGL Background Thread 1 ] DEBUG TilesetLoader        - Writing to buffer: dst=1200,336, w=48,h=48, src=288,0
17:33:09.460 [FXGL Background Thread 1 ] DEBUG TilesetLoader        - Writing to buffer: dst=1248,336, w=48,h=48, src=288,0
17:33:09.460 [FXGL Background Thread 1 ] DEBUG TilesetLoader        - Writing to buffer: dst=1296,336, w=48,h=48, src=288,0
17:33:09.460 [FXGL Background Thread 1 ] DEBUG TilesetLoader        - Writing to buffer: dst=1344,336, w=48,h=48, src=288,0
17:33:09.460 [FXGL Background Thread 1 ] DEBUG TilesetLoader        - Writing to buffer: dst=1392,336, w=48,h=48, src=288,0
17:33:09.461 [FXGL Background Thread 1 ] DEBUG TilesetLoader        - Writing to buffer: dst=1440,336, w=48,h=48, src=240,0
17:33:09.461 [FXGL Background Thread 1 ] DEBUG TilesetLoader        - Writing to buffer: dst=0,384, w=48,h=48, src=240,0
17:33:09.461 [FXGL Background Thread 1 ] DEBUG TilesetLoader        - Writing to buffer: dst=48,384, w=48,h=48, src=240,0
17:33:09.461 [FXGL Background Thread 1 ] DEBUG TilesetLoader        - Writing to buffer: dst=96,384, w=48,h=48, src=240,0
17:33:09.461 [FXGL Background Thread 1 ] DEBUG TilesetLoader        - Writing to buffer: dst=144,384, w=48,h=48, src=288,0
17:33:09.461 [FXGL Background Thread 1 ] DEBUG TilesetLoader        - Writing to buffer: dst=192,384, w=48,h=48, src=240,0
17:33:09.461 [FXGL Background Thread 1 ] DEBUG TilesetLoader        - Writing to buffer: dst=240,384, w=48,h=48, src=288,0
17:33:09.462 [FXGL Background Thread 1 ] DEBUG TilesetLoader        - Writing to buffer: dst=288,384, w=48,h=48, src=240,0
17:33:09.462 [FXGL Background Thread 1 ] DEBUG TilesetLoader        - Writing to buffer: dst=336,384, w=48,h=48, src=288,0
17:33:09.462 [FXGL Background Thread 1 ] DEBUG TilesetLoader        - Writing to buffer: dst=384,384, w=48,h=48, src=240,0
17:33:09.462 [FXGL Background Thread 1 ] DEBUG TilesetLoader        - Writing to buffer: dst=432,384, w=48,h=48, src=288,0
17:33:09.462 [FXGL Background Thread 1 ] DEBUG TilesetLoader        - Writing to buffer: dst=480,384, w=48,h=48, src=240,0
17:33:09.462 [FXGL Background Thread 1 ] DEBUG TilesetLoader        - Writing to buffer: dst=528,384, w=48,h=48, src=240,0
17:33:09.462 [FXGL Background Thread 1 ] DEBUG TilesetLoader        - Writing to buffer: dst=576,384, w=48,h=48, src=240,0
17:33:09.462 [FXGL Background Thread 1 ] DEBUG TilesetLoader        - Writing to buffer: dst=624,384, w=48,h=48, src=288,0
17:33:09.463 [FXGL Background Thread 1 ] DEBUG TilesetLoader        - Writing to buffer: dst=672,384, w=48,h=48, src=240,0
17:33:09.463 [FXGL Background Thread 1 ] DEBUG TilesetLoader        - Writing to buffer: dst=720,384, w=48,h=48, src=288,0
17:33:09.463 [FXGL Background Thread 1 ] DEBUG TilesetLoader        - Writing to buffer: dst=768,384, w=48,h=48, src=240,0
17:33:09.463 [FXGL Background Thread 1 ] DEBUG TilesetLoader        - Writing to buffer: dst=816,384, w=48,h=48, src=288,0
17:33:09.463 [FXGL Background Thread 1 ] DEBUG TilesetLoader        - Writing to buffer: dst=864,384, w=48,h=48, src=240,0
17:33:09.463 [FXGL Background Thread 1 ] DEBUG TilesetLoader        - Writing to buffer: dst=912,384, w=48,h=48, src=240,0
17:33:09.463 [FXGL Background Thread 1 ] DEBUG TilesetLoader        - Writing to buffer: dst=960,384, w=48,h=48, src=240,0
17:33:09.463 [FXGL Background Thread 1 ] DEBUG TilesetLoader        - Writing to buffer: dst=1008,384, w=48,h=48, src=288,0
17:33:09.464 [FXGL Background Thread 1 ] DEBUG TilesetLoader        - Writing to buffer: dst=1056,384, w=48,h=48, src=240,0
17:33:09.464 [FXGL Background Thread 1 ] DEBUG TilesetLoader        - Writing to buffer: dst=1104,384, w=48,h=48, src=288,0
17:33:09.464 [FXGL Background Thread 1 ] DEBUG TilesetLoader        - Writing to buffer: dst=1152,384, w=48,h=48, src=240,0
17:33:09.464 [FXGL Background Thread 1 ] DEBUG TilesetLoader        - Writing to buffer: dst=1200,384, w=48,h=48, src=288,0
17:33:09.464 [FXGL Background Thread 1 ] DEBUG TilesetLoader        - Writing to buffer: dst=1248,384, w=48,h=48, src=240,0
17:33:09.464 [FXGL Background Thread 1 ] DEBUG TilesetLoader        - Writing to buffer: dst=1296,384, w=48,h=48, src=288,0
17:33:09.465 [FXGL Background Thread 1 ] DEBUG TilesetLoader        - Writing to buffer: dst=1344,384, w=48,h=48, src=240,0
17:33:09.465 [FXGL Background Thread 1 ] DEBUG TilesetLoader        - Writing to buffer: dst=1392,384, w=48,h=48, src=240,0
17:33:09.465 [FXGL Background Thread 1 ] DEBUG TilesetLoader        - Writing to buffer: dst=1440,384, w=48,h=48, src=240,0
17:33:09.465 [FXGL Background Thread 1 ] DEBUG TilesetLoader        - Writing to buffer: dst=0,432, w=48,h=48, src=240,0
17:33:09.465 [FXGL Background Thread 1 ] DEBUG TilesetLoader        - Writing to buffer: dst=48,432, w=48,h=48, src=288,0
17:33:09.465 [FXGL Background Thread 1 ] DEBUG TilesetLoader        - Writing to buffer: dst=96,432, w=48,h=48, src=288,0
17:33:09.465 [FXGL Background Thread 1 ] DEBUG TilesetLoader        - Writing to buffer: dst=144,432, w=48,h=48, src=288,0
17:33:09.465 [FXGL Background Thread 1 ] DEBUG TilesetLoader        - Writing to buffer: dst=192,432, w=48,h=48, src=288,0
17:33:09.466 [FXGL Background Thread 1 ] DEBUG TilesetLoader        - Writing to buffer: dst=240,432, w=48,h=48, src=288,0
17:33:09.466 [FXGL Background Thread 1 ] DEBUG TilesetLoader        - Writing to buffer: dst=288,432, w=48,h=48, src=288,0
17:33:09.466 [FXGL Background Thread 1 ] DEBUG TilesetLoader        - Writing to buffer: dst=336,432, w=48,h=48, src=288,0
17:33:09.466 [FXGL Background Thread 1 ] DEBUG TilesetLoader        - Writing to buffer: dst=384,432, w=48,h=48, src=288,0
17:33:09.466 [FXGL Background Thread 1 ] DEBUG TilesetLoader        - Writing to buffer: dst=432,432, w=48,h=48, src=288,0
17:33:09.466 [FXGL Background Thread 1 ] DEBUG TilesetLoader        - Writing to buffer: dst=480,432, w=48,h=48, src=288,0
17:33:09.466 [FXGL Background Thread 1 ] DEBUG TilesetLoader        - Writing to buffer: dst=528,432, w=48,h=48, src=288,0
17:33:09.467 [FXGL Background Thread 1 ] DEBUG TilesetLoader        - Writing to buffer: dst=576,432, w=48,h=48, src=288,0
17:33:09.467 [FXGL Background Thread 1 ] DEBUG TilesetLoader        - Writing to buffer: dst=624,432, w=48,h=48, src=288,0
17:33:09.467 [FXGL Background Thread 1 ] DEBUG TilesetLoader        - Writing to buffer: dst=672,432, w=48,h=48, src=288,0
17:33:09.467 [FXGL Background Thread 1 ] DEBUG TilesetLoader        - Writing to buffer: dst=720,432, w=48,h=48, src=288,0
17:33:09.467 [FXGL Background Thread 1 ] DEBUG TilesetLoader        - Writing to buffer: dst=768,432, w=48,h=48, src=288,0
17:33:09.467 [FXGL Background Thread 1 ] DEBUG TilesetLoader        - Writing to buffer: dst=816,432, w=48,h=48, src=288,0
17:33:09.467 [FXGL Background Thread 1 ] DEBUG TilesetLoader        - Writing to buffer: dst=864,432, w=48,h=48, src=288,0
17:33:09.467 [FXGL Background Thread 1 ] DEBUG TilesetLoader        - Writing to buffer: dst=912,432, w=48,h=48, src=288,0
17:33:09.468 [FXGL Background Thread 1 ] DEBUG TilesetLoader        - Writing to buffer: dst=960,432, w=48,h=48, src=288,0
17:33:09.468 [FXGL Background Thread 1 ] DEBUG TilesetLoader        - Writing to buffer: dst=1008,432, w=48,h=48, src=288,0
17:33:09.468 [FXGL Background Thread 1 ] DEBUG TilesetLoader        - Writing to buffer: dst=1056,432, w=48,h=48, src=288,0
17:33:09.468 [FXGL Background Thread 1 ] DEBUG TilesetLoader        - Writing to buffer: dst=1104,432, w=48,h=48, src=288,0
17:33:09.468 [FXGL Background Thread 1 ] DEBUG TilesetLoader        - Writing to buffer: dst=1152,432, w=48,h=48, src=288,0
17:33:09.468 [FXGL Background Thread 1 ] DEBUG TilesetLoader        - Writing to buffer: dst=1200,432, w=48,h=48, src=288,0
17:33:09.468 [FXGL Background Thread 1 ] DEBUG TilesetLoader        - Writing to buffer: dst=1248,432, w=48,h=48, src=288,0
17:33:09.468 [FXGL Background Thread 1 ] DEBUG TilesetLoader        - Writing to buffer: dst=1296,432, w=48,h=48, src=288,0
17:33:09.469 [FXGL Background Thread 1 ] DEBUG TilesetLoader        - Writing to buffer: dst=1344,432, w=48,h=48, src=288,0
17:33:09.469 [FXGL Background Thread 1 ] DEBUG TilesetLoader        - Writing to buffer: dst=1392,432, w=48,h=48, src=288,0
17:33:09.469 [FXGL Background Thread 1 ] DEBUG TilesetLoader        - Writing to buffer: dst=1440,432, w=48,h=48, src=240,0
17:33:09.469 [FXGL Background Thread 1 ] DEBUG TilesetLoader        - Writing to buffer: dst=0,480, w=48,h=48, src=240,0
17:33:09.469 [FXGL Background Thread 1 ] DEBUG TilesetLoader        - Writing to buffer: dst=48,480, w=48,h=48, src=288,0
17:33:09.469 [FXGL Background Thread 1 ] DEBUG TilesetLoader        - Writing to buffer: dst=96,480, w=48,h=48, src=240,0
17:33:09.469 [FXGL Background Thread 1 ] DEBUG TilesetLoader        - Writing to buffer: dst=144,480, w=48,h=48, src=288,0
17:33:09.469 [FXGL Background Thread 1 ] DEBUG TilesetLoader        - Writing to buffer: dst=192,480, w=48,h=48, src=240,0
17:33:09.469 [FXGL Background Thread 1 ] DEBUG TilesetLoader        - Writing to buffer: dst=240,480, w=48,h=48, src=288,0
17:33:09.469 [FXGL Background Thread 1 ] DEBUG TilesetLoader        - Writing to buffer: dst=288,480, w=48,h=48, src=240,0
17:33:09.470 [FXGL Background Thread 1 ] DEBUG TilesetLoader        - Writing to buffer: dst=336,480, w=48,h=48, src=288,0
17:33:09.470 [FXGL Background Thread 1 ] DEBUG TilesetLoader        - Writing to buffer: dst=384,480, w=48,h=48, src=240,0
17:33:09.470 [FXGL Background Thread 1 ] DEBUG TilesetLoader        - Writing to buffer: dst=432,480, w=48,h=48, src=288,0
17:33:09.470 [FXGL Background Thread 1 ] DEBUG TilesetLoader        - Writing to buffer: dst=480,480, w=48,h=48, src=240,0
17:33:09.470 [FXGL Background Thread 1 ] DEBUG TilesetLoader        - Writing to buffer: dst=528,480, w=48,h=48, src=288,0
17:33:09.470 [FXGL Background Thread 1 ] DEBUG TilesetLoader        - Writing to buffer: dst=576,480, w=48,h=48, src=240,0
17:33:09.470 [FXGL Background Thread 1 ] DEBUG TilesetLoader        - Writing to buffer: dst=624,480, w=48,h=48, src=288,0
17:33:09.470 [FXGL Background Thread 1 ] DEBUG TilesetLoader        - Writing to buffer: dst=672,480, w=48,h=48, src=240,0
17:33:09.470 [FXGL Background Thread 1 ] DEBUG TilesetLoader        - Writing to buffer: dst=720,480, w=48,h=48, src=288,0
17:33:09.470 [FXGL Background Thread 1 ] DEBUG TilesetLoader        - Writing to buffer: dst=768,480, w=48,h=48, src=240,0
17:33:09.470 [FXGL Background Thread 1 ] DEBUG TilesetLoader        - Writing to buffer: dst=816,480, w=48,h=48, src=288,0
17:33:09.471 [FXGL Background Thread 1 ] DEBUG TilesetLoader        - Writing to buffer: dst=864,480, w=48,h=48, src=240,0
17:33:09.471 [FXGL Background Thread 1 ] DEBUG TilesetLoader        - Writing to buffer: dst=912,480, w=48,h=48, src=288,0
17:33:09.471 [FXGL Background Thread 1 ] DEBUG TilesetLoader        - Writing to buffer: dst=960,480, w=48,h=48, src=240,0
17:33:09.471 [FXGL Background Thread 1 ] DEBUG TilesetLoader        - Writing to buffer: dst=1008,480, w=48,h=48, src=288,0
17:33:09.471 [FXGL Background Thread 1 ] DEBUG TilesetLoader        - Writing to buffer: dst=1056,480, w=48,h=48, src=240,0
17:33:09.471 [FXGL Background Thread 1 ] DEBUG TilesetLoader        - Writing to buffer: dst=1104,480, w=48,h=48, src=288,0
17:33:09.471 [FXGL Background Thread 1 ] DEBUG TilesetLoader        - Writing to buffer: dst=1152,480, w=48,h=48, src=240,0
17:33:09.471 [FXGL Background Thread 1 ] DEBUG TilesetLoader        - Writing to buffer: dst=1200,480, w=48,h=48, src=288,0
17:33:09.471 [FXGL Background Thread 1 ] DEBUG TilesetLoader        - Writing to buffer: dst=1248,480, w=48,h=48, src=240,0
17:33:09.471 [FXGL Background Thread 1 ] DEBUG TilesetLoader        - Writing to buffer: dst=1296,480, w=48,h=48, src=288,0
17:33:09.472 [FXGL Background Thread 1 ] DEBUG TilesetLoader        - Writing to buffer: dst=1344,480, w=48,h=48, src=240,0
17:33:09.472 [FXGL Background Thread 1 ] DEBUG TilesetLoader        - Writing to buffer: dst=1392,480, w=48,h=48, src=288,0
17:33:09.472 [FXGL Background Thread 1 ] DEBUG TilesetLoader        - Writing to buffer: dst=1440,480, w=48,h=48, src=240,0
17:33:09.472 [FXGL Background Thread 1 ] DEBUG TilesetLoader        - Writing to buffer: dst=0,528, w=48,h=48, src=240,0
17:33:09.472 [FXGL Background Thread 1 ] DEBUG TilesetLoader        - Writing to buffer: dst=48,528, w=48,h=48, src=288,0
17:33:09.472 [FXGL Background Thread 1 ] DEBUG TilesetLoader        - Writing to buffer: dst=96,528, w=48,h=48, src=288,0
17:33:09.472 [FXGL Background Thread 1 ] DEBUG TilesetLoader        - Writing to buffer: dst=144,528, w=48,h=48, src=288,0
17:33:09.472 [FXGL Background Thread 1 ] DEBUG TilesetLoader        - Writing to buffer: dst=192,528, w=48,h=48, src=288,0
17:33:09.472 [FXGL Background Thread 1 ] DEBUG TilesetLoader        - Writing to buffer: dst=240,528, w=48,h=48, src=288,0
17:33:09.472 [FXGL Background Thread 1 ] DEBUG TilesetLoader        - Writing to buffer: dst=288,528, w=48,h=48, src=288,0
17:33:09.473 [FXGL Background Thread 1 ] DEBUG TilesetLoader        - Writing to buffer: dst=336,528, w=48,h=48, src=288,0
17:33:09.473 [FXGL Background Thread 1 ] DEBUG TilesetLoader        - Writing to buffer: dst=384,528, w=48,h=48, src=288,0
17:33:09.473 [FXGL Background Thread 1 ] DEBUG TilesetLoader        - Writing to buffer: dst=432,528, w=48,h=48, src=288,0
17:33:09.473 [FXGL Background Thread 1 ] DEBUG TilesetLoader        - Writing to buffer: dst=480,528, w=48,h=48, src=288,0
17:33:09.473 [FXGL Background Thread 1 ] DEBUG TilesetLoader        - Writing to buffer: dst=528,528, w=48,h=48, src=288,0
17:33:09.473 [FXGL Background Thread 1 ] DEBUG TilesetLoader        - Writing to buffer: dst=576,528, w=48,h=48, src=288,0
17:33:09.473 [FXGL Background Thread 1 ] DEBUG TilesetLoader        - Writing to buffer: dst=624,528, w=48,h=48, src=288,0
17:33:09.473 [FXGL Background Thread 1 ] DEBUG TilesetLoader        - Writing to buffer: dst=672,528, w=48,h=48, src=288,0
17:33:09.473 [FXGL Background Thread 1 ] DEBUG TilesetLoader        - Writing to buffer: dst=720,528, w=48,h=48, src=288,0
17:33:09.474 [FXGL Background Thread 1 ] DEBUG TilesetLoader        - Writing to buffer: dst=768,528, w=48,h=48, src=288,0
17:33:09.474 [FXGL Background Thread 1 ] DEBUG TilesetLoader        - Writing to buffer: dst=816,528, w=48,h=48, src=288,0
17:33:09.474 [FXGL Background Thread 1 ] DEBUG TilesetLoader        - Writing to buffer: dst=864,528, w=48,h=48, src=288,0
17:33:09.474 [FXGL Background Thread 1 ] DEBUG TilesetLoader        - Writing to buffer: dst=912,528, w=48,h=48, src=288,0
17:33:09.474 [FXGL Background Thread 1 ] DEBUG TilesetLoader        - Writing to buffer: dst=960,528, w=48,h=48, src=288,0
17:33:09.474 [FXGL Background Thread 1 ] DEBUG TilesetLoader        - Writing to buffer: dst=1008,528, w=48,h=48, src=288,0
17:33:09.474 [FXGL Background Thread 1 ] DEBUG TilesetLoader        - Writing to buffer: dst=1056,528, w=48,h=48, src=288,0
17:33:09.474 [FXGL Background Thread 1 ] DEBUG TilesetLoader        - Writing to buffer: dst=1104,528, w=48,h=48, src=288,0
17:33:09.474 [FXGL Background Thread 1 ] DEBUG TilesetLoader        - Writing to buffer: dst=1152,528, w=48,h=48, src=288,0
17:33:09.474 [FXGL Background Thread 1 ] DEBUG TilesetLoader        - Writing to buffer: dst=1200,528, w=48,h=48, src=288,0
17:33:09.475 [FXGL Background Thread 1 ] DEBUG TilesetLoader        - Writing to buffer: dst=1248,528, w=48,h=48, src=288,0
17:33:09.475 [FXGL Background Thread 1 ] DEBUG TilesetLoader        - Writing to buffer: dst=1296,528, w=48,h=48, src=288,0
17:33:09.475 [FXGL Background Thread 1 ] DEBUG TilesetLoader        - Writing to buffer: dst=1344,528, w=48,h=48, src=288,0
17:33:09.475 [FXGL Background Thread 1 ] DEBUG TilesetLoader        - Writing to buffer: dst=1392,528, w=48,h=48, src=288,0
17:33:09.475 [FXGL Background Thread 1 ] DEBUG TilesetLoader        - Writing to buffer: dst=1440,528, w=48,h=48, src=240,0
17:33:09.475 [FXGL Background Thread 1 ] DEBUG TilesetLoader        - Writing to buffer: dst=0,576, w=48,h=48, src=240,0
17:33:09.475 [FXGL Background Thread 1 ] DEBUG TilesetLoader        - Writing to buffer: dst=48,576, w=48,h=48, src=288,0
17:33:09.475 [FXGL Background Thread 1 ] DEBUG TilesetLoader        - Writing to buffer: dst=96,576, w=48,h=48, src=240,0
17:33:09.475 [FXGL Background Thread 1 ] DEBUG TilesetLoader        - Writing to buffer: dst=144,576, w=48,h=48, src=288,0
17:33:09.475 [FXGL Background Thread 1 ] DEBUG TilesetLoader        - Writing to buffer: dst=192,576, w=48,h=48, src=240,0
17:33:09.476 [FXGL Background Thread 1 ] DEBUG TilesetLoader        - Writing to buffer: dst=240,576, w=48,h=48, src=288,0
17:33:09.476 [FXGL Background Thread 1 ] DEBUG TilesetLoader        - Writing to buffer: dst=288,576, w=48,h=48, src=240,0
17:33:09.476 [FXGL Background Thread 1 ] DEBUG TilesetLoader        - Writing to buffer: dst=336,576, w=48,h=48, src=288,0
17:33:09.476 [FXGL Background Thread 1 ] DEBUG TilesetLoader        - Writing to buffer: dst=384,576, w=48,h=48, src=240,0
17:33:09.476 [FXGL Background Thread 1 ] DEBUG TilesetLoader        - Writing to buffer: dst=432,576, w=48,h=48, src=288,0
17:33:09.476 [FXGL Background Thread 1 ] DEBUG TilesetLoader        - Writing to buffer: dst=480,576, w=48,h=48, src=240,0
17:33:09.476 [FXGL Background Thread 1 ] DEBUG TilesetLoader        - Writing to buffer: dst=528,576, w=48,h=48, src=288,0
17:33:09.476 [FXGL Background Thread 1 ] DEBUG TilesetLoader        - Writing to buffer: dst=576,576, w=48,h=48, src=240,0
17:33:09.476 [FXGL Background Thread 1 ] DEBUG TilesetLoader        - Writing to buffer: dst=624,576, w=48,h=48, src=288,0
17:33:09.476 [FXGL Background Thread 1 ] DEBUG TilesetLoader        - Writing to buffer: dst=672,576, w=48,h=48, src=240,0
17:33:09.476 [FXGL Background Thread 1 ] DEBUG TilesetLoader        - Writing to buffer: dst=720,576, w=48,h=48, src=288,0
17:33:09.476 [FXGL Background Thread 1 ] DEBUG TilesetLoader        - Writing to buffer: dst=768,576, w=48,h=48, src=240,0
17:33:09.477 [FXGL Background Thread 1 ] DEBUG TilesetLoader        - Writing to buffer: dst=816,576, w=48,h=48, src=288,0
17:33:09.477 [FXGL Background Thread 1 ] DEBUG TilesetLoader        - Writing to buffer: dst=864,576, w=48,h=48, src=240,0
17:33:09.477 [FXGL Background Thread 1 ] DEBUG TilesetLoader        - Writing to buffer: dst=912,576, w=48,h=48, src=288,0
17:33:09.477 [FXGL Background Thread 1 ] DEBUG TilesetLoader        - Writing to buffer: dst=960,576, w=48,h=48, src=240,0
17:33:09.477 [FXGL Background Thread 1 ] DEBUG TilesetLoader        - Writing to buffer: dst=1008,576, w=48,h=48, src=288,0
17:33:09.477 [FXGL Background Thread 1 ] DEBUG TilesetLoader        - Writing to buffer: dst=1056,576, w=48,h=48, src=240,0
17:33:09.477 [FXGL Background Thread 1 ] DEBUG TilesetLoader        - Writing to buffer: dst=1104,576, w=48,h=48, src=288,0
17:33:09.477 [FXGL Background Thread 1 ] DEBUG TilesetLoader        - Writing to buffer: dst=1152,576, w=48,h=48, src=240,0
17:33:09.477 [FXGL Background Thread 1 ] DEBUG TilesetLoader        - Writing to buffer: dst=1200,576, w=48,h=48, src=288,0
17:33:09.477 [FXGL Background Thread 1 ] DEBUG TilesetLoader        - Writing to buffer: dst=1248,576, w=48,h=48, src=240,0
17:33:09.478 [FXGL Background Thread 1 ] DEBUG TilesetLoader        - Writing to buffer: dst=1296,576, w=48,h=48, src=288,0
17:33:09.478 [FXGL Background Thread 1 ] DEBUG TilesetLoader        - Writing to buffer: dst=1344,576, w=48,h=48, src=240,0
17:33:09.478 [FXGL Background Thread 1 ] DEBUG TilesetLoader        - Writing to buffer: dst=1392,576, w=48,h=48, src=288,0
17:33:09.478 [FXGL Background Thread 1 ] DEBUG TilesetLoader        - Writing to buffer: dst=1440,576, w=48,h=48, src=240,0
17:33:09.478 [FXGL Background Thread 1 ] DEBUG TilesetLoader        - Writing to buffer: dst=0,624, w=48,h=48, src=240,0
17:33:09.478 [FXGL Background Thread 1 ] DEBUG TilesetLoader        - Writing to buffer: dst=48,624, w=48,h=48, src=288,0
17:33:09.478 [FXGL Background Thread 1 ] DEBUG TilesetLoader        - Writing to buffer: dst=96,624, w=48,h=48, src=288,0
17:33:09.478 [FXGL Background Thread 1 ] DEBUG TilesetLoader        - Writing to buffer: dst=144,624, w=48,h=48, src=288,0
17:33:09.478 [FXGL Background Thread 1 ] DEBUG TilesetLoader        - Writing to buffer: dst=192,624, w=48,h=48, src=288,0
17:33:09.478 [FXGL Background Thread 1 ] DEBUG TilesetLoader        - Writing to buffer: dst=240,624, w=48,h=48, src=288,0
17:33:09.478 [FXGL Background Thread 1 ] DEBUG TilesetLoader        - Writing to buffer: dst=288,624, w=48,h=48, src=288,0
17:33:09.478 [FXGL Background Thread 1 ] DEBUG TilesetLoader        - Writing to buffer: dst=336,624, w=48,h=48, src=288,0
17:33:09.478 [FXGL Background Thread 1 ] DEBUG TilesetLoader        - Writing to buffer: dst=384,624, w=48,h=48, src=288,0
17:33:09.479 [FXGL Background Thread 1 ] DEBUG TilesetLoader        - Writing to buffer: dst=432,624, w=48,h=48, src=288,0
17:33:09.479 [FXGL Background Thread 1 ] DEBUG TilesetLoader        - Writing to buffer: dst=480,624, w=48,h=48, src=240,0
17:33:09.479 [FXGL Background Thread 1 ] DEBUG TilesetLoader        - Writing to buffer: dst=528,624, w=48,h=48, src=288,0
17:33:09.479 [FXGL Background Thread 1 ] DEBUG TilesetLoader        - Writing to buffer: dst=576,624, w=48,h=48, src=288,0
17:33:09.479 [FXGL Background Thread 1 ] DEBUG TilesetLoader        - Writing to buffer: dst=624,624, w=48,h=48, src=288,0
17:33:09.479 [FXGL Background Thread 1 ] DEBUG TilesetLoader        - Writing to buffer: dst=672,624, w=48,h=48, src=288,0
17:33:09.479 [FXGL Background Thread 1 ] DEBUG TilesetLoader        - Writing to buffer: dst=720,624, w=48,h=48, src=288,0
17:33:09.479 [FXGL Background Thread 1 ] DEBUG TilesetLoader        - Writing to buffer: dst=768,624, w=48,h=48, src=288,0
17:33:09.479 [FXGL Background Thread 1 ] DEBUG TilesetLoader        - Writing to buffer: dst=816,624, w=48,h=48, src=288,0
17:33:09.479 [FXGL Background Thread 1 ] DEBUG TilesetLoader        - Writing to buffer: dst=864,624, w=48,h=48, src=288,0
17:33:09.479 [FXGL Background Thread 1 ] DEBUG TilesetLoader        - Writing to buffer: dst=912,624, w=48,h=48, src=288,0
17:33:09.480 [FXGL Background Thread 1 ] DEBUG TilesetLoader        - Writing to buffer: dst=960,624, w=48,h=48, src=240,0
17:33:09.480 [FXGL Background Thread 1 ] DEBUG TilesetLoader        - Writing to buffer: dst=1008,624, w=48,h=48, src=288,0
17:33:09.480 [FXGL Background Thread 1 ] DEBUG TilesetLoader        - Writing to buffer: dst=1056,624, w=48,h=48, src=288,0
17:33:09.480 [FXGL Background Thread 1 ] DEBUG TilesetLoader        - Writing to buffer: dst=1104,624, w=48,h=48, src=288,0
17:33:09.480 [FXGL Background Thread 1 ] DEBUG TilesetLoader        - Writing to buffer: dst=1152,624, w=48,h=48, src=288,0
17:33:09.480 [FXGL Background Thread 1 ] DEBUG TilesetLoader        - Writing to buffer: dst=1200,624, w=48,h=48, src=288,0
17:33:09.480 [FXGL Background Thread 1 ] DEBUG TilesetLoader        - Writing to buffer: dst=1248,624, w=48,h=48, src=288,0
17:33:09.480 [FXGL Background Thread 1 ] DEBUG TilesetLoader        - Writing to buffer: dst=1296,624, w=48,h=48, src=288,0
17:33:09.480 [FXGL Background Thread 1 ] DEBUG TilesetLoader        - Writing to buffer: dst=1344,624, w=48,h=48, src=288,0
17:33:09.480 [FXGL Background Thread 1 ] DEBUG TilesetLoader        - Writing to buffer: dst=1392,624, w=48,h=48, src=288,0
17:33:09.480 [FXGL Background Thread 1 ] DEBUG TilesetLoader        - Writing to buffer: dst=1440,624, w=48,h=48, src=240,0
17:33:09.481 [FXGL Background Thread 1 ] DEBUG TilesetLoader        - Writing to buffer: dst=0,672, w=48,h=48, src=240,0
17:33:09.481 [FXGL Background Thread 1 ] DEBUG TilesetLoader        - Writing to buffer: dst=48,672, w=48,h=48, src=240,0
17:33:09.481 [FXGL Background Thread 1 ] DEBUG TilesetLoader        - Writing to buffer: dst=96,672, w=48,h=48, src=240,0
17:33:09.481 [FXGL Background Thread 1 ] DEBUG TilesetLoader        - Writing to buffer: dst=144,672, w=48,h=48, src=240,0
17:33:09.481 [FXGL Background Thread 1 ] DEBUG TilesetLoader        - Writing to buffer: dst=192,672, w=48,h=48, src=240,0
17:33:09.481 [FXGL Background Thread 1 ] DEBUG TilesetLoader        - Writing to buffer: dst=240,672, w=48,h=48, src=240,0
17:33:09.481 [FXGL Background Thread 1 ] DEBUG TilesetLoader        - Writing to buffer: dst=288,672, w=48,h=48, src=240,0
17:33:09.481 [FXGL Background Thread 1 ] DEBUG TilesetLoader        - Writing to buffer: dst=336,672, w=48,h=48, src=240,0
17:33:09.481 [FXGL Background Thread 1 ] DEBUG TilesetLoader        - Writing to buffer: dst=384,672, w=48,h=48, src=240,0
17:33:09.481 [FXGL Background Thread 1 ] DEBUG TilesetLoader        - Writing to buffer: dst=432,672, w=48,h=48, src=240,0
17:33:09.481 [FXGL Background Thread 1 ] DEBUG TilesetLoader        - Writing to buffer: dst=480,672, w=48,h=48, src=240,0
17:33:09.482 [FXGL Background Thread 1 ] DEBUG TilesetLoader        - Writing to buffer: dst=528,672, w=48,h=48, src=240,0
17:33:09.482 [FXGL Background Thread 1 ] DEBUG TilesetLoader        - Writing to buffer: dst=576,672, w=48,h=48, src=240,0
17:33:09.482 [FXGL Background Thread 1 ] DEBUG TilesetLoader        - Writing to buffer: dst=624,672, w=48,h=48, src=240,0
17:33:09.483 [FXGL Background Thread 1 ] DEBUG TilesetLoader        - Writing to buffer: dst=672,672, w=48,h=48, src=240,0
17:33:09.483 [FXGL Background Thread 1 ] DEBUG TilesetLoader        - Writing to buffer: dst=720,672, w=48,h=48, src=240,0
17:33:09.487 [FXGL Background Thread 1 ] DEBUG TilesetLoader        - Writing to buffer: dst=768,672, w=48,h=48, src=240,0
17:33:09.490 [FXGL Background Thread 1 ] DEBUG TilesetLoader        - Writing to buffer: dst=816,672, w=48,h=48, src=240,0
17:33:09.490 [FXGL Background Thread 1 ] DEBUG TilesetLoader        - Writing to buffer: dst=864,672, w=48,h=48, src=240,0
17:33:09.490 [FXGL Background Thread 1 ] DEBUG TilesetLoader        - Writing to buffer: dst=912,672, w=48,h=48, src=240,0
17:33:09.490 [FXGL Background Thread 1 ] DEBUG TilesetLoader        - Writing to buffer: dst=960,672, w=48,h=48, src=240,0
17:33:09.490 [FXGL Background Thread 1 ] DEBUG TilesetLoader        - Writing to buffer: dst=1008,672, w=48,h=48, src=240,0
17:33:09.490 [FXGL Background Thread 1 ] DEBUG TilesetLoader        - Writing to buffer: dst=1056,672, w=48,h=48, src=240,0
17:33:09.490 [FXGL Background Thread 1 ] DEBUG TilesetLoader        - Writing to buffer: dst=1104,672, w=48,h=48, src=240,0
17:33:09.491 [FXGL Background Thread 1 ] DEBUG TilesetLoader        - Writing to buffer: dst=1152,672, w=48,h=48, src=240,0
17:33:09.491 [FXGL Background Thread 1 ] DEBUG TilesetLoader        - Writing to buffer: dst=1200,672, w=48,h=48, src=240,0
17:33:09.491 [FXGL Background Thread 1 ] DEBUG TilesetLoader        - Writing to buffer: dst=1248,672, w=48,h=48, src=240,0
17:33:09.491 [FXGL Background Thread 1 ] DEBUG TilesetLoader        - Writing to buffer: dst=1296,672, w=48,h=48, src=240,0
17:33:09.491 [FXGL Background Thread 1 ] DEBUG TilesetLoader        - Writing to buffer: dst=1344,672, w=48,h=48, src=240,0
17:33:09.491 [FXGL Background Thread 1 ] DEBUG TilesetLoader        - Writing to buffer: dst=1392,672, w=48,h=48, src=240,0
17:33:09.491 [FXGL Background Thread 1 ] DEBUG TilesetLoader        - Writing to buffer: dst=1440,672, w=48,h=48, src=240,0
17:33:09.492 [FXGL Background Thread 1 ] DEBUG TMXLevelLoader       - Creating object layer entities
17:33:09.519 [FXGL Background Thread 1 ] DEBUG FXGLAssetLoaderServi - Loading from file system: /assets/textures/sprites.png
17:33:09.563 [FXGL Background Thread 1 ] DEBUG FXGLAssetLoaderServi - Loading from cache: /assets/textures/sprites.png
17:33:09.564 [FXGL Background Thread 1 ] DEBUG FXGLAssetLoaderServi - Loading from cache: /assets/textures/sprites.png
17:33:09.564 [FXGL Background Thread 1 ] DEBUG FXGLAssetLoaderServi - Loading from cache: /assets/textures/sprites.png
17:33:09.564 [FXGL Background Thread 1 ] DEBUG FXGLAssetLoaderServi - Loading from cache: /assets/textures/sprites.png
17:33:09.564 [FXGL Background Thread 1 ] DEBUG FXGLAssetLoaderServi - Loading from cache: /assets/textures/sprites.png
17:33:09.564 [FXGL Background Thread 1 ] DEBUG FXGLAssetLoaderServi - Loading from cache: /assets/textures/sprites.png
17:33:09.564 [FXGL Background Thread 1 ] DEBUG FXGLAssetLoaderServi - Loading from cache: /assets/textures/sprites.png
17:33:09.627 [FXGL Background Thread 1 ] DEBUG GameWorld            - Clearing removable entities
17:33:09.627 [FXGL Background Thread 1 ] DEBUG GameWorld            - Setting level: com.almasb.fxgl.entity.level.Level@2650e49f
17:33:09.707 [FXGL Background Thread 1 ] INFO  FXGLApplication      - Game initialization took: 0.592 sec
17:33:09.708 [JavaFX Application Thread] DEBUG Input                - Clearing active input actions
17:33:09.726 [JavaFX Application Thread] DEBUG GameApplicationServi - Removing overlay from FXGLLoadingScene and adding to GameScene
17:33:09.726 [JavaFX Application Thread] DEBUG MainWindow           - FXGLLoadingScene -> GameScene
17:33:09.934 [FXGL Background Thread 2 ] INFO  UpdaterService       - Your current version:  11.12
17:33:09.934 [FXGL Background Thread 2 ] INFO  UpdaterService       - Latest stable version: 17.2
17:33:11.986 [FXGL Background Thread 3 ] DEBUG Engine               - Logging environment variables
17:33:11.987 [FXGL Background Thread 3 ] DEBUG Engine               - achievements: []
17:33:11.987 [FXGL Background Thread 3 ] DEBUG Engine               - actualHeight: 720.0
17:33:11.987 [FXGL Background Thread 3 ] DEBUG Engine               - actualHeightProperty: ReadOnlyDoubleProperty [value: 720.0]
17:33:11.987 [FXGL Background Thread 3 ] DEBUG Engine               - actualWidth: 1488.0
17:33:11.988 [FXGL Background Thread 3 ] DEBUG Engine               - actualWidthProperty: ReadOnlyDoubleProperty [value: 1488.0]
17:33:11.988 [FXGL Background Thread 3 ] DEBUG Engine               - appIcon: fxgl_icon.png
17:33:11.988 [FXGL Background Thread 3 ] DEBUG Engine               - applicationMode: DEVELOPER
17:33:11.988 [FXGL Background Thread 3 ] DEBUG Engine               - cSSList: [fxgl_dark.css]
17:33:11.988 [FXGL Background Thread 3 ] DEBUG Engine               - configClass: Optional.empty
17:33:11.988 [FXGL Background Thread 3 ] DEBUG Engine               - credits: []
17:33:11.989 [FXGL Background Thread 3 ] DEBUG Engine               - devBBoxColorProperty: ObjectProperty [value: 0xff0000ff]
17:33:11.989 [FXGL Background Thread 3 ] DEBUG Engine               - devEnableDebugCameraProperty: BooleanProperty [value: false]
17:33:11.989 [FXGL Background Thread 3 ] DEBUG Engine               - devSensorColorProperty: ObjectProperty [value: 0xffff00ff]
17:33:11.989 [FXGL Background Thread 3 ] DEBUG Engine               - devShowBBoxProperty: BooleanProperty [value: false]
17:33:11.990 [FXGL Background Thread 3 ] DEBUG Engine               - devShowPositionProperty: BooleanProperty [value: false]
17:33:11.990 [FXGL Background Thread 3 ] DEBUG Engine               - enabledMenuItems: []
17:33:11.990 [FXGL Background Thread 3 ] DEBUG Engine               - engineServices: [class com.almasb.fxgl.app.FXGLApplication$GameApplicationService, class com.almasb.fxgl.app.services.FXGLDialogService, class com.almasb.fxgl.app.services.IOTaskExecutorService, class com.almasb.fxgl.event.EventBusService, class com.almasb.fxgl.io.FileSystemService, class com.almasb.fxgl.localization.LocalizationService, class com.almasb.fxgl.app.services.FXGLAssetLoaderService, class com.almasb.fxgl.app.services.SystemBundleService, class com.almasb.fxgl.profile.SaveLoadService, class com.almasb.fxgl.ui.FXGLUIFactoryServiceProvider, class com.almasb.fxgl.ui.FXGLDialogFactoryServiceProvider, class com.almasb.fxgl.audio.AudioPlayer, class com.almasb.fxgl.notification.impl.NotificationServiceProvider, class com.almasb.fxgl.achievement.AchievementService, class com.almasb.fxgl.cutscene.CutsceneService, class com.almasb.fxgl.minigames.MiniGameService, class com.almasb.fxgl.net.NetService, class com.almasb.fxgl.app.services.UpdaterService, class com.almasb.fxgl.dev.DevService]
17:33:11.990 [FXGL Background Thread 3 ] DEBUG Engine               - fontGame: Abel-Regular.ttf
17:33:11.990 [FXGL Background Thread 3 ] DEBUG Engine               - fontMono: lucida_console.ttf
17:33:11.990 [FXGL Background Thread 3 ] DEBUG Engine               - fontText: Courier-Prime.ttf
17:33:11.990 [FXGL Background Thread 3 ] DEBUG Engine               - fontUI: VarelaRound-Regular.ttf
17:33:11.990 [FXGL Background Thread 3 ] DEBUG Engine               - fullScreen: BooleanProperty [value: false]
17:33:11.991 [FXGL Background Thread 3 ] DEBUG Engine               - gameDifficulty: MEDIUM
17:33:11.991 [FXGL Background Thread 3 ] DEBUG Engine               - gameDifficultyProperty: ObjectProperty [value: MEDIUM]
17:33:11.991 [FXGL Background Thread 3 ] DEBUG Engine               - globalMusicVolume: 0.5
17:33:11.991 [FXGL Background Thread 3 ] DEBUG Engine               - globalMusicVolumeProperty: DoubleProperty [value: 0.5]
17:33:11.991 [FXGL Background Thread 3 ] DEBUG Engine               - globalSoundVolume: 0.5
17:33:11.991 [FXGL Background Thread 3 ] DEBUG Engine               - globalSoundVolumeProperty: DoubleProperty [value: 0.5]
17:33:11.991 [FXGL Background Thread 3 ] DEBUG Engine               - height: 720
17:33:11.991 [FXGL Background Thread 3 ] DEBUG Engine               - isAndroid: false
17:33:11.992 [FXGL Background Thread 3 ] DEBUG Engine               - isBrowser: false
17:33:11.992 [FXGL Background Thread 3 ] DEBUG Engine               - isClickFeedbackEnabled: false
17:33:11.992 [FXGL Background Thread 3 ] DEBUG Engine               - isCloseConfirmation: false
17:33:11.992 [FXGL Background Thread 3 ] DEBUG Engine               - isDesktop: true
17:33:11.992 [FXGL Background Thread 3 ] DEBUG Engine               - isDeveloperMenuEnabled: false
17:33:11.992 [FXGL Background Thread 3 ] DEBUG Engine               - isEntityPreloadEnabled: true
17:33:11.992 [FXGL Background Thread 3 ] DEBUG Engine               - isExperimental3D: false
17:33:11.992 [FXGL Background Thread 3 ] DEBUG Engine               - isExperimentalNative: false
17:33:11.992 [FXGL Background Thread 3 ] DEBUG Engine               - isExperimentalTiledLargeMap: false
17:33:11.992 [FXGL Background Thread 3 ] DEBUG Engine               - isFileSystemWriteAllowed: true
17:33:11.992 [FXGL Background Thread 3 ] DEBUG Engine               - isFullScreenAllowed: false
17:33:11.993 [FXGL Background Thread 3 ] DEBUG Engine               - isFullScreenFromStart: false
17:33:11.993 [FXGL Background Thread 3 ] DEBUG Engine               - isGameMenuEnabled: true
17:33:11.993 [FXGL Background Thread 3 ] DEBUG Engine               - isIOS: false
17:33:11.993 [FXGL Background Thread 3 ] DEBUG Engine               - isIntroEnabled: false
17:33:11.993 [FXGL Background Thread 3 ] DEBUG Engine               - isLinux: false
17:33:11.993 [FXGL Background Thread 3 ] DEBUG Engine               - isMac: false
17:33:11.993 [FXGL Background Thread 3 ] DEBUG Engine               - isMainMenuEnabled: false
17:33:11.993 [FXGL Background Thread 3 ] DEBUG Engine               - isManualResizeEnabled: false
17:33:11.993 [FXGL Background Thread 3 ] DEBUG Engine               - isMobile: false
17:33:11.993 [FXGL Background Thread 3 ] DEBUG Engine               - isPreserveResizeRatio: false
17:33:11.993 [FXGL Background Thread 3 ] DEBUG Engine               - isProfilingEnabled: false
17:33:11.994 [FXGL Background Thread 3 ] DEBUG Engine               - isScaleAffectedOnResize: true
17:33:11.994 [FXGL Background Thread 3 ] DEBUG Engine               - isSingleStep: false
17:33:11.994 [FXGL Background Thread 3 ] DEBUG Engine               - isUserProfileEnabled: false
17:33:11.994 [FXGL Background Thread 3 ] DEBUG Engine               - isWindows: true
17:33:11.994 [FXGL Background Thread 3 ] DEBUG Engine               - language: ObjectProperty [value: ENGLISH]
17:33:11.994 [FXGL Background Thread 3 ] DEBUG Engine               - menuKey: ESCAPE
17:33:11.994 [FXGL Background Thread 3 ] DEBUG Engine               - notificationViewClass: class com.almasb.fxgl.notification.view.XboxNotificationView
17:33:11.994 [FXGL Background Thread 3 ] DEBUG Engine               - pixelsPerMeter: 50.0
17:33:11.994 [FXGL Background Thread 3 ] DEBUG Engine               - platform: WINDOWS
17:33:11.995 [FXGL Background Thread 3 ] DEBUG Engine               - prefHeightProperty: ReadOnlyDoubleProperty [value: 720.0]
17:33:11.995 [FXGL Background Thread 3 ] DEBUG Engine               - prefWidthProperty: ReadOnlyDoubleProperty [value: 1488.0]
17:33:11.995 [FXGL Background Thread 3 ] DEBUG Engine               - profileDir: profiles/
17:33:11.995 [FXGL Background Thread 3 ] DEBUG Engine               - profileName: StringProperty [value: DEFAULT]
17:33:11.995 [FXGL Background Thread 3 ] DEBUG Engine               - randomSeed: -1
17:33:11.995 [FXGL Background Thread 3 ] DEBUG Engine               - runtimeInfo: RuntimeInfo(platform=WINDOWS, version=11.12, build=11.12.2020 08.51)
17:33:11.995 [FXGL Background Thread 3 ] DEBUG Engine               - saveFileExt: sav
17:33:11.995 [FXGL Background Thread 3 ] DEBUG Engine               - scaledHeightProp$fxgl: DoubleProperty [bound, value: 720.0]
17:33:11.996 [FXGL Background Thread 3 ] DEBUG Engine               - scaledWidthProp$fxgl: DoubleProperty [bound, value: 1488.0]
17:33:11.996 [FXGL Background Thread 3 ] DEBUG Engine               - sceneFactory: com.almasb.fxgl.app.scene.SceneFactory@157fad18
17:33:11.996 [FXGL Background Thread 3 ] DEBUG Engine               - secondsIn24h: 60
17:33:11.996 [FXGL Background Thread 3 ] DEBUG Engine               - soundMenuBack: menu/back.wav
17:33:11.996 [FXGL Background Thread 3 ] DEBUG Engine               - soundMenuPress: menu/press.wav
17:33:11.996 [FXGL Background Thread 3 ] DEBUG Engine               - soundMenuSelect: menu/select.wav
17:33:11.996 [FXGL Background Thread 3 ] DEBUG Engine               - soundNotification: core/notification.wav
17:33:11.996 [FXGL Background Thread 3 ] DEBUG Engine               - stageStyle: DECORATED
17:33:11.996 [FXGL Background Thread 3 ] DEBUG Engine               - supportedLanguages: [ENGLISH, FRENCH, GERMAN, HUNGARIAN, RUSSIAN]
17:33:11.996 [FXGL Background Thread 3 ] DEBUG Engine               - title: BOMBERMAN
17:33:11.996 [FXGL Background Thread 3 ] DEBUG Engine               - urlGithub: https://github.com/AlmasB/FXGL
17:33:11.997 [FXGL Background Thread 3 ] DEBUG Engine               - urlLeaderboard: http://fxgl-top.herokuapp.com/
17:33:11.997 [FXGL Background Thread 3 ] DEBUG Engine               - urlPOM: https://raw.githubusercontent.com/AlmasB/FXGL/master/README.md
17:33:11.997 [FXGL Background Thread 3 ] DEBUG Engine               - version: 1.0
17:33:11.997 [FXGL Background Thread 3 ] DEBUG Engine               - versionCheckDays: 7
17:33:11.997 [FXGL Background Thread 3 ] DEBUG Engine               - width: 1488
17:33:11.997 [FXGL Background Thread 3 ] DEBUG Engine               - Logging services
17:33:11.997 [FXGL Background Thread 3 ] DEBUG Engine               - class com.almasb.fxgl.app.FXGLApplication$GameApplicationService
17:33:11.997 [FXGL Background Thread 3 ] DEBUG Engine               - class com.almasb.fxgl.app.services.FXGLDialogService
17:33:11.997 [FXGL Background Thread 3 ] DEBUG Engine               - class com.almasb.fxgl.app.services.IOTaskExecutorService
17:33:11.997 [FXGL Background Thread 3 ] DEBUG Engine               - class com.almasb.fxgl.event.EventBusService
17:33:11.997 [FXGL Background Thread 3 ] DEBUG Engine               - class com.almasb.fxgl.io.FileSystemService
17:33:11.997 [FXGL Background Thread 3 ] DEBUG Engine               - class com.almasb.fxgl.localization.LocalizationService
17:33:11.998 [FXGL Background Thread 3 ] DEBUG Engine               - class com.almasb.fxgl.app.services.FXGLAssetLoaderService
17:33:11.998 [FXGL Background Thread 3 ] DEBUG Engine               - class com.almasb.fxgl.app.services.SystemBundleService
17:33:11.998 [FXGL Background Thread 3 ] DEBUG Engine               - class com.almasb.fxgl.profile.SaveLoadService
17:33:11.998 [FXGL Background Thread 3 ] DEBUG Engine               - class com.almasb.fxgl.ui.FXGLUIFactoryServiceProvider
17:33:11.998 [FXGL Background Thread 3 ] DEBUG Engine               - class com.almasb.fxgl.ui.FXGLDialogFactoryServiceProvider
17:33:11.998 [FXGL Background Thread 3 ] DEBUG Engine               - class com.almasb.fxgl.audio.AudioPlayer
17:33:11.998 [FXGL Background Thread 3 ] DEBUG Engine               - class com.almasb.fxgl.notification.impl.NotificationServiceProvider
17:33:11.998 [FXGL Background Thread 3 ] DEBUG Engine               - class com.almasb.fxgl.achievement.AchievementService
17:33:11.998 [FXGL Background Thread 3 ] DEBUG Engine               - class com.almasb.fxgl.cutscene.CutsceneService
17:33:11.998 [FXGL Background Thread 3 ] DEBUG Engine               - class com.almasb.fxgl.minigames.MiniGameService
17:33:11.998 [FXGL Background Thread 3 ] DEBUG Engine               - class com.almasb.fxgl.net.NetService
17:33:11.998 [FXGL Background Thread 3 ] DEBUG Engine               - class com.almasb.fxgl.app.services.UpdaterService
17:33:11.998 [FXGL Background Thread 3 ] DEBUG Engine               - class com.almasb.fxgl.dev.DevService
17:33:26.810 [JavaFX Application Thread] DEBUG FXGLApplication      - Exiting FXGL
17:33:26.810 [JavaFX Application Thread] DEBUG LoopRunner           - Stopping loop
17:33:26.810 [JavaFX Application Thread] DEBUG SystemBundleService  - Saving FXGL system data
17:33:26.812 [JavaFX Application Thread] DEBUG FileSystemAccess     - Writing to: D:\OOP\game\system\fxgl.bundle
17:33:26.814 [JavaFX Application Thread] DEBUG Async                - Shutting down background threads
17:33:26.814 [JavaFX Application Thread] DEBUG MainWindow           - Closing main window
17:33:26.829 [JavaFX Application Thread] DEBUG Logger               - Closing Logger
