21:00:16.372 [main                     ] DEBUG Logger               - Configured Logger
21:00:16.374 [main                     ] DEBUG GameApplication      - Logging settings
Title: BomberMan
Version: 0.1
Width: 800
Height: 800
Fullscreen: false
Intro: false
Profiling: false
Single step:false
App Mode: DEVELOPER
Menu Key: ESCAPE
Stage Style: DECORATED
Scene Factory: class com.almasb.fxgl.app.scene.SceneFactory

21:00:17.537 [JavaFX Application Thread] DEBUG FXGLApplication      - Initializing FXGL
21:00:17.539 [JavaFX Application Thread] INFO  Engine               - FXGL-11.12 (11.12.2020 08.51) on WINDOWS (J:18.0.2.1 FX:15)
21:00:17.540 [JavaFX Application Thread] DEBUG Engine               - JRE Vendor Name: Oracle Corporation
21:00:17.540 [JavaFX Application Thread] DEBUG Engine               - Running on OS: Windows 10 version 10.0
21:00:17.540 [JavaFX Application Thread] DEBUG Engine               - Architecture: amd64
21:00:17.540 [JavaFX Application Thread] INFO  Engine               - Source code and latest versions at: https://github.com/AlmasB/FXGL
21:00:17.541 [JavaFX Application Thread] INFO  Engine               -              Join the FXGL chat at: https://gitter.im/AlmasB/FXGL
21:00:17.691 [JavaFX Application Thread] DEBUG MainWindow           - Creating a JavaFX scene
21:00:17.748 [JavaFX Application Thread] DEBUG MainWindow           - Target settings size: 800.0 x 800.0
21:00:17.748 [JavaFX Application Thread] DEBUG MainWindow           - Scaled scene size:    800.0 x 800.0
21:00:17.748 [JavaFX Application Thread] DEBUG MainWindow           - Scaled ratio: (1.0, 1.0)
21:00:17.749 [JavaFX Application Thread] DEBUG MainWindow           - Set initial scene to StartupScene
21:00:17.757 [JavaFX Application Thread] DEBUG MainWindow           - Opening main window
21:00:17.876 [JavaFX Application Thread] DEBUG MainWindow           - Window border size: (14.4000244140625, 37.5999755859375)
21:00:17.876 [JavaFX Application Thread] DEBUG MainWindow           - Scaled size: 800.0 x 800.0
21:00:17.877 [JavaFX Application Thread] DEBUG MainWindow           - Scaled ratio: (1.0, 1.0)
21:00:17.877 [JavaFX Application Thread] DEBUG MainWindow           - Scene size: 800.0 x 800.0
21:00:17.877 [JavaFX Application Thread] DEBUG MainWindow           - Stage size: 814.4000244140625 x 837.5999755859375
21:00:17.884 [FXGL Background Thread 1 ] DEBUG Engine               - Initializing environment variables
21:00:17.939 [FXGL Background Thread 1 ] DEBUG GameApplicationServi - Applying CSS: fxgl_dark.css
21:00:17.939 [FXGL Background Thread 1 ] DEBUG FXGLAssetLoaderServi - Loading from file system: /assets/ui/css/fxgl_dark.css
21:00:17.986 [FXGL Background Thread 1 ] DEBUG GameApplicationServi - Initializing application scenes
21:00:18.034 [FXGL Background Thread 1 ] DEBUG GameWorld            - Game world initialized
21:00:18.107 [FXGL Background Thread 1 ] DEBUG PhysicsWorld         - Physics world initialized: appHeight=800, physics.ppm=50.0
21:00:18.110 [FXGL Background Thread 1 ] DEBUG GameScene            - Game scene initialized: 800x800
21:00:18.158 [FXGL Background Thread 1 ] DEBUG FXGLAssetLoaderServi - Loading from file system: /assets/textures/particles/trace_horizontal.png
21:00:18.225 [FXGL Background Thread 1 ] DEBUG FXGL.DefaultMenu     - createMenuBodyGameMenu()
21:00:18.250 [FXGL Background Thread 1 ] DEBUG FXGL.DefaultMenu     - createOptionsMenu()
21:00:18.256 [FXGL Background Thread 1 ] DEBUG FXGLAssetLoaderServi - Loading from file system: /assets/textures/particles/smoke.png
21:00:18.342 [FXGL Background Thread 1 ] DEBUG GameApplicationServi - Application scenes initialized
21:00:18.370 [FXGL Background Thread 1 ] DEBUG SystemBundleService  - Loading default FXGL system data
21:00:18.371 [FXGL Background Thread 1 ] DEBUG UpdaterService       - Checking for updates
21:00:18.377 [FXGL Background Thread 4 ] DEBUG FXGLApplication      - Loading fonts
21:00:18.377 [FXGL Background Thread 4 ] DEBUG FXGLAssetLoaderServi - Loading from file system: /assets/ui/fonts/VarelaRound-Regular.ttf
21:00:18.378 [FXGL Background Thread 1 ] DEBUG FXGLApplication      - Loading default localization
21:00:18.378 [FXGL Background Thread 1 ] DEBUG FXGLAssetLoaderServi - Loading from file system: /assets/languages/english.lang
21:00:18.404 [FXGL Background Thread 1 ] INFO  FXGLApplication      - FXGL initialization took: 0.519 sec
21:00:18.405 [JavaFX Application Thread] DEBUG FXGLAssetLoaderServi - Loading from file system: /assets/textures/fxgl_icon.png
21:00:18.455 [JavaFX Application Thread] DEBUG FXGLAssetLoaderServi - Loading from file system: /assets/ui/cursors/fxgl_default.png
21:00:18.481 [JavaFX Application Thread] DEBUG Input                - Registered new binding: Screenshot - P
21:00:18.486 [JavaFX Application Thread] DEBUG Input                - Registered new binding: System info dump - CTRL+9
21:00:18.487 [JavaFX Application Thread] DEBUG Input                - Registered new binding: Restart - CTRL+R
21:00:18.489 [JavaFX Application Thread] DEBUG Input                - Registered new binding: Toggle Debug Camera - CTRL+C
21:00:18.494 [JavaFX Application Thread] DEBUG LoopRunner           - Starting loop
21:00:18.497 [JavaFX Application Thread] DEBUG GameApplicationServi - Starting new game
21:00:18.498 [JavaFX Application Thread] DEBUG Input                - Clearing active input actions
21:00:18.515 [FXGL Background Thread 4 ] DEBUG FXGLAssetLoaderServi - Loading from file system: /assets/ui/fonts/Abel-Regular.ttf
21:00:18.519 [JavaFX Application Thread] DEBUG GameApplicationServi - Removing overlay from StartupScene and adding to FXGLLoadingScene
21:00:18.519 [JavaFX Application Thread] DEBUG MainWindow           - StartupScene -> FXGLLoadingScene
21:00:18.519 [JavaFX Application Thread] DEBUG GameApplicationServi - Clearing previous game
21:00:18.520 [JavaFX Application Thread] DEBUG GameScene            - Clearing game scene
21:00:18.520 [JavaFX Application Thread] DEBUG GameWorld            - Clearing game world
21:00:18.520 [JavaFX Application Thread] DEBUG PhysicsWorld         - Clearing physics world
21:00:18.521 [FXGL Background Thread 4 ] DEBUG FXGLAssetLoaderServi - Loading from file system: /assets/ui/fonts/lucida_console.ttf
21:00:18.523 [FXGL Background Thread 1 ] DEBUG FXGLApplication      - Initializing game
21:00:18.525 [FXGL Background Thread 1 ] INFO  FXGLApplication      - Game initialization took: 0.002 sec
21:00:18.535 [FXGL Background Thread 4 ] DEBUG FXGLAssetLoaderServi - Loading from file system: /assets/ui/fonts/Courier-Prime.ttf
21:00:18.613 [JavaFX Application Thread] DEBUG Input                - Clearing active input actions
21:00:18.669 [JavaFX Application Thread] DEBUG GameApplicationServi - Removing overlay from FXGLLoadingScene and adding to GameScene
21:00:18.669 [JavaFX Application Thread] DEBUG MainWindow           - FXGLLoadingScene -> GameScene
21:00:18.676 [JavaFX Application Thread] DEBUG FXGLApplication      - Registering font factories with UI factory
21:00:19.363 [FXGL Background Thread 2 ] INFO  UpdaterService       - Your current version:  11.12
21:00:19.363 [FXGL Background Thread 2 ] INFO  UpdaterService       - Latest stable version: 17.2
21:00:20.612 [JavaFX Application Thread] DEBUG FXGLApplication      - Exiting FXGL
21:00:20.613 [JavaFX Application Thread] DEBUG LoopRunner           - Stopping loop
21:00:20.613 [JavaFX Application Thread] DEBUG SystemBundleService  - Saving FXGL system data
21:00:20.615 [JavaFX Application Thread] DEBUG FileSystemAccess     - Writing to: D:\OOP\game\system\fxgl.bundle
21:00:20.624 [JavaFX Application Thread] DEBUG Async                - Shutting down background threads
21:00:20.624 [JavaFX Application Thread] DEBUG MainWindow           - Closing main window
21:00:20.634 [JavaFX Application Thread] DEBUG Logger               - Closing Logger
